#
# There is insufficient memory for the Java Runtime Environment to continue.
# Native memory allocation (mmap) failed to map 85983232 bytes for Failed to commit area from 0x0000000090000000 to 0x0000000095200000 of length 85983232.
# Possible reasons:
#   The system is out of physical RAM or swap space
#   The process is running with CompressedOops enabled, and the Java Heap may be blocking the growth of the native heap
# Possible solutions:
#   Reduce memory load on the system
#   Increase physical memory or swap space
#   Check if swap backing store is full
#   Decrease Java heap size (-Xmx/-Xms)
#   Decrease number of Java threads
#   Decrease Java thread stack sizes (-Xss)
#   Set larger code cache with -XX:ReservedCodeCacheSize=
#   JVM is running with Unscaled Compressed Oops mode in which the Java heap is
#     placed in the first 4GB address space. The Java Heap base address is the
#     maximum limit for the native heap growth. Please use -XX:HeapBaseMinAddress
#     to set the Java Heap base and to place the Java Heap above 4GB virtual address.
# This output file may be truncated or incomplete.
#
#  Out of Memory Error (src/hotspot/os/windows/os_windows.cpp:3627), pid=1856, tid=2432
#
# JRE version: OpenJDK Runtime Environment (11.0.15) (build 11.0.15+0-b2043.56-8887301)
# Java VM: OpenJDK 64-Bit Server VM (11.0.15+0-b2043.56-8887301, mixed mode, tiered, compressed oops, g1 gc, windows-amd64)
# No core dump will be written. Minidumps are not enabled by default on client versions of Windows
#

---------------  S U M M A R Y ------------

Command Line: --add-opens=java.base/java.util=ALL-UNNAMED --add-opens=java.base/java.lang=ALL-UNNAMED --add-opens=java.base/java.lang.invoke=ALL-UNNAMED --add-opens=java.base/java.util=ALL-UNNAMED --add-opens=java.prefs/java.util.prefs=ALL-UNNAMED --add-opens=java.prefs/java.util.prefs=ALL-UNNAMED --add-opens=java.base/java.nio.charset=ALL-UNNAMED --add-opens=java.base/java.net=ALL-UNNAMED --add-opens=java.base/java.util.concurrent.atomic=ALL-UNNAMED -Xmx2048m -Dfile.encoding=UTF-8 -Duser.country=RU -Duser.language=ru -Duser.variant org.gradle.launcher.daemon.bootstrap.GradleDaemon 7.5

Host: Intel(R) Core(TM) i7-9700 CPU @ 3.00GHz, 8 cores, 15G,  Windows 10 , 64 bit Build 17763 (10.0.17763.3887)
Time: Tue May 23 17:30:41 2023 ќмское стандартное врем€ elapsed time: 11.360032 seconds (0d 0h 0m 11s)

---------------  T H R E A D  ---------------

Current thread (0x0000021141a6b000):  VMThread "VM Thread" [stack: 0x000000311d300000,0x000000311d400000] [id=2432]

Stack: [0x000000311d300000,0x000000311d400000]
[error occurred during error reporting (printing stack bounds), id 0xc0000005, EXCEPTION_ACCESS_VIOLATION (0xc0000005) at pc=0x000002112a86112d]

Native frames: (J=compiled Java code, j=interpreted, Vv=VM code, C=native code)
V  [jvm.dll+0x64135a]
V  [jvm.dll+0x7d39f9]
V  [jvm.dll+0x7d51b9]
V  [jvm.dll+0x7d5805]
V  [jvm.dll+0x7d57bb]
V  [jvm.dll+0x640655]
V  [jvm.dll+0x640d68]
C  [ntdll.dll+0xa582f]
C  [ntdll.dll+0x4cef]
C  [ntdll.dll+0xa459e]
C  0x000002112a86112d

VM_Operation (0x00000031274fe2b0): G1CollectForAllocation, mode: safepoint, requested by thread 0x0000021148e2b800


---------------  P R O C E S S  ---------------

Threads class SMR info:
_java_thread_list=0x0000021142e305c0, length=154, elements={
0x0000021126d4a000, 0x0000021141a6d000, 0x0000021141a77800, 0x0000021141ad7000,
0x0000021141ada000, 0x0000021141adb000, 0x0000021141adc800, 0x0000021141ae0000,
0x0000021141ae4000, 0x0000021141c53800, 0x0000021141e13800, 0x00000211448b6800,
0x00000211448ba000, 0x00000211448b7800, 0x00000211448b8000, 0x00000211448b9000,
0x00000211448ba800, 0x00000211448bb800, 0x00000211448b6000, 0x00000211448bc800,
0x0000021143f3c000, 0x0000021143f3e000, 0x0000021143f3b800, 0x0000021143f38000,
0x0000021143f39800, 0x0000021143f3a800, 0x0000021143f3d000, 0x0000021143f3e800,
0x0000021143f39000, 0x0000021143f45000, 0x0000021143f44800, 0x0000021143f40800,
0x0000021143f3f800, 0x0000021143f43800, 0x0000021143f46000, 0x0000021143f42000,
0x000002114557d000, 0x000002114557f800, 0x000002114557b800, 0x000002114557e800,
0x0000021145582000, 0x0000021145581000, 0x000002114557d800, 0x0000021145580000,
0x000002114557c000, 0x00000211443b3000, 0x00000211443b1800, 0x00000211443b0800,
0x00000211443b2000, 0x00000211443b3800, 0x00000211443ae000, 0x00000211443af800,
0x00000211443af000, 0x00000211443b6000, 0x00000211443b5800, 0x00000211443b4800,
0x00000211443b8000, 0x00000211443bb000, 0x00000211443b7000, 0x00000211443bc800,
0x00000211443b9800, 0x00000211443bc000, 0x00000211443ba000, 0x00000211443b8800,
0x00000211486c6000, 0x00000211486c2000, 0x00000211486c3800, 0x00000211486c0800,
0x00000211486c3000, 0x00000211486c4800, 0x00000211486c5800, 0x00000211486c7000,
0x00000211486c1000, 0x00000211486cc800, 0x00000211486cc000, 0x00000211486cb000,
0x00000211486c7800, 0x00000211486ca000, 0x00000211486c8800, 0x00000211486cf000,
0x00000211486c9800, 0x00000211486ce800, 0x00000211486cd800, 0x0000021147cca000,
0x0000021147ccb000, 0x0000021147cc5000, 0x0000021147cc9000, 0x0000021147cc6000,
0x0000021147cc8800, 0x0000021147ccb800, 0x0000021147ccc800, 0x0000021147cc6800,
0x0000021147ccd000, 0x0000021147cc7800, 0x0000021147cd3000, 0x0000021147cd4000,
0x0000021147ccf000, 0x0000021147cce000, 0x0000021147cd2000, 0x0000021147ccf800,
0x0000021147cd0800, 0x0000021147cd1800, 0x0000021145648000, 0x000002114564b800,
0x000002114564e000, 0x000002114564c000, 0x000002114564e800, 0x000002114564d000,
0x0000021145649000, 0x000002114564a800, 0x000002114564f800, 0x000002114564a000,
0x0000021145653800, 0x0000021145653000, 0x0000021145654800, 0x0000021145655000,
0x0000021145656000, 0x0000021145650800, 0x0000021145657000, 0x0000021145652000,
0x0000021145651000, 0x0000021147aba000, 0x0000021147abb000, 0x0000021147ab6000,
0x0000021147abd800, 0x0000021147ab8000, 0x0000021147ab8800, 0x0000021147ab9800,
0x0000021147ac2800, 0x0000021147abf000, 0x0000021147ac0000, 0x0000021147ac1000,
0x0000021147ac3000, 0x0000021147ac1800, 0x0000021147ac4000, 0x0000021147abe800,
0x0000021147ac5000, 0x0000021148e21800, 0x0000021148e24000, 0x0000021148e20000,
0x0000021148e23800, 0x000002114ebe2000, 0x0000021148e25800, 0x0000021148e26800,
0x0000021148e21000, 0x0000021148e29000, 0x0000021148e28000, 0x0000021148e2a000,
0x0000021148e2b800, 0x0000021148e2c000, 0x0000021148e2a800, 0x0000021148e2d000,
0x0000021148e27800, 0x0000021148e2e000
}

Java Threads: ( => current thread )
  0x0000021126d4a000 JavaThread "main" [_thread_blocked, id=10100, stack(0x000000311cd00000,0x000000311ce00000)]
  0x0000021141a6d000 JavaThread "Reference Handler" daemon [_thread_blocked, id=15048, stack(0x000000311d400000,0x000000311d500000)]
  0x0000021141a77800 JavaThread "Finalizer" daemon [_thread_blocked, id=15632, stack(0x000000311d500000,0x000000311d600000)]
  0x0000021141ad7000 JavaThread "Signal Dispatcher" daemon [_thread_blocked, id=18264, stack(0x000000311d600000,0x000000311d700000)]
  0x0000021141ada000 JavaThread "Attach Listener" daemon [_thread_blocked, id=18468, stack(0x000000311d700000,0x000000311d800000)]
  0x0000021141adb000 JavaThread "Service Thread" daemon [_thread_blocked, id=9532, stack(0x000000311d800000,0x000000311d900000)]
  0x0000021141adc800 JavaThread "C2 CompilerThread0" daemon [_thread_in_native, id=19232, stack(0x000000311d900000,0x000000311da00000)]
  0x0000021141ae0000 JavaThread "C1 CompilerThread0" daemon [_thread_blocked, id=17656, stack(0x000000311da00000,0x000000311db00000)]
  0x0000021141ae4000 JavaThread "Sweeper thread" daemon [_thread_blocked, id=11808, stack(0x000000311db00000,0x000000311dc00000)]
  0x0000021141c53800 JavaThread "Common-Cleaner" daemon [_thread_blocked, id=17956, stack(0x000000311dc00000,0x000000311dd00000)]
  0x0000021141e13800 JavaThread "C2 CompilerThread1" daemon [_thread_in_native, id=17148, stack(0x000000311de00000,0x000000311df00000)]
  0x00000211448b6800 JavaThread "Daemon health stats" [_thread_blocked, id=2636, stack(0x000000311e500000,0x000000311e600000)]
  0x00000211448ba000 JavaThread "Incoming local TCP Connector on port 59160" [_thread_in_native, id=17872, stack(0x000000311e600000,0x000000311e700000)]
  0x00000211448b7800 JavaThread "Daemon periodic checks" [_thread_blocked, id=6204, stack(0x000000311e700000,0x000000311e800000)]
  0x00000211448b8000 JavaThread "Daemon" [_thread_blocked, id=3956, stack(0x000000311e800000,0x000000311e900000)]
  0x00000211448b9000 JavaThread "Handler for socket connection from /127.0.0.1:59160 to /127.0.0.1:59161" [_thread_in_native, id=19216, stack(0x000000311e900000,0x000000311ea00000)]
  0x00000211448ba800 JavaThread "Cancel handler" [_thread_blocked, id=16112, stack(0x000000311ea00000,0x000000311eb00000)]
  0x00000211448bb800 JavaThread "Daemon worker" [_thread_blocked, id=17380, stack(0x000000311eb00000,0x000000311ec00000)]
  0x00000211448b6000 JavaThread "Asynchronous log dispatcher for DefaultDaemonConnection: socket connection from /127.0.0.1:59160 to /127.0.0.1:59161" [_thread_blocked, id=8908, stack(0x000000311ec00000,0x000000311ed00000)]
  0x00000211448bc800 JavaThread "Stdin handler" [_thread_blocked, id=7012, stack(0x000000311ed00000,0x000000311ee00000)]
  0x0000021143f3c000 JavaThread "Daemon client event forwarder" [_thread_blocked, id=2680, stack(0x000000311ee00000,0x000000311ef00000)]
  0x0000021143f3e000 JavaThread "Cache worker for journal cache (C:\User\pr11zotova\.gradle\caches\journal-1)" [_thread_blocked, id=5056, stack(0x000000311ef00000,0x000000311f000000)]
  0x0000021143f3b800 JavaThread "File lock request listener" [_thread_in_native, id=2144, stack(0x000000311f000000,0x000000311f100000)]
  0x0000021143f38000 JavaThread "Cache worker for file hash cache (C:\User\pr11zotova\.gradle\caches\7.5\fileHashes)" [_thread_blocked, id=18976, stack(0x000000311f400000,0x000000311f500000)]
  0x0000021143f39800 JavaThread "File watcher server" daemon [_thread_blocked, id=5480, stack(0x000000311f500000,0x000000311f600000)]
  0x0000021143f3a800 JavaThread "File watcher consumer" daemon [_thread_blocked, id=18768, stack(0x000000311f600000,0x000000311f700000)]
  0x0000021143f3d000 JavaThread "Cache worker for checksums cache (C:\User\pr11zotova\AndroidStudioProjects\MyApplication2\.gradle\7.5\checksums)" [_thread_blocked, id=16776, stack(0x000000311f700000,0x000000311f800000)]
  0x0000021143f3e800 JavaThread "Cache worker for cache directory md-rule (C:\User\pr11zotova\.gradle\caches\7.5\md-rule)" [_thread_blocked, id=10116, stack(0x000000311f800000,0x000000311f900000)]
  0x0000021143f39000 JavaThread "Cache worker for file content cache (C:\User\pr11zotova\.gradle\caches\7.5\fileContent)" [_thread_blocked, id=6016, stack(0x000000311f900000,0x000000311fa00000)]
  0x0000021143f45000 JavaThread "Cache worker for file hash cache (C:\User\pr11zotova\AndroidStudioProjects\MyApplication2\.gradle\7.5\fileHashes)" [_thread_blocked, id=292, stack(0x000000311fa00000,0x000000311fb00000)]
  0x0000021143f44800 JavaThread "Cache worker for cache directory md-supplier (C:\User\pr11zotova\.gradle\caches\7.5\md-supplier)" [_thread_blocked, id=14220, stack(0x000000311fb00000,0x000000311fc00000)]
  0x0000021143f40800 JavaThread "Cache worker for execution history cache (C:\User\pr11zotova\.gradle\caches\7.5\executionHistory)" [_thread_blocked, id=16260, stack(0x000000311fc00000,0x000000311fd00000)]
  0x0000021143f3f800 JavaThread "jar transforms" [_thread_blocked, id=9356, stack(0x000000311fd00000,0x000000311fe00000)]
  0x0000021143f43800 JavaThread "jar transforms Thread 2" [_thread_blocked, id=2284, stack(0x000000311fe00000,0x000000311ff00000)]
  0x0000021143f46000 JavaThread "jar transforms Thread 3" [_thread_blocked, id=2052, stack(0x000000311ff00000,0x0000003120000000)]
  0x0000021143f42000 JavaThread "jar transforms Thread 4" [_thread_blocked, id=4124, stack(0x0000003120000000,0x0000003120100000)]
  0x000002114557d000 JavaThread "Cache worker for dependencies-accessors (C:\User\pr11zotova\AndroidStudioProjects\MyApplication2\.gradle\7.5\dependencies-accessors)" [_thread_blocked, id=19200, stack(0x0000003120100000,0x0000003120200000)]
  0x000002114557f800 JavaThread "jar transforms Thread 5" [_thread_blocked, id=5680, stack(0x0000003120200000,0x0000003120300000)]
  0x000002114557b800 JavaThread "Cache worker for Build Output Cleanup Cache (C:\User\pr11zotova\AndroidStudioProjects\MyApplication2\.gradle\buildOutputCleanup)" [_thread_blocked, id=7760, stack(0x0000003120300000,0x0000003120400000)]
  0x000002114557e800 JavaThread "Unconstrained build operations" [_thread_blocked, id=15872, stack(0x0000003120400000,0x0000003120500000)]
  0x0000021145582000 JavaThread "Unconstrained build operations Thread 2" [_thread_blocked, id=13492, stack(0x0000003120500000,0x0000003120600000)]
  0x0000021145581000 JavaThread "Unconstrained build operations Thread 3" [_thread_blocked, id=13068, stack(0x0000003120600000,0x0000003120700000)]
  0x000002114557d800 JavaThread "Unconstrained build operations Thread 4" [_thread_blocked, id=13584, stack(0x0000003120700000,0x0000003120800000)]
  0x0000021145580000 JavaThread "Unconstrained build operations Thread 5" [_thread_blocked, id=3928, stack(0x0000003120800000,0x0000003120900000)]
  0x000002114557c000 JavaThread "Unconstrained build operations Thread 6" [_thread_blocked, id=17972, stack(0x0000003120900000,0x0000003120a00000)]
  0x00000211443b3000 JavaThread "Unconstrained build operations Thread 7" [_thread_blocked, id=4300, stack(0x0000003120a00000,0x0000003120b00000)]
  0x00000211443b1800 JavaThread "Unconstrained build operations Thread 8" [_thread_blocked, id=18592, stack(0x0000003120b00000,0x0000003120c00000)]
  0x00000211443b0800 JavaThread "Unconstrained build operations Thread 9" [_thread_blocked, id=13652, stack(0x0000003120c00000,0x0000003120d00000)]
  0x00000211443b2000 JavaThread "Unconstrained build operations Thread 10" [_thread_blocked, id=3788, stack(0x0000003120d00000,0x0000003120e00000)]
  0x00000211443b3800 JavaThread "Unconstrained build operations Thread 11" [_thread_blocked, id=18184, stack(0x0000003120e00000,0x0000003120f00000)]
  0x00000211443ae000 JavaThread "Unconstrained build operations Thread 12" [_thread_blocked, id=9228, stack(0x0000003120f00000,0x0000003121000000)]
  0x00000211443af800 JavaThread "Unconstrained build operations Thread 13" [_thread_blocked, id=5336, stack(0x0000003121000000,0x0000003121100000)]
  0x00000211443af000 JavaThread "Unconstrained build operations Thread 14" [_thread_blocked, id=1992, stack(0x0000003121100000,0x0000003121200000)]
  0x00000211443b6000 JavaThread "Unconstrained build operations Thread 15" [_thread_blocked, id=18672, stack(0x0000003121200000,0x0000003121300000)]
  0x00000211443b5800 JavaThread "Unconstrained build operations Thread 16" [_thread_blocked, id=16160, stack(0x0000003121300000,0x0000003121400000)]
  0x00000211443b4800 JavaThread "Unconstrained build operations Thread 17" [_thread_blocked, id=17748, stack(0x0000003121400000,0x0000003121500000)]
  0x00000211443b8000 JavaThread "Unconstrained build operations Thread 18" [_thread_blocked, id=14752, stack(0x0000003121500000,0x0000003121600000)]
  0x00000211443bb000 JavaThread "Unconstrained build operations Thread 19" [_thread_blocked, id=12048, stack(0x0000003121600000,0x0000003121700000)]
  0x00000211443b7000 JavaThread "Unconstrained build operations Thread 20" [_thread_blocked, id=6580, stack(0x0000003121700000,0x0000003121800000)]
  0x00000211443bc800 JavaThread "Unconstrained build operations Thread 21" [_thread_blocked, id=1952, stack(0x0000003121800000,0x0000003121900000)]
  0x00000211443b9800 JavaThread "Unconstrained build operations Thread 22" [_thread_blocked, id=8216, stack(0x0000003121900000,0x0000003121a00000)]
  0x00000211443bc000 JavaThread "Unconstrained build operations Thread 23" [_thread_blocked, id=15084, stack(0x0000003121a00000,0x0000003121b00000)]
  0x00000211443ba000 JavaThread "Unconstrained build operations Thread 24" [_thread_blocked, id=10620, stack(0x0000003121b00000,0x0000003121c00000)]
  0x00000211443b8800 JavaThread "Unconstrained build operations Thread 25" [_thread_blocked, id=2108, stack(0x0000003121c00000,0x0000003121d00000)]
  0x00000211486c6000 JavaThread "Unconstrained build operations Thread 26" [_thread_blocked, id=7356, stack(0x0000003121d00000,0x0000003121e00000)]
  0x00000211486c2000 JavaThread "Unconstrained build operations Thread 27" [_thread_blocked, id=15564, stack(0x0000003121e00000,0x0000003121f00000)]
  0x00000211486c3800 JavaThread "Unconstrained build operations Thread 28" [_thread_blocked, id=11328, stack(0x0000003121f00000,0x0000003122000000)]
  0x00000211486c0800 JavaThread "Unconstrained build operations Thread 29" [_thread_blocked, id=17300, stack(0x0000003122000000,0x0000003122100000)]
  0x00000211486c3000 JavaThread "Unconstrained build operations Thread 30" [_thread_blocked, id=14404, stack(0x0000003122100000,0x0000003122200000)]
  0x00000211486c4800 JavaThread "Unconstrained build operations Thread 31" [_thread_blocked, id=5836, stack(0x0000003122200000,0x0000003122300000)]
  0x00000211486c5800 JavaThread "Unconstrained build operations Thread 32" [_thread_blocked, id=13032, stack(0x0000003122300000,0x0000003122400000)]
  0x00000211486c7000 JavaThread "Unconstrained build operations Thread 33" [_thread_blocked, id=13788, stack(0x0000003122400000,0x0000003122500000)]
  0x00000211486c1000 JavaThread "Unconstrained build operations Thread 34" [_thread_blocked, id=3772, stack(0x0000003122500000,0x0000003122600000)]
  0x00000211486cc800 JavaThread "Unconstrained build operations Thread 35" [_thread_blocked, id=11372, stack(0x0000003122600000,0x0000003122700000)]
  0x00000211486cc000 JavaThread "Unconstrained build operations Thread 36" [_thread_blocked, id=10500, stack(0x0000003122700000,0x0000003122800000)]
  0x00000211486cb000 JavaThread "Unconstrained build operations Thread 37" [_thread_blocked, id=10160, stack(0x0000003122800000,0x0000003122900000)]
  0x00000211486c7800 JavaThread "Unconstrained build operations Thread 38" [_thread_blocked, id=17160, stack(0x0000003122900000,0x0000003122a00000)]
  0x00000211486ca000 JavaThread "Unconstrained build operations Thread 39" [_thread_blocked, id=14556, stack(0x0000003122a00000,0x0000003122b00000)]
  0x00000211486c8800 JavaThread "Unconstrained build operations Thread 40" [_thread_blocked, id=16836, stack(0x0000003122b00000,0x0000003122c00000)]
  0x00000211486cf000 JavaThread "Unconstrained build operations Thread 41" [_thread_blocked, id=2548, stack(0x0000003122c00000,0x0000003122d00000)]
  0x00000211486c9800 JavaThread "Unconstrained build operations Thread 42" [_thread_blocked, id=18436, stack(0x0000003122d00000,0x0000003122e00000)]
  0x00000211486ce800 JavaThread "Unconstrained build operations Thread 43" [_thread_blocked, id=11448, stack(0x0000003122e00000,0x0000003122f00000)]
  0x00000211486cd800 JavaThread "Unconstrained build operations Thread 44" [_thread_blocked, id=16076, stack(0x0000003122f00000,0x0000003123000000)]
  0x0000021147cca000 JavaThread "Unconstrained build operations Thread 45" [_thread_blocked, id=5324, stack(0x0000003123000000,0x0000003123100000)]
  0x0000021147ccb000 JavaThread "Unconstrained build operations Thread 46" [_thread_blocked, id=5964, stack(0x0000003123100000,0x0000003123200000)]
  0x0000021147cc5000 JavaThread "Unconstrained build operations Thread 47" [_thread_blocked, id=14732, stack(0x0000003123200000,0x0000003123300000)]
  0x0000021147cc9000 JavaThread "Unconstrained build operations Thread 48" [_thread_blocked, id=5180, stack(0x0000003123300000,0x0000003123400000)]
  0x0000021147cc6000 JavaThread "Unconstrained build operations Thread 49" [_thread_blocked, id=18028, stack(0x0000003123400000,0x0000003123500000)]
  0x0000021147cc8800 JavaThread "Unconstrained build operations Thread 50" [_thread_blocked, id=11896, stack(0x0000003123500000,0x0000003123600000)]
  0x0000021147ccb800 JavaThread "Unconstrained build operations Thread 51" [_thread_blocked, id=9616, stack(0x0000003123600000,0x0000003123700000)]
  0x0000021147ccc800 JavaThread "Unconstrained build operations Thread 52" [_thread_blocked, id=11388, stack(0x0000003123700000,0x0000003123800000)]
  0x0000021147cc6800 JavaThread "Unconstrained build operations Thread 53" [_thread_blocked, id=7180, stack(0x0000003123800000,0x0000003123900000)]
  0x0000021147ccd000 JavaThread "Unconstrained build operations Thread 54" [_thread_blocked, id=15912, stack(0x0000003123900000,0x0000003123a00000)]
  0x0000021147cc7800 JavaThread "Unconstrained build operations Thread 55" [_thread_blocked, id=18276, stack(0x0000003123a00000,0x0000003123b00000)]
  0x0000021147cd3000 JavaThread "Unconstrained build operations Thread 56" [_thread_blocked, id=14980, stack(0x0000003123b00000,0x0000003123c00000)]
  0x0000021147cd4000 JavaThread "Unconstrained build operations Thread 57" [_thread_blocked, id=13084, stack(0x0000003123c00000,0x0000003123d00000)]
  0x0000021147ccf000 JavaThread "Unconstrained build operations Thread 58" [_thread_blocked, id=18272, stack(0x0000003123d00000,0x0000003123e00000)]
  0x0000021147cce000 JavaThread "Unconstrained build operations Thread 59" [_thread_blocked, id=1288, stack(0x0000003123e00000,0x0000003123f00000)]
  0x0000021147cd2000 JavaThread "Unconstrained build operations Thread 60" [_thread_blocked, id=17268, stack(0x0000003123f00000,0x0000003124000000)]
  0x0000021147ccf800 JavaThread "Unconstrained build operations Thread 61" [_thread_blocked, id=4540, stack(0x0000003124000000,0x0000003124100000)]
  0x0000021147cd0800 JavaThread "Unconstrained build operations Thread 62" [_thread_blocked, id=2504, stack(0x0000003124100000,0x0000003124200000)]
  0x0000021147cd1800 JavaThread "Unconstrained build operations Thread 63" [_thread_blocked, id=13556, stack(0x0000003124200000,0x0000003124300000)]
  0x0000021145648000 JavaThread "Unconstrained build operations Thread 64" [_thread_blocked, id=11304, stack(0x0000003124300000,0x0000003124400000)]
  0x000002114564b800 JavaThread "Unconstrained build operations Thread 65" [_thread_blocked, id=14084, stack(0x0000003124400000,0x0000003124500000)]
  0x000002114564e000 JavaThread "Unconstrained build operations Thread 66" [_thread_blocked, id=11232, stack(0x0000003124500000,0x0000003124600000)]
  0x000002114564c000 JavaThread "Unconstrained build operations Thread 67" [_thread_blocked, id=5932, stack(0x0000003124600000,0x0000003124700000)]
  0x000002114564e800 JavaThread "Unconstrained build operations Thread 68" [_thread_blocked, id=8188, stack(0x0000003124700000,0x0000003124800000)]
  0x000002114564d000 JavaThread "Unconstrained build operations Thread 69" [_thread_blocked, id=11408, stack(0x0000003124800000,0x0000003124900000)]
  0x0000021145649000 JavaThread "Unconstrained build operations Thread 70" [_thread_blocked, id=14936, stack(0x0000003124900000,0x0000003124a00000)]
  0x000002114564a800 JavaThread "Unconstrained build operations Thread 71" [_thread_blocked, id=12352, stack(0x0000003124a00000,0x0000003124b00000)]
  0x000002114564f800 JavaThread "Unconstrained build operations Thread 72" [_thread_blocked, id=14960, stack(0x0000003124b00000,0x0000003124c00000)]
  0x000002114564a000 JavaThread "Unconstrained build operations Thread 73" [_thread_blocked, id=1020, stack(0x0000003124c00000,0x0000003124d00000)]
  0x0000021145653800 JavaThread "Unconstrained build operations Thread 74" [_thread_blocked, id=17448, stack(0x0000003124d00000,0x0000003124e00000)]
  0x0000021145653000 JavaThread "Unconstrained build operations Thread 75" [_thread_blocked, id=2580, stack(0x0000003124e00000,0x0000003124f00000)]
  0x0000021145654800 JavaThread "Unconstrained build operations Thread 76" [_thread_blocked, id=7900, stack(0x0000003124f00000,0x0000003125000000)]
  0x0000021145655000 JavaThread "Unconstrained build operations Thread 77" [_thread_blocked, id=13452, stack(0x0000003125000000,0x0000003125100000)]
  0x0000021145656000 JavaThread "Unconstrained build operations Thread 78" [_thread_blocked, id=12952, stack(0x0000003125100000,0x0000003125200000)]
  0x0000021145650800 JavaThread "Unconstrained build operations Thread 79" [_thread_blocked, id=17860, stack(0x0000003125200000,0x0000003125300000)]
  0x0000021145657000 JavaThread "Unconstrained build operations Thread 80" [_thread_blocked, id=17704, stack(0x0000003125300000,0x0000003125400000)]
  0x0000021145652000 JavaThread "jar transforms Thread 6" [_thread_blocked, id=17272, stack(0x0000003125400000,0x0000003125500000)]
  0x0000021145651000 JavaThread "jar transforms Thread 7" [_thread_blocked, id=11696, stack(0x0000003125500000,0x0000003125600000)]
  0x0000021147aba000 JavaThread "jar transforms Thread 8" [_thread_blocked, id=15016, stack(0x0000003125600000,0x0000003125700000)]
  0x0000021147abb000 JavaThread "build event listener" [_thread_blocked, id=15112, stack(0x0000003125700000,0x0000003125800000)]
  0x0000021147ab6000 JavaThread "Memory manager" [_thread_blocked, id=17356, stack(0x0000003125800000,0x0000003125900000)]
  0x0000021147abd800 JavaThread "included builds" [_thread_blocked, id=18864, stack(0x0000003125900000,0x0000003125a00000)]
  0x0000021147ab8000 JavaThread "Execution worker" [_thread_blocked, id=12472, stack(0x0000003125a00000,0x0000003125b00000)]
  0x0000021147ab8800 JavaThread "Execution worker Thread 2" [_thread_blocked, id=15560, stack(0x0000003125b00000,0x0000003125c00000)]
  0x0000021147ab9800 JavaThread "Execution worker Thread 3" [_thread_blocked, id=15684, stack(0x0000003125c00000,0x0000003125d00000)]
  0x0000021147ac2800 JavaThread "Execution worker Thread 4" [_thread_blocked, id=18700, stack(0x0000003125d00000,0x0000003125e00000)]
  0x0000021147abf000 JavaThread "Execution worker Thread 5" [_thread_blocked, id=15408, stack(0x0000003125e00000,0x0000003125f00000)]
  0x0000021147ac0000 JavaThread "Execution worker Thread 6" [_thread_blocked, id=15420, stack(0x0000003125f00000,0x0000003126000000)]
  0x0000021147ac1000 JavaThread "Execution worker Thread 7" [_thread_blocked, id=14176, stack(0x0000003126000000,0x0000003126100000)]
  0x0000021147ac3000 JavaThread "Cache worker for execution history cache (C:\User\pr11zotova\AndroidStudioProjects\MyApplication2\.gradle\7.5\executionHistory)" [_thread_blocked, id=212, stack(0x0000003126100000,0x0000003126200000)]
  0x0000021147ac1800 JavaThread "WorkerExecutor Queue" [_thread_blocked, id=15472, stack(0x0000003126400000,0x0000003126500000)]
  0x0000021147ac4000 JavaThread "WorkerExecutor Queue Thread 2" [_thread_blocked, id=10960, stack(0x0000003126500000,0x0000003126600000)]
  0x0000021147abe800 JavaThread "WorkerExecutor Queue Thread 3" [_thread_blocked, id=17128, stack(0x0000003126600000,0x0000003126700000)]
  0x0000021147ac5000 JavaThread "WorkerExecutor Queue Thread 4" [_thread_blocked, id=8952, stack(0x0000003126700000,0x0000003126800000)]
  0x0000021148e21800 JavaThread "WorkerExecutor Queue Thread 5" [_thread_blocked, id=9908, stack(0x0000003126800000,0x0000003126900000)]
  0x0000021148e24000 JavaThread "WorkerExecutor Queue Thread 6" [_thread_blocked, id=6536, stack(0x0000003126900000,0x0000003126a00000)]
  0x0000021148e20000 JavaThread "WorkerExecutor Queue Thread 7" [_thread_blocked, id=8924, stack(0x0000003126a00000,0x0000003126b00000)]
  0x0000021148e23800 JavaThread "WorkerExecutor Queue Thread 8" [_thread_blocked, id=18396, stack(0x0000003126b00000,0x0000003126c00000)]
  0x000002114ebe2000 JavaThread "C2 CompilerThread2" daemon [_thread_blocked, id=4432, stack(0x000000311e400000,0x000000311e500000)]
  0x0000021148e25800 JavaThread "WorkerExecutor Queue Thread 9" [_thread_blocked, id=9716, stack(0x0000003126e00000,0x0000003126f00000)]
  0x0000021148e26800 JavaThread "ForkJoinPool-1-worker-3" daemon [_thread_blocked, id=16372, stack(0x0000003126f00000,0x0000003127000000)]
  0x0000021148e21000 JavaThread "ForkJoinPool-1-worker-5" daemon [_thread_blocked, id=11224, stack(0x0000003127000000,0x0000003127100000)]
  0x0000021148e29000 JavaThread "ForkJoinPool-1-worker-7" daemon [_thread_blocked, id=10664, stack(0x0000003127100000,0x0000003127200000)]
  0x0000021148e28000 JavaThread "ForkJoinPool-1-worker-9" daemon [_thread_blocked, id=12584, stack(0x0000003127200000,0x0000003127300000)]
  0x0000021148e2a000 JavaThread "ForkJoinPool-1-worker-11" daemon [_thread_blocked, id=13868, stack(0x0000003127300000,0x0000003127400000)]
  0x0000021148e2b800 JavaThread "ForkJoinPool-1-worker-13" daemon [_thread_blocked, id=10736, stack(0x0000003127400000,0x0000003127500000)]
  0x0000021148e2c000 JavaThread "ForkJoinPool-1-worker-15" daemon [_thread_blocked, id=3656, stack(0x0000003127500000,0x0000003127600000)]
  0x0000021148e2a800 JavaThread "ForkJoinPool-1-worker-1" daemon [_thread_blocked, id=14920, stack(0x0000003127600000,0x0000003127700000)]
  0x0000021148e2d000 JavaThread "pool-3-thread-1" [_thread_blocked, id=13072, stack(0x0000003127700000,0x0000003127800000)]
  0x0000021148e27800 JavaThread "stderr" [_thread_in_native, id=9724, stack(0x0000003127800000,0x0000003127900000)]
  0x0000021148e2e000 JavaThread "stdout" [_thread_in_native, id=9312, stack(0x0000003127900000,0x0000003127a00000)]

Other Threads:
=>0x0000021141a6b000 VMThread "VM Thread" [stack: 0x000000311d300000,0x000000311d400000] [id=2432]
  0x0000021141c71000 WatcherThread [stack: 0x000000311dd00000,0x000000311de00000] [id=11752]
  0x0000021126d62800 GCTaskThread "GC Thread#0" [stack: 0x000000311ce00000,0x000000311cf00000] [id=19356]
  0x0000021142a45000 GCTaskThread "GC Thread#1" [stack: 0x000000311df00000,0x000000311e000000] [id=14156]
  0x0000021143246800 GCTaskThread "GC Thread#2" [stack: 0x000000311e000000,0x000000311e100000] [id=9964]
  0x0000021142661000 GCTaskThread "GC Thread#3" [stack: 0x000000311e100000,0x000000311e200000] [id=17928]
  0x00000211426d1000 GCTaskThread "GC Thread#4" [stack: 0x000000311e200000,0x000000311e300000] [id=15324]
  0x0000021142c80800 GCTaskThread "GC Thread#5" [stack: 0x000000311e300000,0x000000311e400000] [id=9856]
  0x0000021142634000 GCTaskThread "GC Thread#6" [stack: 0x000000311f100000,0x000000311f200000] [id=11100]
  0x000002114366c800 GCTaskThread "GC Thread#7" [stack: 0x000000311f200000,0x000000311f300000] [id=3348]
  0x0000021126d95000 ConcurrentGCThread "G1 Main Marker" [stack: 0x000000311cf00000,0x000000311d000000] [id=8948]
  0x0000021126d96000 ConcurrentGCThread "G1 Conc#0" [stack: 0x000000311d000000,0x000000311d100000] [id=11104]
  0x0000021144351000 ConcurrentGCThread "G1 Conc#1" [stack: 0x000000311f300000,0x000000311f400000] [id=12348]
  0x00000211410b8800 ConcurrentGCThread "G1 Refine#0" [stack: 0x000000311d100000,0x000000311d200000] [id=9584]
  0x000002114a3f1000 ConcurrentGCThread "G1 Refine#1" [stack: 0x0000003126200000,0x0000003126300000] [id=7364]
  0x0000021147deb800 ConcurrentGCThread "G1 Refine#2" [stack: 0x0000003126300000,0x0000003126400000] [id=1916]
  0x000002114d33a800 ConcurrentGCThread "G1 Refine#3" [stack: 0x0000003126c00000,0x0000003126d00000] [id=16944]
  0x000002114a87f000 ConcurrentGCThread "G1 Refine#4" [stack: 0x0000003126d00000,0x0000003126e00000] [id=14828]
  0x00000211410b9800 ConcurrentGCThread "G1 Young RemSet Sampling" [stack: 0x000000311d200000,0x000000311d300000] [id=10784]

Threads with active compile tasks:
C2 CompilerThread0    11371 15368 %     4       com.android.tools.r8.dex.i::a @ 315 (1041 bytes)
C2 CompilerThread1    11371 15507       4       com.android.tools.r8.dex.i::a (829 bytes)
C2 CompilerThread2    11371 15652       4       com.android.tools.r8.internal.rj::d (61 bytes)

VM state:at safepoint (normal execution)

VM Mutex/Monitor currently owned by a thread:  ([mutex/lock_event])
[0x0000021126d45f40] Threads_lock - owner thread: 0x0000021141a6b000
[0x0000021126d46570] Heap_lock - owner thread: 0x0000021148e2b800

Heap address: 0x0000000080000000, size: 2048 MB, Compressed Oops mode: 32-bit
Narrow klass base: 0x0000000000000000, Narrow klass shift: 3
Compressed class space size: 1073741824 Address: 0x0000000100000000

Heap:
 garbage-first heap   total 346112K, used 189743K [0x0000000080000000, 0x0000000100000000)
  region size 1024K, 5 young (5120K), 5 survivors (5120K)
 Metaspace       used 108664K, capacity 111669K, committed 111772K, reserved 1146880K
  class space    used 13934K, capacity 15057K, committed 15084K, reserved 1048576K
Heap Regions: E=young(eden), S=young(survivor), O=old, HS=humongous(starts), HC=humongous(continues), CS=collection set, F=free, A=archive, TAMS=top-at-mark-start (previous, next)
|   0|0x0000000080000000, 0x0000000080100000, 0x0000000080100000|100%| O|  |TAMS 0x0000000080100000, 0x0000000080100000| Untracked 
|   1|0x0000000080100000, 0x0000000080200000, 0x0000000080200000|100%| O|  |TAMS 0x0000000080200000, 0x0000000080200000| Untracked 
|   2|0x0000000080200000, 0x0000000080300000, 0x0000000080300000|100%| O|  |TAMS 0x0000000080300000, 0x0000000080300000| Untracked 
|   3|0x0000000080300000, 0x0000000080400000, 0x0000000080400000|100%|HS|  |TAMS 0x0000000080400000, 0x0000000080400000| Complete 
|   4|0x0000000080400000, 0x0000000080500000, 0x0000000080500000|100%|HC|  |TAMS 0x0000000080500000, 0x0000000080500000| Complete 
|   5|0x0000000080500000, 0x0000000080600000, 0x0000000080600000|100%|HC|  |TAMS 0x0000000080600000, 0x0000000080600000| Complete 
|   6|0x0000000080600000, 0x0000000080700000, 0x0000000080700000|100%| O|  |TAMS 0x0000000080700000, 0x0000000080700000| Untracked 
|   7|0x0000000080700000, 0x0000000080800000, 0x0000000080800000|100%| O|  |TAMS 0x0000000080800000, 0x0000000080800000| Untracked 
|   8|0x0000000080800000, 0x0000000080900000, 0x0000000080900000|100%| O|  |TAMS 0x0000000080900000, 0x0000000080900000| Untracked 
|   9|0x0000000080900000, 0x0000000080a00000, 0x0000000080a00000|100%| O|  |TAMS 0x0000000080a00000, 0x0000000080a00000| Untracked 
|  10|0x0000000080a00000, 0x0000000080b00000, 0x0000000080b00000|100%| O|  |TAMS 0x0000000080b00000, 0x0000000080b00000| Untracked 
|  11|0x0000000080b00000, 0x0000000080c00000, 0x0000000080c00000|100%| O|  |TAMS 0x0000000080c00000, 0x0000000080c00000| Untracked 
|  12|0x0000000080c00000, 0x0000000080d00000, 0x0000000080d00000|100%| O|  |TAMS 0x0000000080d00000, 0x0000000080d00000| Untracked 
|  13|0x0000000080d00000, 0x0000000080e00000, 0x0000000080e00000|100%| O|  |TAMS 0x0000000080e00000, 0x0000000080e00000| Untracked 
|  14|0x0000000080e00000, 0x0000000080f00000, 0x0000000080f00000|100%| O|  |TAMS 0x0000000080f00000, 0x0000000080f00000| Untracked 
|  15|0x0000000080f00000, 0x0000000081000000, 0x0000000081000000|100%| O|  |TAMS 0x0000000081000000, 0x0000000081000000| Untracked 
|  16|0x0000000081000000, 0x0000000081100000, 0x0000000081100000|100%| O|  |TAMS 0x0000000081100000, 0x0000000081100000| Untracked 
|  17|0x0000000081100000, 0x0000000081200000, 0x0000000081200000|100%|HS|  |TAMS 0x0000000081200000, 0x0000000081200000| Complete 
|  18|0x0000000081200000, 0x0000000081300000, 0x0000000081300000|100%|HS|  |TAMS 0x0000000081300000, 0x0000000081300000| Complete 
|  19|0x0000000081300000, 0x0000000081400000, 0x0000000081400000|100%| O|  |TAMS 0x0000000081400000, 0x0000000081400000| Untracked 
|  20|0x0000000081400000, 0x0000000081500000, 0x0000000081500000|100%| O|  |TAMS 0x0000000081500000, 0x0000000081500000| Untracked 
|  21|0x0000000081500000, 0x0000000081600000, 0x0000000081600000|100%| O|  |TAMS 0x0000000081600000, 0x0000000081600000| Untracked 
|  22|0x0000000081600000, 0x0000000081700000, 0x0000000081700000|100%| O|  |TAMS 0x0000000081700000, 0x0000000081700000| Untracked 
|  23|0x0000000081700000, 0x0000000081800000, 0x0000000081800000|100%| O|  |TAMS 0x0000000081800000, 0x0000000081800000| Untracked 
|  24|0x0000000081800000, 0x0000000081900000, 0x0000000081900000|100%| O|  |TAMS 0x0000000081900000, 0x0000000081900000| Untracked 
|  25|0x0000000081900000, 0x0000000081a00000, 0x0000000081a00000|100%| O|  |TAMS 0x0000000081a00000, 0x0000000081a00000| Untracked 
|  26|0x0000000081a00000, 0x0000000081b00000, 0x0000000081b00000|100%| O|  |TAMS 0x0000000081b00000, 0x0000000081b00000| Untracked 
|  27|0x0000000081b00000, 0x0000000081c00000, 0x0000000081c00000|100%| O|  |TAMS 0x0000000081c00000, 0x0000000081c00000| Untracked 
|  28|0x0000000081c00000, 0x0000000081d00000, 0x0000000081d00000|100%| O|  |TAMS 0x0000000081d00000, 0x0000000081d00000| Untracked 
|  29|0x0000000081d00000, 0x0000000081e00000, 0x0000000081e00000|100%| O|  |TAMS 0x0000000081e00000, 0x0000000081e00000| Untracked 
|  30|0x0000000081e00000, 0x0000000081f00000, 0x0000000081f00000|100%| O|  |TAMS 0x0000000081f00000, 0x0000000081f00000| Untracked 
|  31|0x0000000081f00000, 0x0000000082000000, 0x0000000082000000|100%| O|  |TAMS 0x0000000082000000, 0x0000000082000000| Untracked 
|  32|0x0000000082000000, 0x0000000082100000, 0x0000000082100000|100%| O|  |TAMS 0x0000000082100000, 0x0000000082100000| Untracked 
|  33|0x0000000082100000, 0x0000000082200000, 0x0000000082200000|100%| O|  |TAMS 0x0000000082200000, 0x0000000082200000| Untracked 
|  34|0x0000000082200000, 0x0000000082300000, 0x0000000082300000|100%| O|  |TAMS 0x0000000082300000, 0x0000000082300000| Untracked 
|  35|0x0000000082300000, 0x0000000082400000, 0x0000000082400000|100%| O|  |TAMS 0x0000000082400000, 0x0000000082400000| Untracked 
|  36|0x0000000082400000, 0x0000000082500000, 0x0000000082500000|100%| O|  |TAMS 0x0000000082500000, 0x0000000082500000| Untracked 
|  37|0x0000000082500000, 0x0000000082600000, 0x0000000082600000|100%| O|  |TAMS 0x0000000082600000, 0x0000000082600000| Untracked 
|  38|0x0000000082600000, 0x0000000082700000, 0x0000000082700000|100%| O|  |TAMS 0x0000000082700000, 0x0000000082700000| Untracked 
|  39|0x0000000082700000, 0x0000000082800000, 0x0000000082800000|100%| O|  |TAMS 0x0000000082800000, 0x0000000082800000| Untracked 
|  40|0x0000000082800000, 0x0000000082900000, 0x0000000082900000|100%| O|  |TAMS 0x0000000082900000, 0x0000000082900000| Untracked 
|  41|0x0000000082900000, 0x0000000082a00000, 0x0000000082a00000|100%| O|  |TAMS 0x0000000082a00000, 0x0000000082a00000| Untracked 
|  42|0x0000000082a00000, 0x0000000082b00000, 0x0000000082b00000|100%| O|  |TAMS 0x0000000082b00000, 0x0000000082b00000| Untracked 
|  43|0x0000000082b00000, 0x0000000082c00000, 0x0000000082c00000|100%| O|  |TAMS 0x0000000082c00000, 0x0000000082c00000| Untracked 
|  44|0x0000000082c00000, 0x0000000082d00000, 0x0000000082d00000|100%| O|  |TAMS 0x0000000082d00000, 0x0000000082d00000| Untracked 
|  45|0x0000000082d00000, 0x0000000082e00000, 0x0000000082e00000|100%| O|  |TAMS 0x0000000082e00000, 0x0000000082e00000| Untracked 
|  46|0x0000000082e00000, 0x0000000082f00000, 0x0000000082f00000|100%| O|  |TAMS 0x0000000082f00000, 0x0000000082f00000| Untracked 
|  47|0x0000000082f00000, 0x0000000083000000, 0x0000000083000000|100%| O|  |TAMS 0x0000000083000000, 0x0000000083000000| Untracked 
|  48|0x0000000083000000, 0x0000000083100000, 0x0000000083100000|100%| O|  |TAMS 0x0000000083100000, 0x0000000083100000| Untracked 
|  49|0x0000000083100000, 0x0000000083200000, 0x0000000083200000|100%| O|  |TAMS 0x0000000083200000, 0x0000000083200000| Untracked 
|  50|0x0000000083200000, 0x0000000083300000, 0x0000000083300000|100%| O|  |TAMS 0x0000000083300000, 0x0000000083300000| Untracked 
|  51|0x0000000083300000, 0x0000000083400000, 0x0000000083400000|100%| O|  |TAMS 0x0000000083400000, 0x0000000083400000| Untracked 
|  52|0x0000000083400000, 0x0000000083500000, 0x0000000083500000|100%| O|  |TAMS 0x0000000083500000, 0x0000000083500000| Untracked 
|  53|0x0000000083500000, 0x0000000083600000, 0x0000000083600000|100%| O|  |TAMS 0x0000000083600000, 0x0000000083600000| Untracked 
|  54|0x0000000083600000, 0x0000000083700000, 0x0000000083700000|100%| O|  |TAMS 0x0000000083700000, 0x0000000083700000| Untracked 
|  55|0x0000000083700000, 0x0000000083800000, 0x0000000083800000|100%| O|  |TAMS 0x0000000083800000, 0x0000000083800000| Untracked 
|  56|0x0000000083800000, 0x0000000083900000, 0x0000000083900000|100%| O|  |TAMS 0x0000000083900000, 0x0000000083900000| Untracked 
|  57|0x0000000083900000, 0x0000000083a00000, 0x0000000083a00000|100%| O|  |TAMS 0x0000000083a00000, 0x0000000083a00000| Untracked 
|  58|0x0000000083a00000, 0x0000000083b00000, 0x0000000083b00000|100%| O|  |TAMS 0x0000000083b00000, 0x0000000083b00000| Untracked 
|  59|0x0000000083b00000, 0x0000000083c00000, 0x0000000083c00000|100%| O|  |TAMS 0x0000000083c00000, 0x0000000083c00000| Untracked 
|  60|0x0000000083c00000, 0x0000000083d00000, 0x0000000083d00000|100%| O|  |TAMS 0x0000000083d00000, 0x0000000083d00000| Untracked 
|  61|0x0000000083d00000, 0x0000000083e00000, 0x0000000083e00000|100%| O|  |TAMS 0x0000000083e00000, 0x0000000083e00000| Untracked 
|  62|0x0000000083e00000, 0x0000000083f00000, 0x0000000083f00000|100%| O|  |TAMS 0x0000000083f00000, 0x0000000083f00000| Untracked 
|  63|0x0000000083f00000, 0x0000000084000000, 0x0000000084000000|100%| O|  |TAMS 0x0000000084000000, 0x0000000084000000| Untracked 
|  64|0x0000000084000000, 0x0000000084100000, 0x0000000084100000|100%| O|  |TAMS 0x0000000084100000, 0x0000000084100000| Untracked 
|  65|0x0000000084100000, 0x0000000084200000, 0x0000000084200000|100%| O|  |TAMS 0x0000000084200000, 0x0000000084200000| Untracked 
|  66|0x0000000084200000, 0x0000000084300000, 0x0000000084300000|100%| O|  |TAMS 0x0000000084300000, 0x0000000084300000| Untracked 
|  67|0x0000000084300000, 0x0000000084400000, 0x0000000084400000|100%| O|  |TAMS 0x0000000084400000, 0x0000000084400000| Untracked 
|  68|0x0000000084400000, 0x0000000084500000, 0x0000000084500000|100%| O|  |TAMS 0x0000000084500000, 0x0000000084500000| Untracked 
|  69|0x0000000084500000, 0x0000000084600000, 0x0000000084600000|100%| O|  |TAMS 0x0000000084600000, 0x0000000084600000| Untracked 
|  70|0x0000000084600000, 0x0000000084700000, 0x0000000084700000|100%| O|  |TAMS 0x0000000084700000, 0x0000000084700000| Untracked 
|  71|0x0000000084700000, 0x0000000084800000, 0x0000000084800000|100%| O|  |TAMS 0x0000000084800000, 0x0000000084800000| Untracked 
|  72|0x0000000084800000, 0x0000000084900000, 0x0000000084900000|100%|HS|  |TAMS 0x0000000084900000, 0x0000000084900000| Complete 
|  73|0x0000000084900000, 0x0000000084a00000, 0x0000000084a00000|100%| O|  |TAMS 0x0000000084a00000, 0x0000000084a00000| Untracked 
|  74|0x0000000084a00000, 0x0000000084b00000, 0x0000000084b00000|100%| O|  |TAMS 0x0000000084b00000, 0x0000000084b00000| Untracked 
|  75|0x0000000084b00000, 0x0000000084c00000, 0x0000000084c00000|100%|HS|  |TAMS 0x0000000084c00000, 0x0000000084c00000| Complete 
|  76|0x0000000084c00000, 0x0000000084d00000, 0x0000000084d00000|100%| O|  |TAMS 0x0000000084d00000, 0x0000000084d00000| Untracked 
|  77|0x0000000084d00000, 0x0000000084e00000, 0x0000000084e00000|100%| O|  |TAMS 0x0000000084e00000, 0x0000000084e00000| Untracked 
|  78|0x0000000084e00000, 0x0000000084f00000, 0x0000000084f00000|100%| O|  |TAMS 0x0000000084f00000, 0x0000000084f00000| Untracked 
|  79|0x0000000084f00000, 0x0000000085000000, 0x0000000085000000|100%| O|  |TAMS 0x0000000084f00000, 0x0000000085000000| Untracked 
|  80|0x0000000085000000, 0x0000000085100000, 0x0000000085100000|100%| O|  |TAMS 0x0000000085100000, 0x0000000085100000| Untracked 
|  81|0x0000000085100000, 0x0000000085200000, 0x0000000085200000|100%|HS|  |TAMS 0x0000000085200000, 0x0000000085200000| Complete 
|  82|0x0000000085200000, 0x0000000085300000, 0x0000000085300000|100%| O|  |TAMS 0x0000000085300000, 0x0000000085300000| Untracked 
|  83|0x0000000085300000, 0x0000000085400000, 0x0000000085400000|100%| O|  |TAMS 0x0000000085400000, 0x0000000085400000| Untracked 
|  84|0x0000000085400000, 0x0000000085500000, 0x0000000085500000|100%| O|  |TAMS 0x0000000085500000, 0x0000000085500000| Untracked 
|  85|0x0000000085500000, 0x0000000085600000, 0x0000000085600000|100%| O|  |TAMS 0x0000000085600000, 0x0000000085600000| Untracked 
|  86|0x0000000085600000, 0x0000000085700000, 0x0000000085700000|100%|HS|  |TAMS 0x0000000085700000, 0x0000000085700000| Complete 
|  87|0x0000000085700000, 0x0000000085800000, 0x0000000085800000|100%|HC|  |TAMS 0x0000000085800000, 0x0000000085800000| Complete 
|  88|0x0000000085800000, 0x0000000085900000, 0x0000000085900000|100%|HS|  |TAMS 0x0000000085900000, 0x0000000085900000| Complete 
|  89|0x0000000085900000, 0x0000000085a00000, 0x0000000085a00000|100%|HC|  |TAMS 0x0000000085a00000, 0x0000000085a00000| Complete 
|  90|0x0000000085a00000, 0x0000000085b00000, 0x0000000085b00000|100%|HS|  |TAMS 0x0000000085b00000, 0x0000000085b00000| Complete 
|  91|0x0000000085b00000, 0x0000000085c00000, 0x0000000085c00000|100%|HC|  |TAMS 0x0000000085c00000, 0x0000000085c00000| Complete 
|  92|0x0000000085c00000, 0x0000000085d00000, 0x0000000085d00000|100%|HC|  |TAMS 0x0000000085d00000, 0x0000000085d00000| Complete 
|  93|0x0000000085d00000, 0x0000000085e00000, 0x0000000085e00000|100%| O|  |TAMS 0x0000000085e00000, 0x0000000085e00000| Untracked 
|  94|0x0000000085e00000, 0x0000000085f00000, 0x0000000085f00000|100%|HS|  |TAMS 0x0000000085f00000, 0x0000000085f00000| Complete 
|  95|0x0000000085f00000, 0x0000000086000000, 0x0000000086000000|100%| O|  |TAMS 0x0000000086000000, 0x0000000086000000| Untracked 
|  96|0x0000000086000000, 0x0000000086100000, 0x0000000086100000|100%| O|  |TAMS 0x0000000086100000, 0x0000000086100000| Untracked 
|  97|0x0000000086100000, 0x0000000086200000, 0x0000000086200000|100%| O|  |TAMS 0x0000000086200000, 0x0000000086200000| Untracked 
|  98|0x0000000086200000, 0x0000000086300000, 0x0000000086300000|100%| O|  |TAMS 0x0000000086300000, 0x0000000086300000| Untracked 
|  99|0x0000000086300000, 0x0000000086400000, 0x0000000086400000|100%| O|  |TAMS 0x0000000086400000, 0x0000000086400000| Untracked 
| 100|0x0000000086400000, 0x0000000086500000, 0x0000000086500000|100%| O|  |TAMS 0x0000000086500000, 0x0000000086500000| Untracked 
| 101|0x0000000086500000, 0x0000000086600000, 0x0000000086600000|100%| O|  |TAMS 0x0000000086600000, 0x0000000086600000| Untracked 
| 102|0x0000000086600000, 0x0000000086700000, 0x0000000086700000|100%| O|  |TAMS 0x0000000086700000, 0x0000000086700000| Untracked 
| 103|0x0000000086700000, 0x0000000086800000, 0x0000000086800000|100%|HS|  |TAMS 0x0000000086800000, 0x0000000086800000| Complete 
| 104|0x0000000086800000, 0x0000000086900000, 0x0000000086900000|100%|HS|  |TAMS 0x0000000086900000, 0x0000000086900000| Complete 
| 105|0x0000000086900000, 0x0000000086a00000, 0x0000000086a00000|100%|HC|  |TAMS 0x0000000086a00000, 0x0000000086a00000| Complete 
| 106|0x0000000086a00000, 0x0000000086b00000, 0x0000000086b00000|100%| O|  |TAMS 0x0000000086b00000, 0x0000000086b00000| Untracked 
| 107|0x0000000086b00000, 0x0000000086c00000, 0x0000000086c00000|100%|HS|  |TAMS 0x0000000086c00000, 0x0000000086c00000| Complete 
| 108|0x0000000086c00000, 0x0000000086d00000, 0x0000000086d00000|100%| O|  |TAMS 0x0000000086d00000, 0x0000000086d00000| Untracked 
| 109|0x0000000086d00000, 0x0000000086e00000, 0x0000000086e00000|100%|HS|  |TAMS 0x0000000086d00000, 0x0000000086e00000| Complete 
| 110|0x0000000086e00000, 0x0000000086f00000, 0x0000000086f00000|100%|HS|  |TAMS 0x0000000086e00000, 0x0000000086f00000| Complete 
| 111|0x0000000086f00000, 0x0000000087000000, 0x0000000087000000|100%| O|  |TAMS 0x0000000087000000, 0x0000000087000000| Untracked 
| 112|0x0000000087000000, 0x0000000087100000, 0x0000000087100000|100%| O|  |TAMS 0x0000000087100000, 0x0000000087100000| Untracked 
| 113|0x0000000087100000, 0x0000000087200000, 0x0000000087200000|100%| O|  |TAMS 0x0000000087200000, 0x0000000087200000| Untracked 
| 114|0x0000000087200000, 0x0000000087300000, 0x0000000087300000|100%|HS|  |TAMS 0x0000000087300000, 0x0000000087300000| Complete 
| 115|0x0000000087300000, 0x0000000087400000, 0x0000000087400000|100%|HC|  |TAMS 0x0000000087400000, 0x0000000087400000| Complete 
| 116|0x0000000087400000, 0x0000000087500000, 0x0000000087500000|100%| O|  |TAMS 0x0000000087500000, 0x0000000087500000| Untracked 
| 117|0x0000000087500000, 0x0000000087600000, 0x0000000087600000|100%| O|  |TAMS 0x0000000087600000, 0x0000000087600000| Untracked 
| 118|0x0000000087600000, 0x0000000087700000, 0x0000000087700000|100%| O|  |TAMS 0x0000000087676200, 0x0000000087700000| Untracked 
| 119|0x0000000087700000, 0x0000000087800000, 0x0000000087800000|100%| O|  |TAMS 0x0000000087700000, 0x0000000087800000| Untracked 
| 120|0x0000000087800000, 0x0000000087900000, 0x0000000087900000|100%| O|  |TAMS 0x0000000087800000, 0x0000000087900000| Untracked 
| 121|0x0000000087900000, 0x0000000087a00000, 0x0000000087a00000|100%|HS|  |TAMS 0x0000000087a00000, 0x0000000087a00000| Complete 
| 122|0x0000000087a00000, 0x0000000087b00000, 0x0000000087b00000|100%|HC|  |TAMS 0x0000000087b00000, 0x0000000087b00000| Complete 
| 123|0x0000000087b00000, 0x0000000087c00000, 0x0000000087c00000|100%|HC|  |TAMS 0x0000000087c00000, 0x0000000087c00000| Complete 
| 124|0x0000000087c00000, 0x0000000087d00000, 0x0000000087d00000|100%| O|  |TAMS 0x0000000087d00000, 0x0000000087d00000| Untracked 
| 125|0x0000000087d00000, 0x0000000087e00000, 0x0000000087e00000|100%| O|  |TAMS 0x0000000087e00000, 0x0000000087e00000| Untracked 
| 126|0x0000000087e00000, 0x0000000087f00000, 0x0000000087f00000|100%| O|  |TAMS 0x0000000087f00000, 0x0000000087f00000| Untracked 
| 127|0x0000000087f00000, 0x0000000088000000, 0x0000000088000000|100%| O|  |TAMS 0x0000000088000000, 0x0000000088000000| Untracked 
| 128|0x0000000088000000, 0x0000000088100000, 0x0000000088100000|100%| O|  |TAMS 0x0000000088100000, 0x0000000088100000| Untracked 
| 129|0x0000000088100000, 0x0000000088200000, 0x0000000088200000|100%| O|  |TAMS 0x0000000088200000, 0x0000000088200000| Untracked 
| 130|0x0000000088200000, 0x0000000088300000, 0x0000000088300000|100%| O|  |TAMS 0x0000000088300000, 0x0000000088300000| Untracked 
| 131|0x0000000088300000, 0x0000000088400000, 0x0000000088400000|100%| O|  |TAMS 0x0000000088400000, 0x0000000088400000| Untracked 
| 132|0x0000000088400000, 0x0000000088500000, 0x0000000088500000|100%| O|  |TAMS 0x0000000088500000, 0x0000000088500000| Untracked 
| 133|0x0000000088500000, 0x0000000088600000, 0x0000000088600000|100%| O|  |TAMS 0x0000000088600000, 0x0000000088600000| Untracked 
| 134|0x0000000088600000, 0x0000000088700000, 0x0000000088700000|100%| O|  |TAMS 0x0000000088700000, 0x0000000088700000| Untracked 
| 135|0x0000000088700000, 0x0000000088800000, 0x0000000088800000|100%| O|  |TAMS 0x0000000088800000, 0x0000000088800000| Untracked 
| 136|0x0000000088800000, 0x0000000088900000, 0x0000000088900000|100%| O|  |TAMS 0x0000000088800000, 0x0000000088900000| Untracked 
| 137|0x0000000088900000, 0x0000000088a00000, 0x0000000088a00000|100%| O|  |TAMS 0x0000000088900000, 0x0000000088a00000| Untracked 
| 138|0x0000000088a00000, 0x0000000088b00000, 0x0000000088b00000|100%| O|  |TAMS 0x0000000088a00000, 0x0000000088b00000| Untracked 
| 139|0x0000000088b00000, 0x0000000088c00000, 0x0000000088c00000|100%| O|  |TAMS 0x0000000088b00000, 0x0000000088c00000| Untracked 
| 140|0x0000000088c00000, 0x0000000088d00000, 0x0000000088d00000|100%| O|  |TAMS 0x0000000088c00000, 0x0000000088d00000| Untracked 
| 141|0x0000000088d00000, 0x0000000088e00000, 0x0000000088e00000|100%| O|  |TAMS 0x0000000088d00000, 0x0000000088e00000| Untracked 
| 142|0x0000000088e00000, 0x0000000088f00000, 0x0000000088f00000|100%| O|  |TAMS 0x0000000088e00000, 0x0000000088f00000| Untracked 
| 143|0x0000000088f00000, 0x0000000089000000, 0x0000000089000000|100%| O|  |TAMS 0x0000000088f00000, 0x0000000089000000| Untracked 
| 144|0x0000000089000000, 0x0000000089100000, 0x0000000089100000|100%| O|  |TAMS 0x0000000089000000, 0x0000000089100000| Untracked 
| 145|0x0000000089100000, 0x0000000089200000, 0x0000000089200000|100%| O|  |TAMS 0x0000000089100000, 0x0000000089200000| Untracked 
| 146|0x0000000089200000, 0x0000000089300000, 0x0000000089300000|100%| O|  |TAMS 0x0000000089200000, 0x0000000089300000| Untracked 
| 147|0x0000000089300000, 0x0000000089400000, 0x0000000089400000|100%| O|  |TAMS 0x0000000089300000, 0x0000000089400000| Untracked 
| 148|0x0000000089400000, 0x0000000089500000, 0x0000000089500000|100%| O|  |TAMS 0x0000000089400000, 0x0000000089500000| Untracked 
| 149|0x0000000089500000, 0x0000000089600000, 0x0000000089600000|100%| O|  |TAMS 0x0000000089500000, 0x0000000089600000| Untracked 
| 150|0x0000000089600000, 0x0000000089700000, 0x0000000089700000|100%| O|  |TAMS 0x0000000089600000, 0x0000000089700000| Untracked 
| 151|0x0000000089700000, 0x0000000089800000, 0x0000000089800000|100%| O|  |TAMS 0x0000000089700000, 0x0000000089800000| Untracked 
| 152|0x0000000089800000, 0x0000000089900000, 0x0000000089900000|100%| O|  |TAMS 0x0000000089800000, 0x0000000089900000| Untracked 
| 153|0x0000000089900000, 0x0000000089a00000, 0x0000000089a00000|100%| O|  |TAMS 0x0000000089900000, 0x0000000089a00000| Untracked 
| 154|0x0000000089a00000, 0x0000000089b00000, 0x0000000089b00000|100%| O|  |TAMS 0x0000000089a00000, 0x0000000089b00000| Untracked 
| 155|0x0000000089b00000, 0x0000000089c00000, 0x0000000089c00000|100%| O|  |TAMS 0x0000000089b00000, 0x0000000089c00000| Untracked 
| 156|0x0000000089c00000, 0x0000000089d00000, 0x0000000089d00000|100%| O|  |TAMS 0x0000000089c00000, 0x0000000089d00000| Untracked 
| 157|0x0000000089d00000, 0x0000000089e00000, 0x0000000089e00000|100%| O|  |TAMS 0x0000000089d00000, 0x0000000089e00000| Untracked 
| 158|0x0000000089e00000, 0x0000000089f00000, 0x0000000089f00000|100%| O|  |TAMS 0x0000000089e00000, 0x0000000089f00000| Untracked 
| 159|0x0000000089f00000, 0x000000008a000000, 0x000000008a000000|100%| O|  |TAMS 0x0000000089f00000, 0x000000008a000000| Untracked 
| 160|0x000000008a000000, 0x000000008a100000, 0x000000008a100000|100%| O|  |TAMS 0x000000008a000000, 0x000000008a100000| Untracked 
| 161|0x000000008a100000, 0x000000008a200000, 0x000000008a200000|100%| O|  |TAMS 0x000000008a100000, 0x000000008a200000| Untracked 
| 162|0x000000008a200000, 0x000000008a300000, 0x000000008a300000|100%| O|  |TAMS 0x000000008a200000, 0x000000008a300000| Untracked 
| 163|0x000000008a300000, 0x000000008a400000, 0x000000008a400000|100%| O|  |TAMS 0x000000008a300000, 0x000000008a400000| Untracked 
| 164|0x000000008a400000, 0x000000008a500000, 0x000000008a500000|100%| O|  |TAMS 0x000000008a400000, 0x000000008a500000| Untracked 
| 165|0x000000008a500000, 0x000000008a600000, 0x000000008a600000|100%| O|  |TAMS 0x000000008a500000, 0x000000008a600000| Untracked 
| 166|0x000000008a600000, 0x000000008a700000, 0x000000008a700000|100%| O|  |TAMS 0x000000008a600000, 0x000000008a700000| Untracked 
| 167|0x000000008a700000, 0x000000008a800000, 0x000000008a800000|100%| O|  |TAMS 0x000000008a700000, 0x000000008a800000| Untracked 
| 168|0x000000008a800000, 0x000000008a900000, 0x000000008a900000|100%| O|  |TAMS 0x000000008a800000, 0x000000008a900000| Untracked 
| 169|0x000000008a900000, 0x000000008aa00000, 0x000000008aa00000|100%| O|  |TAMS 0x000000008a900000, 0x000000008aa00000| Untracked 
| 170|0x000000008aa00000, 0x000000008ab00000, 0x000000008ab00000|100%| O|  |TAMS 0x000000008aa00000, 0x000000008ab00000| Untracked 
| 171|0x000000008ab00000, 0x000000008ac00000, 0x000000008ac00000|100%| O|  |TAMS 0x000000008ab00000, 0x000000008ac00000| Untracked 
| 172|0x000000008ac00000, 0x000000008ad00000, 0x000000008ad00000|100%| O|  |TAMS 0x000000008ac00000, 0x000000008ad00000| Untracked 
| 173|0x000000008ad00000, 0x000000008ae00000, 0x000000008ae00000|100%| O|  |TAMS 0x000000008ad00000, 0x000000008ae00000| Untracked 
| 174|0x000000008ae00000, 0x000000008af00000, 0x000000008af00000|100%| O|  |TAMS 0x000000008ae00000, 0x000000008af00000| Untracked 
| 175|0x000000008af00000, 0x000000008b000000, 0x000000008b000000|100%| O|  |TAMS 0x000000008af00000, 0x000000008b000000| Untracked 
| 176|0x000000008b000000, 0x000000008b100000, 0x000000008b100000|100%| O|  |TAMS 0x000000008b000000, 0x000000008b100000| Untracked 
| 177|0x000000008b100000, 0x000000008b200000, 0x000000008b200000|100%| O|  |TAMS 0x000000008b100000, 0x000000008b200000| Untracked 
| 178|0x000000008b200000, 0x000000008b300000, 0x000000008b300000|100%| O|  |TAMS 0x000000008b200000, 0x000000008b300000| Untracked 
| 179|0x000000008b300000, 0x000000008b400000, 0x000000008b400000|100%| O|  |TAMS 0x000000008b300000, 0x000000008b400000| Untracked 
| 180|0x000000008b400000, 0x000000008b44be00, 0x000000008b500000| 29%| O|  |TAMS 0x000000008b400000, 0x000000008b44be00| Untracked 
| 181|0x000000008b500000, 0x000000008b500000, 0x000000008b600000|  0%| F|  |TAMS 0x000000008b500000, 0x000000008b500000| Untracked 
| 182|0x000000008b600000, 0x000000008b600000, 0x000000008b700000|  0%| F|  |TAMS 0x000000008b600000, 0x000000008b600000| Untracked 
| 183|0x000000008b700000, 0x000000008b700000, 0x000000008b800000|  0%| F|  |TAMS 0x000000008b700000, 0x000000008b700000| Untracked 
| 184|0x000000008b800000, 0x000000008b800000, 0x000000008b900000|  0%| F|  |TAMS 0x000000008b800000, 0x000000008b800000| Untracked 
| 185|0x000000008b900000, 0x000000008b900000, 0x000000008ba00000|  0%| F|  |TAMS 0x000000008b900000, 0x000000008b900000| Untracked 
| 186|0x000000008ba00000, 0x000000008ba00000, 0x000000008bb00000|  0%| F|  |TAMS 0x000000008ba00000, 0x000000008ba00000| Untracked 
| 187|0x000000008bb00000, 0x000000008bb00000, 0x000000008bc00000|  0%| F|  |TAMS 0x000000008bb00000, 0x000000008bb00000| Untracked 
| 188|0x000000008bc00000, 0x000000008bc00000, 0x000000008bd00000|  0%| F|  |TAMS 0x000000008bc00000, 0x000000008bc00000| Untracked 
| 189|0x000000008bd00000, 0x000000008bd00000, 0x000000008be00000|  0%| F|  |TAMS 0x000000008bd00000, 0x000000008bd00000| Untracked 
| 190|0x000000008be00000, 0x000000008be00000, 0x000000008bf00000|  0%| F|  |TAMS 0x000000008be00000, 0x000000008be00000| Untracked 
| 191|0x000000008bf00000, 0x000000008bf00000, 0x000000008c000000|  0%| F|  |TAMS 0x000000008bf00000, 0x000000008bf00000| Untracked 
| 192|0x000000008c000000, 0x000000008c000000, 0x000000008c100000|  0%| F|  |TAMS 0x000000008c000000, 0x000000008c000000| Untracked 
| 193|0x000000008c100000, 0x000000008c100000, 0x000000008c200000|  0%| F|  |TAMS 0x000000008c100000, 0x000000008c100000| Untracked 
| 194|0x000000008c200000, 0x000000008c200000, 0x000000008c300000|  0%| F|  |TAMS 0x000000008c200000, 0x000000008c200000| Untracked 
| 195|0x000000008c300000, 0x000000008c300000, 0x000000008c400000|  0%| F|  |TAMS 0x000000008c300000, 0x000000008c300000| Untracked 
| 196|0x000000008c400000, 0x000000008c400000, 0x000000008c500000|  0%| F|  |TAMS 0x000000008c400000, 0x000000008c400000| Untracked 
| 197|0x000000008c500000, 0x000000008c500000, 0x000000008c600000|  0%| F|  |TAMS 0x000000008c500000, 0x000000008c500000| Untracked 
| 198|0x000000008c600000, 0x000000008c600000, 0x000000008c700000|  0%| F|  |TAMS 0x000000008c600000, 0x000000008c600000| Untracked 
| 199|0x000000008c700000, 0x000000008c700000, 0x000000008c800000|  0%| F|  |TAMS 0x000000008c700000, 0x000000008c700000| Untracked 
| 200|0x000000008c800000, 0x000000008c800000, 0x000000008c900000|  0%| F|  |TAMS 0x000000008c800000, 0x000000008c800000| Untracked 
| 201|0x000000008c900000, 0x000000008c900000, 0x000000008ca00000|  0%| F|  |TAMS 0x000000008c900000, 0x000000008c900000| Untracked 
| 202|0x000000008ca00000, 0x000000008ca00000, 0x000000008cb00000|  0%| F|  |TAMS 0x000000008ca00000, 0x000000008ca00000| Untracked 
| 203|0x000000008cb00000, 0x000000008cb00000, 0x000000008cc00000|  0%| F|  |TAMS 0x000000008cb00000, 0x000000008cb00000| Untracked 
| 204|0x000000008cc00000, 0x000000008cc00000, 0x000000008cd00000|  0%| F|  |TAMS 0x000000008cc00000, 0x000000008cc00000| Untracked 
| 205|0x000000008cd00000, 0x000000008cd00000, 0x000000008ce00000|  0%| F|  |TAMS 0x000000008cd00000, 0x000000008cd00000| Untracked 
| 206|0x000000008ce00000, 0x000000008ce00000, 0x000000008cf00000|  0%| F|  |TAMS 0x000000008ce00000, 0x000000008ce00000| Untracked 
| 207|0x000000008cf00000, 0x000000008cf00000, 0x000000008d000000|  0%| F|  |TAMS 0x000000008cf00000, 0x000000008cf00000| Untracked 
| 208|0x000000008d000000, 0x000000008d000000, 0x000000008d100000|  0%| F|  |TAMS 0x000000008d000000, 0x000000008d000000| Untracked 
| 209|0x000000008d100000, 0x000000008d100000, 0x000000008d200000|  0%| F|  |TAMS 0x000000008d100000, 0x000000008d100000| Untracked 
| 210|0x000000008d200000, 0x000000008d200000, 0x000000008d300000|  0%| F|  |TAMS 0x000000008d200000, 0x000000008d200000| Untracked 
| 211|0x000000008d300000, 0x000000008d300000, 0x000000008d400000|  0%| F|  |TAMS 0x000000008d300000, 0x000000008d300000| Untracked 
| 212|0x000000008d400000, 0x000000008d400000, 0x000000008d500000|  0%| F|  |TAMS 0x000000008d400000, 0x000000008d400000| Untracked 
| 213|0x000000008d500000, 0x000000008d500000, 0x000000008d600000|  0%| F|  |TAMS 0x000000008d500000, 0x000000008d500000| Untracked 
| 214|0x000000008d600000, 0x000000008d600000, 0x000000008d700000|  0%| F|  |TAMS 0x000000008d600000, 0x000000008d600000| Untracked 
| 215|0x000000008d700000, 0x000000008d800000, 0x000000008d800000|100%| S|CS|TAMS 0x000000008d700000, 0x000000008d700000| Complete 
| 216|0x000000008d800000, 0x000000008d900000, 0x000000008d900000|100%| S|CS|TAMS 0x000000008d800000, 0x000000008d800000| Complete 
| 217|0x000000008d900000, 0x000000008da00000, 0x000000008da00000|100%| S|CS|TAMS 0x000000008d900000, 0x000000008d900000| Complete 
| 218|0x000000008da00000, 0x000000008db00000, 0x000000008db00000|100%| S|CS|TAMS 0x000000008da00000, 0x000000008da00000| Complete 
| 219|0x000000008db00000, 0x000000008dc00000, 0x000000008dc00000|100%| S|CS|TAMS 0x000000008db00000, 0x000000008db00000| Complete 
| 220|0x000000008dc00000, 0x000000008dc00000, 0x000000008dd00000|  0%| F|  |TAMS 0x000000008dc00000, 0x000000008dc00000| Untracked 
| 221|0x000000008dd00000, 0x000000008dd00000, 0x000000008de00000|  0%| F|  |TAMS 0x000000008dd00000, 0x000000008dd00000| Untracked 
| 222|0x000000008de00000, 0x000000008de00000, 0x000000008df00000|  0%| F|  |TAMS 0x000000008de00000, 0x000000008de00000| Untracked 
| 223|0x000000008df00000, 0x000000008df00000, 0x000000008e000000|  0%| F|  |TAMS 0x000000008df00000, 0x000000008df00000| Untracked 
| 224|0x000000008e000000, 0x000000008e000000, 0x000000008e100000|  0%| F|  |TAMS 0x000000008e000000, 0x000000008e000000| Untracked 
| 225|0x000000008e100000, 0x000000008e100000, 0x000000008e200000|  0%| F|  |TAMS 0x000000008e100000, 0x000000008e100000| Untracked 
| 226|0x000000008e200000, 0x000000008e200000, 0x000000008e300000|  0%| F|  |TAMS 0x000000008e200000, 0x000000008e200000| Untracked 
| 227|0x000000008e300000, 0x000000008e300000, 0x000000008e400000|  0%| F|  |TAMS 0x000000008e300000, 0x000000008e300000| Untracked 
| 228|0x000000008e400000, 0x000000008e400000, 0x000000008e500000|  0%| F|  |TAMS 0x000000008e400000, 0x000000008e400000| Untracked 
| 229|0x000000008e500000, 0x000000008e500000, 0x000000008e600000|  0%| F|  |TAMS 0x000000008e500000, 0x000000008e500000| Untracked 
| 230|0x000000008e600000, 0x000000008e600000, 0x000000008e700000|  0%| F|  |TAMS 0x000000008e600000, 0x000000008e600000| Untracked 
| 231|0x000000008e700000, 0x000000008e700000, 0x000000008e800000|  0%| F|  |TAMS 0x000000008e700000, 0x000000008e700000| Untracked 
| 232|0x000000008e800000, 0x000000008e800000, 0x000000008e900000|  0%| F|  |TAMS 0x000000008e800000, 0x000000008e800000| Untracked 
| 233|0x000000008e900000, 0x000000008e900000, 0x000000008ea00000|  0%| F|  |TAMS 0x000000008e900000, 0x000000008e900000| Untracked 
| 234|0x000000008ea00000, 0x000000008ea00000, 0x000000008eb00000|  0%| F|  |TAMS 0x000000008ea00000, 0x000000008ea00000| Untracked 
| 235|0x000000008eb00000, 0x000000008eb00000, 0x000000008ec00000|  0%| F|  |TAMS 0x000000008eb00000, 0x000000008eb00000| Untracked 
| 236|0x000000008ec00000, 0x000000008ec00000, 0x000000008ed00000|  0%| F|  |TAMS 0x000000008ec00000, 0x000000008ec00000| Untracked 
| 237|0x000000008ed00000, 0x000000008ed00000, 0x000000008ee00000|  0%| F|  |TAMS 0x000000008ed00000, 0x000000008ed00000| Untracked 
| 238|0x000000008ee00000, 0x000000008ee00000, 0x000000008ef00000|  0%| F|  |TAMS 0x000000008ee00000, 0x000000008ee00000| Untracked 
| 239|0x000000008ef00000, 0x000000008ef00000, 0x000000008f000000|  0%| F|  |TAMS 0x000000008ef00000, 0x000000008ef00000| Untracked 
| 240|0x000000008f000000, 0x000000008f000000, 0x000000008f100000|  0%| F|  |TAMS 0x000000008f000000, 0x000000008f000000| Untracked 
| 241|0x000000008f100000, 0x000000008f100000, 0x000000008f200000|  0%| F|  |TAMS 0x000000008f100000, 0x000000008f100000| Untracked 
| 242|0x000000008f200000, 0x000000008f200000, 0x000000008f300000|  0%| F|  |TAMS 0x000000008f200000, 0x000000008f200000| Untracked 
| 243|0x000000008f300000, 0x000000008f300000, 0x000000008f400000|  0%| F|  |TAMS 0x000000008f300000, 0x000000008f300000| Untracked 
| 244|0x000000008f400000, 0x000000008f400000, 0x000000008f500000|  0%| F|  |TAMS 0x000000008f400000, 0x000000008f400000| Untracked 
| 245|0x000000008f500000, 0x000000008f500000, 0x000000008f600000|  0%| F|  |TAMS 0x000000008f500000, 0x000000008f500000| Untracked 
| 246|0x000000008f600000, 0x000000008f600000, 0x000000008f700000|  0%| F|  |TAMS 0x000000008f600000, 0x000000008f600000| Untracked 
| 247|0x000000008f700000, 0x000000008f700000, 0x000000008f800000|  0%| F|  |TAMS 0x000000008f700000, 0x000000008f700000| Untracked 
| 248|0x000000008f800000, 0x000000008f800000, 0x000000008f900000|  0%| F|  |TAMS 0x000000008f800000, 0x000000008f800000| Untracked 
| 249|0x000000008f900000, 0x000000008f900000, 0x000000008fa00000|  0%| F|  |TAMS 0x000000008f900000, 0x000000008f900000| Untracked 
| 250|0x000000008fa00000, 0x000000008fa00000, 0x000000008fb00000|  0%| F|  |TAMS 0x000000008fa00000, 0x000000008fa00000| Untracked 
| 251|0x000000008fb00000, 0x000000008fb00000, 0x000000008fc00000|  0%| F|  |TAMS 0x000000008fb00000, 0x000000008fb00000| Untracked 
| 252|0x000000008fc00000, 0x000000008fc00000, 0x000000008fd00000|  0%| F|  |TAMS 0x000000008fc00000, 0x000000008fc00000| Untracked 
| 253|0x000000008fd00000, 0x000000008fd00000, 0x000000008fe00000|  0%| F|  |TAMS 0x000000008fd00000, 0x000000008fd00000| Untracked 
| 254|0x000000008fe00000, 0x000000008fe00000, 0x000000008ff00000|  0%| F|  |TAMS 0x000000008fe00000, 0x000000008fe00000| Untracked 
| 255|0x000000008ff00000, 0x000000008ff00000, 0x0000000090000000|  0%| F|  |TAMS 0x000000008ff00000, 0x000000008ff00000| Untracked 

Card table byte_map: [0x0000021139f90000,0x000002113a390000] _byte_map_base: 0x0000021139b90000

Marking Bits (Prev, Next): (CMBitMap*) 0x0000021126d8a8c0, (CMBitMap*) 0x0000021126d8a888
 Prev Bits: [0x000002113c790000, 0x000002113e790000)
 Next Bits: [0x000002113a790000, 0x000002113c790000)

Polling page: 0x0000021124b90000

Metaspace:

Usage:
  Non-class:     94.35 MB capacity,    92.51 MB ( 98%) used,     1.49 MB (  2%) free+waste,   356.13 KB ( <1%) overhead. 
      Class:     14.70 MB capacity,    13.61 MB ( 93%) used,   960.84 KB (  6%) free+waste,   162.13 KB (  1%) overhead. 
       Both:    109.05 MB capacity,   106.12 MB ( 97%) used,     2.43 MB (  2%) free+waste,   518.25 KB ( <1%) overhead. 

Virtual space:
  Non-class space:       96.00 MB reserved,      94.42 MB ( 98%) committed 
      Class space:        1.00 GB reserved,      14.73 MB (  1%) committed 
             Both:        1.09 GB reserved,     109.15 MB ( 10%) committed 

Chunk freelists:
   Non-Class:  12.00 KB
       Class:  0 bytes
        Both:  12.00 KB

MaxMetaspaceSize: 17179869184.00 GB
CompressedClassSpaceSize: 1.00 GB
Initial GC threshold: 20.80 MB
Current GC threshold: 177.75 MB
CDS: off

CodeHeap 'non-profiled nmethods': size=120000Kb used=9471Kb max_used=9471Kb free=110528Kb
 bounds [0x0000021132330000, 0x0000021132c70000, 0x0000021139860000]
CodeHeap 'profiled nmethods': size=120000Kb used=32461Kb max_used=32461Kb free=87538Kb
 bounds [0x000002112ae00000, 0x000002112cdc0000, 0x0000021132330000]
CodeHeap 'non-nmethods': size=5760Kb used=2439Kb max_used=2485Kb free=3320Kb
 bounds [0x000002112a860000, 0x000002112aae0000, 0x000002112ae00000]
 total_blobs=16407 nmethods=15435 adapters=883
 compilation: enabled
              stopped_count=0, restarted_count=0
 full_count=0

Compilation events (20 events):
Event: 11.325 Thread 0x0000021141ae0000 15646       2       com.android.tools.r8.internal.ML::<init> (12 bytes)
Event: 11.325 Thread 0x0000021141ae0000 nmethod 15646 0x000002112cdb1010 code [0x000002112cdb11c0, 0x000002112cdb1328]
Event: 11.325 Thread 0x0000021141ae0000 15647       2       com.android.tools.r8.internal.f1::iterator (5 bytes)
Event: 11.325 Thread 0x0000021141ae0000 nmethod 15647 0x000002112cdb1410 code [0x000002112cdb15c0, 0x000002112cdb17a8]
Event: 11.325 Thread 0x0000021141ae0000 15648       2       com.android.tools.r8.internal.QL::iterator (12 bytes)
Event: 11.325 Thread 0x0000021141ae0000 nmethod 15648 0x000002112cdb1890 code [0x000002112cdb1a40, 0x000002112cdb1c28]
Event: 11.325 Thread 0x0000021141ae0000 15649       2       com.android.tools.r8.dex.code.s2::<init> (7 bytes)
Event: 11.325 Thread 0x0000021141ae0000 nmethod 15649 0x000002112cdb1d10 code [0x000002112cdb1ec0, 0x000002112cdb2018]
Event: 11.325 Thread 0x0000021141ae0000 15650       2       com.android.tools.r8.graph.A::d (73 bytes)
Event: 11.326 Thread 0x0000021141ae0000 nmethod 15650 0x000002112cdb2110 code [0x000002112cdb2340, 0x000002112cdb2858]
Event: 11.327 Thread 0x0000021141ae0000 15651       2       com.android.tools.r8.dex.code.q::<init> (7 bytes)
Event: 11.327 Thread 0x0000021141ae0000 nmethod 15651 0x000002112cdb2c10 code [0x000002112cdb2de0, 0x000002112cdb3018]
Event: 11.328 Thread 0x0000021141ae0000 15653       1       com.android.tools.r8.graph.d0::p0 (2 bytes)
Event: 11.328 Thread 0x0000021141ae0000 nmethod 15653 0x0000021132c6d710 code [0x0000021132c6d8c0, 0x0000021132c6d978]
Event: 11.328 Thread 0x0000021141ae0000 15654       1       com.android.tools.r8.graph.d0::v0 (5 bytes)
Event: 11.329 Thread 0x0000021141ae0000 nmethod 15654 0x0000021132c6da10 code [0x0000021132c6dbc0, 0x0000021132c6dc78]
Event: 11.342 Thread 0x000002114ebe2000 nmethod 15644% 0x0000021132c6dd10 code [0x0000021132c6df60, 0x0000021132c6f198]
Event: 11.342 Thread 0x000002114ebe2000 15652       4       com.android.tools.r8.internal.rj::d (61 bytes)
Event: 11.344 Thread 0x0000021141ae0000 15659       2       com.android.tools.r8.dex.code.W0::<init> (12 bytes)
Event: 11.344 Thread 0x0000021141ae0000 nmethod 15659 0x000002112cdb3210 code [0x000002112cdb33c0, 0x000002112cdb3518]

GC Heap History (20 events):
Event: 9.157 GC heap after
{Heap after GC invocations=16 (full 0):
 garbage-first heap   total 262144K, used 109568K [0x0000000080000000, 0x0000000100000000)
  region size 1024K, 6 young (6144K), 6 survivors (6144K)
 Metaspace       used 94312K, capacity 97112K, committed 97328K, reserved 1134592K
  class space    used 12043K, capacity 13097K, committed 13184K, reserved 1048576K
}
Event: 9.564 GC heap before
{Heap before GC invocations=16 (full 0):
 garbage-first heap   total 262144K, used 201728K [0x0000000080000000, 0x0000000100000000)
  region size 1024K, 97 young (99328K), 6 survivors (6144K)
 Metaspace       used 96921K, capacity 99577K, committed 99632K, reserved 1136640K
  class space    used 12344K, capacity 13399K, committed 13440K, reserved 1048576K
}
Event: 9.568 GC heap after
{Heap after GC invocations=17 (full 0):
 garbage-first heap   total 262144K, used 110768K [0x0000000080000000, 0x0000000100000000)
  region size 1024K, 8 young (8192K), 8 survivors (8192K)
 Metaspace       used 96921K, capacity 99577K, committed 99632K, reserved 1136640K
  class space    used 12344K, capacity 13399K, committed 13440K, reserved 1048576K
}
Event: 9.591 GC heap before
{Heap before GC invocations=17 (full 0):
 garbage-first heap   total 262144K, used 113840K [0x0000000080000000, 0x0000000100000000)
  region size 1024K, 12 young (12288K), 8 survivors (8192K)
 Metaspace       used 97208K, capacity 99865K, committed 99888K, reserved 1136640K
  class space    used 12380K, capacity 13431K, committed 13440K, reserved 1048576K
}
Event: 9.594 GC heap after
{Heap after GC invocations=18 (full 0):
 garbage-first heap   total 262144K, used 110554K [0x0000000080000000, 0x0000000100000000)
  region size 1024K, 7 young (7168K), 7 survivors (7168K)
 Metaspace       used 97208K, capacity 99865K, committed 99888K, reserved 1136640K
  class space    used 12380K, capacity 13431K, committed 13440K, reserved 1048576K
}
Event: 10.222 GC heap before
{Heap before GC invocations=19 (full 0):
 garbage-first heap   total 262144K, used 192474K [0x0000000080000000, 0x0000000100000000)
  region size 1024K, 103 young (105472K), 7 survivors (7168K)
 Metaspace       used 100683K, capacity 103280K, committed 103708K, reserved 1138688K
  class space    used 12718K, capacity 13742K, committed 13932K, reserved 1048576K
}
Event: 10.239 GC heap after
{Heap after GC invocations=20 (full 0):
 garbage-first heap   total 262144K, used 97929K [0x0000000080000000, 0x0000000100000000)
  region size 1024K, 10 young (10240K), 10 survivors (10240K)
 Metaspace       used 100683K, capacity 103280K, committed 103708K, reserved 1138688K
  class space    used 12718K, capacity 13742K, committed 13932K, reserved 1048576K
}
Event: 10.243 GC heap before
{Heap before GC invocations=20 (full 0):
 garbage-first heap   total 262144K, used 98953K [0x0000000080000000, 0x0000000100000000)
  region size 1024K, 12 young (12288K), 10 survivors (10240K)
 Metaspace       used 100695K, capacity 103344K, committed 103708K, reserved 1138688K
  class space    used 12718K, capacity 13742K, committed 13932K, reserved 1048576K
}
Event: 10.248 GC heap after
{Heap after GC invocations=21 (full 0):
 garbage-first heap   total 262144K, used 95570K [0x0000000080000000, 0x0000000100000000)
  region size 1024K, 2 young (2048K), 2 survivors (2048K)
 Metaspace       used 100695K, capacity 103344K, committed 103708K, reserved 1138688K
  class space    used 12718K, capacity 13742K, committed 13932K, reserved 1048576K
}
Event: 10.577 GC heap before
{Heap before GC invocations=21 (full 0):
 garbage-first heap   total 262144K, used 217426K [0x0000000080000000, 0x0000000100000000)
  region size 1024K, 107 young (109568K), 2 survivors (2048K)
 Metaspace       used 104609K, capacity 107420K, committed 107548K, reserved 1142784K
  class space    used 13247K, capacity 14325K, committed 14444K, reserved 1048576K
}
Event: 10.585 GC heap after
{Heap after GC invocations=22 (full 0):
 garbage-first heap   total 262144K, used 118982K [0x0000000080000000, 0x0000000100000000)
  region size 1024K, 13 young (13312K), 13 survivors (13312K)
 Metaspace       used 104609K, capacity 107420K, committed 107548K, reserved 1142784K
  class space    used 13247K, capacity 14325K, committed 14444K, reserved 1048576K
}
Event: 10.713 GC heap before
{Heap before GC invocations=23 (full 0):
 garbage-first heap   total 262144K, used 189638K [0x0000000080000000, 0x0000000100000000)
  region size 1024K, 64 young (65536K), 13 survivors (13312K)
 Metaspace       used 105236K, capacity 108009K, committed 108188K, reserved 1142784K
  class space    used 13346K, capacity 14437K, committed 14572K, reserved 1048576K
}
Event: 10.735 GC heap after
{Heap after GC invocations=24 (full 0):
 garbage-first heap   total 262144K, used 135898K [0x0000000080000000, 0x0000000100000000)
  region size 1024K, 10 young (10240K), 10 survivors (10240K)
 Metaspace       used 105236K, capacity 108009K, committed 108188K, reserved 1142784K
  class space    used 13346K, capacity 14437K, committed 14572K, reserved 1048576K
}
Event: 10.878 GC heap before
{Heap before GC invocations=25 (full 0):
 garbage-first heap   total 262144K, used 163546K [0x0000000080000000, 0x0000000100000000)
  region size 1024K, 36 young (36864K), 10 survivors (10240K)
 Metaspace       used 105435K, capacity 108292K, committed 108444K, reserved 1142784K
  class space    used 13352K, capacity 14444K, committed 14572K, reserved 1048576K
}
Event: 10.888 GC heap after
{Heap after GC invocations=26 (full 0):
 garbage-first heap   total 262144K, used 144366K [0x0000000080000000, 0x0000000100000000)
  region size 1024K, 10 young (10240K), 10 survivors (10240K)
 Metaspace       used 105435K, capacity 108292K, committed 108444K, reserved 1142784K
  class space    used 13352K, capacity 14444K, committed 14572K, reserved 1048576K
}
Event: 11.225 GC heap before
{Heap before GC invocations=27 (full 0):
 garbage-first heap   total 262144K, used 213998K [0x0000000080000000, 0x0000000100000000)
  region size 1024K, 76 young (77824K), 10 survivors (10240K)
 Metaspace       used 108561K, capacity 111589K, committed 111772K, reserved 1146880K
  class space    used 13923K, capacity 15052K, committed 15084K, reserved 1048576K
}
Event: 11.247 GC heap after
{Heap after GC invocations=28 (full 0):
 garbage-first heap   total 262144K, used 171764K [0x0000000080000000, 0x0000000100000000)
  region size 1024K, 10 young (10240K), 10 survivors (10240K)
 Metaspace       used 108561K, capacity 111589K, committed 111772K, reserved 1146880K
  class space    used 13923K, capacity 15052K, committed 15084K, reserved 1048576K
}
Event: 11.259 GC heap before
{Heap before GC invocations=28 (full 0):
 garbage-first heap   total 262144K, used 173812K [0x0000000080000000, 0x0000000100000000)
  region size 1024K, 12 young (12288K), 10 survivors (10240K)
 Metaspace       used 108568K, capacity 111590K, committed 111772K, reserved 1146880K
  class space    used 13923K, capacity 15052K, committed 15084K, reserved 1048576K
}
Event: 11.270 GC heap after
{Heap after GC invocations=29 (full 0):
 garbage-first heap   total 262144K, used 173903K [0x0000000080000000, 0x0000000100000000)
  region size 1024K, 2 young (2048K), 2 survivors (2048K)
 Metaspace       used 108568K, capacity 111590K, committed 111772K, reserved 1146880K
  class space    used 13923K, capacity 15052K, committed 15084K, reserved 1048576K
}
Event: 11.346 GC heap before
{Heap before GC invocations=29 (full 0):
 garbage-first heap   total 262144K, used 207695K [0x0000000080000000, 0x0000000100000000)
  region size 1024K, 36 young (36864K), 2 survivors (2048K)
 Metaspace       used 108664K, capacity 111669K, committed 111772K, reserved 1146880K
  class space    used 13934K, capacity 15057K, committed 15084K, reserved 1048576K
}

Deoptimization events (20 events):
Event: 11.296 Thread 0x0000021148e2c000 DEOPT PACKING pc=0x000002112ccac24f sp=0x00000031275fe500
Event: 11.296 Thread 0x0000021148e2c000 DEOPT UNPACKING pc=0x000002112a8aa95e sp=0x00000031275fe0f0 mode 0
Event: 11.302 Thread 0x0000021148e26800 DEOPT PACKING pc=0x000002112ccac24f sp=0x0000003126ffe030
Event: 11.302 Thread 0x0000021148e26800 DEOPT UNPACKING pc=0x000002112a8aa95e sp=0x0000003126ffdc20 mode 0
Event: 11.309 Thread 0x0000021148e2b800 DEOPT PACKING pc=0x000002112ccac24f sp=0x00000031274fe380
Event: 11.309 Thread 0x0000021148e2b800 DEOPT UNPACKING pc=0x000002112a8aa95e sp=0x00000031274fdf70 mode 0
Event: 11.315 Thread 0x0000021148e2a000 DEOPT PACKING pc=0x000002112ccac24f sp=0x00000031273fe400
Event: 11.315 Thread 0x0000021148e2a000 DEOPT UNPACKING pc=0x000002112a8aa95e sp=0x00000031273fdff0 mode 0
Event: 11.321 Thread 0x0000021148e2a800 DEOPT PACKING pc=0x000002112ccac24f sp=0x00000031276fdfd0
Event: 11.321 Thread 0x0000021148e2a800 DEOPT UNPACKING pc=0x000002112a8aa95e sp=0x00000031276fdbc0 mode 0
Event: 11.327 Thread 0x0000021148e2b800 DEOPT PACKING pc=0x000002112ccac24f sp=0x00000031274fe380
Event: 11.327 Thread 0x0000021148e2b800 DEOPT UNPACKING pc=0x000002112a8aa95e sp=0x00000031274fdf70 mode 0
Event: 11.332 Thread 0x0000021148e2b800 DEOPT PACKING pc=0x000002112ccac24f sp=0x00000031274fe380
Event: 11.332 Thread 0x0000021148e2b800 DEOPT UNPACKING pc=0x000002112a8aa95e sp=0x00000031274fdf70 mode 0
Event: 11.333 Thread 0x0000021148e2a000 DEOPT PACKING pc=0x000002112ccac24f sp=0x00000031273fe420
Event: 11.333 Thread 0x0000021148e2a000 DEOPT UNPACKING pc=0x000002112a8aa95e sp=0x00000031273fe010 mode 0
Event: 11.338 Thread 0x0000021148e2c000 DEOPT PACKING pc=0x000002112ccac24f sp=0x00000031275fe520
Event: 11.338 Thread 0x0000021148e2c000 DEOPT UNPACKING pc=0x000002112a8aa95e sp=0x00000031275fe110 mode 0
Event: 11.344 Thread 0x0000021148e2a000 DEOPT PACKING pc=0x000002112ccac24f sp=0x00000031273fe420
Event: 11.344 Thread 0x0000021148e2a000 DEOPT UNPACKING pc=0x000002112a8aa95e sp=0x00000031273fe010 mode 0

Classes redefined (0 events):
No events

Internal exceptions (20 events):
Event: 10.604 Thread 0x0000021147abe800 Exception <a 'java/lang/NoSuchMethodError'{0x000000008fa622a8}: 'java.lang.Object java.lang.invoke.DirectMethodHandle$Holder.invokeStaticInit(java.lang.Object, java.lang.Object, java.lang.Object, java.lang.Object, java.lang.Object, java.lang.Object, java.lang.Object, java.lang.Object, java.lang.Object, java.lang.Object, java.lang.Object, java.lang.Object, java.lang.Object, java.lang.Object, java.lang.Object, java.lang.Object, java.lang.Object, java.lang.Object, java.lang.Object, int, java.lang.Object, java
Event: 10.909 Thread 0x0000021147ac1000 Exception <a 'sun/nio/fs/WindowsException'{0x000000008ffcedb0}> (0x000000008ffcedb0) thrown at [src/hotspot/share/prims/jni.cpp, line 617]
Event: 10.909 Thread 0x0000021147ac1000 Exception <a 'sun/nio/fs/WindowsException'{0x000000008ffcfc80}> (0x000000008ffcfc80) thrown at [src/hotspot/share/prims/jni.cpp, line 617]
Event: 10.909 Thread 0x0000021147ac1000 Exception <a 'sun/nio/fs/WindowsException'{0x000000008ffd0058}> (0x000000008ffd0058) thrown at [src/hotspot/share/prims/jni.cpp, line 617]
Event: 10.909 Thread 0x0000021147ac1000 Exception <a 'sun/nio/fs/WindowsException'{0x000000008ffd0f20}> (0x000000008ffd0f20) thrown at [src/hotspot/share/prims/jni.cpp, line 617]
Event: 10.909 Thread 0x0000021147ac1000 Exception <a 'sun/nio/fs/WindowsException'{0x000000008ffd1228}> (0x000000008ffd1228) thrown at [src/hotspot/share/prims/jni.cpp, line 617]
Event: 10.909 Thread 0x0000021147ac1000 Exception <a 'sun/nio/fs/WindowsException'{0x000000008ffd20c0}> (0x000000008ffd20c0) thrown at [src/hotspot/share/prims/jni.cpp, line 617]
Event: 10.917 Thread 0x0000021147ac1000 Exception <a 'java/lang/NoSuchMethodError'{0x000000008f466380}: <clinit>> (0x000000008f466380) thrown at [src/hotspot/share/prims/jni.cpp, line 1367]
Event: 10.923 Thread 0x0000021147ac1000 Exception <a 'java/lang/NoSuchMethodError'{0x000000008f4fab48}: <clinit>> (0x000000008f4fab48) thrown at [src/hotspot/share/prims/jni.cpp, line 1367]
Event: 10.923 Thread 0x0000021147ac1000 Exception <a 'java/lang/NoSuchMethodError'{0x000000008f3cfb20}: <clinit>> (0x000000008f3cfb20) thrown at [src/hotspot/share/prims/jni.cpp, line 1367]
Event: 10.948 Thread 0x0000021148e2c000 Exception <a 'java/lang/IncompatibleClassChangeError'{0x000000008f0a6ed8}: Found class java.lang.Object, but interface was expected> (0x000000008f0a6ed8) thrown at [src/hotspot/share/interpreter/linkResolver.cpp, line 839]
Event: 10.948 Thread 0x0000021148e28000 Exception <a 'java/lang/IncompatibleClassChangeError'{0x000000008f06c1b0}: Found class java.lang.Object, but interface was expected> (0x000000008f06c1b0) thrown at [src/hotspot/share/interpreter/linkResolver.cpp, line 839]
Event: 10.990 Thread 0x0000021148e2a000 Exception <a 'java/lang/IncompatibleClassChangeError'{0x000000008eeea660}: Found class java.lang.Object, but interface was expected> (0x000000008eeea660) thrown at [src/hotspot/share/interpreter/linkResolver.cpp, line 839]
Event: 10.991 Thread 0x0000021148e2c000 Exception <a 'java/lang/NoSuchMethodError'{0x000000008eed1e48}: 'long java.lang.invoke.DirectMethodHandle$Holder.invokeStatic(java.lang.Object, java.lang.Object, java.lang.Object)'> (0x000000008eed1e48) thrown at [src/hotspot/share/interpreter/linkResolver.cpp, line 773]
Event: 10.992 Thread 0x0000021148e2a000 Exception <a 'java/lang/IncompatibleClassChangeError'{0x000000008ed994b0}: Found class java.lang.Object, but interface was expected> (0x000000008ed994b0) thrown at [src/hotspot/share/interpreter/linkResolver.cpp, line 839]
Event: 11.044 Thread 0x0000021147ac5000 Exception <a 'java/lang/NoSuchMethodError'{0x000000008eceb680}: 'void java.lang.invoke.DirectMethodHandle$Holder.invokeStatic(java.lang.Object, long)'> (0x000000008eceb680) thrown at [src/hotspot/share/interpreter/linkResolver.cpp, line 773]
Event: 11.045 Thread 0x0000021147ac5000 Exception <a 'java/lang/NoSuchMethodError'{0x000000008e8034c0}: 'java.lang.Object java.lang.invoke.DirectMethodHandle$Holder.invokeStatic(java.lang.Object, long)'> (0x000000008e8034c0) thrown at [src/hotspot/share/interpreter/linkResolver.cpp, line 773]
Event: 11.045 Thread 0x0000021147ac5000 Exception <a 'java/lang/NoSuchMethodError'{0x000000008e820b20}: 'java.lang.Object java.lang.invoke.DirectMethodHandle$Holder.invokeSpecial(java.lang.Object, java.lang.Object, long)'> (0x000000008e820b20) thrown at [src/hotspot/share/interpreter/linkResolver.cpp, line 773]
Event: 11.048 Thread 0x0000021147ac5000 Exception <a 'java/lang/NoSuchMethodError'{0x000000008e8b3bb0}: 'java.lang.Object java.lang.invoke.DirectMethodHandle$Holder.invokeStaticInit(java.lang.Object, java.lang.Object, long, java.lang.Object)'> (0x000000008e8b3bb0) thrown at [src/hotspot/share/interpreter/linkResolver.cpp, line 773]
Event: 11.311 Thread 0x0000021147ac5000 Exception <a 'java/lang/NoSuchMethodError'{0x000000008ea1dd18}: 'int java.lang.invoke.DirectMethodHandle$Holder.invokeSpecialIFC(java.lang.Object, java.lang.Object, java.lang.Object)'> (0x000000008ea1dd18) thrown at [src/hotspot/share/interpreter/linkResolver.cpp, line 773]

Events (20 events):
Event: 11.272 loading class com/android/builder/internal/aapt/v2/AaptV2CommandBuilder done
Event: 11.273 loading class com/android/builder/internal/aapt/v2/AaptV2CommandBuilder$makeLinkCommand$$inlined$sortedBy$1
Event: 11.273 loading class com/android/builder/internal/aapt/v2/AaptV2CommandBuilder$makeLinkCommand$$inlined$sortedBy$1 done
Event: 11.308 loading class com/android/builder/internal/aapt/AaptUtils
Event: 11.308 loading class com/android/builder/internal/aapt/AaptUtils done
Event: 11.308 loading class com/google/common/collect/Iterables$4
Event: 11.308 loading class com/google/common/collect/Iterables$4 done
Event: 11.309 loading class com/google/common/collect/FluentIterable
Event: 11.309 loading class com/google/common/collect/FluentIterable done
Event: 11.310 loading class com/google/common/collect/FluentIterable$2
Event: 11.310 loading class com/google/common/collect/FluentIterable$2 done
Event: 11.310 loading class com/google/common/collect/FluentIterable$1
Event: 11.310 loading class com/google/common/collect/FluentIterable$1 done
Event: 11.310 loading class com/google/common/collect/FluentIterable$3
Event: 11.310 loading class com/google/common/collect/FluentIterable$3 done
Event: 11.310 loading class com/google/common/collect/AbstractIterator$State
Event: 11.310 loading class com/google/common/collect/AbstractIterator$State done
Event: 11.311 loading class com/google/common/collect/AbstractIterator$1
Event: 11.311 loading class com/google/common/collect/AbstractIterator$1 done
Event: 11.345 Executing VM operation: G1CollectForAllocation


Dynamic libraries:
0x00007ff73f210000 - 0x00007ff73f21a000 	C:\Program Files\Android\Android Studio\jbr\bin\java.exe
0x00007ff9f9700000 - 0x00007ff9f98ee000 	C:\Windows\SYSTEM32\ntdll.dll
0x00007ff9f6a20000 - 0x00007ff9f6ad3000 	C:\Windows\System32\KERNEL32.DLL
0x00007ff9f5970000 - 0x00007ff9f5c0d000 	C:\Windows\System32\KERNELBASE.dll
0x00007ff9f6000000 - 0x00007ff9f60fa000 	C:\Windows\System32\ucrtbase.dll
0x00007ff9e60e0000 - 0x00007ff9e60f7000 	C:\Program Files\Android\Android Studio\jbr\bin\jli.dll
0x00007ff9e60c0000 - 0x00007ff9e60db000 	C:\Program Files\Android\Android Studio\jbr\bin\VCRUNTIME140.dll
0x00007ff9f6ca0000 - 0x00007ff9f6e38000 	C:\Windows\System32\USER32.dll
0x00007ff9d7260000 - 0x00007ff9d74d9000 	C:\Windows\WinSxS\amd64_microsoft.windows.common-controls_6595b64144ccf1df_6.0.17763.4010_none_de6ee876534d4e3f\COMCTL32.dll
0x00007ff9f5ea0000 - 0x00007ff9f5ec0000 	C:\Windows\System32\win32u.dll
0x00007ff9f6fb0000 - 0x00007ff9f704e000 	C:\Windows\System32\msvcrt.dll
0x00007ff9f7360000 - 0x00007ff9f7389000 	C:\Windows\System32\GDI32.dll
0x00007ff9f7470000 - 0x00007ff9f779c000 	C:\Windows\System32\combase.dll
0x00007ff9f5cb0000 - 0x00007ff9f5e50000 	C:\Windows\System32\gdi32full.dll
0x00007ff9f6900000 - 0x00007ff9f6a1d000 	C:\Windows\System32\RPCRT4.dll
0x00007ff9f5c10000 - 0x00007ff9f5cb0000 	C:\Windows\System32\msvcp_win.dll
0x00007ff9f5f10000 - 0x00007ff9f5f92000 	C:\Windows\System32\bcryptPrimitives.dll
0x00007ff9f92b0000 - 0x00007ff9f92de000 	C:\Windows\System32\IMM32.DLL
0x00007ff9959b0000 - 0x00007ff995a3d000 	C:\Program Files\Android\Android Studio\jbr\bin\msvcp140.dll
0x00007ff9e1c50000 - 0x00007ff9e1c5c000 	C:\Windows\SYSTEM32\VCRUNTIME140_1.dll
0x00007ff9a0fb0000 - 0x00007ff9a1b6c000 	C:\Program Files\Android\Android Studio\jbr\bin\server\jvm.dll
0x00007ff9f9200000 - 0x00007ff9f92a7000 	C:\Windows\System32\ADVAPI32.dll
0x00007ff9f7050000 - 0x00007ff9f70ef000 	C:\Windows\System32\sechost.dll
0x00007ff9f7350000 - 0x00007ff9f7358000 	C:\Windows\System32\PSAPI.DLL
0x00007ff9f2210000 - 0x00007ff9f2234000 	C:\Windows\SYSTEM32\WINMM.dll
0x00007ff9e2810000 - 0x00007ff9e2819000 	C:\Windows\SYSTEM32\WSOCK32.dll
0x00007ff9f0030000 - 0x00007ff9f003a000 	C:\Windows\SYSTEM32\VERSION.dll
0x00007ff9f73f0000 - 0x00007ff9f745d000 	C:\Windows\System32\WS2_32.dll
0x00007ff9f2190000 - 0x00007ff9f21bd000 	C:\Windows\SYSTEM32\winmmbase.dll
0x00007ff9f5e50000 - 0x00007ff9f5e9a000 	C:\Windows\System32\cfgmgr32.dll
0x00007ff9f56f0000 - 0x00007ff9f5701000 	C:\Windows\System32\kernel.appcore.dll
0x00007ff9f34a0000 - 0x00007ff9f34b0000 	C:\Program Files\Android\Android Studio\jbr\bin\verify.dll
0x00007ff9e1a30000 - 0x00007ff9e1c1d000 	C:\Windows\SYSTEM32\DBGHELP.DLL
0x00007ff9e1190000 - 0x00007ff9e11ba000 	C:\Windows\SYSTEM32\dbgcore.DLL
0x00007ff9f0c50000 - 0x00007ff9f0c78000 	C:\Program Files\Android\Android Studio\jbr\bin\java.dll
0x00007ff9f3460000 - 0x00007ff9f346a000 	C:\Program Files\Android\Android Studio\jbr\bin\jimage.dll
0x00007ff9f2d00000 - 0x00007ff9f2d18000 	C:\Program Files\Android\Android Studio\jbr\bin\zip.dll
0x00007ff9f7d00000 - 0x00007ff9f91f8000 	C:\Windows\System32\SHELL32.dll
0x00007ff9f9510000 - 0x00007ff9f95b7000 	C:\Windows\System32\shcore.dll
0x00007ff9f61b0000 - 0x00007ff9f68f9000 	C:\Windows\System32\windows.storage.dll
0x00007ff9f56a0000 - 0x00007ff9f56c3000 	C:\Windows\System32\profapi.dll
0x00007ff9f5710000 - 0x00007ff9f576d000 	C:\Windows\System32\powrprof.dll
0x00007ff9f6c40000 - 0x00007ff9f6c92000 	C:\Windows\System32\shlwapi.dll
0x00007ff9f5ec0000 - 0x00007ff9f5edb000 	C:\Windows\System32\cryptsp.dll
0x00007ff9f0c30000 - 0x00007ff9f0c49000 	C:\Program Files\Android\Android Studio\jbr\bin\net.dll
0x00007ff9f11f0000 - 0x00007ff9f12ef000 	C:\Windows\SYSTEM32\WINHTTP.dll
0x00007ff9f4e90000 - 0x00007ff9f4ef7000 	C:\Windows\system32\mswsock.dll
0x00007ff9f0c10000 - 0x00007ff9f0c23000 	C:\Program Files\Android\Android Studio\jbr\bin\nio.dll
0x00007ff9a1c90000 - 0x00007ff9a1cb7000 	C:\User\pr11zotova\.gradle\native\e1d6ef7f7dcc3fd88c89a11ec53ec762bb8ba0a96d01ffa2cd45eb1d1d8dd5c5\windows-amd64\native-platform.dll
0x00007ff995860000 - 0x00007ff9959a4000 	C:\User\pr11zotova\.gradle\native\0d407fdbe67a94daf76414ababcb853783967236a71b16ec16e742cd7a986fd3\windows-amd64\native-platform-file-events.dll
0x00007ff9f0e90000 - 0x00007ff9f0e9a000 	C:\Program Files\Android\Android Studio\jbr\bin\management.dll
0x00007ff9f0cc0000 - 0x00007ff9f0ccb000 	C:\Program Files\Android\Android Studio\jbr\bin\management_ext.dll
0x00007ff9f4a10000 - 0x00007ff9f4a43000 	C:\Windows\system32\rsaenh.dll
0x00007ff9f5ee0000 - 0x00007ff9f5f06000 	C:\Windows\System32\bcrypt.dll
0x00007ff9f55a0000 - 0x00007ff9f55c9000 	C:\Windows\SYSTEM32\USERENV.dll
0x00007ff9f5060000 - 0x00007ff9f506c000 	C:\Windows\SYSTEM32\CRYPTBASE.dll
0x00007ff9f4ba0000 - 0x00007ff9f4bdd000 	C:\Windows\SYSTEM32\IPHLPAPI.DLL
0x00007ff9f95e0000 - 0x00007ff9f95e8000 	C:\Windows\System32\NSI.dll
0x00007ff9f1780000 - 0x00007ff9f1796000 	C:\Windows\SYSTEM32\dhcpcsvc6.DLL
0x00007ff9f16f0000 - 0x00007ff9f170c000 	C:\Windows\SYSTEM32\dhcpcsvc.DLL
0x00007ff9f4c30000 - 0x00007ff9f4cf6000 	C:\Windows\SYSTEM32\DNSAPI.dll
0x00007ff9f46b0000 - 0x00007ff9f46e1000 	C:\Windows\SYSTEM32\ntmarta.dll

dbghelp: loaded successfully - version: 4.0.5 - missing functions: none
symbol engine: initialized successfully - sym options: 0x614 - pdb path: .;C:\Program Files\Android\Android Studio\jbr\bin;C:\Windows\SYSTEM32;C:\Windows\WinSxS\amd64_microsoft.windows.common-controls_6595b64144ccf1df_6.0.17763.4010_none_de6ee876534d4e3f;C:\Program Files\Android\Android Studio\jbr\bin\server;C:\User\pr11zotova\.gradle\native\e1d6ef7f7dcc3fd88c89a11ec53ec762bb8ba0a96d01ffa2cd45eb1d1d8dd5c5\windows-amd64;C:\User\pr11zotova\.gradle\native\0d407fdbe67a94daf76414ababcb853783967236a71b16ec16e742cd7a986fd3\windows-amd64

VM Arguments:
jvm_args: --add-opens=java.base/java.util=ALL-UNNAMED --add-opens=java.base/java.lang=ALL-UNNAMED --add-opens=java.base/java.lang.invoke=ALL-UNNAMED --add-opens=java.base/java.util=ALL-UNNAMED --add-opens=java.prefs/java.util.prefs=ALL-UNNAMED --add-opens=java.prefs/java.util.prefs=ALL-UNNAMED --add-opens=java.base/java.nio.charset=ALL-UNNAMED --add-opens=java.base/java.net=ALL-UNNAMED --add-opens=java.base/java.util.concurrent.atomic=ALL-UNNAMED -Xmx2048m -Dfile.encoding=UTF-8 -Duser.country=RU -Duser.language=ru -Duser.variant 
java_command: org.gradle.launcher.daemon.bootstrap.GradleDaemon 7.5
java_class_path (initial): C:\User\pr11zotova\.gradle\wrapper\dists\gradle-7.5-bin\f1w0cc9nuo0eivz97x2xlu9sv\gradle-7.5\lib\gradle-launcher-7.5.jar
Launcher Type: SUN_STANDARD

[Global flags]
     intx CICompilerCount                          = 4                                         {product} {ergonomic}
     uint ConcGCThreads                            = 2                                         {product} {ergonomic}
     uint G1ConcRefinementThreads                  = 8                                         {product} {ergonomic}
   size_t G1HeapRegionSize                         = 1048576                                   {product} {ergonomic}
    uintx GCDrainStackTargetSize                   = 64                                        {product} {ergonomic}
   size_t InitialHeapSize                          = 268435456                                 {product} {ergonomic}
   size_t MarkStackSize                            = 4194304                                   {product} {ergonomic}
   size_t MaxHeapSize                              = 2147483648                                {product} {command line}
   size_t MaxNewSize                               = 1287651328                                {product} {ergonomic}
   size_t MinHeapDeltaBytes                        = 1048576                                   {product} {ergonomic}
    uintx NonNMethodCodeHeapSize                   = 5836300                                {pd product} {ergonomic}
    uintx NonProfiledCodeHeapSize                  = 122910970                              {pd product} {ergonomic}
    uintx ProfiledCodeHeapSize                     = 122910970                              {pd product} {ergonomic}
    uintx ReservedCodeCacheSize                    = 251658240                              {pd product} {ergonomic}
     bool SegmentedCodeCache                       = true                                      {product} {ergonomic}
     bool UseCompressedClassPointers               = true                                 {lp64_product} {ergonomic}
     bool UseCompressedOops                        = true                                 {lp64_product} {ergonomic}
     bool UseG1GC                                  = true                                      {product} {ergonomic}
     bool UseLargePagesIndividualAllocation        = false                                  {pd product} {ergonomic}

Logging:
Log output configuration:
 #0: stdout all=warning uptime,level,tags
 #1: stderr all=off uptime,level,tags

Environment Variables:
JAVA_HOME=C:\Program Files\Android\Jdk\microsoft_dist_openjdk_1.8.0.25
PATH=C:\Program Files (x86)\Python38\Scripts\;C:\Program Files (x86)\Python38\;C:\Program Files\Microsoft MPI\Bin\;C:\Program Files (x86)\Common Files\Oracle\Java\javapath;C:\Windows\system32;C:\Windows;C:\Windows\System32\Wbem;C:\Windows\System32\WindowsPowerShell\v1.0\;C:\Windows\System32\OpenSSH\;C:\Program Files (x86)\Microsoft SQL Server\150\DTS\Binn\;C:\Program Files\dotnet\;C:\Program Files\Microsoft SQL Server\130\Tools\Binn\;C:\Program Files (x86)\Microsoft SQL Server\140\Tools\Binn\;C:\Program Files\Microsoft SQL Server\140\Tools\Binn\;C:\Program Files (x86)\Microsoft SQL Server\140\DTS\Binn\;C:\Program Files\Microsoft SQL Server\140\DTS\Binn\;C:\Program Files\Microsoft SQL Server\Client SDK\ODBC\130\Tools\Binn\;C:\Program Files\Microsoft SQL Server\Client SDK\ODBC\170\Tools\Binn\;C:\Program Files (x86)\IncrediBuild;C:\Program Files (x86)\NVIDIA Corporation\PhysX\Common;C:\Program Files\Git\cmd;C:\Program Files\Azure Data Studio\bin;C:\Program Files\Microsoft VS Code\bin;C:\User\pr11zotova\AppData\Local\Microsoft\WindowsApps;
USERNAME=pr11zotova
OS=Windows_NT
PROCESSOR_IDENTIFIER=Intel64 Family 6 Model 158 Stepping 13, GenuineIntel



---------------  S Y S T E M  ---------------

OS: Windows 10 , 64 bit Build 17763 (10.0.17763.3887)
OS uptime: 0 days 9:54 hours

CPU:total 8 (initial active 8) (8 cores per cpu, 1 threads per core) family 6 model 158 stepping 13 microcode 0xde, cmov, cx8, fxsr, mmx, sse, sse2, sse3, ssse3, sse4.1, sse4.2, popcnt, avx, avx2, aes, clmul, erms, 3dnowpref, lzcnt, tsc, tscinvbit, bmi1, bmi2, adx, fma

Memory: 4k page, system-wide physical 16303M (3147M free)
TotalPageFile size 16303M (AvailPageFile size 6M)
current process WorkingSet (physical memory assigned to process): 591M, peak: 596M
current process commit charge ("private bytes"): 629M, peak: 710M

vm_info: OpenJDK 64-Bit Server VM (11.0.15+0-b2043.56-8887301) for windows-amd64 JRE (11.0.15+0-b2043.56-8887301), built on Jul 29 2022 23:19:47 by "builduser" with unknown MS VC++:1929

END.
