#
# There is insufficient memory for the Java Runtime Environment to continue.
# Native memory allocation (malloc) failed to allocate 1473536 bytes for Chunk::new
# Possible reasons:
#   The system is out of physical RAM or swap space
#   The process is running with CompressedOops enabled, and the Java Heap may be blocking the growth of the native heap
# Possible solutions:
#   Reduce memory load on the system
#   Increase physical memory or swap space
#   Check if swap backing store is full
#   Decrease Java heap size (-Xmx/-Xms)
#   Decrease number of Java threads
#   Decrease Java thread stack sizes (-Xss)
#   Set larger code cache with -XX:ReservedCodeCacheSize=
#   JVM is running with Unscaled Compressed Oops mode in which the Java heap is
#     placed in the first 4GB address space. The Java Heap base address is the
#     maximum limit for the native heap growth. Please use -XX:HeapBaseMinAddress
#     to set the Java Heap base and to place the Java Heap above 4GB virtual address.
# This output file may be truncated or incomplete.
#
#  Out of Memory Error (src/hotspot/share/memory/arena.cpp:197), pid=6484, tid=13360
#
# JRE version: OpenJDK Runtime Environment (11.0.15) (build 11.0.15+0-b2043.56-8887301)
# Java VM: OpenJDK 64-Bit Server VM (11.0.15+0-b2043.56-8887301, mixed mode, tiered, compressed oops, g1 gc, windows-amd64)
# No core dump will be written. Minidumps are not enabled by default on client versions of Windows
#

---------------  S U M M A R Y ------------

Command Line: --add-opens=java.base/java.util=ALL-UNNAMED --add-opens=java.base/java.lang=ALL-UNNAMED --add-opens=java.base/java.lang.invoke=ALL-UNNAMED --add-opens=java.base/java.util=ALL-UNNAMED --add-opens=java.prefs/java.util.prefs=ALL-UNNAMED --add-opens=java.prefs/java.util.prefs=ALL-UNNAMED --add-opens=java.base/java.nio.charset=ALL-UNNAMED --add-opens=java.base/java.net=ALL-UNNAMED --add-opens=java.base/java.util.concurrent.atomic=ALL-UNNAMED -Xmx2048m -Dfile.encoding=UTF-8 -Duser.country=RU -Duser.language=ru -Duser.variant org.gradle.launcher.daemon.bootstrap.GradleDaemon 7.5

Host: Intel(R) Core(TM) i7-9700 CPU @ 3.00GHz, 8 cores, 15G,  Windows 10 , 64 bit Build 17763 (10.0.17763.3887)
Time: Tue May 23 17:31:41 2023 ќмское стандартное врем€ elapsed time: 9.024399 seconds (0d 0h 0m 9s)

---------------  T H R E A D  ---------------

Current thread (0x000001da2ac8e000):  JavaThread "C2 CompilerThread1" daemon [_thread_in_native, id=13360, stack(0x000000563b400000,0x000000563b500000)]


Current CompileTask:
C2:   9024 12280       4       com.android.tools.r8.dex.i::d (507 bytes)

Stack: [0x000000563b400000,0x000000563b500000]
Native frames: (J=compiled Java code, j=interpreted, Vv=VM code, C=native code)
V  [jvm.dll+0x64135a]
V  [jvm.dll+0x7d39f9]
V  [jvm.dll+0x7d51b9]
V  [jvm.dll+0x7d58a3]
V  [jvm.dll+0x2691c5]
V  [jvm.dll+0xc1a5c]
V  [jvm.dll+0xc200c]
V  [jvm.dll+0x2da2c2]
V  [jvm.dll+0x54cad9]
V  [jvm.dll+0x22a011]
V  [jvm.dll+0x223809]
V  [jvm.dll+0x220384]
V  [jvm.dll+0x19e851]
V  [jvm.dll+0x230479]
V  [jvm.dll+0x22e5ef]
V  [jvm.dll+0x794de1]
V  [jvm.dll+0x78dc24]
V  [jvm.dll+0x6400f6]
C  [ucrtbase.dll+0x2268a]
C  [KERNEL32.DLL+0x17ad4]
C  [ntdll.dll+0x5a371]


---------------  P R O C E S S  ---------------

Threads class SMR info:
_java_thread_list=0x000001da37494880, length=151, elements={
0x000001da0fba8000, 0x000001da2a8e0800, 0x000001da2a8ee000, 0x000001da2a949000,
0x000001da2a94a000, 0x000001da2a94b800, 0x000001da2a94c800, 0x000001da2a951800,
0x000001da2a954800, 0x000001da2aab8000, 0x000001da2ac8e000, 0x000001da2dc1a000,
0x000001da2d005000, 0x000001da2beaa800, 0x000001da2cdf1000, 0x000001da2cb71800,
0x000001da2de51800, 0x000001da2ca22800, 0x000001da2cf96800, 0x000001da2cf1d800,
0x000001da2cd5d000, 0x000001da2cb9c800, 0x000001da2cb9b000, 0x000001da2cba1800,
0x000001da2cb9d800, 0x000001da2cb9e000, 0x000001da2cb9f000, 0x000001da2cba0000,
0x000001da2cba0800, 0x000001da2cb9c000, 0x000001da2db7d800, 0x000001da2db7f800,
0x000001da2db80800, 0x000001da2db81800, 0x000001da2db7c800, 0x000001da2db7f000,
0x000001da2db83000, 0x000001da2db84000, 0x000001da2db7e000, 0x000001da2db8a800,
0x000001da2db88800, 0x000001da2db86800, 0x000001da2db87000, 0x000001da2db84800,
0x000001da2db88000, 0x000001da2db89800, 0x000001da2db8b000, 0x000001da307dc000,
0x000001da307da800, 0x000001da307dd000, 0x000001da307de000, 0x000001da307db800,
0x000001da307e1000, 0x000001da307e2000, 0x000001da307e2800, 0x000001da307e3800,
0x000001da307e4800, 0x000001da307de800, 0x000001da307e0000, 0x000001da307e5000,
0x000001da307df800, 0x000001da307e9000, 0x000001da307e7000, 0x000001da307e6000,
0x000001da307e7800, 0x000001da307e8800, 0x000001da31b53800, 0x000001da31b57800,
0x000001da31b5a000, 0x000001da31b59000, 0x000001da31b55800, 0x000001da31b56800,
0x000001da31b58000, 0x000001da31b54000, 0x000001da31b5a800, 0x000001da31b55000,
0x000001da31b61000, 0x000001da31b60800, 0x000001da31b5b800, 0x000001da31b5f800,
0x000001da31b62000, 0x000001da31b5e000, 0x000001da31b5c800, 0x000001da31b5d000,
0x000001da31b5e800, 0x000001da309f9000, 0x000001da309f7800, 0x000001da309fa000,
0x000001da309f8800, 0x000001da309f4800, 0x000001da309fb000, 0x000001da309f5000,
0x000001da309fb800, 0x000001da309f6000, 0x000001da309fc800, 0x000001da309f6800,
0x000001da309ff800, 0x000001da30a01800, 0x000001da309fd800, 0x000001da309fe000,
0x000001da30a02000, 0x000001da309ff000, 0x000001da30a03000, 0x000001da3089a000,
0x000001da3089b000, 0x000001da3089c800, 0x000001da3089e000, 0x000001da3089f000,
0x000001da308a0800, 0x000001da308a0000, 0x000001da308a1800, 0x000001da3089c000,
0x000001da308a2800, 0x000001da3089d800, 0x000001da308a4000, 0x000001da308a3000,
0x000001da308a6800, 0x000001da308a5000, 0x000001da308a5800, 0x000001da308a9000,
0x000001da308a7000, 0x000001da308a8000, 0x000001da31f13000, 0x000001da31f14000,
0x000001da31f16800, 0x000001da31f17000, 0x000001da31f18000, 0x000001da31f19000,
0x000001da32471800, 0x000001da32472800, 0x000001da32471000, 0x000001da32470000,
0x000001da32475000, 0x000001da33c6f000, 0x000001da32474000, 0x000001da3246f000,
0x000001da32477800, 0x000001da32478000, 0x000001da32479000, 0x000001da32476800,
0x000001da3247a800, 0x000001da3247a000, 0x000001da3247b800, 0x000001da32475800,
0x000001da3247c800, 0x000001da3247d000, 0x000001da3247e000, 0x000001da31f72800,
0x000001da31f72000, 0x000001da31f73800, 0x000001da31f6f800
}

Java Threads: ( => current thread )
  0x000001da0fba8000 JavaThread "main" [_thread_blocked, id=3464, stack(0x000000563a300000,0x000000563a400000)]
  0x000001da2a8e0800 JavaThread "Reference Handler" daemon [_thread_blocked, id=13900, stack(0x000000563aa00000,0x000000563ab00000)]
  0x000001da2a8ee000 JavaThread "Finalizer" daemon [_thread_blocked, id=18056, stack(0x000000563ab00000,0x000000563ac00000)]
  0x000001da2a949000 JavaThread "Signal Dispatcher" daemon [_thread_blocked, id=8784, stack(0x000000563ac00000,0x000000563ad00000)]
  0x000001da2a94a000 JavaThread "Attach Listener" daemon [_thread_blocked, id=19132, stack(0x000000563ad00000,0x000000563ae00000)]
  0x000001da2a94b800 JavaThread "Service Thread" daemon [_thread_blocked, id=11280, stack(0x000000563ae00000,0x000000563af00000)]
  0x000001da2a94c800 JavaThread "C2 CompilerThread0" daemon [_thread_in_native, id=17816, stack(0x000000563af00000,0x000000563b000000)]
  0x000001da2a951800 JavaThread "C1 CompilerThread0" daemon [_thread_blocked, id=7092, stack(0x000000563b000000,0x000000563b100000)]
  0x000001da2a954800 JavaThread "Sweeper thread" daemon [_thread_blocked, id=9896, stack(0x000000563b100000,0x000000563b200000)]
  0x000001da2aab8000 JavaThread "Common-Cleaner" daemon [_thread_blocked, id=13016, stack(0x000000563b200000,0x000000563b300000)]
=>0x000001da2ac8e000 JavaThread "C2 CompilerThread1" daemon [_thread_in_native, id=13360, stack(0x000000563b400000,0x000000563b500000)]
  0x000001da2dc1a000 JavaThread "Daemon health stats" [_thread_blocked, id=1888, stack(0x000000563bb00000,0x000000563bc00000)]
  0x000001da2d005000 JavaThread "Incoming local TCP Connector on port 59273" [_thread_in_native, id=18532, stack(0x000000563bc00000,0x000000563bd00000)]
  0x000001da2beaa800 JavaThread "Daemon periodic checks" [_thread_blocked, id=11488, stack(0x000000563bd00000,0x000000563be00000)]
  0x000001da2cdf1000 JavaThread "Daemon" [_thread_blocked, id=19012, stack(0x000000563be00000,0x000000563bf00000)]
  0x000001da2cb71800 JavaThread "Handler for socket connection from /127.0.0.1:59273 to /127.0.0.1:59274" [_thread_in_native, id=15792, stack(0x000000563bf00000,0x000000563c000000)]
  0x000001da2de51800 JavaThread "Cancel handler" [_thread_blocked, id=12040, stack(0x000000563c000000,0x000000563c100000)]
  0x000001da2ca22800 JavaThread "Daemon worker" [_thread_blocked, id=4324, stack(0x000000563c100000,0x000000563c200000)]
  0x000001da2cf96800 JavaThread "Asynchronous log dispatcher for DefaultDaemonConnection: socket connection from /127.0.0.1:59273 to /127.0.0.1:59274" [_thread_blocked, id=5436, stack(0x000000563c200000,0x000000563c300000)]
  0x000001da2cf1d800 JavaThread "Stdin handler" [_thread_blocked, id=6992, stack(0x000000563c300000,0x000000563c400000)]
  0x000001da2cd5d000 JavaThread "Daemon client event forwarder" [_thread_blocked, id=7280, stack(0x000000563c400000,0x000000563c500000)]
  0x000001da2cb9c800 JavaThread "Cache worker for journal cache (C:\User\pr11zotova\.gradle\caches\journal-1)" [_thread_blocked, id=9968, stack(0x000000563c500000,0x000000563c600000)]
  0x000001da2cb9b000 JavaThread "File lock request listener" [_thread_in_native, id=11128, stack(0x000000563c600000,0x000000563c700000)]
  0x000001da2cba1800 JavaThread "Cache worker for file hash cache (C:\User\pr11zotova\.gradle\caches\7.5\fileHashes)" [_thread_blocked, id=11976, stack(0x000000563ca00000,0x000000563cb00000)]
  0x000001da2cb9d800 JavaThread "File watcher server" daemon [_thread_in_native, id=3880, stack(0x000000563cb00000,0x000000563cc00000)]
  0x000001da2cb9e000 JavaThread "File watcher consumer" daemon [_thread_blocked, id=19208, stack(0x000000563cc00000,0x000000563cd00000)]
  0x000001da2cb9f000 JavaThread "Cache worker for checksums cache (C:\User\pr11zotova\AndroidStudioProjects\MyApplication2\.gradle\7.5\checksums)" [_thread_blocked, id=2828, stack(0x000000563cd00000,0x000000563ce00000)]
  0x000001da2cba0000 JavaThread "Cache worker for cache directory md-rule (C:\User\pr11zotova\.gradle\caches\7.5\md-rule)" [_thread_blocked, id=2688, stack(0x000000563ce00000,0x000000563cf00000)]
  0x000001da2cba0800 JavaThread "Cache worker for file content cache (C:\User\pr11zotova\.gradle\caches\7.5\fileContent)" [_thread_blocked, id=11724, stack(0x000000563cf00000,0x000000563d000000)]
  0x000001da2cb9c000 JavaThread "Cache worker for file hash cache (C:\User\pr11zotova\AndroidStudioProjects\MyApplication2\.gradle\7.5\fileHashes)" [_thread_blocked, id=12664, stack(0x000000563d000000,0x000000563d100000)]
  0x000001da2db7d800 JavaThread "Cache worker for cache directory md-supplier (C:\User\pr11zotova\.gradle\caches\7.5\md-supplier)" [_thread_blocked, id=14296, stack(0x000000563d100000,0x000000563d200000)]
  0x000001da2db7f800 JavaThread "Cache worker for execution history cache (C:\User\pr11zotova\.gradle\caches\7.5\executionHistory)" [_thread_blocked, id=916, stack(0x000000563d200000,0x000000563d300000)]
  0x000001da2db80800 JavaThread "jar transforms" [_thread_blocked, id=1140, stack(0x000000563d300000,0x000000563d400000)]
  0x000001da2db81800 JavaThread "jar transforms Thread 2" [_thread_blocked, id=16492, stack(0x000000563d400000,0x000000563d500000)]
  0x000001da2db7c800 JavaThread "jar transforms Thread 3" [_thread_blocked, id=18516, stack(0x000000563d500000,0x000000563d600000)]
  0x000001da2db7f000 JavaThread "jar transforms Thread 4" [_thread_blocked, id=12652, stack(0x000000563d600000,0x000000563d700000)]
  0x000001da2db83000 JavaThread "Cache worker for dependencies-accessors (C:\User\pr11zotova\AndroidStudioProjects\MyApplication2\.gradle\7.5\dependencies-accessors)" [_thread_blocked, id=17100, stack(0x000000563d700000,0x000000563d800000)]
  0x000001da2db84000 JavaThread "jar transforms Thread 5" [_thread_blocked, id=1464, stack(0x000000563d800000,0x000000563d900000)]
  0x000001da2db7e000 JavaThread "Cache worker for Build Output Cleanup Cache (C:\User\pr11zotova\AndroidStudioProjects\MyApplication2\.gradle\buildOutputCleanup)" [_thread_blocked, id=11316, stack(0x000000563d900000,0x000000563da00000)]
  0x000001da2db8a800 JavaThread "Unconstrained build operations" [_thread_blocked, id=17132, stack(0x000000563da00000,0x000000563db00000)]
  0x000001da2db88800 JavaThread "Unconstrained build operations Thread 2" [_thread_blocked, id=9652, stack(0x000000563db00000,0x000000563dc00000)]
  0x000001da2db86800 JavaThread "Unconstrained build operations Thread 3" [_thread_blocked, id=9508, stack(0x000000563dc00000,0x000000563dd00000)]
  0x000001da2db87000 JavaThread "Unconstrained build operations Thread 4" [_thread_blocked, id=3644, stack(0x000000563dd00000,0x000000563de00000)]
  0x000001da2db84800 JavaThread "Unconstrained build operations Thread 5" [_thread_blocked, id=13648, stack(0x000000563de00000,0x000000563df00000)]
  0x000001da2db88000 JavaThread "Unconstrained build operations Thread 6" [_thread_blocked, id=12796, stack(0x000000563df00000,0x000000563e000000)]
  0x000001da2db89800 JavaThread "Unconstrained build operations Thread 7" [_thread_blocked, id=5880, stack(0x000000563e000000,0x000000563e100000)]
  0x000001da2db8b000 JavaThread "Unconstrained build operations Thread 8" [_thread_blocked, id=6524, stack(0x000000563e100000,0x000000563e200000)]
  0x000001da307dc000 JavaThread "Unconstrained build operations Thread 9" [_thread_blocked, id=16576, stack(0x000000563e200000,0x000000563e300000)]
  0x000001da307da800 JavaThread "Unconstrained build operations Thread 10" [_thread_blocked, id=11876, stack(0x000000563e300000,0x000000563e400000)]
  0x000001da307dd000 JavaThread "Unconstrained build operations Thread 11" [_thread_blocked, id=19148, stack(0x000000563e400000,0x000000563e500000)]
  0x000001da307de000 JavaThread "Unconstrained build operations Thread 12" [_thread_blocked, id=12356, stack(0x000000563e500000,0x000000563e600000)]
  0x000001da307db800 JavaThread "Unconstrained build operations Thread 13" [_thread_blocked, id=760, stack(0x000000563e600000,0x000000563e700000)]
  0x000001da307e1000 JavaThread "Unconstrained build operations Thread 14" [_thread_blocked, id=10988, stack(0x000000563e700000,0x000000563e800000)]
  0x000001da307e2000 JavaThread "Unconstrained build operations Thread 15" [_thread_blocked, id=18632, stack(0x000000563e800000,0x000000563e900000)]
  0x000001da307e2800 JavaThread "Unconstrained build operations Thread 16" [_thread_blocked, id=6176, stack(0x000000563e900000,0x000000563ea00000)]
  0x000001da307e3800 JavaThread "Unconstrained build operations Thread 17" [_thread_blocked, id=11124, stack(0x000000563ea00000,0x000000563eb00000)]
  0x000001da307e4800 JavaThread "Unconstrained build operations Thread 18" [_thread_blocked, id=16616, stack(0x000000563eb00000,0x000000563ec00000)]
  0x000001da307de800 JavaThread "Unconstrained build operations Thread 19" [_thread_blocked, id=9468, stack(0x000000563ec00000,0x000000563ed00000)]
  0x000001da307e0000 JavaThread "Unconstrained build operations Thread 20" [_thread_blocked, id=6500, stack(0x000000563ed00000,0x000000563ee00000)]
  0x000001da307e5000 JavaThread "Unconstrained build operations Thread 21" [_thread_blocked, id=11340, stack(0x000000563ee00000,0x000000563ef00000)]
  0x000001da307df800 JavaThread "Unconstrained build operations Thread 22" [_thread_blocked, id=15340, stack(0x000000563ef00000,0x000000563f000000)]
  0x000001da307e9000 JavaThread "Unconstrained build operations Thread 23" [_thread_blocked, id=12316, stack(0x000000563f000000,0x000000563f100000)]
  0x000001da307e7000 JavaThread "Unconstrained build operations Thread 24" [_thread_blocked, id=9416, stack(0x000000563f100000,0x000000563f200000)]
  0x000001da307e6000 JavaThread "Unconstrained build operations Thread 25" [_thread_blocked, id=13508, stack(0x000000563f200000,0x000000563f300000)]
  0x000001da307e7800 JavaThread "Unconstrained build operations Thread 26" [_thread_blocked, id=9488, stack(0x000000563f300000,0x000000563f400000)]
  0x000001da307e8800 JavaThread "Unconstrained build operations Thread 27" [_thread_blocked, id=13924, stack(0x000000563f400000,0x000000563f500000)]
  0x000001da31b53800 JavaThread "Unconstrained build operations Thread 28" [_thread_blocked, id=16096, stack(0x000000563f500000,0x000000563f600000)]
  0x000001da31b57800 JavaThread "Unconstrained build operations Thread 29" [_thread_blocked, id=10804, stack(0x000000563f600000,0x000000563f700000)]
  0x000001da31b5a000 JavaThread "Unconstrained build operations Thread 30" [_thread_blocked, id=4828, stack(0x000000563f700000,0x000000563f800000)]
  0x000001da31b59000 JavaThread "Unconstrained build operations Thread 31" [_thread_blocked, id=1252, stack(0x000000563f800000,0x000000563f900000)]
  0x000001da31b55800 JavaThread "Unconstrained build operations Thread 32" [_thread_blocked, id=5184, stack(0x000000563f900000,0x000000563fa00000)]
  0x000001da31b56800 JavaThread "Unconstrained build operations Thread 33" [_thread_blocked, id=11028, stack(0x000000563fa00000,0x000000563fb00000)]
  0x000001da31b58000 JavaThread "Unconstrained build operations Thread 34" [_thread_blocked, id=1496, stack(0x000000563fb00000,0x000000563fc00000)]
  0x000001da31b54000 JavaThread "Unconstrained build operations Thread 35" [_thread_blocked, id=18904, stack(0x000000563fc00000,0x000000563fd00000)]
  0x000001da31b5a800 JavaThread "Unconstrained build operations Thread 36" [_thread_blocked, id=2132, stack(0x000000563fd00000,0x000000563fe00000)]
  0x000001da31b55000 JavaThread "Unconstrained build operations Thread 37" [_thread_blocked, id=13552, stack(0x000000563fe00000,0x000000563ff00000)]
  0x000001da31b61000 JavaThread "Unconstrained build operations Thread 38" [_thread_blocked, id=5072, stack(0x000000563ff00000,0x0000005640000000)]
  0x000001da31b60800 JavaThread "Unconstrained build operations Thread 39" [_thread_blocked, id=1796, stack(0x0000005640000000,0x0000005640100000)]
  0x000001da31b5b800 JavaThread "Unconstrained build operations Thread 40" [_thread_blocked, id=2060, stack(0x0000005640100000,0x0000005640200000)]
  0x000001da31b5f800 JavaThread "Unconstrained build operations Thread 41" [_thread_blocked, id=5500, stack(0x0000005640200000,0x0000005640300000)]
  0x000001da31b62000 JavaThread "Unconstrained build operations Thread 42" [_thread_blocked, id=12548, stack(0x0000005640300000,0x0000005640400000)]
  0x000001da31b5e000 JavaThread "Unconstrained build operations Thread 43" [_thread_blocked, id=1216, stack(0x0000005640400000,0x0000005640500000)]
  0x000001da31b5c800 JavaThread "Unconstrained build operations Thread 44" [_thread_blocked, id=13280, stack(0x0000005640500000,0x0000005640600000)]
  0x000001da31b5d000 JavaThread "Unconstrained build operations Thread 45" [_thread_blocked, id=5360, stack(0x0000005640600000,0x0000005640700000)]
  0x000001da31b5e800 JavaThread "Unconstrained build operations Thread 46" [_thread_blocked, id=11868, stack(0x0000005640700000,0x0000005640800000)]
  0x000001da309f9000 JavaThread "Unconstrained build operations Thread 47" [_thread_blocked, id=10516, stack(0x0000005640800000,0x0000005640900000)]
  0x000001da309f7800 JavaThread "Unconstrained build operations Thread 48" [_thread_blocked, id=6420, stack(0x0000005640900000,0x0000005640a00000)]
  0x000001da309fa000 JavaThread "Unconstrained build operations Thread 49" [_thread_blocked, id=13060, stack(0x0000005640a00000,0x0000005640b00000)]
  0x000001da309f8800 JavaThread "Unconstrained build operations Thread 50" [_thread_blocked, id=12708, stack(0x0000005640b00000,0x0000005640c00000)]
  0x000001da309f4800 JavaThread "Unconstrained build operations Thread 51" [_thread_blocked, id=18456, stack(0x0000005640c00000,0x0000005640d00000)]
  0x000001da309fb000 JavaThread "Unconstrained build operations Thread 52" [_thread_blocked, id=18172, stack(0x0000005640d00000,0x0000005640e00000)]
  0x000001da309f5000 JavaThread "Unconstrained build operations Thread 53" [_thread_blocked, id=8272, stack(0x0000005640e00000,0x0000005640f00000)]
  0x000001da309fb800 JavaThread "Unconstrained build operations Thread 54" [_thread_blocked, id=4480, stack(0x0000005640f00000,0x0000005641000000)]
  0x000001da309f6000 JavaThread "Unconstrained build operations Thread 55" [_thread_blocked, id=5212, stack(0x0000005641000000,0x0000005641100000)]
  0x000001da309fc800 JavaThread "Unconstrained build operations Thread 56" [_thread_blocked, id=10468, stack(0x0000005641100000,0x0000005641200000)]
  0x000001da309f6800 JavaThread "Unconstrained build operations Thread 57" [_thread_blocked, id=15604, stack(0x0000005641200000,0x0000005641300000)]
  0x000001da309ff800 JavaThread "Unconstrained build operations Thread 58" [_thread_blocked, id=10204, stack(0x0000005641300000,0x0000005641400000)]
  0x000001da30a01800 JavaThread "Unconstrained build operations Thread 59" [_thread_blocked, id=15128, stack(0x0000005641400000,0x0000005641500000)]
  0x000001da309fd800 JavaThread "Unconstrained build operations Thread 60" [_thread_blocked, id=19112, stack(0x0000005641500000,0x0000005641600000)]
  0x000001da309fe000 JavaThread "Unconstrained build operations Thread 61" [_thread_blocked, id=1720, stack(0x0000005641600000,0x0000005641700000)]
  0x000001da30a02000 JavaThread "Unconstrained build operations Thread 62" [_thread_blocked, id=17632, stack(0x0000005641700000,0x0000005641800000)]
  0x000001da309ff000 JavaThread "Unconstrained build operations Thread 63" [_thread_blocked, id=12600, stack(0x0000005641800000,0x0000005641900000)]
  0x000001da30a03000 JavaThread "Unconstrained build operations Thread 64" [_thread_blocked, id=12596, stack(0x0000005641900000,0x0000005641a00000)]
  0x000001da3089a000 JavaThread "Unconstrained build operations Thread 65" [_thread_blocked, id=9408, stack(0x0000005641a00000,0x0000005641b00000)]
  0x000001da3089b000 JavaThread "Unconstrained build operations Thread 66" [_thread_blocked, id=12948, stack(0x0000005641b00000,0x0000005641c00000)]
  0x000001da3089c800 JavaThread "Unconstrained build operations Thread 67" [_thread_blocked, id=4272, stack(0x0000005641c00000,0x0000005641d00000)]
  0x000001da3089e000 JavaThread "Unconstrained build operations Thread 68" [_thread_blocked, id=788, stack(0x0000005641d00000,0x0000005641e00000)]
  0x000001da3089f000 JavaThread "Unconstrained build operations Thread 69" [_thread_blocked, id=4768, stack(0x0000005641e00000,0x0000005641f00000)]
  0x000001da308a0800 JavaThread "Unconstrained build operations Thread 70" [_thread_blocked, id=1372, stack(0x0000005641f00000,0x0000005642000000)]
  0x000001da308a0000 JavaThread "Unconstrained build operations Thread 71" [_thread_blocked, id=14392, stack(0x0000005642000000,0x0000005642100000)]
  0x000001da308a1800 JavaThread "Unconstrained build operations Thread 72" [_thread_blocked, id=15964, stack(0x0000005642100000,0x0000005642200000)]
  0x000001da3089c000 JavaThread "Unconstrained build operations Thread 73" [_thread_blocked, id=10388, stack(0x0000005642200000,0x0000005642300000)]
  0x000001da308a2800 JavaThread "Unconstrained build operations Thread 74" [_thread_blocked, id=12064, stack(0x0000005642300000,0x0000005642400000)]
  0x000001da3089d800 JavaThread "Unconstrained build operations Thread 75" [_thread_blocked, id=16960, stack(0x0000005642400000,0x0000005642500000)]
  0x000001da308a4000 JavaThread "Unconstrained build operations Thread 76" [_thread_blocked, id=11348, stack(0x0000005642500000,0x0000005642600000)]
  0x000001da308a3000 JavaThread "Unconstrained build operations Thread 77" [_thread_blocked, id=17348, stack(0x0000005642600000,0x0000005642700000)]
  0x000001da308a6800 JavaThread "Unconstrained build operations Thread 78" [_thread_blocked, id=16004, stack(0x0000005642700000,0x0000005642800000)]
  0x000001da308a5000 JavaThread "Unconstrained build operations Thread 79" [_thread_blocked, id=13912, stack(0x0000005642800000,0x0000005642900000)]
  0x000001da308a5800 JavaThread "Unconstrained build operations Thread 80" [_thread_blocked, id=12924, stack(0x0000005642900000,0x0000005642a00000)]
  0x000001da308a9000 JavaThread "jar transforms Thread 6" [_thread_blocked, id=18936, stack(0x0000005642a00000,0x0000005642b00000)]
  0x000001da308a7000 JavaThread "jar transforms Thread 7" [_thread_blocked, id=8744, stack(0x0000005642b00000,0x0000005642c00000)]
  0x000001da308a8000 JavaThread "jar transforms Thread 8" [_thread_blocked, id=1492, stack(0x0000005642c00000,0x0000005642d00000)]
  0x000001da31f13000 JavaThread "build event listener" [_thread_blocked, id=13984, stack(0x0000005642d00000,0x0000005642e00000)]
  0x000001da31f14000 JavaThread "Memory manager" [_thread_blocked, id=16316, stack(0x0000005642e00000,0x0000005642f00000)]
  0x000001da31f16800 JavaThread "included builds" [_thread_blocked, id=19224, stack(0x0000005642f00000,0x0000005643000000)]
  0x000001da31f17000 JavaThread "Execution worker" [_thread_blocked, id=6220, stack(0x0000005643000000,0x0000005643100000)]
  0x000001da31f18000 JavaThread "Execution worker Thread 2" [_thread_blocked, id=18572, stack(0x0000005643100000,0x0000005643200000)]
  0x000001da31f19000 JavaThread "Execution worker Thread 3" [_thread_blocked, id=10884, stack(0x0000005643200000,0x0000005643300000)]
  0x000001da32471800 JavaThread "Execution worker Thread 4" [_thread_blocked, id=18068, stack(0x0000005643300000,0x0000005643400000)]
  0x000001da32472800 JavaThread "Execution worker Thread 5" [_thread_blocked, id=10920, stack(0x0000005643400000,0x0000005643500000)]
  0x000001da32471000 JavaThread "Execution worker Thread 6" [_thread_blocked, id=5552, stack(0x0000005643500000,0x0000005643600000)]
  0x000001da32470000 JavaThread "Execution worker Thread 7" [_thread_blocked, id=13784, stack(0x0000005643600000,0x0000005643700000)]
  0x000001da32475000 JavaThread "Cache worker for execution history cache (C:\User\pr11zotova\AndroidStudioProjects\MyApplication2\.gradle\7.5\executionHistory)" [_thread_blocked, id=1448, stack(0x0000005643700000,0x0000005643800000)]
  0x000001da33c6f000 JavaThread "C2 CompilerThread2" daemon [_thread_in_native, id=2336, stack(0x000000563ba00000,0x000000563bb00000)]
  0x000001da32474000 JavaThread "WorkerExecutor Queue" [_thread_blocked, id=17192, stack(0x0000005643900000,0x0000005643a00000)]
  0x000001da3246f000 JavaThread "WorkerExecutor Queue Thread 2" [_thread_blocked, id=10448, stack(0x0000005643a00000,0x0000005643b00000)]
  0x000001da32477800 JavaThread "WorkerExecutor Queue Thread 3" [_thread_blocked, id=10452, stack(0x0000005643b00000,0x0000005643c00000)]
  0x000001da32478000 JavaThread "WorkerExecutor Queue Thread 4" [_thread_blocked, id=11492, stack(0x0000005643c00000,0x0000005643d00000)]
  0x000001da32479000 JavaThread "WorkerExecutor Queue Thread 5" [_thread_blocked, id=1848, stack(0x0000005643d00000,0x0000005643e00000)]
  0x000001da32476800 JavaThread "WorkerExecutor Queue Thread 6" [_thread_blocked, id=16532, stack(0x0000005643e00000,0x0000005643f00000)]
  0x000001da3247a800 JavaThread "pool-3-thread-1" [_thread_blocked, id=2484, stack(0x0000005643f00000,0x0000005644000000)]
  0x000001da3247a000 JavaThread "stderr" [_thread_in_native, id=16584, stack(0x0000005644000000,0x0000005644100000)]
  0x000001da3247b800 JavaThread "stdout" [_thread_in_native, id=7580, stack(0x0000005644100000,0x0000005644200000)]
  0x000001da32475800 JavaThread "ForkJoinPool-1-worker-3" daemon [_thread_in_Java, id=14888, stack(0x0000005644300000,0x0000005644400000)]
  0x000001da3247c800 JavaThread "ForkJoinPool-1-worker-5" daemon [_thread_in_vm, id=9232, stack(0x0000005644400000,0x0000005644500000)]
  0x000001da3247d000 JavaThread "ForkJoinPool-1-worker-7" daemon [_thread_in_Java, id=17788, stack(0x0000005644500000,0x0000005644600000)]
  0x000001da3247e000 JavaThread "ForkJoinPool-1-worker-9" daemon [_thread_in_Java, id=428, stack(0x0000005644600000,0x0000005644700000)]
  0x000001da31f72800 JavaThread "ForkJoinPool-1-worker-11" daemon [_thread_in_vm, id=17856, stack(0x0000005644700000,0x0000005644800000)]
  0x000001da31f72000 JavaThread "ForkJoinPool-1-worker-13" daemon [_thread_blocked, id=10464, stack(0x0000005644800000,0x0000005644900000)]
  0x000001da31f73800 JavaThread "ForkJoinPool-1-worker-15" daemon [_thread_blocked, id=6876, stack(0x0000005644900000,0x0000005644a00000)]
  0x000001da31f6f800 JavaThread "ForkJoinPool-1-worker-1" daemon [_thread_in_Java, id=18616, stack(0x0000005644a00000,0x0000005644b00000)]

Other Threads:
  0x000001da2a8de000 VMThread "VM Thread" [stack: 0x000000563a900000,0x000000563aa00000] [id=12252]
  0x000001da2aabc000 WatcherThread [stack: 0x000000563b300000,0x000000563b400000] [id=13356]
  0x000001da0fbc1800 GCTaskThread "GC Thread#0" [stack: 0x000000563a400000,0x000000563a500000] [id=17496]
  0x000001da2afd4800 GCTaskThread "GC Thread#1" [stack: 0x000000563b500000,0x000000563b600000] [id=15008]
  0x000001da2b63a000 GCTaskThread "GC Thread#2" [stack: 0x000000563b600000,0x000000563b700000] [id=16824]
  0x000001da2b63a800 GCTaskThread "GC Thread#3" [stack: 0x000000563b700000,0x000000563b800000] [id=3784]
  0x000001da2b755000 GCTaskThread "GC Thread#4" [stack: 0x000000563b800000,0x000000563b900000] [id=18040]
  0x000001da2b756000 GCTaskThread "GC Thread#5" [stack: 0x000000563b900000,0x000000563ba00000] [id=14400]
  0x000001da2c0a9800 GCTaskThread "GC Thread#6" [stack: 0x000000563c700000,0x000000563c800000] [id=12960]
  0x000001da2b9c0000 GCTaskThread "GC Thread#7" [stack: 0x000000563c800000,0x000000563c900000] [id=12800]
  0x000001da0fbf4800 ConcurrentGCThread "G1 Main Marker" [stack: 0x000000563a500000,0x000000563a600000] [id=14072]
  0x000001da0fbf5800 ConcurrentGCThread "G1 Conc#0" [stack: 0x000000563a600000,0x000000563a700000] [id=288]
  0x000001da2bd72800 ConcurrentGCThread "G1 Conc#1" [stack: 0x000000563c900000,0x000000563ca00000] [id=13040]
  0x000001da29f25000 ConcurrentGCThread "G1 Refine#0" [stack: 0x000000563a700000,0x000000563a800000] [id=1244]
  0x000001da2e2a7800 ConcurrentGCThread "G1 Refine#1" [stack: 0x0000005643800000,0x0000005643900000] [id=7892]
  0x000001da2e2aa000 ConcurrentGCThread "G1 Refine#2" [stack: 0x0000005644200000,0x0000005644300000] [id=9692]
  0x000001da2e2a4800 ConcurrentGCThread "G1 Refine#3" [stack: 0x0000005644b00000,0x0000005644c00000] [id=10616]
  0x000001da2e2aa800 ConcurrentGCThread "G1 Refine#4" [stack: 0x0000005644c00000,0x0000005644d00000] [id=18680]
  0x000001da2e2a4000 ConcurrentGCThread "G1 Refine#5" [stack: 0x0000005644d00000,0x0000005644e00000] [id=12416]
  0x000001da29f26000 ConcurrentGCThread "G1 Young RemSet Sampling" [stack: 0x000000563a800000,0x000000563a900000] [id=18256]

Threads with active compile tasks:
C2 CompilerThread0     9039 11885       4       com.android.tools.r8.dex.i::a (829 bytes)
C2 CompilerThread1     9039 12280       4       com.android.tools.r8.dex.i::d (507 bytes)
C2 CompilerThread2     9039 11858 %     4       com.android.tools.r8.dex.i::a @ 315 (1041 bytes)

VM state:not at safepoint (normal execution)

VM Mutex/Monitor currently owned by a thread: None

Heap address: 0x0000000080000000, size: 2048 MB, Compressed Oops mode: 32-bit
Narrow klass base: 0x0000000000000000, Narrow klass shift: 3
Compressed class space size: 1073741824 Address: 0x0000000100000000

Heap:
 garbage-first heap   total 269312K, used 191488K [0x0000000080000000, 0x0000000100000000)
  region size 1024K, 17 young (17408K), 7 survivors (7168K)
 Metaspace       used 100240K, capacity 102997K, committed 103452K, reserved 1138688K
  class space    used 13213K, capacity 14287K, committed 14444K, reserved 1048576K
Heap Regions: E=young(eden), S=young(survivor), O=old, HS=humongous(starts), HC=humongous(continues), CS=collection set, F=free, A=archive, TAMS=top-at-mark-start (previous, next)
|   0|0x0000000080000000, 0x0000000080100000, 0x0000000080100000|100%| O|  |TAMS 0x0000000080100000, 0x0000000080000000| Untracked 
|   1|0x0000000080100000, 0x0000000080200000, 0x0000000080200000|100%| O|  |TAMS 0x0000000080200000, 0x0000000080100000| Untracked 
|   2|0x0000000080200000, 0x0000000080300000, 0x0000000080300000|100%| O|  |TAMS 0x0000000080300000, 0x0000000080200000| Untracked 
|   3|0x0000000080300000, 0x0000000080400000, 0x0000000080400000|100%|HS|  |TAMS 0x0000000080400000, 0x0000000080300000| Complete 
|   4|0x0000000080400000, 0x0000000080500000, 0x0000000080500000|100%|HC|  |TAMS 0x0000000080500000, 0x0000000080400000| Complete 
|   5|0x0000000080500000, 0x0000000080600000, 0x0000000080600000|100%|HC|  |TAMS 0x0000000080600000, 0x0000000080500000| Complete 
|   6|0x0000000080600000, 0x0000000080700000, 0x0000000080700000|100%| O|  |TAMS 0x0000000080700000, 0x0000000080600000| Untracked 
|   7|0x0000000080700000, 0x0000000080800000, 0x0000000080800000|100%| O|  |TAMS 0x0000000080800000, 0x0000000080700000| Untracked 
|   8|0x0000000080800000, 0x0000000080900000, 0x0000000080900000|100%| O|  |TAMS 0x0000000080900000, 0x0000000080800000| Untracked 
|   9|0x0000000080900000, 0x0000000080a00000, 0x0000000080a00000|100%| O|  |TAMS 0x0000000080a00000, 0x0000000080900000| Untracked 
|  10|0x0000000080a00000, 0x0000000080b00000, 0x0000000080b00000|100%| O|  |TAMS 0x0000000080b00000, 0x0000000080a00000| Untracked 
|  11|0x0000000080b00000, 0x0000000080c00000, 0x0000000080c00000|100%| O|  |TAMS 0x0000000080c00000, 0x0000000080b00000| Untracked 
|  12|0x0000000080c00000, 0x0000000080d00000, 0x0000000080d00000|100%| O|  |TAMS 0x0000000080d00000, 0x0000000080c00000| Untracked 
|  13|0x0000000080d00000, 0x0000000080e00000, 0x0000000080e00000|100%| O|  |TAMS 0x0000000080e00000, 0x0000000080d00000| Untracked 
|  14|0x0000000080e00000, 0x0000000080f00000, 0x0000000080f00000|100%| O|  |TAMS 0x0000000080f00000, 0x0000000080e00000| Untracked 
|  15|0x0000000080f00000, 0x0000000081000000, 0x0000000081000000|100%| O|  |TAMS 0x0000000081000000, 0x0000000080f00000| Untracked 
|  16|0x0000000081000000, 0x0000000081100000, 0x0000000081100000|100%| O|  |TAMS 0x0000000081100000, 0x0000000081000000| Untracked 
|  17|0x0000000081100000, 0x0000000081200000, 0x0000000081200000|100%|HS|  |TAMS 0x0000000081200000, 0x0000000081100000| Complete 
|  18|0x0000000081200000, 0x0000000081300000, 0x0000000081300000|100%|HS|  |TAMS 0x0000000081300000, 0x0000000081200000| Complete 
|  19|0x0000000081300000, 0x0000000081400000, 0x0000000081400000|100%| O|  |TAMS 0x0000000081400000, 0x0000000081300000| Untracked 
|  20|0x0000000081400000, 0x0000000081500000, 0x0000000081500000|100%| O|  |TAMS 0x0000000081500000, 0x0000000081400000| Untracked 
|  21|0x0000000081500000, 0x0000000081600000, 0x0000000081600000|100%| O|  |TAMS 0x0000000081600000, 0x0000000081500000| Untracked 
|  22|0x0000000081600000, 0x0000000081700000, 0x0000000081700000|100%| O|  |TAMS 0x0000000081700000, 0x0000000081600000| Untracked 
|  23|0x0000000081700000, 0x0000000081800000, 0x0000000081800000|100%| O|  |TAMS 0x0000000081800000, 0x0000000081700000| Untracked 
|  24|0x0000000081800000, 0x0000000081900000, 0x0000000081900000|100%| O|  |TAMS 0x0000000081900000, 0x0000000081800000| Untracked 
|  25|0x0000000081900000, 0x0000000081a00000, 0x0000000081a00000|100%| O|  |TAMS 0x0000000081a00000, 0x0000000081900000| Untracked 
|  26|0x0000000081a00000, 0x0000000081b00000, 0x0000000081b00000|100%| O|  |TAMS 0x0000000081b00000, 0x0000000081a00000| Untracked 
|  27|0x0000000081b00000, 0x0000000081c00000, 0x0000000081c00000|100%| O|  |TAMS 0x0000000081c00000, 0x0000000081b00000| Untracked 
|  28|0x0000000081c00000, 0x0000000081d00000, 0x0000000081d00000|100%| O|  |TAMS 0x0000000081d00000, 0x0000000081c00000| Untracked 
|  29|0x0000000081d00000, 0x0000000081e00000, 0x0000000081e00000|100%| O|  |TAMS 0x0000000081e00000, 0x0000000081d00000| Untracked 
|  30|0x0000000081e00000, 0x0000000081f00000, 0x0000000081f00000|100%| O|  |TAMS 0x0000000081f00000, 0x0000000081e00000| Untracked 
|  31|0x0000000081f00000, 0x0000000082000000, 0x0000000082000000|100%| O|  |TAMS 0x0000000082000000, 0x0000000081f00000| Untracked 
|  32|0x0000000082000000, 0x0000000082100000, 0x0000000082100000|100%| O|  |TAMS 0x0000000082100000, 0x0000000082000000| Untracked 
|  33|0x0000000082100000, 0x0000000082200000, 0x0000000082200000|100%| O|  |TAMS 0x0000000082200000, 0x0000000082100000| Untracked 
|  34|0x0000000082200000, 0x0000000082300000, 0x0000000082300000|100%| O|  |TAMS 0x0000000082300000, 0x0000000082200000| Untracked 
|  35|0x0000000082300000, 0x0000000082400000, 0x0000000082400000|100%| O|  |TAMS 0x0000000082400000, 0x0000000082300000| Untracked 
|  36|0x0000000082400000, 0x0000000082500000, 0x0000000082500000|100%| O|  |TAMS 0x0000000082500000, 0x0000000082400000| Untracked 
|  37|0x0000000082500000, 0x0000000082600000, 0x0000000082600000|100%| O|  |TAMS 0x0000000082600000, 0x0000000082500000| Untracked 
|  38|0x0000000082600000, 0x0000000082700000, 0x0000000082700000|100%| O|  |TAMS 0x0000000082700000, 0x0000000082600000| Untracked 
|  39|0x0000000082700000, 0x0000000082800000, 0x0000000082800000|100%| O|  |TAMS 0x0000000082800000, 0x0000000082700000| Untracked 
|  40|0x0000000082800000, 0x0000000082900000, 0x0000000082900000|100%| O|  |TAMS 0x0000000082900000, 0x0000000082800000| Untracked 
|  41|0x0000000082900000, 0x0000000082a00000, 0x0000000082a00000|100%| O|  |TAMS 0x0000000082a00000, 0x0000000082900000| Untracked 
|  42|0x0000000082a00000, 0x0000000082b00000, 0x0000000082b00000|100%| O|  |TAMS 0x0000000082b00000, 0x0000000082a00000| Untracked 
|  43|0x0000000082b00000, 0x0000000082c00000, 0x0000000082c00000|100%| O|  |TAMS 0x0000000082c00000, 0x0000000082b00000| Untracked 
|  44|0x0000000082c00000, 0x0000000082d00000, 0x0000000082d00000|100%| O|  |TAMS 0x0000000082d00000, 0x0000000082c00000| Untracked 
|  45|0x0000000082d00000, 0x0000000082e00000, 0x0000000082e00000|100%| O|  |TAMS 0x0000000082e00000, 0x0000000082d00000| Untracked 
|  46|0x0000000082e00000, 0x0000000082f00000, 0x0000000082f00000|100%| O|  |TAMS 0x0000000082f00000, 0x0000000082e00000| Untracked 
|  47|0x0000000082f00000, 0x0000000083000000, 0x0000000083000000|100%| O|  |TAMS 0x0000000083000000, 0x0000000082f00000| Untracked 
|  48|0x0000000083000000, 0x0000000083100000, 0x0000000083100000|100%| O|  |TAMS 0x0000000083100000, 0x0000000083000000| Untracked 
|  49|0x0000000083100000, 0x0000000083200000, 0x0000000083200000|100%| O|  |TAMS 0x0000000083200000, 0x0000000083100000| Untracked 
|  50|0x0000000083200000, 0x0000000083300000, 0x0000000083300000|100%| O|  |TAMS 0x0000000083300000, 0x0000000083200000| Untracked 
|  51|0x0000000083300000, 0x0000000083400000, 0x0000000083400000|100%| O|  |TAMS 0x0000000083400000, 0x0000000083300000| Untracked 
|  52|0x0000000083400000, 0x0000000083500000, 0x0000000083500000|100%| O|  |TAMS 0x0000000083500000, 0x0000000083400000| Untracked 
|  53|0x0000000083500000, 0x0000000083600000, 0x0000000083600000|100%| O|  |TAMS 0x0000000083600000, 0x0000000083500000| Untracked 
|  54|0x0000000083600000, 0x0000000083700000, 0x0000000083700000|100%| O|  |TAMS 0x0000000083700000, 0x0000000083600000| Untracked 
|  55|0x0000000083700000, 0x0000000083800000, 0x0000000083800000|100%| O|  |TAMS 0x0000000083800000, 0x0000000083700000| Untracked 
|  56|0x0000000083800000, 0x0000000083900000, 0x0000000083900000|100%| O|  |TAMS 0x0000000083900000, 0x0000000083800000| Untracked 
|  57|0x0000000083900000, 0x0000000083a00000, 0x0000000083a00000|100%| O|  |TAMS 0x0000000083a00000, 0x0000000083900000| Untracked 
|  58|0x0000000083a00000, 0x0000000083b00000, 0x0000000083b00000|100%| O|  |TAMS 0x0000000083b00000, 0x0000000083a00000| Untracked 
|  59|0x0000000083b00000, 0x0000000083c00000, 0x0000000083c00000|100%| O|  |TAMS 0x0000000083c00000, 0x0000000083b00000| Untracked 
|  60|0x0000000083c00000, 0x0000000083d00000, 0x0000000083d00000|100%| O|  |TAMS 0x0000000083d00000, 0x0000000083c00000| Untracked 
|  61|0x0000000083d00000, 0x0000000083e00000, 0x0000000083e00000|100%| O|  |TAMS 0x0000000083e00000, 0x0000000083d00000| Untracked 
|  62|0x0000000083e00000, 0x0000000083f00000, 0x0000000083f00000|100%| O|  |TAMS 0x0000000083f00000, 0x0000000083e00000| Untracked 
|  63|0x0000000083f00000, 0x0000000084000000, 0x0000000084000000|100%| O|  |TAMS 0x0000000084000000, 0x0000000083f00000| Untracked 
|  64|0x0000000084000000, 0x0000000084100000, 0x0000000084100000|100%| O|  |TAMS 0x0000000084100000, 0x0000000084000000| Untracked 
|  65|0x0000000084100000, 0x0000000084200000, 0x0000000084200000|100%| O|  |TAMS 0x0000000084200000, 0x0000000084100000| Untracked 
|  66|0x0000000084200000, 0x0000000084300000, 0x0000000084300000|100%| O|  |TAMS 0x0000000084300000, 0x0000000084200000| Untracked 
|  67|0x0000000084300000, 0x0000000084400000, 0x0000000084400000|100%| O|  |TAMS 0x0000000084400000, 0x0000000084300000| Untracked 
|  68|0x0000000084400000, 0x0000000084500000, 0x0000000084500000|100%| O|  |TAMS 0x0000000084500000, 0x0000000084400000| Untracked 
|  69|0x0000000084500000, 0x0000000084600000, 0x0000000084600000|100%| O|  |TAMS 0x0000000084600000, 0x0000000084500000| Untracked 
|  70|0x0000000084600000, 0x0000000084700000, 0x0000000084700000|100%| O|  |TAMS 0x0000000084700000, 0x0000000084600000| Untracked 
|  71|0x0000000084700000, 0x0000000084800000, 0x0000000084800000|100%| O|  |TAMS 0x0000000084800000, 0x0000000084700000| Untracked 
|  72|0x0000000084800000, 0x0000000084900000, 0x0000000084900000|100%| O|  |TAMS 0x0000000084900000, 0x0000000084800000| Untracked 
|  73|0x0000000084900000, 0x0000000084a00000, 0x0000000084a00000|100%|HS|  |TAMS 0x0000000084a00000, 0x0000000084900000| Complete 
|  74|0x0000000084a00000, 0x0000000084b00000, 0x0000000084b00000|100%|HC|  |TAMS 0x0000000084b00000, 0x0000000084a00000| Complete 
|  75|0x0000000084b00000, 0x0000000084c00000, 0x0000000084c00000|100%|HS|  |TAMS 0x0000000084c00000, 0x0000000084b00000| Complete 
|  76|0x0000000084c00000, 0x0000000084d00000, 0x0000000084d00000|100%|HS|  |TAMS 0x0000000084d00000, 0x0000000084c00000| Complete 
|  77|0x0000000084d00000, 0x0000000084e00000, 0x0000000084e00000|100%|HS|  |TAMS 0x0000000084e00000, 0x0000000084d00000| Complete 
|  78|0x0000000084e00000, 0x0000000084f00000, 0x0000000084f00000|100%|HS|  |TAMS 0x0000000084f00000, 0x0000000084e00000| Complete 
|  79|0x0000000084f00000, 0x0000000085000000, 0x0000000085000000|100%|HC|  |TAMS 0x0000000085000000, 0x0000000084f00000| Complete 
|  80|0x0000000085000000, 0x0000000085100000, 0x0000000085100000|100%|HS|  |TAMS 0x0000000085100000, 0x0000000085000000| Complete 
|  81|0x0000000085100000, 0x0000000085200000, 0x0000000085200000|100%|HC|  |TAMS 0x0000000085200000, 0x0000000085100000| Complete 
|  82|0x0000000085200000, 0x0000000085300000, 0x0000000085300000|100%|HC|  |TAMS 0x0000000085300000, 0x0000000085200000| Complete 
|  83|0x0000000085300000, 0x0000000085400000, 0x0000000085400000|100%|HS|  |TAMS 0x0000000085400000, 0x0000000085300000| Complete 
|  84|0x0000000085400000, 0x0000000085500000, 0x0000000085500000|100%|HS|  |TAMS 0x0000000085500000, 0x0000000085400000| Complete 
|  85|0x0000000085500000, 0x0000000085600000, 0x0000000085600000|100%| O|  |TAMS 0x0000000085600000, 0x0000000085500000| Untracked 
|  86|0x0000000085600000, 0x0000000085700000, 0x0000000085700000|100%|HS|  |TAMS 0x0000000085700000, 0x0000000085600000| Complete 
|  87|0x0000000085700000, 0x0000000085800000, 0x0000000085800000|100%|HC|  |TAMS 0x0000000085800000, 0x0000000085700000| Complete 
|  88|0x0000000085800000, 0x0000000085900000, 0x0000000085900000|100%| O|  |TAMS 0x0000000085900000, 0x0000000085800000| Untracked 
|  89|0x0000000085900000, 0x0000000085a00000, 0x0000000085a00000|100%|HS|  |TAMS 0x0000000085a00000, 0x0000000085900000| Complete 
|  90|0x0000000085a00000, 0x0000000085b00000, 0x0000000085b00000|100%| O|  |TAMS 0x0000000085b00000, 0x0000000085a00000| Untracked 
|  91|0x0000000085b00000, 0x0000000085c00000, 0x0000000085c00000|100%|HS|  |TAMS 0x0000000085c00000, 0x0000000085b00000| Complete 
|  92|0x0000000085c00000, 0x0000000085d00000, 0x0000000085d00000|100%| O|  |TAMS 0x0000000085d00000, 0x0000000085c00000| Untracked 
|  93|0x0000000085d00000, 0x0000000085e00000, 0x0000000085e00000|100%|HS|  |TAMS 0x0000000085e00000, 0x0000000085d00000| Complete 
|  94|0x0000000085e00000, 0x0000000085f00000, 0x0000000085f00000|100%| O|  |TAMS 0x0000000085f00000, 0x0000000085e00000| Untracked 
|  95|0x0000000085f00000, 0x0000000086000000, 0x0000000086000000|100%| O|  |TAMS 0x0000000086000000, 0x0000000085f00000| Untracked 
|  96|0x0000000086000000, 0x0000000086100000, 0x0000000086100000|100%| O|  |TAMS 0x0000000086100000, 0x0000000086000000| Untracked 
|  97|0x0000000086100000, 0x0000000086200000, 0x0000000086200000|100%|HS|  |TAMS 0x0000000086200000, 0x0000000086100000| Complete 
|  98|0x0000000086200000, 0x0000000086300000, 0x0000000086300000|100%|HC|  |TAMS 0x0000000086300000, 0x0000000086200000| Complete 
|  99|0x0000000086300000, 0x0000000086400000, 0x0000000086400000|100%| O|  |TAMS 0x0000000086400000, 0x0000000086300000| Untracked 
| 100|0x0000000086400000, 0x0000000086500000, 0x0000000086500000|100%| O|  |TAMS 0x0000000086500000, 0x0000000086400000| Untracked 
| 101|0x0000000086500000, 0x0000000086600000, 0x0000000086600000|100%| O|  |TAMS 0x0000000086600000, 0x0000000086500000| Untracked 
| 102|0x0000000086600000, 0x0000000086700000, 0x0000000086700000|100%| O|  |TAMS 0x0000000086700000, 0x0000000086600000| Untracked 
| 103|0x0000000086700000, 0x0000000086800000, 0x0000000086800000|100%| O|  |TAMS 0x0000000086800000, 0x0000000086700000| Untracked 
| 104|0x0000000086800000, 0x0000000086900000, 0x0000000086900000|100%| O|  |TAMS 0x0000000086900000, 0x0000000086800000| Untracked 
| 105|0x0000000086900000, 0x0000000086a00000, 0x0000000086a00000|100%|HS|  |TAMS 0x0000000086a00000, 0x0000000086900000| Complete 
| 106|0x0000000086a00000, 0x0000000086b00000, 0x0000000086b00000|100%|HC|  |TAMS 0x0000000086b00000, 0x0000000086a00000| Complete 
| 107|0x0000000086b00000, 0x0000000086c00000, 0x0000000086c00000|100%|HC|  |TAMS 0x0000000086c00000, 0x0000000086b00000| Complete 
| 108|0x0000000086c00000, 0x0000000086d00000, 0x0000000086d00000|100%| O|  |TAMS 0x0000000086d00000, 0x0000000086c00000| Untracked 
| 109|0x0000000086d00000, 0x0000000086e00000, 0x0000000086e00000|100%| O|  |TAMS 0x0000000086e00000, 0x0000000086d00000| Untracked 
| 110|0x0000000086e00000, 0x0000000086f00000, 0x0000000086f00000|100%| O|  |TAMS 0x0000000086f00000, 0x0000000086e00000| Untracked 
| 111|0x0000000086f00000, 0x0000000087000000, 0x0000000087000000|100%| O|  |TAMS 0x0000000087000000, 0x0000000086f00000| Untracked 
| 112|0x0000000087000000, 0x0000000087100000, 0x0000000087100000|100%| O|  |TAMS 0x0000000087100000, 0x0000000087000000| Untracked 
| 113|0x0000000087100000, 0x0000000087200000, 0x0000000087200000|100%| O|  |TAMS 0x0000000087200000, 0x0000000087100000| Untracked 
| 114|0x0000000087200000, 0x0000000087300000, 0x0000000087300000|100%| O|  |TAMS 0x0000000087300000, 0x0000000087200000| Untracked 
| 115|0x0000000087300000, 0x0000000087400000, 0x0000000087400000|100%| O|  |TAMS 0x0000000087400000, 0x0000000087300000| Untracked 
| 116|0x0000000087400000, 0x0000000087500000, 0x0000000087500000|100%| O|  |TAMS 0x0000000087500000, 0x0000000087400000| Untracked 
| 117|0x0000000087500000, 0x0000000087600000, 0x0000000087600000|100%| O|  |TAMS 0x0000000087600000, 0x0000000087500000| Untracked 
| 118|0x0000000087600000, 0x0000000087700000, 0x0000000087700000|100%| O|  |TAMS 0x0000000087700000, 0x0000000087600000| Untracked 
| 119|0x0000000087700000, 0x0000000087800000, 0x0000000087800000|100%| O|  |TAMS 0x0000000087800000, 0x0000000087700000| Untracked 
| 120|0x0000000087800000, 0x0000000087900000, 0x0000000087900000|100%| O|  |TAMS 0x0000000087900000, 0x0000000087800000| Untracked 
| 121|0x0000000087900000, 0x0000000087a00000, 0x0000000087a00000|100%| O|  |TAMS 0x0000000087a00000, 0x0000000087900000| Untracked 
| 122|0x0000000087a00000, 0x0000000087b00000, 0x0000000087b00000|100%| O|  |TAMS 0x0000000087b00000, 0x0000000087a00000| Untracked 
| 123|0x0000000087b00000, 0x0000000087c00000, 0x0000000087c00000|100%| O|  |TAMS 0x0000000087c00000, 0x0000000087b00000| Untracked 
| 124|0x0000000087c00000, 0x0000000087d00000, 0x0000000087d00000|100%| O|  |TAMS 0x0000000087d00000, 0x0000000087c00000| Untracked 
| 125|0x0000000087d00000, 0x0000000087e00000, 0x0000000087e00000|100%| O|  |TAMS 0x0000000087e00000, 0x0000000087d00000| Untracked 
| 126|0x0000000087e00000, 0x0000000087f00000, 0x0000000087f00000|100%| O|  |TAMS 0x0000000087f00000, 0x0000000087e00000| Untracked 
| 127|0x0000000087f00000, 0x0000000088000000, 0x0000000088000000|100%| O|  |TAMS 0x0000000088000000, 0x0000000087f00000| Untracked 
| 128|0x0000000088000000, 0x0000000088100000, 0x0000000088100000|100%| O|  |TAMS 0x0000000088100000, 0x0000000088000000| Untracked 
| 129|0x0000000088100000, 0x0000000088200000, 0x0000000088200000|100%| O|  |TAMS 0x0000000088200000, 0x0000000088100000| Untracked 
| 130|0x0000000088200000, 0x0000000088300000, 0x0000000088300000|100%| O|  |TAMS 0x0000000088300000, 0x0000000088200000| Untracked 
| 131|0x0000000088300000, 0x0000000088400000, 0x0000000088400000|100%| O|  |TAMS 0x0000000088400000, 0x0000000088300000| Untracked 
| 132|0x0000000088400000, 0x0000000088500000, 0x0000000088500000|100%| O|  |TAMS 0x0000000088500000, 0x0000000088400000| Untracked 
| 133|0x0000000088500000, 0x0000000088600000, 0x0000000088600000|100%| O|  |TAMS 0x0000000088600000, 0x0000000088500000| Untracked 
| 134|0x0000000088600000, 0x0000000088700000, 0x0000000088700000|100%| O|  |TAMS 0x0000000088700000, 0x0000000088600000| Untracked 
| 135|0x0000000088700000, 0x0000000088800000, 0x0000000088800000|100%| O|  |TAMS 0x0000000088800000, 0x0000000088700000| Untracked 
| 136|0x0000000088800000, 0x0000000088900000, 0x0000000088900000|100%| O|  |TAMS 0x0000000088900000, 0x0000000088800000| Untracked 
| 137|0x0000000088900000, 0x0000000088a00000, 0x0000000088a00000|100%| O|  |TAMS 0x0000000088a00000, 0x0000000088900000| Untracked 
| 138|0x0000000088a00000, 0x0000000088b00000, 0x0000000088b00000|100%| O|  |TAMS 0x0000000088b00000, 0x0000000088a00000| Untracked 
| 139|0x0000000088b00000, 0x0000000088c00000, 0x0000000088c00000|100%| O|  |TAMS 0x0000000088c00000, 0x0000000088b00000| Untracked 
| 140|0x0000000088c00000, 0x0000000088d00000, 0x0000000088d00000|100%| O|  |TAMS 0x0000000088d00000, 0x0000000088c00000| Untracked 
| 141|0x0000000088d00000, 0x0000000088e00000, 0x0000000088e00000|100%| O|  |TAMS 0x0000000088e00000, 0x0000000088d00000| Untracked 
| 142|0x0000000088e00000, 0x0000000088f00000, 0x0000000088f00000|100%| O|  |TAMS 0x0000000088e00000, 0x0000000088e00000| Untracked 
| 143|0x0000000088f00000, 0x0000000089000000, 0x0000000089000000|100%| O|  |TAMS 0x0000000088f00000, 0x0000000088f00000| Untracked 
| 144|0x0000000089000000, 0x0000000089100000, 0x0000000089100000|100%| O|  |TAMS 0x0000000089000000, 0x0000000089000000| Untracked 
| 145|0x0000000089100000, 0x0000000089200000, 0x0000000089200000|100%| O|  |TAMS 0x0000000089100000, 0x0000000089100000| Untracked 
| 146|0x0000000089200000, 0x0000000089300000, 0x0000000089300000|100%| O|  |TAMS 0x0000000089200000, 0x0000000089200000| Untracked 
| 147|0x0000000089300000, 0x0000000089400000, 0x0000000089400000|100%| O|  |TAMS 0x0000000089300000, 0x0000000089300000| Untracked 
| 148|0x0000000089400000, 0x0000000089500000, 0x0000000089500000|100%| O|  |TAMS 0x0000000089400000, 0x0000000089400000| Untracked 
| 149|0x0000000089500000, 0x0000000089600000, 0x0000000089600000|100%| O|  |TAMS 0x0000000089500000, 0x0000000089500000| Untracked 
| 150|0x0000000089600000, 0x0000000089700000, 0x0000000089700000|100%| O|  |TAMS 0x0000000089600000, 0x0000000089600000| Untracked 
| 151|0x0000000089700000, 0x0000000089800000, 0x0000000089800000|100%| O|  |TAMS 0x0000000089700000, 0x0000000089700000| Untracked 
| 152|0x0000000089800000, 0x0000000089900000, 0x0000000089900000|100%| O|  |TAMS 0x0000000089800000, 0x0000000089800000| Untracked 
| 153|0x0000000089900000, 0x0000000089a00000, 0x0000000089a00000|100%| O|  |TAMS 0x0000000089900000, 0x0000000089900000| Untracked 
| 154|0x0000000089a00000, 0x0000000089b00000, 0x0000000089b00000|100%| O|  |TAMS 0x0000000089a00000, 0x0000000089a00000| Untracked 
| 155|0x0000000089b00000, 0x0000000089c00000, 0x0000000089c00000|100%| O|  |TAMS 0x0000000089b00000, 0x0000000089b00000| Untracked 
| 156|0x0000000089c00000, 0x0000000089d00000, 0x0000000089d00000|100%| O|  |TAMS 0x0000000089c00000, 0x0000000089c00000| Untracked 
| 157|0x0000000089d00000, 0x0000000089e00000, 0x0000000089e00000|100%| O|  |TAMS 0x0000000089d00000, 0x0000000089d00000| Untracked 
| 158|0x0000000089e00000, 0x0000000089f00000, 0x0000000089f00000|100%| O|  |TAMS 0x0000000089e00000, 0x0000000089e00000| Untracked 
| 159|0x0000000089f00000, 0x000000008a000000, 0x000000008a000000|100%| O|  |TAMS 0x0000000089f00000, 0x0000000089f00000| Untracked 
| 160|0x000000008a000000, 0x000000008a100000, 0x000000008a100000|100%| O|  |TAMS 0x000000008a000000, 0x000000008a000000| Untracked 
| 161|0x000000008a100000, 0x000000008a200000, 0x000000008a200000|100%| O|  |TAMS 0x000000008a100000, 0x000000008a100000| Untracked 
| 162|0x000000008a200000, 0x000000008a300000, 0x000000008a300000|100%| O|  |TAMS 0x000000008a200000, 0x000000008a200000| Untracked 
| 163|0x000000008a300000, 0x000000008a400000, 0x000000008a400000|100%| O|  |TAMS 0x000000008a300000, 0x000000008a300000| Untracked 
| 164|0x000000008a400000, 0x000000008a400000, 0x000000008a500000|  0%| F|  |TAMS 0x000000008a400000, 0x000000008a400000| Untracked 
| 165|0x000000008a500000, 0x000000008a500000, 0x000000008a600000|  0%| F|  |TAMS 0x000000008a500000, 0x000000008a500000| Untracked 
| 166|0x000000008a600000, 0x000000008a600000, 0x000000008a700000|  0%| F|  |TAMS 0x000000008a600000, 0x000000008a600000| Untracked 
| 167|0x000000008a700000, 0x000000008a700000, 0x000000008a800000|  0%| F|  |TAMS 0x000000008a700000, 0x000000008a700000| Untracked 
| 168|0x000000008a800000, 0x000000008a800000, 0x000000008a900000|  0%| F|  |TAMS 0x000000008a800000, 0x000000008a800000| Untracked 
| 169|0x000000008a900000, 0x000000008a900000, 0x000000008aa00000|  0%| F|  |TAMS 0x000000008a900000, 0x000000008a900000| Untracked 
| 170|0x000000008aa00000, 0x000000008aa00000, 0x000000008ab00000|  0%| F|  |TAMS 0x000000008aa00000, 0x000000008aa00000| Untracked 
| 171|0x000000008ab00000, 0x000000008ab00000, 0x000000008ac00000|  0%| F|  |TAMS 0x000000008ab00000, 0x000000008ab00000| Untracked 
| 172|0x000000008ac00000, 0x000000008ac00000, 0x000000008ad00000|  0%| F|  |TAMS 0x000000008ac00000, 0x000000008ac00000| Untracked 
| 173|0x000000008ad00000, 0x000000008ad00000, 0x000000008ae00000|  0%| F|  |TAMS 0x000000008ad00000, 0x000000008ad00000| Untracked 
| 174|0x000000008ae00000, 0x000000008ae00000, 0x000000008af00000|  0%| F|  |TAMS 0x000000008ae00000, 0x000000008ae00000| Untracked 
| 175|0x000000008af00000, 0x000000008af00000, 0x000000008b000000|  0%| F|  |TAMS 0x000000008af00000, 0x000000008af00000| Untracked 
| 176|0x000000008b000000, 0x000000008b000000, 0x000000008b100000|  0%| F|  |TAMS 0x000000008b000000, 0x000000008b000000| Untracked 
| 177|0x000000008b100000, 0x000000008b100000, 0x000000008b200000|  0%| F|  |TAMS 0x000000008b100000, 0x000000008b100000| Untracked 
| 178|0x000000008b200000, 0x000000008b200000, 0x000000008b300000|  0%| F|  |TAMS 0x000000008b200000, 0x000000008b200000| Untracked 
| 179|0x000000008b300000, 0x000000008b300000, 0x000000008b400000|  0%| F|  |TAMS 0x000000008b300000, 0x000000008b300000| Untracked 
| 180|0x000000008b400000, 0x000000008b400000, 0x000000008b500000|  0%| F|  |TAMS 0x000000008b400000, 0x000000008b400000| Untracked 
| 181|0x000000008b500000, 0x000000008b500000, 0x000000008b600000|  0%| F|  |TAMS 0x000000008b500000, 0x000000008b500000| Untracked 
| 182|0x000000008b600000, 0x000000008b600000, 0x000000008b700000|  0%| F|  |TAMS 0x000000008b600000, 0x000000008b600000| Untracked 
| 183|0x000000008b700000, 0x000000008b700000, 0x000000008b800000|  0%| F|  |TAMS 0x000000008b700000, 0x000000008b700000| Untracked 
| 184|0x000000008b800000, 0x000000008b800000, 0x000000008b900000|  0%| F|  |TAMS 0x000000008b800000, 0x000000008b800000| Untracked 
| 185|0x000000008b900000, 0x000000008b900000, 0x000000008ba00000|  0%| F|  |TAMS 0x000000008b900000, 0x000000008b900000| Untracked 
| 186|0x000000008ba00000, 0x000000008ba00000, 0x000000008bb00000|  0%| F|  |TAMS 0x000000008ba00000, 0x000000008ba00000| Untracked 
| 187|0x000000008bb00000, 0x000000008bb00000, 0x000000008bc00000|  0%| F|  |TAMS 0x000000008bb00000, 0x000000008bb00000| Untracked 
| 188|0x000000008bc00000, 0x000000008bc00000, 0x000000008bd00000|  0%| F|  |TAMS 0x000000008bc00000, 0x000000008bc00000| Untracked 
| 189|0x000000008bd00000, 0x000000008bd00000, 0x000000008be00000|  0%| F|  |TAMS 0x000000008bd00000, 0x000000008bd00000| Untracked 
| 190|0x000000008be00000, 0x000000008be00000, 0x000000008bf00000|  0%| F|  |TAMS 0x000000008be00000, 0x000000008be00000| Untracked 
| 191|0x000000008bf00000, 0x000000008bf00000, 0x000000008c000000|  0%| F|  |TAMS 0x000000008bf00000, 0x000000008bf00000| Untracked 
| 192|0x000000008c000000, 0x000000008c000000, 0x000000008c100000|  0%| F|  |TAMS 0x000000008c000000, 0x000000008c000000| Untracked 
| 193|0x000000008c100000, 0x000000008c100000, 0x000000008c200000|  0%| F|  |TAMS 0x000000008c100000, 0x000000008c100000| Untracked 
| 194|0x000000008c200000, 0x000000008c200000, 0x000000008c300000|  0%| F|  |TAMS 0x000000008c200000, 0x000000008c200000| Untracked 
| 195|0x000000008c300000, 0x000000008c300000, 0x000000008c400000|  0%| F|  |TAMS 0x000000008c300000, 0x000000008c300000| Untracked 
| 196|0x000000008c400000, 0x000000008c400000, 0x000000008c500000|  0%| F|  |TAMS 0x000000008c400000, 0x000000008c400000| Untracked 
| 197|0x000000008c500000, 0x000000008c500000, 0x000000008c600000|  0%| F|  |TAMS 0x000000008c500000, 0x000000008c500000| Untracked 
| 198|0x000000008c600000, 0x000000008c600000, 0x000000008c700000|  0%| F|  |TAMS 0x000000008c600000, 0x000000008c600000| Untracked 
| 199|0x000000008c700000, 0x000000008c700000, 0x000000008c800000|  0%| F|  |TAMS 0x000000008c700000, 0x000000008c700000| Untracked 
| 200|0x000000008c800000, 0x000000008c800000, 0x000000008c900000|  0%| F|  |TAMS 0x000000008c800000, 0x000000008c800000| Untracked 
| 201|0x000000008c900000, 0x000000008c900000, 0x000000008ca00000|  0%| F|  |TAMS 0x000000008c900000, 0x000000008c900000| Untracked 
| 202|0x000000008ca00000, 0x000000008ca00000, 0x000000008cb00000|  0%| F|  |TAMS 0x000000008ca00000, 0x000000008ca00000| Untracked 
| 203|0x000000008cb00000, 0x000000008cb00000, 0x000000008cc00000|  0%| F|  |TAMS 0x000000008cb00000, 0x000000008cb00000| Untracked 
| 204|0x000000008cc00000, 0x000000008cc00000, 0x000000008cd00000|  0%| F|  |TAMS 0x000000008cc00000, 0x000000008cc00000| Untracked 
| 205|0x000000008cd00000, 0x000000008cd00000, 0x000000008ce00000|  0%| F|  |TAMS 0x000000008cd00000, 0x000000008cd00000| Untracked 
| 206|0x000000008ce00000, 0x000000008ce00000, 0x000000008cf00000|  0%| F|  |TAMS 0x000000008ce00000, 0x000000008ce00000| Untracked 
| 207|0x000000008cf00000, 0x000000008cf00000, 0x000000008d000000|  0%| F|  |TAMS 0x000000008cf00000, 0x000000008cf00000| Untracked 
| 208|0x000000008d000000, 0x000000008d100000, 0x000000008d100000|100%| S|CS|TAMS 0x000000008d000000, 0x000000008d000000| Complete 
| 209|0x000000008d100000, 0x000000008d200000, 0x000000008d200000|100%| S|CS|TAMS 0x000000008d100000, 0x000000008d100000| Complete 
| 210|0x000000008d200000, 0x000000008d300000, 0x000000008d300000|100%| S|CS|TAMS 0x000000008d200000, 0x000000008d200000| Complete 
| 211|0x000000008d300000, 0x000000008d400000, 0x000000008d400000|100%| S|CS|TAMS 0x000000008d300000, 0x000000008d300000| Complete 
| 212|0x000000008d400000, 0x000000008d500000, 0x000000008d500000|100%| S|CS|TAMS 0x000000008d400000, 0x000000008d400000| Complete 
| 213|0x000000008d500000, 0x000000008d600000, 0x000000008d600000|100%| S|CS|TAMS 0x000000008d500000, 0x000000008d500000| Complete 
| 214|0x000000008d600000, 0x000000008d700000, 0x000000008d700000|100%| S|CS|TAMS 0x000000008d600000, 0x000000008d600000| Complete 
| 215|0x000000008d700000, 0x000000008d700000, 0x000000008d800000|  0%| F|  |TAMS 0x000000008d700000, 0x000000008d700000| Untracked 
| 216|0x000000008d800000, 0x000000008d800000, 0x000000008d900000|  0%| F|  |TAMS 0x000000008d800000, 0x000000008d800000| Untracked 
| 217|0x000000008d900000, 0x000000008d900000, 0x000000008da00000|  0%| F|  |TAMS 0x000000008d900000, 0x000000008d900000| Untracked 
| 218|0x000000008da00000, 0x000000008da00000, 0x000000008db00000|  0%| F|  |TAMS 0x000000008da00000, 0x000000008da00000| Untracked 
| 219|0x000000008db00000, 0x000000008db00000, 0x000000008dc00000|  0%| F|  |TAMS 0x000000008db00000, 0x000000008db00000| Untracked 
| 220|0x000000008dc00000, 0x000000008dc00000, 0x000000008dd00000|  0%| F|  |TAMS 0x000000008dc00000, 0x000000008dc00000| Untracked 
| 221|0x000000008dd00000, 0x000000008dd00000, 0x000000008de00000|  0%| F|  |TAMS 0x000000008dd00000, 0x000000008dd00000| Untracked 
| 222|0x000000008de00000, 0x000000008de00000, 0x000000008df00000|  0%| F|  |TAMS 0x000000008de00000, 0x000000008de00000| Untracked 
| 223|0x000000008df00000, 0x000000008df00000, 0x000000008e000000|  0%| F|  |TAMS 0x000000008df00000, 0x000000008df00000| Untracked 
| 224|0x000000008e000000, 0x000000008e000000, 0x000000008e100000|  0%| F|  |TAMS 0x000000008e000000, 0x000000008e000000| Untracked 
| 225|0x000000008e100000, 0x000000008e100000, 0x000000008e200000|  0%| F|  |TAMS 0x000000008e100000, 0x000000008e100000| Untracked 
| 226|0x000000008e200000, 0x000000008e200000, 0x000000008e300000|  0%| F|  |TAMS 0x000000008e200000, 0x000000008e200000| Untracked 
| 227|0x000000008e300000, 0x000000008e300000, 0x000000008e400000|  0%| F|  |TAMS 0x000000008e300000, 0x000000008e300000| Untracked 
| 228|0x000000008e400000, 0x000000008e400000, 0x000000008e500000|  0%| F|  |TAMS 0x000000008e400000, 0x000000008e400000| Untracked 
| 229|0x000000008e500000, 0x000000008e500000, 0x000000008e600000|  0%| F|  |TAMS 0x000000008e500000, 0x000000008e500000| Untracked 
| 230|0x000000008e600000, 0x000000008e600000, 0x000000008e700000|  0%| F|  |TAMS 0x000000008e600000, 0x000000008e600000| Untracked 
| 231|0x000000008e700000, 0x000000008e700000, 0x000000008e800000|  0%| F|  |TAMS 0x000000008e700000, 0x000000008e700000| Untracked 
| 232|0x000000008e800000, 0x000000008e800000, 0x000000008e900000|  0%| F|  |TAMS 0x000000008e800000, 0x000000008e800000| Untracked 
| 233|0x000000008e900000, 0x000000008e900000, 0x000000008ea00000|  0%| F|  |TAMS 0x000000008e900000, 0x000000008e900000| Untracked 
| 234|0x000000008ea00000, 0x000000008ea00000, 0x000000008eb00000|  0%| F|  |TAMS 0x000000008ea00000, 0x000000008ea00000| Untracked 
| 235|0x000000008eb00000, 0x000000008eb00000, 0x000000008ec00000|  0%| F|  |TAMS 0x000000008eb00000, 0x000000008eb00000| Untracked 
| 236|0x000000008ec00000, 0x000000008ec00000, 0x000000008ed00000|  0%| F|  |TAMS 0x000000008ec00000, 0x000000008ec00000| Untracked 
| 237|0x000000008ed00000, 0x000000008ed00000, 0x000000008ee00000|  0%| F|  |TAMS 0x000000008ed00000, 0x000000008ed00000| Untracked 
| 238|0x000000008ee00000, 0x000000008ee00000, 0x000000008ef00000|  0%| F|  |TAMS 0x000000008ee00000, 0x000000008ee00000| Untracked 
| 239|0x000000008ef00000, 0x000000008ef00000, 0x000000008f000000|  0%| F|  |TAMS 0x000000008ef00000, 0x000000008ef00000| Untracked 
| 240|0x000000008f000000, 0x000000008f000000, 0x000000008f100000|  0%| F|  |TAMS 0x000000008f000000, 0x000000008f000000| Untracked 
| 241|0x000000008f100000, 0x000000008f100000, 0x000000008f200000|  0%| F|  |TAMS 0x000000008f100000, 0x000000008f100000| Untracked 
| 242|0x000000008f200000, 0x000000008f200000, 0x000000008f300000|  0%| F|  |TAMS 0x000000008f200000, 0x000000008f200000| Untracked 
| 243|0x000000008f300000, 0x000000008f300000, 0x000000008f400000|  0%| F|  |TAMS 0x000000008f300000, 0x000000008f300000| Untracked 
| 244|0x000000008f400000, 0x000000008f400000, 0x000000008f500000|  0%| F|  |TAMS 0x000000008f400000, 0x000000008f400000| Untracked 
| 245|0x000000008f500000, 0x000000008f5419f8, 0x000000008f600000| 30%| E|  |TAMS 0x000000008f500000, 0x000000008f500000| Complete 
| 246|0x000000008f600000, 0x000000008f700000, 0x000000008f700000|100%| E|CS|TAMS 0x000000008f600000, 0x000000008f600000| Complete 
| 247|0x000000008f700000, 0x000000008f800000, 0x000000008f800000|100%| E|CS|TAMS 0x000000008f700000, 0x000000008f700000| Complete 
| 248|0x000000008f800000, 0x000000008f900000, 0x000000008f900000|100%| E|CS|TAMS 0x000000008f800000, 0x000000008f800000| Complete 
| 249|0x000000008f900000, 0x000000008fa00000, 0x000000008fa00000|100%| E|CS|TAMS 0x000000008f900000, 0x000000008f900000| Complete 
| 250|0x000000008fa00000, 0x000000008fb00000, 0x000000008fb00000|100%| E|CS|TAMS 0x000000008fa00000, 0x000000008fa00000| Complete 
| 251|0x000000008fb00000, 0x000000008fc00000, 0x000000008fc00000|100%| E|CS|TAMS 0x000000008fb00000, 0x000000008fb00000| Complete 
| 252|0x000000008fc00000, 0x000000008fd00000, 0x000000008fd00000|100%| E|CS|TAMS 0x000000008fc00000, 0x000000008fc00000| Complete 
| 253|0x000000008fd00000, 0x000000008fe00000, 0x000000008fe00000|100%| E|CS|TAMS 0x000000008fd00000, 0x000000008fd00000| Complete 
| 254|0x000000008fe00000, 0x000000008ff00000, 0x000000008ff00000|100%| E|CS|TAMS 0x000000008fe00000, 0x000000008fe00000| Complete 
| 255|0x000000008ff00000, 0x0000000090000000, 0x0000000090000000|100%| E|CS|TAMS 0x000000008ff00000, 0x000000008ff00000| Complete 
| 256|0x0000000090000000, 0x0000000090100000, 0x0000000090100000|100%| O|  |TAMS 0x0000000090100000, 0x0000000090000000| Untracked 
| 257|0x0000000090100000, 0x0000000090200000, 0x0000000090200000|100%| O|  |TAMS 0x0000000090200000, 0x0000000090100000| Untracked 
| 258|0x0000000090200000, 0x0000000090300000, 0x0000000090300000|100%| O|  |TAMS 0x0000000090300000, 0x0000000090200000| Untracked 
| 259|0x0000000090300000, 0x0000000090400000, 0x0000000090400000|100%| O|  |TAMS 0x0000000090400000, 0x0000000090300000| Untracked 
| 260|0x0000000090400000, 0x0000000090500000, 0x0000000090500000|100%| O|  |TAMS 0x0000000090500000, 0x0000000090400000| Untracked 
| 261|0x0000000090500000, 0x0000000090600000, 0x0000000090600000|100%| O|  |TAMS 0x0000000090600000, 0x0000000090500000| Untracked 
| 262|0x0000000090600000, 0x0000000090700000, 0x0000000090700000|100%| O|  |TAMS 0x0000000090700000, 0x0000000090600000| Untracked 

Card table byte_map: [0x000001da22df0000,0x000001da231f0000] _byte_map_base: 0x000001da229f0000

Marking Bits (Prev, Next): (CMBitMap*) 0x000001da0fbe9c60, (CMBitMap*) 0x000001da0fbe9c28
 Prev Bits: [0x000001da255f0000, 0x000001da275f0000)
 Next Bits: [0x000001da235f0000, 0x000001da255f0000)

Polling page: 0x000001da0dae0000

Metaspace:

Usage:
  Non-class:     86.63 MB capacity,    84.99 MB ( 98%) used,     1.32 MB (  2%) free+waste,   333.56 KB ( <1%) overhead. 
      Class:     13.95 MB capacity,    12.90 MB ( 92%) used,   921.13 KB (  6%) free+waste,   152.75 KB (  1%) overhead. 
       Both:    100.58 MB capacity,    97.89 MB ( 97%) used,     2.22 MB (  2%) free+waste,   486.31 KB ( <1%) overhead. 

Virtual space:
  Non-class space:       88.00 MB reserved,      86.92 MB ( 99%) committed 
      Class space:        1.00 GB reserved,      14.11 MB (  1%) committed 
             Both:        1.09 GB reserved,     101.03 MB (  9%) committed 

Chunk freelists:
   Non-Class:  170.00 KB
       Class:  113.00 KB
        Both:  283.00 KB

MaxMetaspaceSize: 17179869184.00 GB
CompressedClassSpaceSize: 1.00 GB
Initial GC threshold: 20.80 MB
Current GC threshold: 164.63 MB
CDS: off

CodeHeap 'non-profiled nmethods': size=120000Kb used=7704Kb max_used=7704Kb free=112295Kb
 bounds [0x000001da1b190000, 0x000001da1b920000, 0x000001da226c0000]
CodeHeap 'profiled nmethods': size=120000Kb used=26898Kb max_used=26898Kb free=93101Kb
 bounds [0x000001da13c60000, 0x000001da156b0000, 0x000001da1b190000]
CodeHeap 'non-nmethods': size=5760Kb used=2420Kb max_used=2495Kb free=3339Kb
 bounds [0x000001da136c0000, 0x000001da13940000, 0x000001da13c60000]
 total_blobs=13401 nmethods=12456 adapters=855
 compilation: enabled
              stopped_count=0, restarted_count=0
 full_count=0

Compilation events (20 events):
Event: 9.019 Thread 0x000001da2a951800 nmethod 12503 0x000001da15687d90 code [0x000001da15687f60, 0x000001da15688198]
Event: 9.019 Thread 0x000001da2a951800 12504       3       com.android.tools.r8.graph.N::<init> (89 bytes)
Event: 9.021 Thread 0x000001da2a951800 nmethod 12504 0x000001da15688290 code [0x000001da15688440, 0x000001da156885a8]
Event: 9.021 Thread 0x000001da2a951800 12505       3       com.android.tools.r8.graph.u3::<init> (7 bytes)
Event: 9.021 Thread 0x000001da2a951800 nmethod 12505 0x000001da15688690 code [0x000001da15688840, 0x000001da15688968]
Event: 9.021 Thread 0x000001da2a951800 12506       1       com.android.tools.r8.internal.Dw::b (5 bytes)
Event: 9.021 Thread 0x000001da2a951800 nmethod 12506 0x000001da1b915390 code [0x000001da1b915540, 0x000001da1b9155f8]
Event: 9.021 Thread 0x000001da2a951800 12507       1       com.android.tools.r8.internal.Dw::a (5 bytes)
Event: 9.021 Thread 0x000001da2a951800 nmethod 12507 0x000001da1b915690 code [0x000001da1b915840, 0x000001da1b9158f8]
Event: 9.021 Thread 0x000001da2a951800 12508       1       com.android.tools.r8.graph.P::v0 (2 bytes)
Event: 9.021 Thread 0x000001da2a951800 nmethod 12508 0x000001da1b915990 code [0x000001da1b915b40, 0x000001da1b915bf8]
Event: 9.021 Thread 0x000001da2a951800 12509       1       com.android.tools.r8.graph.P::u (5 bytes)
Event: 9.021 Thread 0x000001da2a951800 nmethod 12509 0x000001da1b915c90 code [0x000001da1b915e40, 0x000001da1b915ef8]
Event: 9.021 Thread 0x000001da2a951800 12510       3       com.android.tools.r8.graph.a1$$Lambda$1447/0x0000000100682840::accept (16 bytes)
Event: 9.021 Thread 0x000001da2a951800 nmethod 12510 0x000001da15688a10 code [0x000001da15688c00, 0x000001da15689018]
Event: 9.021 Thread 0x000001da2a951800 12511       3       com.android.tools.r8.graph.a1::c (18 bytes)
Event: 9.021 Thread 0x000001da2a951800 nmethod 12511 0x000001da15689210 code [0x000001da156893e0, 0x000001da15689698]
Event: 9.021 Thread 0x000001da2a951800 12512       3       com.android.tools.r8.internal.WD$$Lambda$1497/0x0000000100b95040::accept (9 bytes)
Event: 9.022 Thread 0x000001da2a951800 nmethod 12512 0x000001da15689810 code [0x000001da15689a20, 0x000001da1568a098]
Event: 9.022 Thread 0x000001da2a951800 12521   !   3       com.android.tools.r8.internal.Zo::a (892 bytes)

GC Heap History (20 events):
Event: 3.955 GC heap before
{Heap before GC invocations=7 (full 0):
 garbage-first heap   total 262144K, used 175636K [0x0000000080000000, 0x0000000100000000)
  region size 1024K, 153 young (156672K), 13 survivors (13312K)
 Metaspace       used 55946K, capacity 57410K, committed 57520K, reserved 1099776K
  class space    used 7058K, capacity 7622K, committed 7680K, reserved 1048576K
}
Event: 3.964 GC heap after
{Heap after GC invocations=8 (full 0):
 garbage-first heap   total 262144K, used 41738K [0x0000000080000000, 0x0000000100000000)
  region size 1024K, 18 young (18432K), 18 survivors (18432K)
 Metaspace       used 55946K, capacity 57410K, committed 57520K, reserved 1099776K
  class space    used 7058K, capacity 7622K, committed 7680K, reserved 1048576K
}
Event: 4.117 GC heap before
{Heap before GC invocations=8 (full 0):
 garbage-first heap   total 262144K, used 55050K [0x0000000080000000, 0x0000000100000000)
  region size 1024K, 32 young (32768K), 18 survivors (18432K)
 Metaspace       used 58045K, capacity 59605K, committed 59696K, reserved 1101824K
  class space    used 7368K, capacity 7999K, committed 8064K, reserved 1048576K
}
Event: 4.128 GC heap after
{Heap after GC invocations=9 (full 0):
 garbage-first heap   total 262144K, used 42105K [0x0000000080000000, 0x0000000100000000)
  region size 1024K, 11 young (11264K), 11 survivors (11264K)
 Metaspace       used 58045K, capacity 59605K, committed 59696K, reserved 1101824K
  class space    used 7368K, capacity 7999K, committed 8064K, reserved 1048576K
}
Event: 5.085 GC heap before
{Heap before GC invocations=10 (full 0):
 garbage-first heap   total 262144K, used 194681K [0x0000000080000000, 0x0000000100000000)
  region size 1024K, 153 young (156672K), 11 survivors (11264K)
 Metaspace       used 67269K, capacity 69001K, committed 69168K, reserved 1110016K
  class space    used 8588K, capacity 9296K, committed 9344K, reserved 1048576K
}
Event: 5.094 GC heap after
{Heap after GC invocations=11 (full 0):
 garbage-first heap   total 262144K, used 52224K [0x0000000080000000, 0x0000000100000000)
  region size 1024K, 20 young (20480K), 20 survivors (20480K)
 Metaspace       used 67269K, capacity 69001K, committed 69168K, reserved 1110016K
  class space    used 8588K, capacity 9296K, committed 9344K, reserved 1048576K
}
Event: 6.196 GC heap before
{Heap before GC invocations=11 (full 0):
 garbage-first heap   total 262144K, used 188416K [0x0000000080000000, 0x0000000100000000)
  region size 1024K, 153 young (156672K), 20 survivors (20480K)
 Metaspace       used 79897K, capacity 81915K, committed 82096K, reserved 1120256K
  class space    used 10462K, capacity 11230K, committed 11264K, reserved 1048576K
}
Event: 6.207 GC heap after
{Heap after GC invocations=12 (full 0):
 garbage-first heap   total 262144K, used 62040K [0x0000000080000000, 0x0000000100000000)
  region size 1024K, 10 young (10240K), 10 survivors (10240K)
 Metaspace       used 79897K, capacity 81915K, committed 82096K, reserved 1120256K
  class space    used 10462K, capacity 11230K, committed 11264K, reserved 1048576K
}
Event: 6.962 GC heap before
{Heap before GC invocations=12 (full 0):
 garbage-first heap   total 262144K, used 199256K [0x0000000080000000, 0x0000000100000000)
  region size 1024K, 145 young (148480K), 10 survivors (10240K)
 Metaspace       used 83139K, capacity 85610K, committed 85936K, reserved 1124352K
  class space    used 10983K, capacity 11915K, committed 12032K, reserved 1048576K
}
Event: 6.971 GC heap after
{Heap after GC invocations=13 (full 0):
 garbage-first heap   total 262144K, used 73728K [0x0000000080000000, 0x0000000100000000)
  region size 1024K, 19 young (19456K), 19 survivors (19456K)
 Metaspace       used 83139K, capacity 85610K, committed 85936K, reserved 1124352K
  class space    used 10983K, capacity 11915K, committed 12032K, reserved 1048576K
}
Event: 7.772 GC heap before
{Heap before GC invocations=13 (full 0):
 garbage-first heap   total 262144K, used 202752K [0x0000000080000000, 0x0000000100000000)
  region size 1024K, 146 young (149504K), 19 survivors (19456K)
 Metaspace       used 90965K, capacity 93548K, committed 93744K, reserved 1130496K
  class space    used 11875K, capacity 12885K, committed 12928K, reserved 1048576K
}
Event: 7.787 GC heap after
{Heap after GC invocations=14 (full 0):
 garbage-first heap   total 262144K, used 81853K [0x0000000080000000, 0x0000000100000000)
  region size 1024K, 8 young (8192K), 8 survivors (8192K)
 Metaspace       used 90965K, capacity 93548K, committed 93744K, reserved 1130496K
  class space    used 11875K, capacity 12885K, committed 12928K, reserved 1048576K
}
Event: 8.283 GC heap before
{Heap before GC invocations=14 (full 0):
 garbage-first heap   total 262144K, used 241597K [0x0000000080000000, 0x0000000100000000)
  region size 1024K, 130 young (133120K), 8 survivors (8192K)
 Metaspace       used 95621K, capacity 98424K, committed 98480K, reserved 1134592K
  class space    used 12467K, capacity 13547K, committed 13568K, reserved 1048576K
}
Event: 8.295 GC heap after
{Heap after GC invocations=15 (full 0):
 garbage-first heap   total 269312K, used 120622K [0x0000000080000000, 0x0000000100000000)
  region size 1024K, 17 young (17408K), 17 survivors (17408K)
 Metaspace       used 95621K, capacity 98424K, committed 98480K, reserved 1134592K
  class space    used 12467K, capacity 13547K, committed 13568K, reserved 1048576K
}
Event: 8.426 GC heap before
{Heap before GC invocations=15 (full 0):
 garbage-first heap   total 269312K, used 153390K [0x0000000080000000, 0x0000000100000000)
  region size 1024K, 49 young (50176K), 17 survivors (17408K)
 Metaspace       used 96927K, capacity 99763K, committed 99888K, reserved 1134592K
  class space    used 12741K, capacity 13853K, committed 13952K, reserved 1048576K
}
Event: 8.443 GC heap after
{Heap after GC invocations=16 (full 0):
 garbage-first heap   total 269312K, used 135168K [0x0000000080000000, 0x0000000100000000)
  region size 1024K, 12 young (12288K), 12 survivors (12288K)
 Metaspace       used 96927K, capacity 99763K, committed 99888K, reserved 1134592K
  class space    used 12741K, capacity 13853K, committed 13952K, reserved 1048576K
}
Event: 8.674 GC heap before
{Heap before GC invocations=17 (full 0):
 garbage-first heap   total 269312K, used 191488K [0x0000000080000000, 0x0000000100000000)
  region size 1024K, 68 young (69632K), 12 survivors (12288K)
 Metaspace       used 97892K, capacity 100555K, committed 101148K, reserved 1136640K
  class space    used 12892K, capacity 13947K, committed 14188K, reserved 1048576K
}
Event: 8.699 GC heap after
{Heap after GC invocations=18 (full 0):
 garbage-first heap   total 269312K, used 161792K [0x0000000080000000, 0x0000000100000000)
  region size 1024K, 9 young (9216K), 9 survivors (9216K)
 Metaspace       used 97892K, capacity 100555K, committed 101148K, reserved 1136640K
  class space    used 12892K, capacity 13947K, committed 14188K, reserved 1048576K
}
Event: 8.920 GC heap before
{Heap before GC invocations=19 (full 0):
 garbage-first heap   total 269312K, used 202752K [0x0000000080000000, 0x0000000100000000)
  region size 1024K, 50 young (51200K), 9 survivors (9216K)
 Metaspace       used 99027K, capacity 101835K, committed 102300K, reserved 1136640K
  class space    used 13070K, capacity 14159K, committed 14316K, reserved 1048576K
}
Event: 8.937 GC heap after
{Heap after GC invocations=20 (full 0):
 garbage-first heap   total 269312K, used 182272K [0x0000000080000000, 0x0000000100000000)
  region size 1024K, 7 young (7168K), 7 survivors (7168K)
 Metaspace       used 99027K, capacity 101835K, committed 102300K, reserved 1136640K
  class space    used 13070K, capacity 14159K, committed 14316K, reserved 1048576K
}

Deoptimization events (20 events):
Event: 8.888 Thread 0x000001da3246f000 DEOPT PACKING pc=0x000001da1b7059a8 sp=0x0000005643afd870
Event: 8.888 Thread 0x000001da3246f000 DEOPT UNPACKING pc=0x000001da1370a1af sp=0x0000005643afd848 mode 2
Event: 8.891 Thread 0x000001da3246f000 Uncommon trap: trap_request=0xffffffde fr.pc=0x000001da1b8b3050 relative=0x0000000000000270
Event: 8.891 Thread 0x000001da3246f000 Uncommon trap: reason=class_check action=maybe_recompile pc=0x000001da1b8b3050 method=java.util.Map.computeIfAbsent(Ljava/lang/Object;Ljava/util/function/Function;)Ljava/lang/Object; @ 7 c2
Event: 8.891 Thread 0x000001da3246f000 DEOPT PACKING pc=0x000001da1b8b3050 sp=0x0000005643afdbb0
Event: 8.891 Thread 0x000001da3246f000 DEOPT UNPACKING pc=0x000001da1370a1af sp=0x0000005643afdb68 mode 2
Event: 8.891 Thread 0x000001da3246f000 Uncommon trap: trap_request=0xffffffde fr.pc=0x000001da1b8b3050 relative=0x0000000000000270
Event: 8.891 Thread 0x000001da3246f000 Uncommon trap: reason=class_check action=maybe_recompile pc=0x000001da1b8b3050 method=java.util.Map.computeIfAbsent(Ljava/lang/Object;Ljava/util/function/Function;)Ljava/lang/Object; @ 7 c2
Event: 8.891 Thread 0x000001da3246f000 DEOPT PACKING pc=0x000001da1b8b3050 sp=0x0000005643afdbb0
Event: 8.891 Thread 0x000001da3246f000 DEOPT UNPACKING pc=0x000001da1370a1af sp=0x0000005643afdb68 mode 2
Event: 8.894 Thread 0x000001da3246f000 Uncommon trap: trap_request=0xffffffde fr.pc=0x000001da1b8b3050 relative=0x0000000000000270
Event: 8.894 Thread 0x000001da3246f000 Uncommon trap: reason=class_check action=maybe_recompile pc=0x000001da1b8b3050 method=java.util.Map.computeIfAbsent(Ljava/lang/Object;Ljava/util/function/Function;)Ljava/lang/Object; @ 7 c2
Event: 8.894 Thread 0x000001da3246f000 DEOPT PACKING pc=0x000001da1b8b3050 sp=0x0000005643afd640
Event: 8.894 Thread 0x000001da3246f000 DEOPT UNPACKING pc=0x000001da1370a1af sp=0x0000005643afd5f8 mode 2
Event: 8.894 Thread 0x000001da3246f000 Uncommon trap: trap_request=0xffffffde fr.pc=0x000001da1b8b3050 relative=0x0000000000000270
Event: 8.894 Thread 0x000001da3246f000 Uncommon trap: reason=class_check action=maybe_recompile pc=0x000001da1b8b3050 method=java.util.Map.computeIfAbsent(Ljava/lang/Object;Ljava/util/function/Function;)Ljava/lang/Object; @ 7 c2
Event: 8.894 Thread 0x000001da3246f000 DEOPT PACKING pc=0x000001da1b8b3050 sp=0x0000005643afdbb0
Event: 8.894 Thread 0x000001da3246f000 DEOPT UNPACKING pc=0x000001da1370a1af sp=0x0000005643afdb68 mode 2
Event: 8.909 Thread 0x000001da3246f000 DEOPT PACKING pc=0x000001da140e4a7d sp=0x0000005643afc5e0
Event: 8.909 Thread 0x000001da3246f000 DEOPT UNPACKING pc=0x000001da1370a95e sp=0x0000005643afbad0 mode 0

Classes redefined (0 events):
No events

Internal exceptions (20 events):
Event: 8.169 Thread 0x000001da32470000 Exception <a 'sun/nio/fs/WindowsException'{0x000000008a655270}> (0x000000008a655270) thrown at [src/hotspot/share/prims/jni.cpp, line 617]
Event: 8.169 Thread 0x000001da32470000 Exception <a 'sun/nio/fs/WindowsException'{0x000000008a656120}> (0x000000008a656120) thrown at [src/hotspot/share/prims/jni.cpp, line 617]
Event: 8.169 Thread 0x000001da32470000 Exception <a 'sun/nio/fs/WindowsException'{0x000000008a656488}> (0x000000008a656488) thrown at [src/hotspot/share/prims/jni.cpp, line 617]
Event: 8.169 Thread 0x000001da32470000 Exception <a 'sun/nio/fs/WindowsException'{0x000000008a657350}> (0x000000008a657350) thrown at [src/hotspot/share/prims/jni.cpp, line 617]
Event: 8.169 Thread 0x000001da32470000 Exception <a 'sun/nio/fs/WindowsException'{0x000000008a657658}> (0x000000008a657658) thrown at [src/hotspot/share/prims/jni.cpp, line 617]
Event: 8.169 Thread 0x000001da32470000 Exception <a 'sun/nio/fs/WindowsException'{0x000000008a6584f0}> (0x000000008a6584f0) thrown at [src/hotspot/share/prims/jni.cpp, line 617]
Event: 8.169 Thread 0x000001da32470000 Exception <a 'sun/nio/fs/WindowsException'{0x000000008a658808}> (0x000000008a658808) thrown at [src/hotspot/share/prims/jni.cpp, line 617]
Event: 8.178 Thread 0x000001da32470000 Exception <a 'java/lang/NoSuchMethodError'{0x0000000089e789b8}: <clinit>> (0x0000000089e789b8) thrown at [src/hotspot/share/prims/jni.cpp, line 1367]
Event: 8.180 Thread 0x000001da32470000 Exception <a 'java/lang/NoSuchMethodError'{0x0000000089eb93c0}: <clinit>> (0x0000000089eb93c0) thrown at [src/hotspot/share/prims/jni.cpp, line 1367]
Event: 8.180 Thread 0x000001da32470000 Exception <a 'java/lang/NoSuchMethodError'{0x0000000089a8bee0}: <clinit>> (0x0000000089a8bee0) thrown at [src/hotspot/share/prims/jni.cpp, line 1367]
Event: 8.246 Thread 0x000001da32479000 Exception <a 'java/lang/NoSuchMethodError'{0x0000000089233000}: 'void java.lang.invoke.DirectMethodHandle$Holder.invokeStatic(java.lang.Object, long)'> (0x0000000089233000) thrown at [src/hotspot/share/interpreter/linkResolver.cpp, line 773]
Event: 8.246 Thread 0x000001da32479000 Exception <a 'java/lang/NoSuchMethodError'{0x00000000892384c0}: 'java.lang.Object java.lang.invoke.DirectMethodHandle$Holder.invokeStatic(java.lang.Object, long)'> (0x00000000892384c0) thrown at [src/hotspot/share/interpreter/linkResolver.cpp, line 773]
Event: 8.247 Thread 0x000001da32479000 Exception <a 'java/lang/NoSuchMethodError'{0x0000000088e9aca8}: 'java.lang.Object java.lang.invoke.DirectMethodHandle$Holder.invokeSpecial(java.lang.Object, java.lang.Object, long)'> (0x0000000088e9aca8) thrown at [src/hotspot/share/interpreter/linkResolver.cpp, line 773]
Event: 8.248 Thread 0x000001da32479000 Exception <a 'java/lang/NoSuchMethodError'{0x0000000088ecdbf0}: 'java.lang.Object java.lang.invoke.DirectMethodHandle$Holder.invokeStaticInit(java.lang.Object, java.lang.Object, long, java.lang.Object)'> (0x0000000088ecdbf0) thrown at [src/hotspot/share/interpreter/linkResolver.cpp, line 773]
Event: 8.352 Thread 0x000001da32479000 Exception <a 'java/lang/NoSuchMethodError'{0x000000008eec27b8}: 'int java.lang.invoke.DirectMethodHandle$Holder.invokeSpecialIFC(java.lang.Object, java.lang.Object, java.lang.Object)'> (0x000000008eec27b8) thrown at [src/hotspot/share/interpreter/linkResolver.cpp, line 773]
Event: 8.390 Thread 0x000001da3247d000 Exception <a 'java/lang/IncompatibleClassChangeError'{0x000000008e4f0f00}: Found class java.lang.Object, but interface was expected> (0x000000008e4f0f00) thrown at [src/hotspot/share/interpreter/linkResolver.cpp, line 839]
Event: 8.407 Thread 0x000001da3247e000 Exception <a 'java/lang/IncompatibleClassChangeError'{0x000000008e2b48e8}: Found class java.lang.Object, but interface was expected> (0x000000008e2b48e8) thrown at [src/hotspot/share/interpreter/linkResolver.cpp, line 839]
Event: 8.407 Thread 0x000001da3247e000 Exception <a 'java/lang/IncompatibleClassChangeError'{0x000000008e2c7a70}: Found class java.lang.Object, but interface was expected> (0x000000008e2c7a70) thrown at [src/hotspot/share/interpreter/linkResolver.cpp, line 839]
Event: 8.909 Thread 0x000001da3246f000 Exception <a 'java/lang/NoSuchMethodError'{0x000000008d702590}: 'void java.lang.invoke.DirectMethodHandle$Holder.invokeStatic(java.lang.Object, java.lang.Object, java.lang.Object, int)'> (0x000000008d702590) thrown at [src/hotspot/share/interpreter/linkResolver.cpp, line 773]
Event: 8.910 Thread 0x000001da3246f000 Exception <a 'java/lang/IncompatibleClassChangeError'{0x000000008d70a4f8}: Found class java.lang.Object, but interface was expected> (0x000000008d70a4f8) thrown at [src/hotspot/share/interpreter/linkResolver.cpp, line 839]

Events (20 events):
Event: 9.019 Executing coalesced safepoint VM operation: RevokeBias done
Event: 9.019 Executing coalesced safepoint VM operation: RevokeBias
Event: 9.019 Executing coalesced safepoint VM operation: RevokeBias done
Event: 9.019 Executing coalesced safepoint VM operation: RevokeBias
Event: 9.019 Executing coalesced safepoint VM operation: RevokeBias done
Event: 9.019 Executing coalesced safepoint VM operation: RevokeBias
Event: 9.019 Executing coalesced safepoint VM operation: RevokeBias done
Event: 9.019 Executing VM operation: RevokeBias done
Event: 9.019 Executing VM operation: RevokeBias
Event: 9.019 Executing coalesced safepoint VM operation: RevokeBias
Event: 9.019 Executing coalesced safepoint VM operation: RevokeBias done
Event: 9.019 Executing coalesced safepoint VM operation: RevokeBias
Event: 9.019 Executing coalesced safepoint VM operation: RevokeBias done
Event: 9.019 Executing coalesced safepoint VM operation: BulkRevokeBias
Event: 9.021 Executing coalesced safepoint VM operation: BulkRevokeBias done
Event: 9.021 Executing coalesced safepoint VM operation: RevokeBias
Event: 9.021 Executing coalesced safepoint VM operation: RevokeBias done
Event: 9.021 Executing coalesced safepoint VM operation: RevokeBias
Event: 9.021 Executing coalesced safepoint VM operation: RevokeBias done
Event: 9.021 Executing VM operation: RevokeBias done


Dynamic libraries:
0x00007ff73f210000 - 0x00007ff73f21a000 	C:\Program Files\Android\Android Studio\jbr\bin\java.exe
0x00007ff9f9700000 - 0x00007ff9f98ee000 	C:\Windows\SYSTEM32\ntdll.dll
0x00007ff9f6a20000 - 0x00007ff9f6ad3000 	C:\Windows\System32\KERNEL32.DLL
0x00007ff9f5970000 - 0x00007ff9f5c0d000 	C:\Windows\System32\KERNELBASE.dll
0x00007ff9f6000000 - 0x00007ff9f60fa000 	C:\Windows\System32\ucrtbase.dll
0x00007ff9e60e0000 - 0x00007ff9e60f7000 	C:\Program Files\Android\Android Studio\jbr\bin\jli.dll
0x00007ff9e60c0000 - 0x00007ff9e60db000 	C:\Program Files\Android\Android Studio\jbr\bin\VCRUNTIME140.dll
0x00007ff9f6ca0000 - 0x00007ff9f6e38000 	C:\Windows\System32\USER32.dll
0x00007ff9d7260000 - 0x00007ff9d74d9000 	C:\Windows\WinSxS\amd64_microsoft.windows.common-controls_6595b64144ccf1df_6.0.17763.4010_none_de6ee876534d4e3f\COMCTL32.dll
0x00007ff9f6fb0000 - 0x00007ff9f704e000 	C:\Windows\System32\msvcrt.dll
0x00007ff9f5ea0000 - 0x00007ff9f5ec0000 	C:\Windows\System32\win32u.dll
0x00007ff9f7470000 - 0x00007ff9f779c000 	C:\Windows\System32\combase.dll
0x00007ff9f7360000 - 0x00007ff9f7389000 	C:\Windows\System32\GDI32.dll
0x00007ff9f6900000 - 0x00007ff9f6a1d000 	C:\Windows\System32\RPCRT4.dll
0x00007ff9f5cb0000 - 0x00007ff9f5e50000 	C:\Windows\System32\gdi32full.dll
0x00007ff9f5c10000 - 0x00007ff9f5cb0000 	C:\Windows\System32\msvcp_win.dll
0x00007ff9f5f10000 - 0x00007ff9f5f92000 	C:\Windows\System32\bcryptPrimitives.dll
0x00007ff9f92b0000 - 0x00007ff9f92de000 	C:\Windows\System32\IMM32.DLL
0x00007ff9959b0000 - 0x00007ff995a3d000 	C:\Program Files\Android\Android Studio\jbr\bin\msvcp140.dll
0x00007ff9e1c50000 - 0x00007ff9e1c5c000 	C:\Windows\SYSTEM32\VCRUNTIME140_1.dll
0x00007ff9a0fb0000 - 0x00007ff9a1b6c000 	C:\Program Files\Android\Android Studio\jbr\bin\server\jvm.dll
0x00007ff9f9200000 - 0x00007ff9f92a7000 	C:\Windows\System32\ADVAPI32.dll
0x00007ff9f7050000 - 0x00007ff9f70ef000 	C:\Windows\System32\sechost.dll
0x00007ff9f7350000 - 0x00007ff9f7358000 	C:\Windows\System32\PSAPI.DLL
0x00007ff9f2210000 - 0x00007ff9f2234000 	C:\Windows\SYSTEM32\WINMM.dll
0x00007ff9e2810000 - 0x00007ff9e2819000 	C:\Windows\SYSTEM32\WSOCK32.dll
0x00007ff9f0030000 - 0x00007ff9f003a000 	C:\Windows\SYSTEM32\VERSION.dll
0x00007ff9f73f0000 - 0x00007ff9f745d000 	C:\Windows\System32\WS2_32.dll
0x00007ff9f2190000 - 0x00007ff9f21bd000 	C:\Windows\SYSTEM32\WINMMBASE.dll
0x00007ff9f5e50000 - 0x00007ff9f5e9a000 	C:\Windows\System32\cfgmgr32.dll
0x00007ff9f56f0000 - 0x00007ff9f5701000 	C:\Windows\System32\kernel.appcore.dll
0x00007ff9f34a0000 - 0x00007ff9f34b0000 	C:\Program Files\Android\Android Studio\jbr\bin\verify.dll
0x00007ff9e1a30000 - 0x00007ff9e1c1d000 	C:\Windows\SYSTEM32\DBGHELP.DLL
0x00007ff9e1190000 - 0x00007ff9e11ba000 	C:\Windows\SYSTEM32\dbgcore.DLL
0x00007ff9f0c50000 - 0x00007ff9f0c78000 	C:\Program Files\Android\Android Studio\jbr\bin\java.dll
0x00007ff9f3460000 - 0x00007ff9f346a000 	C:\Program Files\Android\Android Studio\jbr\bin\jimage.dll
0x00007ff9f2d00000 - 0x00007ff9f2d18000 	C:\Program Files\Android\Android Studio\jbr\bin\zip.dll
0x00007ff9f7d00000 - 0x00007ff9f91f8000 	C:\Windows\System32\SHELL32.dll
0x00007ff9f9510000 - 0x00007ff9f95b7000 	C:\Windows\System32\shcore.dll
0x00007ff9f61b0000 - 0x00007ff9f68f9000 	C:\Windows\System32\windows.storage.dll
0x00007ff9f56a0000 - 0x00007ff9f56c3000 	C:\Windows\System32\profapi.dll
0x00007ff9f5710000 - 0x00007ff9f576d000 	C:\Windows\System32\powrprof.dll
0x00007ff9f6c40000 - 0x00007ff9f6c92000 	C:\Windows\System32\shlwapi.dll
0x00007ff9f5ec0000 - 0x00007ff9f5edb000 	C:\Windows\System32\cryptsp.dll
0x00007ff9f0c30000 - 0x00007ff9f0c49000 	C:\Program Files\Android\Android Studio\jbr\bin\net.dll
0x00007ff9f11f0000 - 0x00007ff9f12ef000 	C:\Windows\SYSTEM32\WINHTTP.dll
0x00007ff9f4e90000 - 0x00007ff9f4ef7000 	C:\Windows\system32\mswsock.dll
0x00007ff9f0c10000 - 0x00007ff9f0c23000 	C:\Program Files\Android\Android Studio\jbr\bin\nio.dll
0x00007ff9a1c90000 - 0x00007ff9a1cb7000 	C:\User\pr11zotova\.gradle\native\e1d6ef7f7dcc3fd88c89a11ec53ec762bb8ba0a96d01ffa2cd45eb1d1d8dd5c5\windows-amd64\native-platform.dll
0x00007ff995860000 - 0x00007ff9959a4000 	C:\User\pr11zotova\.gradle\native\0d407fdbe67a94daf76414ababcb853783967236a71b16ec16e742cd7a986fd3\windows-amd64\native-platform-file-events.dll
0x00007ff9f0e90000 - 0x00007ff9f0e9a000 	C:\Program Files\Android\Android Studio\jbr\bin\management.dll
0x00007ff9f0cc0000 - 0x00007ff9f0ccb000 	C:\Program Files\Android\Android Studio\jbr\bin\management_ext.dll
0x00007ff9f4a10000 - 0x00007ff9f4a43000 	C:\Windows\system32\rsaenh.dll
0x00007ff9f5ee0000 - 0x00007ff9f5f06000 	C:\Windows\System32\bcrypt.dll
0x00007ff9f55a0000 - 0x00007ff9f55c9000 	C:\Windows\SYSTEM32\USERENV.dll
0x00007ff9f5060000 - 0x00007ff9f506c000 	C:\Windows\SYSTEM32\CRYPTBASE.dll
0x00007ff9f4ba0000 - 0x00007ff9f4bdd000 	C:\Windows\SYSTEM32\IPHLPAPI.DLL
0x00007ff9f95e0000 - 0x00007ff9f95e8000 	C:\Windows\System32\NSI.dll
0x00007ff9f1780000 - 0x00007ff9f1796000 	C:\Windows\SYSTEM32\dhcpcsvc6.DLL
0x00007ff9f16f0000 - 0x00007ff9f170c000 	C:\Windows\SYSTEM32\dhcpcsvc.DLL
0x00007ff9f4c30000 - 0x00007ff9f4cf6000 	C:\Windows\SYSTEM32\DNSAPI.dll

dbghelp: loaded successfully - version: 4.0.5 - missing functions: none
symbol engine: initialized successfully - sym options: 0x614 - pdb path: .;C:\Program Files\Android\Android Studio\jbr\bin;C:\Windows\SYSTEM32;C:\Windows\WinSxS\amd64_microsoft.windows.common-controls_6595b64144ccf1df_6.0.17763.4010_none_de6ee876534d4e3f;C:\Program Files\Android\Android Studio\jbr\bin\server;C:\User\pr11zotova\.gradle\native\e1d6ef7f7dcc3fd88c89a11ec53ec762bb8ba0a96d01ffa2cd45eb1d1d8dd5c5\windows-amd64;C:\User\pr11zotova\.gradle\native\0d407fdbe67a94daf76414ababcb853783967236a71b16ec16e742cd7a986fd3\windows-amd64

VM Arguments:
jvm_args: --add-opens=java.base/java.util=ALL-UNNAMED --add-opens=java.base/java.lang=ALL-UNNAMED --add-opens=java.base/java.lang.invoke=ALL-UNNAMED --add-opens=java.base/java.util=ALL-UNNAMED --add-opens=java.prefs/java.util.prefs=ALL-UNNAMED --add-opens=java.prefs/java.util.prefs=ALL-UNNAMED --add-opens=java.base/java.nio.charset=ALL-UNNAMED --add-opens=java.base/java.net=ALL-UNNAMED --add-opens=java.base/java.util.concurrent.atomic=ALL-UNNAMED -Xmx2048m -Dfile.encoding=UTF-8 -Duser.country=RU -Duser.language=ru -Duser.variant 
java_command: org.gradle.launcher.daemon.bootstrap.GradleDaemon 7.5
java_class_path (initial): C:\User\pr11zotova\.gradle\wrapper\dists\gradle-7.5-bin\f1w0cc9nuo0eivz97x2xlu9sv\gradle-7.5\lib\gradle-launcher-7.5.jar
Launcher Type: SUN_STANDARD

[Global flags]
     intx CICompilerCount                          = 4                                         {product} {ergonomic}
     uint ConcGCThreads                            = 2                                         {product} {ergonomic}
     uint G1ConcRefinementThreads                  = 8                                         {product} {ergonomic}
   size_t G1HeapRegionSize                         = 1048576                                   {product} {ergonomic}
    uintx GCDrainStackTargetSize                   = 64                                        {product} {ergonomic}
   size_t InitialHeapSize                          = 268435456                                 {product} {ergonomic}
   size_t MarkStackSize                            = 4194304                                   {product} {ergonomic}
   size_t MaxHeapSize                              = 2147483648                                {product} {command line}
   size_t MaxNewSize                               = 1287651328                                {product} {ergonomic}
   size_t MinHeapDeltaBytes                        = 1048576                                   {product} {ergonomic}
    uintx NonNMethodCodeHeapSize                   = 5836300                                {pd product} {ergonomic}
    uintx NonProfiledCodeHeapSize                  = 122910970                              {pd product} {ergonomic}
    uintx ProfiledCodeHeapSize                     = 122910970                              {pd product} {ergonomic}
    uintx ReservedCodeCacheSize                    = 251658240                              {pd product} {ergonomic}
     bool SegmentedCodeCache                       = true                                      {product} {ergonomic}
     bool UseCompressedClassPointers               = true                                 {lp64_product} {ergonomic}
     bool UseCompressedOops                        = true                                 {lp64_product} {ergonomic}
     bool UseG1GC                                  = true                                      {product} {ergonomic}
     bool UseLargePagesIndividualAllocation        = false                                  {pd product} {ergonomic}

Logging:
Log output configuration:
 #0: stdout all=warning uptime,level,tags
 #1: stderr all=off uptime,level,tags

Environment Variables:
JAVA_HOME=C:\Program Files\Android\Jdk\microsoft_dist_openjdk_1.8.0.25
PATH=C:\Program Files (x86)\Python38\Scripts\;C:\Program Files (x86)\Python38\;C:\Program Files\Microsoft MPI\Bin\;C:\Program Files (x86)\Common Files\Oracle\Java\javapath;C:\Windows\system32;C:\Windows;C:\Windows\System32\Wbem;C:\Windows\System32\WindowsPowerShell\v1.0\;C:\Windows\System32\OpenSSH\;C:\Program Files (x86)\Microsoft SQL Server\150\DTS\Binn\;C:\Program Files\dotnet\;C:\Program Files\Microsoft SQL Server\130\Tools\Binn\;C:\Program Files (x86)\Microsoft SQL Server\140\Tools\Binn\;C:\Program Files\Microsoft SQL Server\140\Tools\Binn\;C:\Program Files (x86)\Microsoft SQL Server\140\DTS\Binn\;C:\Program Files\Microsoft SQL Server\140\DTS\Binn\;C:\Program Files\Microsoft SQL Server\Client SDK\ODBC\130\Tools\Binn\;C:\Program Files\Microsoft SQL Server\Client SDK\ODBC\170\Tools\Binn\;C:\Program Files (x86)\IncrediBuild;C:\Program Files (x86)\NVIDIA Corporation\PhysX\Common;C:\Program Files\Git\cmd;C:\Program Files\Azure Data Studio\bin;C:\Program Files\Microsoft VS Code\bin;C:\User\pr11zotova\AppData\Local\Microsoft\WindowsApps;
USERNAME=pr11zotova
OS=Windows_NT
PROCESSOR_IDENTIFIER=Intel64 Family 6 Model 158 Stepping 13, GenuineIntel



---------------  S Y S T E M  ---------------

OS: Windows 10 , 64 bit Build 17763 (10.0.17763.3887)
OS uptime: 0 days 9:55 hours

CPU:total 8 (initial active 8) (8 cores per cpu, 1 threads per core) family 6 model 158 stepping 13 microcode 0xde, cmov, cx8, fxsr, mmx, sse, sse2, sse3, ssse3, sse4.1, sse4.2, popcnt, avx, avx2, aes, clmul, erms, 3dnowpref, lzcnt, tsc, tscinvbit, bmi1, bmi2, adx, fma

Memory: 4k page, system-wide physical 16303M (3165M free)
TotalPageFile size 16303M (AvailPageFile size 5M)
current process WorkingSet (physical memory assigned to process): 577M, peak: 577M
current process commit charge ("private bytes"): 620M, peak: 621M

vm_info: OpenJDK 64-Bit Server VM (11.0.15+0-b2043.56-8887301) for windows-amd64 JRE (11.0.15+0-b2043.56-8887301), built on Jul 29 2022 23:19:47 by "builduser" with unknown MS VC++:1929

END.
