#
# There is insufficient memory for the Java Runtime Environment to continue.
# Native memory allocation (mmap) failed to map 68157440 bytes for Failed to commit area from 0x0000000090000000 to 0x0000000094100000 of length 68157440.
# Possible reasons:
#   The system is out of physical RAM or swap space
#   The process is running with CompressedOops enabled, and the Java Heap may be blocking the growth of the native heap
# Possible solutions:
#   Reduce memory load on the system
#   Increase physical memory or swap space
#   Check if swap backing store is full
#   Decrease Java heap size (-Xmx/-Xms)
#   Decrease number of Java threads
#   Decrease Java thread stack sizes (-Xss)
#   Set larger code cache with -XX:ReservedCodeCacheSize=
#   JVM is running with Unscaled Compressed Oops mode in which the Java heap is
#     placed in the first 4GB address space. The Java Heap base address is the
#     maximum limit for the native heap growth. Please use -XX:HeapBaseMinAddress
#     to set the Java Heap base and to place the Java Heap above 4GB virtual address.
# This output file may be truncated or incomplete.
#
#  Out of Memory Error (src/hotspot/os/windows/os_windows.cpp:3627), pid=15588, tid=14588
#
# JRE version: OpenJDK Runtime Environment (11.0.15) (build 11.0.15+0-b2043.56-8887301)
# Java VM: OpenJDK 64-Bit Server VM (11.0.15+0-b2043.56-8887301, mixed mode, tiered, compressed oops, g1 gc, windows-amd64)
# No core dump will be written. Minidumps are not enabled by default on client versions of Windows
#

---------------  S U M M A R Y ------------

Command Line: --add-opens=java.base/java.util=ALL-UNNAMED --add-opens=java.base/java.lang=ALL-UNNAMED --add-opens=java.base/java.lang.invoke=ALL-UNNAMED --add-opens=java.base/java.util=ALL-UNNAMED --add-opens=java.prefs/java.util.prefs=ALL-UNNAMED --add-opens=java.prefs/java.util.prefs=ALL-UNNAMED --add-opens=java.base/java.nio.charset=ALL-UNNAMED --add-opens=java.base/java.net=ALL-UNNAMED --add-opens=java.base/java.util.concurrent.atomic=ALL-UNNAMED -Xmx2048m -Dfile.encoding=UTF-8 -Duser.country=RU -Duser.language=ru -Duser.variant org.gradle.launcher.daemon.bootstrap.GradleDaemon 7.5

Host: Intel(R) Core(TM) i7-9700 CPU @ 3.00GHz, 8 cores, 15G,  Windows 10 , 64 bit Build 17763 (10.0.17763.3887)
Time: Tue May 23 17:30:06 2023 ќмское стандартное врем€ elapsed time: 526.220441 seconds (0d 0h 8m 46s)

---------------  T H R E A D  ---------------

Current thread (0x0000017c88204000):  VMThread "VM Thread" [stack: 0x000000470a600000,0x000000470a700000] [id=14588]

Stack: [0x000000470a600000,0x000000470a700000]
[error occurred during error reporting (printing stack bounds), id 0xc0000005, EXCEPTION_ACCESS_VIOLATION (0xc0000005) at pc=0x0000017cf0f5112d]

Native frames: (J=compiled Java code, j=interpreted, Vv=VM code, C=native code)
V  [jvm.dll+0x64135a]
V  [jvm.dll+0x7d39f9]
V  [jvm.dll+0x7d51b9]
V  [jvm.dll+0x7d5805]
V  [jvm.dll+0x7d57bb]
V  [jvm.dll+0x640655]
V  [jvm.dll+0x640d68]
C  [ntdll.dll+0xa582f]
C  [ntdll.dll+0x4cef]
C  [ntdll.dll+0xa459e]
C  0x0000017cf0f5112d

VM_Operation (0x0000004714bfe240): G1CollectForAllocation, mode: safepoint, requested by thread 0x0000017c963cc000


---------------  P R O C E S S  ---------------

Threads class SMR info:
_java_thread_list=0x0000017c95831c10, length=161, elements={
0x0000017ced438000, 0x0000017c88208000, 0x0000017c8820d800, 0x0000017c88274000,
0x0000017c88275800, 0x0000017c88277000, 0x0000017c88278800, 0x0000017c8827f000,
0x0000017c88297800, 0x0000017c883eb000, 0x0000017c8a692800, 0x0000017c8aec7000,
0x0000017c8a81a800, 0x0000017c8b4cf800, 0x0000017c8b4cb800, 0x0000017c8b4ce800,
0x0000017c8b4cd000, 0x0000017c8b4d2000, 0x0000017c8b4cd800, 0x0000017c8be77800,
0x0000017c8be73800, 0x0000017c8be76000, 0x0000017c8be74000, 0x0000017c8be7e000,
0x0000017c8be80800, 0x0000017c8b66a800, 0x0000017c8ddcc800, 0x0000017c8ddcd800,
0x0000017c8ddcc000, 0x0000017c8ad80800, 0x0000017c8ad88800, 0x0000017c8ad85800,
0x0000017c8ddad000, 0x0000017c8ddce000, 0x0000017c8b661800, 0x0000017c8b65c000,
0x0000017c8be7c800, 0x0000017c8ddc9800, 0x0000017c8ddcf000, 0x0000017c8ddca000,
0x0000017c8ddd0000, 0x0000017c8ddcb000, 0x0000017c8dda7000, 0x0000017c8dda6800,
0x0000017c8dda3000, 0x0000017c8dda8000, 0x0000017c8dda4000, 0x0000017c8dda4800,
0x0000017c8dda2800, 0x0000017c8dda9000, 0x0000017c8dda5800, 0x0000017c8dda9800,
0x0000017c8ddab000, 0x0000017c8ddb0000, 0x0000017c8ddaa800, 0x0000017c8ddb1000,
0x0000017c8ddac000, 0x0000017c8ddad800, 0x0000017c8ddae800, 0x0000017c8ddaf800,
0x0000017c963ca800, 0x0000017c963c9000, 0x0000017c963c9800, 0x0000017c963c7800,
0x0000017c963cd000, 0x0000017c963ce000, 0x0000017c963c8000, 0x0000017c963cf800,
0x0000017c963ce800, 0x0000017c963d0800, 0x0000017c963d1000, 0x0000017c963cb800,
0x0000017c963d2000, 0x0000017c963d4800, 0x0000017c963d2800, 0x0000017c963d5000,
0x0000017c963d3800, 0x0000017c963d6000, 0x0000017c88fae800, 0x0000017c88faf800,
0x0000017c88fb3800, 0x0000017c88fb0800, 0x0000017c88fae000, 0x0000017c88fb5000,
0x0000017c88fb4800, 0x0000017c88fb1000, 0x0000017c88fb2000, 0x0000017c88fb6000,
0x0000017c88fb9800, 0x0000017c88fb7000, 0x0000017c88fbc800, 0x0000017c88fb7800,
0x0000017c88fba000, 0x0000017c88fbb000, 0x0000017c88fbb800, 0x0000017c88fb8800,
0x0000017c8d86b800, 0x0000017c8d86e000, 0x0000017c8d86f000, 0x0000017c8d86a800,
0x0000017c8d872000, 0x0000017c8d870800, 0x0000017c8d871800, 0x0000017c8d86c800,
0x0000017c8d873000, 0x0000017c8d86d000, 0x0000017c8d874800, 0x0000017c8d878800,
0x0000017c8d875800, 0x0000017c8d878000, 0x0000017c8d876000, 0x0000017c8d877000,
0x0000017c8d879800, 0x0000017c8b662800, 0x0000017c8b65d800, 0x0000017c8b65d000,
0x0000017c8b65f800, 0x0000017c8b664000, 0x0000017c8b660000, 0x0000017c8b663800,
0x0000017c8b65e800, 0x0000017c8b665000, 0x0000017c8b666000, 0x0000017c8b666800,
0x0000017c8b661000, 0x0000017c8b667800, 0x0000017c8b668800, 0x0000017c8b66a000,
0x0000017c8b669000, 0x0000017c8ad7f800, 0x0000017c8ad7f000, 0x0000017c8ad83800,
0x0000017c8ad81800, 0x0000017c8ad87000, 0x0000017c8ad86000, 0x0000017c8ad88000,
0x0000017c8ad82000, 0x0000017c8ad8b000, 0x0000017c8ad8c000, 0x0000017c8ad89800,
0x0000017c8ad8a000, 0x0000017c8ad84800, 0x0000017c8ad8c800, 0x0000017c8ad8d800,
0x0000017c8be7a800, 0x0000017c8be75000, 0x0000017c8be7d000, 0x0000017c8be7f000,
0x0000017c8be81800, 0x0000017c8be82000, 0x0000017c8b4d0000, 0x0000017c8dcf5000,
0x0000017c8dcef000, 0x0000017c8b4d1000, 0x0000017c8b4cc000, 0x0000017c963cc000,
0x0000017c8dcad000, 0x0000017c8dcaa000, 0x0000017c8dcab800, 0x0000017c8dcac800,
0x0000017c8dca9000
}

Java Threads: ( => current thread )
  0x0000017ced438000 JavaThread "main" [_thread_blocked, id=992, stack(0x000000470a000000,0x000000470a100000)]
  0x0000017c88208000 JavaThread "Reference Handler" daemon [_thread_blocked, id=9324, stack(0x000000470a700000,0x000000470a800000)]
  0x0000017c8820d800 JavaThread "Finalizer" daemon [_thread_blocked, id=2040, stack(0x000000470a800000,0x000000470a900000)]
  0x0000017c88274000 JavaThread "Signal Dispatcher" daemon [_thread_blocked, id=16480, stack(0x000000470a900000,0x000000470aa00000)]
  0x0000017c88275800 JavaThread "Attach Listener" daemon [_thread_blocked, id=5308, stack(0x000000470aa00000,0x000000470ab00000)]
  0x0000017c88277000 JavaThread "Service Thread" daemon [_thread_blocked, id=13960, stack(0x000000470ab00000,0x000000470ac00000)]
  0x0000017c88278800 JavaThread "C2 CompilerThread0" daemon [_thread_blocked, id=3276, stack(0x000000470ac00000,0x000000470ad00000)]
  0x0000017c8827f000 JavaThread "C1 CompilerThread0" daemon [_thread_blocked, id=9320, stack(0x000000470ad00000,0x000000470ae00000)]
  0x0000017c88297800 JavaThread "Sweeper thread" daemon [_thread_blocked, id=10628, stack(0x000000470ae00000,0x000000470af00000)]
  0x0000017c883eb000 JavaThread "Common-Cleaner" daemon [_thread_blocked, id=6488, stack(0x000000470af00000,0x000000470b000000)]
  0x0000017c8a692800 JavaThread "Daemon health stats" [_thread_blocked, id=6192, stack(0x000000470b800000,0x000000470b900000)]
  0x0000017c8aec7000 JavaThread "Incoming local TCP Connector on port 57839" [_thread_in_native, id=16200, stack(0x000000470b900000,0x000000470ba00000)]
  0x0000017c8a81a800 JavaThread "Daemon periodic checks" [_thread_blocked, id=12856, stack(0x000000470ba00000,0x000000470bb00000)]
  0x0000017c8b4cf800 JavaThread "Cache worker for journal cache (C:\User\pr11zotova\.gradle\caches\journal-1)" [_thread_blocked, id=17636, stack(0x000000470c200000,0x000000470c300000)]
  0x0000017c8b4cb800 JavaThread "File lock request listener" [_thread_in_native, id=18428, stack(0x000000470c300000,0x000000470c400000)]
  0x0000017c8b4ce800 JavaThread "Cache worker for file hash cache (C:\User\pr11zotova\.gradle\caches\7.5\fileHashes)" [_thread_blocked, id=9904, stack(0x000000470c700000,0x000000470c800000)]
  0x0000017c8b4cd000 JavaThread "File watcher server" daemon [_thread_blocked, id=2440, stack(0x000000470c800000,0x000000470c900000)]
  0x0000017c8b4d2000 JavaThread "File watcher consumer" daemon [_thread_blocked, id=15608, stack(0x000000470c900000,0x000000470ca00000)]
  0x0000017c8b4cd800 JavaThread "Cache worker for file content cache (C:\User\pr11zotova\.gradle\caches\7.5\fileContent)" [_thread_blocked, id=14632, stack(0x000000470cc00000,0x000000470cd00000)]
  0x0000017c8be77800 JavaThread "Cache worker for execution history cache (C:\User\pr11zotova\.gradle\caches\7.5\executionHistory)" [_thread_blocked, id=17644, stack(0x000000470cf00000,0x000000470d000000)]
  0x0000017c8be73800 JavaThread "jar transforms" [_thread_blocked, id=17476, stack(0x000000470d000000,0x000000470d100000)]
  0x0000017c8be76000 JavaThread "jar transforms Thread 2" [_thread_blocked, id=9064, stack(0x000000470d100000,0x000000470d200000)]
  0x0000017c8be74000 JavaThread "jar transforms Thread 3" [_thread_blocked, id=18336, stack(0x000000470d200000,0x000000470d300000)]
  0x0000017c8be7e000 JavaThread "jar transforms Thread 4" [_thread_blocked, id=18356, stack(0x000000470d300000,0x000000470d400000)]
  0x0000017c8be80800 JavaThread "jar transforms Thread 5" [_thread_blocked, id=15460, stack(0x000000470d500000,0x000000470d600000)]
  0x0000017c8b66a800 JavaThread "jar transforms Thread 6" [_thread_blocked, id=7932, stack(0x0000004712700000,0x0000004712800000)]
  0x0000017c8ddcc800 JavaThread "jar transforms Thread 7" [_thread_blocked, id=2180, stack(0x0000004712800000,0x0000004712900000)]
  0x0000017c8ddcd800 JavaThread "jar transforms Thread 8" [_thread_blocked, id=19072, stack(0x0000004712900000,0x0000004712a00000)]
  0x0000017c8ddcc000 JavaThread "Memory manager" [_thread_blocked, id=19192, stack(0x0000004712b00000,0x0000004712c00000)]
  0x0000017c8ad80800 JavaThread "ForkJoinPool.commonPool-worker-5" daemon [_thread_blocked, id=8780, stack(0x0000004713900000,0x0000004713a00000)]
  0x0000017c8ad88800 JavaThread "ForkJoinPool.commonPool-worker-9" daemon [_thread_blocked, id=12896, stack(0x0000004713b00000,0x0000004713c00000)]
  0x0000017c8ad85800 JavaThread "ForkJoinPool.commonPool-worker-15" daemon [_thread_blocked, id=10544, stack(0x0000004713e00000,0x0000004713f00000)]
  0x0000017c8ddad000 JavaThread "Cache worker for Java compile cache (C:\User\pr11zotova\.gradle\caches\7.5\javaCompile)" [_thread_blocked, id=15848, stack(0x0000004713700000,0x0000004713800000)]
  0x0000017c8ddce000 JavaThread "ForkJoinPool.commonPool-worker-7" daemon [_thread_blocked, id=8736, stack(0x0000004714100000,0x0000004714200000)]
  0x0000017c8b661800 JavaThread "Daemon Thread 4" [_thread_blocked, id=17072, stack(0x0000004709d00000,0x0000004709e00000)]
  0x0000017c8b65c000 JavaThread "Daemon worker Thread 4" [_thread_blocked, id=18112, stack(0x000000470b100000,0x000000470b200000)]
  0x0000017c8be7c800 JavaThread "ForkJoinPool.commonPool-worker-13" daemon [_thread_blocked, id=18300, stack(0x0000004714300000,0x0000004714400000)]
  0x0000017c8ddc9800 JavaThread "ForkJoinPool.commonPool-worker-1" daemon [_thread_blocked, id=8308, stack(0x0000004714400000,0x0000004714500000)]
  0x0000017c8ddcf000 JavaThread "Handler for socket connection from /127.0.0.1:57839 to /127.0.0.1:59097" [_thread_in_native, id=13680, stack(0x0000004709f00000,0x000000470a000000)]
  0x0000017c8ddca000 JavaThread "Cancel handler" [_thread_blocked, id=17292, stack(0x000000470b700000,0x000000470b800000)]
  0x0000017c8ddd0000 JavaThread "Asynchronous log dispatcher for DefaultDaemonConnection: socket connection from /127.0.0.1:57839 to /127.0.0.1:59097" [_thread_blocked, id=18400, stack(0x000000470bb00000,0x000000470bc00000)]
  0x0000017c8ddcb000 JavaThread "Stdin handler" [_thread_blocked, id=14688, stack(0x000000470bc00000,0x000000470bd00000)]
  0x0000017c8dda7000 JavaThread "Daemon client event forwarder" [_thread_blocked, id=5624, stack(0x000000470bd00000,0x000000470be00000)]
  0x0000017c8dda6800 JavaThread "Cache worker for checksums cache (C:\User\pr11zotova\AndroidStudioProjects\MyApplication2\.gradle\7.5\checksums)" [_thread_blocked, id=15616, stack(0x000000470be00000,0x000000470bf00000)]
  0x0000017c8dda3000 JavaThread "Cache worker for cache directory md-rule (C:\User\pr11zotova\.gradle\caches\7.5\md-rule)" [_thread_blocked, id=6712, stack(0x000000470bf00000,0x000000470c000000)]
  0x0000017c8dda8000 JavaThread "Cache worker for file hash cache (C:\User\pr11zotova\AndroidStudioProjects\MyApplication2\.gradle\7.5\fileHashes)" [_thread_blocked, id=14476, stack(0x000000470c000000,0x000000470c100000)]
  0x0000017c8dda4000 JavaThread "Cache worker for cache directory md-supplier (C:\User\pr11zotova\.gradle\caches\7.5\md-supplier)" [_thread_blocked, id=14308, stack(0x000000470c100000,0x000000470c200000)]
  0x0000017c8dda4800 JavaThread "Cache worker for dependencies-accessors (C:\User\pr11zotova\AndroidStudioProjects\MyApplication2\.gradle\7.5\dependencies-accessors)" [_thread_blocked, id=6584, stack(0x000000470ca00000,0x000000470cb00000)]
  0x0000017c8dda2800 JavaThread "Cache worker for Build Output Cleanup Cache (C:\User\pr11zotova\AndroidStudioProjects\MyApplication2\.gradle\buildOutputCleanup)" [_thread_blocked, id=14612, stack(0x000000470cd00000,0x000000470ce00000)]
  0x0000017c8dda9000 JavaThread "Unconstrained build operations" [_thread_blocked, id=11716, stack(0x000000470d400000,0x000000470d500000)]
  0x0000017c8dda5800 JavaThread "Unconstrained build operations Thread 2" [_thread_blocked, id=4128, stack(0x000000470d600000,0x000000470d700000)]
  0x0000017c8dda9800 JavaThread "Unconstrained build operations Thread 3" [_thread_blocked, id=1056, stack(0x000000470d700000,0x000000470d800000)]
  0x0000017c8ddab000 JavaThread "Unconstrained build operations Thread 4" [_thread_blocked, id=13884, stack(0x000000470d800000,0x000000470d900000)]
  0x0000017c8ddb0000 JavaThread "Unconstrained build operations Thread 5" [_thread_blocked, id=11360, stack(0x000000470d900000,0x000000470da00000)]
  0x0000017c8ddaa800 JavaThread "Unconstrained build operations Thread 6" [_thread_blocked, id=15136, stack(0x000000470da00000,0x000000470db00000)]
  0x0000017c8ddb1000 JavaThread "Unconstrained build operations Thread 7" [_thread_blocked, id=17960, stack(0x000000470db00000,0x000000470dc00000)]
  0x0000017c8ddac000 JavaThread "Unconstrained build operations Thread 8" [_thread_blocked, id=13468, stack(0x000000470dc00000,0x000000470dd00000)]
  0x0000017c8ddad800 JavaThread "Unconstrained build operations Thread 9" [_thread_blocked, id=9612, stack(0x000000470dd00000,0x000000470de00000)]
  0x0000017c8ddae800 JavaThread "Unconstrained build operations Thread 10" [_thread_blocked, id=2888, stack(0x000000470de00000,0x000000470df00000)]
  0x0000017c8ddaf800 JavaThread "Unconstrained build operations Thread 11" [_thread_blocked, id=18684, stack(0x000000470df00000,0x000000470e000000)]
  0x0000017c963ca800 JavaThread "Unconstrained build operations Thread 12" [_thread_blocked, id=11516, stack(0x000000470e000000,0x000000470e100000)]
  0x0000017c963c9000 JavaThread "Unconstrained build operations Thread 13" [_thread_blocked, id=16088, stack(0x000000470e100000,0x000000470e200000)]
  0x0000017c963c9800 JavaThread "Unconstrained build operations Thread 14" [_thread_blocked, id=2348, stack(0x000000470e200000,0x000000470e300000)]
  0x0000017c963c7800 JavaThread "Unconstrained build operations Thread 15" [_thread_blocked, id=8172, stack(0x000000470e300000,0x000000470e400000)]
  0x0000017c963cd000 JavaThread "Unconstrained build operations Thread 16" [_thread_blocked, id=14040, stack(0x000000470e400000,0x000000470e500000)]
  0x0000017c963ce000 JavaThread "Unconstrained build operations Thread 17" [_thread_blocked, id=17824, stack(0x000000470e500000,0x000000470e600000)]
  0x0000017c963c8000 JavaThread "Unconstrained build operations Thread 18" [_thread_blocked, id=10392, stack(0x000000470e600000,0x000000470e700000)]
  0x0000017c963cf800 JavaThread "Unconstrained build operations Thread 19" [_thread_blocked, id=11564, stack(0x000000470e700000,0x000000470e800000)]
  0x0000017c963ce800 JavaThread "Unconstrained build operations Thread 20" [_thread_blocked, id=18392, stack(0x000000470e800000,0x000000470e900000)]
  0x0000017c963d0800 JavaThread "Unconstrained build operations Thread 21" [_thread_blocked, id=14500, stack(0x000000470e900000,0x000000470ea00000)]
  0x0000017c963d1000 JavaThread "Unconstrained build operations Thread 22" [_thread_blocked, id=14252, stack(0x000000470ea00000,0x000000470eb00000)]
  0x0000017c963cb800 JavaThread "Unconstrained build operations Thread 23" [_thread_blocked, id=15188, stack(0x000000470eb00000,0x000000470ec00000)]
  0x0000017c963d2000 JavaThread "Unconstrained build operations Thread 24" [_thread_blocked, id=19100, stack(0x000000470ec00000,0x000000470ed00000)]
  0x0000017c963d4800 JavaThread "Unconstrained build operations Thread 25" [_thread_blocked, id=7856, stack(0x000000470ed00000,0x000000470ee00000)]
  0x0000017c963d2800 JavaThread "Unconstrained build operations Thread 26" [_thread_blocked, id=16284, stack(0x000000470ee00000,0x000000470ef00000)]
  0x0000017c963d5000 JavaThread "Unconstrained build operations Thread 27" [_thread_blocked, id=14348, stack(0x000000470ef00000,0x000000470f000000)]
  0x0000017c963d3800 JavaThread "Unconstrained build operations Thread 28" [_thread_blocked, id=4656, stack(0x000000470f000000,0x000000470f100000)]
  0x0000017c963d6000 JavaThread "Unconstrained build operations Thread 29" [_thread_blocked, id=15220, stack(0x000000470f100000,0x000000470f200000)]
  0x0000017c88fae800 JavaThread "Unconstrained build operations Thread 30" [_thread_blocked, id=5300, stack(0x000000470f200000,0x000000470f300000)]
  0x0000017c88faf800 JavaThread "Unconstrained build operations Thread 31" [_thread_blocked, id=14456, stack(0x000000470f300000,0x000000470f400000)]
  0x0000017c88fb3800 JavaThread "Unconstrained build operations Thread 32" [_thread_blocked, id=7656, stack(0x000000470f400000,0x000000470f500000)]
  0x0000017c88fb0800 JavaThread "Unconstrained build operations Thread 33" [_thread_blocked, id=12736, stack(0x000000470f500000,0x000000470f600000)]
  0x0000017c88fae000 JavaThread "Unconstrained build operations Thread 34" [_thread_blocked, id=7380, stack(0x000000470f600000,0x000000470f700000)]
  0x0000017c88fb5000 JavaThread "Unconstrained build operations Thread 35" [_thread_blocked, id=8008, stack(0x000000470f700000,0x000000470f800000)]
  0x0000017c88fb4800 JavaThread "Unconstrained build operations Thread 36" [_thread_blocked, id=14812, stack(0x000000470f800000,0x000000470f900000)]
  0x0000017c88fb1000 JavaThread "Unconstrained build operations Thread 37" [_thread_blocked, id=3500, stack(0x000000470f900000,0x000000470fa00000)]
  0x0000017c88fb2000 JavaThread "Unconstrained build operations Thread 38" [_thread_blocked, id=6096, stack(0x000000470fa00000,0x000000470fb00000)]
  0x0000017c88fb6000 JavaThread "Unconstrained build operations Thread 39" [_thread_blocked, id=13440, stack(0x000000470fb00000,0x000000470fc00000)]
  0x0000017c88fb9800 JavaThread "Unconstrained build operations Thread 40" [_thread_blocked, id=10132, stack(0x000000470fc00000,0x000000470fd00000)]
  0x0000017c88fb7000 JavaThread "Unconstrained build operations Thread 41" [_thread_blocked, id=13956, stack(0x000000470fd00000,0x000000470fe00000)]
  0x0000017c88fbc800 JavaThread "Unconstrained build operations Thread 42" [_thread_blocked, id=9776, stack(0x000000470fe00000,0x000000470ff00000)]
  0x0000017c88fb7800 JavaThread "Unconstrained build operations Thread 43" [_thread_blocked, id=14992, stack(0x000000470ff00000,0x0000004710000000)]
  0x0000017c88fba000 JavaThread "Unconstrained build operations Thread 44" [_thread_blocked, id=5008, stack(0x0000004710000000,0x0000004710100000)]
  0x0000017c88fbb000 JavaThread "Unconstrained build operations Thread 45" [_thread_blocked, id=3452, stack(0x0000004710100000,0x0000004710200000)]
  0x0000017c88fbb800 JavaThread "Unconstrained build operations Thread 46" [_thread_blocked, id=6932, stack(0x0000004710200000,0x0000004710300000)]
  0x0000017c88fb8800 JavaThread "Unconstrained build operations Thread 47" [_thread_blocked, id=6668, stack(0x0000004710300000,0x0000004710400000)]
  0x0000017c8d86b800 JavaThread "Unconstrained build operations Thread 48" [_thread_blocked, id=14244, stack(0x0000004710400000,0x0000004710500000)]
  0x0000017c8d86e000 JavaThread "Unconstrained build operations Thread 49" [_thread_blocked, id=4612, stack(0x0000004710500000,0x0000004710600000)]
  0x0000017c8d86f000 JavaThread "Unconstrained build operations Thread 50" [_thread_blocked, id=4664, stack(0x0000004710600000,0x0000004710700000)]
  0x0000017c8d86a800 JavaThread "Unconstrained build operations Thread 51" [_thread_blocked, id=16596, stack(0x0000004710700000,0x0000004710800000)]
  0x0000017c8d872000 JavaThread "Unconstrained build operations Thread 52" [_thread_blocked, id=3296, stack(0x0000004710800000,0x0000004710900000)]
  0x0000017c8d870800 JavaThread "Unconstrained build operations Thread 53" [_thread_blocked, id=16872, stack(0x0000004710900000,0x0000004710a00000)]
  0x0000017c8d871800 JavaThread "Unconstrained build operations Thread 54" [_thread_blocked, id=4616, stack(0x0000004710a00000,0x0000004710b00000)]
  0x0000017c8d86c800 JavaThread "Unconstrained build operations Thread 55" [_thread_blocked, id=5068, stack(0x0000004710b00000,0x0000004710c00000)]
  0x0000017c8d873000 JavaThread "Unconstrained build operations Thread 56" [_thread_blocked, id=11624, stack(0x0000004710c00000,0x0000004710d00000)]
  0x0000017c8d86d000 JavaThread "Unconstrained build operations Thread 57" [_thread_blocked, id=19060, stack(0x0000004710d00000,0x0000004710e00000)]
  0x0000017c8d874800 JavaThread "Unconstrained build operations Thread 58" [_thread_blocked, id=16404, stack(0x0000004710e00000,0x0000004710f00000)]
  0x0000017c8d878800 JavaThread "Unconstrained build operations Thread 59" [_thread_blocked, id=14428, stack(0x0000004710f00000,0x0000004711000000)]
  0x0000017c8d875800 JavaThread "Unconstrained build operations Thread 60" [_thread_blocked, id=15556, stack(0x0000004711000000,0x0000004711100000)]
  0x0000017c8d878000 JavaThread "Unconstrained build operations Thread 61" [_thread_blocked, id=15548, stack(0x0000004711100000,0x0000004711200000)]
  0x0000017c8d876000 JavaThread "Unconstrained build operations Thread 62" [_thread_blocked, id=1476, stack(0x0000004711200000,0x0000004711300000)]
  0x0000017c8d877000 JavaThread "Unconstrained build operations Thread 63" [_thread_blocked, id=13712, stack(0x0000004711300000,0x0000004711400000)]
  0x0000017c8d879800 JavaThread "Unconstrained build operations Thread 64" [_thread_blocked, id=13436, stack(0x0000004711400000,0x0000004711500000)]
  0x0000017c8b662800 JavaThread "Unconstrained build operations Thread 65" [_thread_blocked, id=10436, stack(0x0000004711500000,0x0000004711600000)]
  0x0000017c8b65d800 JavaThread "Unconstrained build operations Thread 66" [_thread_blocked, id=14964, stack(0x0000004711600000,0x0000004711700000)]
  0x0000017c8b65d000 JavaThread "Unconstrained build operations Thread 67" [_thread_blocked, id=7148, stack(0x0000004711700000,0x0000004711800000)]
  0x0000017c8b65f800 JavaThread "Unconstrained build operations Thread 68" [_thread_blocked, id=11284, stack(0x0000004711800000,0x0000004711900000)]
  0x0000017c8b664000 JavaThread "Unconstrained build operations Thread 69" [_thread_blocked, id=4992, stack(0x0000004711900000,0x0000004711a00000)]
  0x0000017c8b660000 JavaThread "Unconstrained build operations Thread 70" [_thread_blocked, id=12532, stack(0x0000004711a00000,0x0000004711b00000)]
  0x0000017c8b663800 JavaThread "Unconstrained build operations Thread 71" [_thread_blocked, id=10460, stack(0x0000004711b00000,0x0000004711c00000)]
  0x0000017c8b65e800 JavaThread "Unconstrained build operations Thread 72" [_thread_blocked, id=11528, stack(0x0000004711c00000,0x0000004711d00000)]
  0x0000017c8b665000 JavaThread "Unconstrained build operations Thread 73" [_thread_blocked, id=16876, stack(0x0000004711d00000,0x0000004711e00000)]
  0x0000017c8b666000 JavaThread "Unconstrained build operations Thread 74" [_thread_blocked, id=1480, stack(0x0000004711e00000,0x0000004711f00000)]
  0x0000017c8b666800 JavaThread "Unconstrained build operations Thread 75" [_thread_blocked, id=10576, stack(0x0000004711f00000,0x0000004712000000)]
  0x0000017c8b661000 JavaThread "Unconstrained build operations Thread 76" [_thread_blocked, id=9300, stack(0x0000004712000000,0x0000004712100000)]
  0x0000017c8b667800 JavaThread "Unconstrained build operations Thread 77" [_thread_blocked, id=9504, stack(0x0000004712100000,0x0000004712200000)]
  0x0000017c8b668800 JavaThread "Unconstrained build operations Thread 78" [_thread_blocked, id=10124, stack(0x0000004712200000,0x0000004712300000)]
  0x0000017c8b66a000 JavaThread "Unconstrained build operations Thread 79" [_thread_blocked, id=15888, stack(0x0000004712300000,0x0000004712400000)]
  0x0000017c8b669000 JavaThread "Unconstrained build operations Thread 80" [_thread_blocked, id=10880, stack(0x0000004712400000,0x0000004712500000)]
  0x0000017c8ad7f800 JavaThread "build event listener" [_thread_blocked, id=15416, stack(0x0000004712500000,0x0000004712600000)]
  0x0000017c8ad7f000 JavaThread "included builds" [_thread_blocked, id=17392, stack(0x0000004712600000,0x0000004712700000)]
  0x0000017c8ad83800 JavaThread "Execution worker" [_thread_blocked, id=13664, stack(0x0000004712a00000,0x0000004712b00000)]
  0x0000017c8ad81800 JavaThread "Execution worker Thread 2" [_thread_blocked, id=8872, stack(0x0000004712d00000,0x0000004712e00000)]
  0x0000017c8ad87000 JavaThread "Execution worker Thread 3" [_thread_blocked, id=15908, stack(0x0000004712e00000,0x0000004712f00000)]
  0x0000017c8ad86000 JavaThread "Execution worker Thread 4" [_thread_blocked, id=4784, stack(0x0000004712f00000,0x0000004713000000)]
  0x0000017c8ad88000 JavaThread "Execution worker Thread 5" [_thread_blocked, id=14076, stack(0x0000004713000000,0x0000004713100000)]
  0x0000017c8ad82000 JavaThread "Execution worker Thread 6" [_thread_blocked, id=18024, stack(0x0000004713100000,0x0000004713200000)]
  0x0000017c8ad8b000 JavaThread "Execution worker Thread 7" [_thread_blocked, id=16740, stack(0x0000004713200000,0x0000004713300000)]
  0x0000017c8ad8c000 JavaThread "Cache worker for execution history cache (C:\User\pr11zotova\AndroidStudioProjects\MyApplication2\.gradle\7.5\executionHistory)" [_thread_blocked, id=1180, stack(0x0000004713300000,0x0000004713400000)]
  0x0000017c8ad89800 JavaThread "WorkerExecutor Queue" [_thread_blocked, id=6088, stack(0x0000004712c00000,0x0000004712d00000)]
  0x0000017c8ad8a000 JavaThread "WorkerExecutor Queue Thread 2" [_thread_blocked, id=17604, stack(0x0000004713400000,0x0000004713500000)]
  0x0000017c8ad84800 JavaThread "WorkerExecutor Queue Thread 3" [_thread_blocked, id=8464, stack(0x0000004713800000,0x0000004713900000)]
  0x0000017c8ad8c800 JavaThread "WorkerExecutor Queue Thread 4" [_thread_blocked, id=312, stack(0x0000004713a00000,0x0000004713b00000)]
  0x0000017c8ad8d800 JavaThread "WorkerExecutor Queue Thread 5" [_thread_blocked, id=16184, stack(0x0000004713c00000,0x0000004713d00000)]
  0x0000017c8be7a800 JavaThread "WorkerExecutor Queue Thread 6" [_thread_blocked, id=8892, stack(0x0000004713d00000,0x0000004713e00000)]
  0x0000017c8be75000 JavaThread "WorkerExecutor Queue Thread 7" [_thread_blocked, id=16700, stack(0x0000004713f00000,0x0000004714000000)]
  0x0000017c8be7d000 JavaThread "WorkerExecutor Queue Thread 8" [_thread_blocked, id=18716, stack(0x0000004714000000,0x0000004714100000)]
  0x0000017c8be7f000 JavaThread "WorkerExecutor Queue Thread 9" [_thread_blocked, id=4232, stack(0x0000004714500000,0x0000004714600000)]
  0x0000017c8be81800 JavaThread "pool-29-thread-1" [_thread_blocked, id=15000, stack(0x0000004714600000,0x0000004714700000)]
  0x0000017c8be82000 JavaThread "stderr" [_thread_in_native, id=3312, stack(0x0000004714700000,0x0000004714800000)]
  0x0000017c8b4d0000 JavaThread "stdout" [_thread_in_native, id=18292, stack(0x0000004714800000,0x0000004714900000)]
  0x0000017c8dcf5000 JavaThread "C2 CompilerThread1" daemon [_thread_in_native, id=10864, stack(0x000000470cb00000,0x000000470cc00000)]
  0x0000017c8dcef000 JavaThread "C2 CompilerThread2" daemon [_thread_in_native, id=12608, stack(0x000000470ce00000,0x000000470cf00000)]
  0x0000017c8b4d1000 JavaThread "ForkJoinPool-1-worker-3" daemon [_thread_blocked, id=12564, stack(0x0000004714900000,0x0000004714a00000)]
  0x0000017c8b4cc000 JavaThread "ForkJoinPool-1-worker-5" daemon [_thread_blocked, id=8828, stack(0x0000004714a00000,0x0000004714b00000)]
  0x0000017c963cc000 JavaThread "ForkJoinPool-1-worker-7" daemon [_thread_blocked, id=13364, stack(0x0000004714b00000,0x0000004714c00000)]
  0x0000017c8dcad000 JavaThread "ForkJoinPool-1-worker-9" daemon [_thread_blocked, id=13164, stack(0x0000004714c00000,0x0000004714d00000)]
  0x0000017c8dcaa000 JavaThread "ForkJoinPool-1-worker-11" daemon [_thread_blocked, id=13988, stack(0x0000004714d00000,0x0000004714e00000)]
  0x0000017c8dcab800 JavaThread "ForkJoinPool-1-worker-13" daemon [_thread_blocked, id=17472, stack(0x0000004714e00000,0x0000004714f00000)]
  0x0000017c8dcac800 JavaThread "ForkJoinPool-1-worker-15" daemon [_thread_blocked, id=13348, stack(0x0000004714f00000,0x0000004715000000)]
  0x0000017c8dca9000 JavaThread "ForkJoinPool-1-worker-1" daemon [_thread_blocked, id=15264, stack(0x0000004715000000,0x0000004715100000)]

Other Threads:
=>0x0000017c88204000 VMThread "VM Thread" [stack: 0x000000470a600000,0x000000470a700000] [id=14588]
  0x0000017c883f6800 WatcherThread [stack: 0x000000470b000000,0x000000470b100000] [id=9288]
  0x0000017ced450800 GCTaskThread "GC Thread#0" [stack: 0x000000470a100000,0x000000470a200000] [id=15476]
  0x0000017c88f70800 GCTaskThread "GC Thread#1" [stack: 0x000000470b200000,0x000000470b300000] [id=13904]
  0x0000017c8934d800 GCTaskThread "GC Thread#2" [stack: 0x000000470b300000,0x000000470b400000] [id=2716]
  0x0000017c894a4000 GCTaskThread "GC Thread#3" [stack: 0x000000470b400000,0x000000470b500000] [id=10564]
  0x0000017c88f21800 GCTaskThread "GC Thread#4" [stack: 0x000000470b500000,0x000000470b600000] [id=1076]
  0x0000017c88a2b800 GCTaskThread "GC Thread#5" [stack: 0x000000470b600000,0x000000470b700000] [id=16036]
  0x0000017c8b34a000 GCTaskThread "GC Thread#6" [stack: 0x000000470c400000,0x000000470c500000] [id=12956]
  0x0000017c89424000 GCTaskThread "GC Thread#7" [stack: 0x000000470c500000,0x000000470c600000] [id=8684]
  0x0000017ced483000 ConcurrentGCThread "G1 Main Marker" [stack: 0x000000470a200000,0x000000470a300000] [id=15920]
  0x0000017ced484000 ConcurrentGCThread "G1 Conc#0" [stack: 0x000000470a300000,0x000000470a400000] [id=16196]
  0x0000017c8a891800 ConcurrentGCThread "G1 Conc#1" [stack: 0x000000470c600000,0x000000470c700000] [id=12672]
  0x0000017ced4fd800 ConcurrentGCThread "G1 Refine#0" [stack: 0x000000470a400000,0x000000470a500000] [id=16292]
  0x0000017c8d693800 ConcurrentGCThread "G1 Refine#1" [stack: 0x0000004713500000,0x0000004713600000] [id=6240]
  0x0000017c8d694000 ConcurrentGCThread "G1 Refine#2" [stack: 0x0000004713600000,0x0000004713700000] [id=3944]
  0x0000017c87852800 ConcurrentGCThread "G1 Young RemSet Sampling" [stack: 0x000000470a500000,0x000000470a600000] [id=18284]

Threads with active compile tasks:
C2 CompilerThread0   526231 24319 %     4       com.android.tools.r8.dex.i::l @ 64 (2158 bytes)
C2 CompilerThread1   526231 24485 %     4       com.android.tools.r8.dex.i::a @ 315 (1041 bytes)
C2 CompilerThread2   526231 24449       4       com.android.tools.r8.dex.code.v1::a (4134 bytes)

VM state:at safepoint (normal execution)

VM Mutex/Monitor currently owned by a thread:  ([mutex/lock_event])
[0x0000017ced434670] Threads_lock - owner thread: 0x0000017c88204000
[0x0000017ced434f70] Heap_lock - owner thread: 0x0000017c963cc000

Heap address: 0x0000000080000000, size: 2048 MB, Compressed Oops mode: 32-bit
Narrow klass base: 0x0000000000000000, Narrow klass shift: 3
Compressed class space size: 1073741824 Address: 0x0000000100000000

Heap:
 garbage-first heap   total 328704K, used 180936K [0x0000000080000000, 0x0000000100000000)
  region size 1024K, 7 young (7168K), 7 survivors (7168K)
 Metaspace       used 133088K, capacity 137764K, committed 138036K, reserved 1169408K
  class space    used 16788K, capacity 18589K, committed 18688K, reserved 1048576K
Heap Regions: E=young(eden), S=young(survivor), O=old, HS=humongous(starts), HC=humongous(continues), CS=collection set, F=free, A=archive, TAMS=top-at-mark-start (previous, next)
|   0|0x0000000080000000, 0x0000000080100000, 0x0000000080100000|100%| O|  |TAMS 0x0000000080100000, 0x0000000080000000| Untracked 
|   1|0x0000000080100000, 0x0000000080200000, 0x0000000080200000|100%| O|  |TAMS 0x0000000080200000, 0x0000000080100000| Untracked 
|   2|0x0000000080200000, 0x0000000080300000, 0x0000000080300000|100%| O|  |TAMS 0x0000000080300000, 0x0000000080200000| Untracked 
|   3|0x0000000080300000, 0x0000000080400000, 0x0000000080400000|100%|HS|  |TAMS 0x0000000080400000, 0x0000000080300000| Complete 
|   4|0x0000000080400000, 0x0000000080500000, 0x0000000080500000|100%|HC|  |TAMS 0x0000000080500000, 0x0000000080400000| Complete 
|   5|0x0000000080500000, 0x0000000080600000, 0x0000000080600000|100%|HC|  |TAMS 0x0000000080600000, 0x0000000080500000| Complete 
|   6|0x0000000080600000, 0x0000000080700000, 0x0000000080700000|100%| O|  |TAMS 0x0000000080700000, 0x0000000080600000| Untracked 
|   7|0x0000000080700000, 0x0000000080800000, 0x0000000080800000|100%| O|  |TAMS 0x0000000080800000, 0x0000000080700000| Untracked 
|   8|0x0000000080800000, 0x0000000080900000, 0x0000000080900000|100%| O|  |TAMS 0x0000000080900000, 0x0000000080800000| Untracked 
|   9|0x0000000080900000, 0x0000000080a00000, 0x0000000080a00000|100%| O|  |TAMS 0x0000000080a00000, 0x0000000080900000| Untracked 
|  10|0x0000000080a00000, 0x0000000080b00000, 0x0000000080b00000|100%| O|  |TAMS 0x0000000080b00000, 0x0000000080a00000| Untracked 
|  11|0x0000000080b00000, 0x0000000080c00000, 0x0000000080c00000|100%| O|  |TAMS 0x0000000080c00000, 0x0000000080b00000| Complete 
|  12|0x0000000080c00000, 0x0000000080d00000, 0x0000000080d00000|100%| O|  |TAMS 0x0000000080d00000, 0x0000000080c00000| Untracked 
|  13|0x0000000080d00000, 0x0000000080e00000, 0x0000000080e00000|100%| O|  |TAMS 0x0000000080e00000, 0x0000000080d00000| Untracked 
|  14|0x0000000080e00000, 0x0000000080f00000, 0x0000000080f00000|100%| O|  |TAMS 0x0000000080f00000, 0x0000000080e00000| Untracked 
|  15|0x0000000080f00000, 0x0000000081000000, 0x0000000081000000|100%| O|  |TAMS 0x0000000081000000, 0x0000000080f00000| Untracked 
|  16|0x0000000081000000, 0x0000000081100000, 0x0000000081100000|100%| O|  |TAMS 0x0000000081100000, 0x0000000081000000| Untracked 
|  17|0x0000000081100000, 0x0000000081200000, 0x0000000081200000|100%|HS|  |TAMS 0x0000000081200000, 0x0000000081100000| Complete 
|  18|0x0000000081200000, 0x0000000081300000, 0x0000000081300000|100%|HS|  |TAMS 0x0000000081300000, 0x0000000081200000| Complete 
|  19|0x0000000081300000, 0x0000000081400000, 0x0000000081400000|100%| O|  |TAMS 0x0000000081400000, 0x0000000081300000| Untracked 
|  20|0x0000000081400000, 0x0000000081500000, 0x0000000081500000|100%| O|  |TAMS 0x0000000081500000, 0x0000000081400000| Untracked 
|  21|0x0000000081500000, 0x0000000081600000, 0x0000000081600000|100%| O|  |TAMS 0x0000000081600000, 0x0000000081500000| Untracked 
|  22|0x0000000081600000, 0x0000000081700000, 0x0000000081700000|100%| O|  |TAMS 0x0000000081700000, 0x0000000081600000| Untracked 
|  23|0x0000000081700000, 0x0000000081800000, 0x0000000081800000|100%| O|  |TAMS 0x0000000081800000, 0x0000000081700000| Untracked 
|  24|0x0000000081800000, 0x0000000081900000, 0x0000000081900000|100%| O|  |TAMS 0x0000000081900000, 0x0000000081800000| Untracked 
|  25|0x0000000081900000, 0x0000000081a00000, 0x0000000081a00000|100%| O|  |TAMS 0x0000000081a00000, 0x0000000081900000| Untracked 
|  26|0x0000000081a00000, 0x0000000081b00000, 0x0000000081b00000|100%| O|  |TAMS 0x0000000081b00000, 0x0000000081a00000| Untracked 
|  27|0x0000000081b00000, 0x0000000081c00000, 0x0000000081c00000|100%| O|  |TAMS 0x0000000081c00000, 0x0000000081b00000| Untracked 
|  28|0x0000000081c00000, 0x0000000081d00000, 0x0000000081d00000|100%| O|  |TAMS 0x0000000081d00000, 0x0000000081c00000| Untracked 
|  29|0x0000000081d00000, 0x0000000081e00000, 0x0000000081e00000|100%| O|  |TAMS 0x0000000081e00000, 0x0000000081d00000| Untracked 
|  30|0x0000000081e00000, 0x0000000081f00000, 0x0000000081f00000|100%| O|  |TAMS 0x0000000081f00000, 0x0000000081e00000| Complete 
|  31|0x0000000081f00000, 0x0000000082000000, 0x0000000082000000|100%| O|  |TAMS 0x0000000082000000, 0x0000000081f00000| Untracked 
|  32|0x0000000082000000, 0x0000000082100000, 0x0000000082100000|100%| O|  |TAMS 0x0000000082100000, 0x0000000082000000| Untracked 
|  33|0x0000000082100000, 0x0000000082200000, 0x0000000082200000|100%| O|  |TAMS 0x0000000082200000, 0x0000000082100000| Untracked 
|  34|0x0000000082200000, 0x0000000082300000, 0x0000000082300000|100%| O|  |TAMS 0x0000000082300000, 0x0000000082200000| Untracked 
|  35|0x0000000082300000, 0x0000000082400000, 0x0000000082400000|100%| O|  |TAMS 0x0000000082400000, 0x0000000082300000| Complete 
|  36|0x0000000082400000, 0x0000000082500000, 0x0000000082500000|100%| O|  |TAMS 0x0000000082500000, 0x0000000082400000| Untracked 
|  37|0x0000000082500000, 0x0000000082600000, 0x0000000082600000|100%| O|  |TAMS 0x0000000082600000, 0x0000000082500000| Untracked 
|  38|0x0000000082600000, 0x0000000082700000, 0x0000000082700000|100%| O|  |TAMS 0x0000000082700000, 0x0000000082600000| Untracked 
|  39|0x0000000082700000, 0x0000000082800000, 0x0000000082800000|100%| O|  |TAMS 0x0000000082800000, 0x0000000082700000| Complete 
|  40|0x0000000082800000, 0x0000000082900000, 0x0000000082900000|100%| O|  |TAMS 0x0000000082900000, 0x0000000082800000| Untracked 
|  41|0x0000000082900000, 0x0000000082a00000, 0x0000000082a00000|100%| O|  |TAMS 0x0000000082a00000, 0x0000000082900000| Complete 
|  42|0x0000000082a00000, 0x0000000082b00000, 0x0000000082b00000|100%| O|  |TAMS 0x0000000082b00000, 0x0000000082a00000| Untracked 
|  43|0x0000000082b00000, 0x0000000082c00000, 0x0000000082c00000|100%| O|  |TAMS 0x0000000082c00000, 0x0000000082b00000| Untracked 
|  44|0x0000000082c00000, 0x0000000082d00000, 0x0000000082d00000|100%| O|  |TAMS 0x0000000082d00000, 0x0000000082c00000| Complete 
|  45|0x0000000082d00000, 0x0000000082e00000, 0x0000000082e00000|100%| O|  |TAMS 0x0000000082e00000, 0x0000000082d00000| Complete 
|  46|0x0000000082e00000, 0x0000000082f00000, 0x0000000082f00000|100%| O|  |TAMS 0x0000000082f00000, 0x0000000082e00000| Complete 
|  47|0x0000000082f00000, 0x0000000083000000, 0x0000000083000000|100%| O|  |TAMS 0x0000000083000000, 0x0000000082f00000| Complete 
|  48|0x0000000083000000, 0x0000000083100000, 0x0000000083100000|100%| O|  |TAMS 0x0000000083100000, 0x0000000083000000| Complete 
|  49|0x0000000083100000, 0x0000000083200000, 0x0000000083200000|100%| O|  |TAMS 0x0000000083200000, 0x0000000083100000| Untracked 
|  50|0x0000000083200000, 0x0000000083300000, 0x0000000083300000|100%|HS|  |TAMS 0x0000000083300000, 0x0000000083200000| Complete 
|  51|0x0000000083300000, 0x0000000083400000, 0x0000000083400000|100%| O|  |TAMS 0x0000000083400000, 0x0000000083300000| Untracked 
|  52|0x0000000083400000, 0x0000000083500000, 0x0000000083500000|100%| O|  |TAMS 0x0000000083500000, 0x0000000083400000| Complete 
|  53|0x0000000083500000, 0x0000000083600000, 0x0000000083600000|100%| O|  |TAMS 0x0000000083600000, 0x0000000083500000| Complete 
|  54|0x0000000083600000, 0x0000000083700000, 0x0000000083700000|100%| O|  |TAMS 0x0000000083700000, 0x0000000083600000| Untracked 
|  55|0x0000000083700000, 0x0000000083800000, 0x0000000083800000|100%| O|  |TAMS 0x0000000083800000, 0x0000000083700000| Untracked 
|  56|0x0000000083800000, 0x0000000083900000, 0x0000000083900000|100%| O|  |TAMS 0x0000000083900000, 0x0000000083800000| Untracked 
|  57|0x0000000083900000, 0x0000000083a00000, 0x0000000083a00000|100%| O|  |TAMS 0x0000000083a00000, 0x0000000083900000| Untracked 
|  58|0x0000000083a00000, 0x0000000083b00000, 0x0000000083b00000|100%| O|  |TAMS 0x0000000083b00000, 0x0000000083a00000| Untracked 
|  59|0x0000000083b00000, 0x0000000083c00000, 0x0000000083c00000|100%| O|  |TAMS 0x0000000083c00000, 0x0000000083b00000| Untracked 
|  60|0x0000000083c00000, 0x0000000083d00000, 0x0000000083d00000|100%| O|  |TAMS 0x0000000083d00000, 0x0000000083c00000| Complete 
|  61|0x0000000083d00000, 0x0000000083e00000, 0x0000000083e00000|100%| O|  |TAMS 0x0000000083e00000, 0x0000000083d00000| Untracked 
|  62|0x0000000083e00000, 0x0000000083f00000, 0x0000000083f00000|100%| O|  |TAMS 0x0000000083f00000, 0x0000000083e00000| Complete 
|  63|0x0000000083f00000, 0x0000000084000000, 0x0000000084000000|100%| O|  |TAMS 0x0000000084000000, 0x0000000083f00000| Complete 
|  64|0x0000000084000000, 0x0000000084100000, 0x0000000084100000|100%| O|  |TAMS 0x0000000084100000, 0x0000000084000000| Complete 
|  65|0x0000000084100000, 0x0000000084200000, 0x0000000084200000|100%| O|  |TAMS 0x0000000084200000, 0x0000000084100000| Complete 
|  66|0x0000000084200000, 0x0000000084300000, 0x0000000084300000|100%| O|  |TAMS 0x0000000084300000, 0x0000000084200000| Complete 
|  67|0x0000000084300000, 0x0000000084400000, 0x0000000084400000|100%| O|  |TAMS 0x0000000084400000, 0x0000000084300000| Complete 
|  68|0x0000000084400000, 0x0000000084500000, 0x0000000084500000|100%| O|  |TAMS 0x0000000084500000, 0x0000000084400000| Complete 
|  69|0x0000000084500000, 0x0000000084600000, 0x0000000084600000|100%| O|  |TAMS 0x0000000084600000, 0x0000000084500000| Untracked 
|  70|0x0000000084600000, 0x0000000084700000, 0x0000000084700000|100%| O|  |TAMS 0x0000000084700000, 0x0000000084600000| Complete 
|  71|0x0000000084700000, 0x0000000084800000, 0x0000000084800000|100%| O|  |TAMS 0x0000000084800000, 0x0000000084700000| Untracked 
|  72|0x0000000084800000, 0x0000000084900000, 0x0000000084900000|100%| O|  |TAMS 0x0000000084900000, 0x0000000084800000| Untracked 
|  73|0x0000000084900000, 0x0000000084a00000, 0x0000000084a00000|100%| O|  |TAMS 0x0000000084a00000, 0x0000000084900000| Complete 
|  74|0x0000000084a00000, 0x0000000084b00000, 0x0000000084b00000|100%| O|  |TAMS 0x0000000084b00000, 0x0000000084a00000| Complete 
|  75|0x0000000084b00000, 0x0000000084c00000, 0x0000000084c00000|100%| O|  |TAMS 0x0000000084c00000, 0x0000000084b00000| Complete 
|  76|0x0000000084c00000, 0x0000000084d00000, 0x0000000084d00000|100%|HS|  |TAMS 0x0000000084c00000, 0x0000000084c00000| Complete 
|  77|0x0000000084d00000, 0x0000000084e00000, 0x0000000084e00000|100%| O|  |TAMS 0x0000000084e00000, 0x0000000084d00000| Untracked 
|  78|0x0000000084e00000, 0x0000000084f00000, 0x0000000084f00000|100%| O|  |TAMS 0x0000000084f00000, 0x0000000084e00000| Untracked 
|  79|0x0000000084f00000, 0x0000000085000000, 0x0000000085000000|100%| O|  |TAMS 0x0000000084f00000, 0x0000000084f00000| Untracked 
|  80|0x0000000085000000, 0x0000000085100000, 0x0000000085100000|100%|HS|  |TAMS 0x0000000085100000, 0x0000000085000000| Complete 
|  81|0x0000000085100000, 0x0000000085200000, 0x0000000085200000|100%| O|  |TAMS 0x0000000085200000, 0x0000000085100000| Complete 
|  82|0x0000000085200000, 0x0000000085300000, 0x0000000085300000|100%| O|  |TAMS 0x0000000085300000, 0x0000000085200000| Complete 
|  83|0x0000000085300000, 0x0000000085400000, 0x0000000085400000|100%| O|  |TAMS 0x0000000085400000, 0x0000000085300000| Untracked 
|  84|0x0000000085400000, 0x0000000085500000, 0x0000000085500000|100%| O|  |TAMS 0x0000000085500000, 0x0000000085400000| Complete 
|  85|0x0000000085500000, 0x0000000085600000, 0x0000000085600000|100%| O|  |TAMS 0x0000000085600000, 0x0000000085500000| Complete 
|  86|0x0000000085600000, 0x0000000085700000, 0x0000000085700000|100%| O|  |TAMS 0x0000000085600000, 0x0000000085600000| Untracked 
|  87|0x0000000085700000, 0x0000000085800000, 0x0000000085800000|100%|HS|  |TAMS 0x0000000085800000, 0x0000000085700000| Complete 
|  88|0x0000000085800000, 0x0000000085900000, 0x0000000085900000|100%| O|  |TAMS 0x0000000085900000, 0x0000000085800000| Complete 
|  89|0x0000000085900000, 0x0000000085a00000, 0x0000000085a00000|100%| O|  |TAMS 0x0000000085a00000, 0x0000000085900000| Complete 
|  90|0x0000000085a00000, 0x0000000085b00000, 0x0000000085b00000|100%| O|  |TAMS 0x0000000085b00000, 0x0000000085a00000| Untracked 
|  91|0x0000000085b00000, 0x0000000085c00000, 0x0000000085c00000|100%| O|  |TAMS 0x0000000085c00000, 0x0000000085b00000| Complete 
|  92|0x0000000085c00000, 0x0000000085d00000, 0x0000000085d00000|100%| O|  |TAMS 0x0000000085d00000, 0x0000000085c00000| Complete 
|  93|0x0000000085d00000, 0x0000000085e00000, 0x0000000085e00000|100%| O|  |TAMS 0x0000000085e00000, 0x0000000085d00000| Complete 
|  94|0x0000000085e00000, 0x0000000085f00000, 0x0000000085f00000|100%| O|  |TAMS 0x0000000085f00000, 0x0000000085e00000| Complete 
|  95|0x0000000085f00000, 0x0000000086000000, 0x0000000086000000|100%|HS|  |TAMS 0x0000000086000000, 0x0000000085f00000| Complete 
|  96|0x0000000086000000, 0x0000000086100000, 0x0000000086100000|100%|HC|  |TAMS 0x0000000086100000, 0x0000000086000000| Complete 
|  97|0x0000000086100000, 0x0000000086200000, 0x0000000086200000|100%| O|  |TAMS 0x0000000086200000, 0x0000000086100000| Untracked 
|  98|0x0000000086200000, 0x0000000086300000, 0x0000000086300000|100%| O|  |TAMS 0x0000000086300000, 0x0000000086200000| Complete 
|  99|0x0000000086300000, 0x0000000086400000, 0x0000000086400000|100%| O|  |TAMS 0x0000000086400000, 0x0000000086300000| Untracked 
| 100|0x0000000086400000, 0x0000000086500000, 0x0000000086500000|100%| O|  |TAMS 0x0000000086500000, 0x0000000086400000| Untracked 
| 101|0x0000000086500000, 0x0000000086600000, 0x0000000086600000|100%| O|  |TAMS 0x0000000086600000, 0x0000000086500000| Untracked 
| 102|0x0000000086600000, 0x0000000086700000, 0x0000000086700000|100%| O|  |TAMS 0x0000000086700000, 0x0000000086600000| Complete 
| 103|0x0000000086700000, 0x0000000086800000, 0x0000000086800000|100%| O|  |TAMS 0x0000000086800000, 0x0000000086700000| Complete 
| 104|0x0000000086800000, 0x0000000086900000, 0x0000000086900000|100%|HS|  |TAMS 0x0000000086900000, 0x0000000086800000| Complete 
| 105|0x0000000086900000, 0x0000000086a00000, 0x0000000086a00000|100%| O|  |TAMS 0x0000000086900000, 0x0000000086900000| Untracked 
| 106|0x0000000086a00000, 0x0000000086b00000, 0x0000000086b00000|100%| O|  |TAMS 0x0000000086b00000, 0x0000000086a00000| Untracked 
| 107|0x0000000086b00000, 0x0000000086c00000, 0x0000000086c00000|100%| O|  |TAMS 0x0000000086c00000, 0x0000000086b00000| Untracked 
| 108|0x0000000086c00000, 0x0000000086d00000, 0x0000000086d00000|100%| O|  |TAMS 0x0000000086d00000, 0x0000000086c00000| Complete 
| 109|0x0000000086d00000, 0x0000000086e00000, 0x0000000086e00000|100%| O|  |TAMS 0x0000000086d00000, 0x0000000086d00000| Untracked 
| 110|0x0000000086e00000, 0x0000000086f00000, 0x0000000086f00000|100%| O|  |TAMS 0x0000000086f00000, 0x0000000086e00000| Untracked 
| 111|0x0000000086f00000, 0x0000000087000000, 0x0000000087000000|100%| O|  |TAMS 0x0000000086f00000, 0x0000000086f00000| Untracked 
| 112|0x0000000087000000, 0x0000000087100000, 0x0000000087100000|100%| O|  |TAMS 0x0000000087000000, 0x0000000087000000| Untracked 
| 113|0x0000000087100000, 0x0000000087200000, 0x0000000087200000|100%| O|  |TAMS 0x0000000087200000, 0x0000000087100000| Untracked 
| 114|0x0000000087200000, 0x0000000087300000, 0x0000000087300000|100%| O|  |TAMS 0x0000000087300000, 0x0000000087200000| Complete 
| 115|0x0000000087300000, 0x0000000087400000, 0x0000000087400000|100%| O|  |TAMS 0x0000000087300000, 0x0000000087300000| Untracked 
| 116|0x0000000087400000, 0x0000000087500000, 0x0000000087500000|100%| O|  |TAMS 0x0000000087400000, 0x0000000087400000| Untracked 
| 117|0x0000000087500000, 0x0000000087600000, 0x0000000087600000|100%|HS|  |TAMS 0x0000000087600000, 0x0000000087500000| Complete 
| 118|0x0000000087600000, 0x0000000087700000, 0x0000000087700000|100%|HC|  |TAMS 0x0000000087700000, 0x0000000087600000| Complete 
| 119|0x0000000087700000, 0x0000000087800000, 0x0000000087800000|100%| O|  |TAMS 0x0000000087800000, 0x0000000087700000| Untracked 
| 120|0x0000000087800000, 0x0000000087900000, 0x0000000087900000|100%| O|  |TAMS 0x0000000087900000, 0x0000000087800000| Untracked 
| 121|0x0000000087900000, 0x0000000087a00000, 0x0000000087a00000|100%| O|  |TAMS 0x0000000087a00000, 0x0000000087900000| Complete 
| 122|0x0000000087a00000, 0x0000000087b00000, 0x0000000087b00000|100%| O|  |TAMS 0x0000000087b00000, 0x0000000087a00000| Complete 
| 123|0x0000000087b00000, 0x0000000087c00000, 0x0000000087c00000|100%| O|  |TAMS 0x0000000087c00000, 0x0000000087b00000| Complete 
| 124|0x0000000087c00000, 0x0000000087d00000, 0x0000000087d00000|100%|HS|  |TAMS 0x0000000087d00000, 0x0000000087c00000| Complete 
| 125|0x0000000087d00000, 0x0000000087e00000, 0x0000000087e00000|100%|HC|  |TAMS 0x0000000087e00000, 0x0000000087d00000| Complete 
| 126|0x0000000087e00000, 0x0000000087f00000, 0x0000000087f00000|100%|HC|  |TAMS 0x0000000087f00000, 0x0000000087e00000| Complete 
| 127|0x0000000087f00000, 0x0000000088000000, 0x0000000088000000|100%|HS|  |TAMS 0x0000000088000000, 0x0000000087f00000| Complete 
| 128|0x0000000088000000, 0x0000000088100000, 0x0000000088100000|100%|HC|  |TAMS 0x0000000088100000, 0x0000000088000000| Complete 
| 129|0x0000000088100000, 0x0000000088200000, 0x0000000088200000|100%|HS|  |TAMS 0x0000000088200000, 0x0000000088100000| Complete 
| 130|0x0000000088200000, 0x0000000088300000, 0x0000000088300000|100%| O|  |TAMS 0x0000000088300000, 0x0000000088200000| Untracked 
| 131|0x0000000088300000, 0x0000000088400000, 0x0000000088400000|100%|HS|  |TAMS 0x0000000088400000, 0x0000000088300000| Complete 
| 132|0x0000000088400000, 0x0000000088500000, 0x0000000088500000|100%| O|  |TAMS 0x0000000088500000, 0x0000000088400000| Complete 
| 133|0x0000000088500000, 0x0000000088600000, 0x0000000088600000|100%| O|  |TAMS 0x0000000088600000, 0x0000000088500000| Untracked 
| 134|0x0000000088600000, 0x0000000088700000, 0x0000000088700000|100%| O|  |TAMS 0x0000000088700000, 0x0000000088600000| Complete 
| 135|0x0000000088700000, 0x0000000088800000, 0x0000000088800000|100%|HS|  |TAMS 0x0000000088800000, 0x0000000088700000| Complete 
| 136|0x0000000088800000, 0x0000000088900000, 0x0000000088900000|100%|HC|  |TAMS 0x0000000088900000, 0x0000000088800000| Complete 
| 137|0x0000000088900000, 0x0000000088a00000, 0x0000000088a00000|100%| O|  |TAMS 0x0000000088960000, 0x0000000088900000| Untracked 
| 138|0x0000000088a00000, 0x0000000088b00000, 0x0000000088b00000|100%| O|  |TAMS 0x0000000088b00000, 0x0000000088a00000| Complete 
| 139|0x0000000088b00000, 0x0000000088c00000, 0x0000000088c00000|100%| O|  |TAMS 0x0000000088b00000, 0x0000000088b00000| Untracked 
| 140|0x0000000088c00000, 0x0000000088d00000, 0x0000000088d00000|100%| O|  |TAMS 0x0000000088c00000, 0x0000000088c00000| Untracked 
| 141|0x0000000088d00000, 0x0000000088e00000, 0x0000000088e00000|100%| O|  |TAMS 0x0000000088d00000, 0x0000000088d00000| Untracked 
| 142|0x0000000088e00000, 0x0000000088f00000, 0x0000000088f00000|100%| O|  |TAMS 0x0000000088e00000, 0x0000000088e00000| Untracked 
| 143|0x0000000088f00000, 0x0000000089000000, 0x0000000089000000|100%| O|  |TAMS 0x0000000088f00000, 0x0000000088f00000| Untracked 
| 144|0x0000000089000000, 0x0000000089100000, 0x0000000089100000|100%| O|  |TAMS 0x0000000089000000, 0x0000000089000000| Untracked 
| 145|0x0000000089100000, 0x0000000089200000, 0x0000000089200000|100%|HS|  |TAMS 0x0000000089200000, 0x0000000089100000| Complete 
| 146|0x0000000089200000, 0x0000000089300000, 0x0000000089300000|100%|HC|  |TAMS 0x0000000089300000, 0x0000000089200000| Complete 
| 147|0x0000000089300000, 0x0000000089400000, 0x0000000089400000|100%|HC|  |TAMS 0x0000000089400000, 0x0000000089300000| Complete 
| 148|0x0000000089400000, 0x0000000089500000, 0x0000000089500000|100%|HS|  |TAMS 0x0000000089500000, 0x0000000089400000| Complete 
| 149|0x0000000089500000, 0x0000000089600000, 0x0000000089600000|100%| O|  |TAMS 0x0000000089600000, 0x0000000089500000| Complete 
| 150|0x0000000089600000, 0x0000000089700000, 0x0000000089700000|100%| O|  |TAMS 0x0000000089700000, 0x0000000089600000| Complete 
| 151|0x0000000089700000, 0x0000000089800000, 0x0000000089800000|100%| O|  |TAMS 0x0000000089800000, 0x0000000089700000| Complete 
| 152|0x0000000089800000, 0x0000000089900000, 0x0000000089900000|100%| O|  |TAMS 0x0000000089900000, 0x0000000089800000| Untracked 
| 153|0x0000000089900000, 0x0000000089a00000, 0x0000000089a00000|100%| O|  |TAMS 0x0000000089a00000, 0x0000000089900000| Untracked 
| 154|0x0000000089a00000, 0x0000000089b00000, 0x0000000089b00000|100%| O|  |TAMS 0x0000000089b00000, 0x0000000089a00000| Untracked 
| 155|0x0000000089b00000, 0x0000000089c00000, 0x0000000089c00000|100%| O|  |TAMS 0x0000000089c00000, 0x0000000089b00000| Untracked 
| 156|0x0000000089c00000, 0x0000000089d00000, 0x0000000089d00000|100%| O|  |TAMS 0x0000000089d00000, 0x0000000089c00000| Untracked 
| 157|0x0000000089d00000, 0x0000000089e00000, 0x0000000089e00000|100%| O|  |TAMS 0x0000000089e00000, 0x0000000089d00000| Untracked 
| 158|0x0000000089e00000, 0x0000000089f00000, 0x0000000089f00000|100%| O|  |TAMS 0x0000000089f00000, 0x0000000089e00000| Untracked 
| 159|0x0000000089f00000, 0x000000008a000000, 0x000000008a000000|100%| O|  |TAMS 0x000000008a000000, 0x0000000089f00000| Untracked 
| 160|0x000000008a000000, 0x000000008a100000, 0x000000008a100000|100%| O|  |TAMS 0x000000008a100000, 0x000000008a000000| Untracked 
| 161|0x000000008a100000, 0x000000008a200000, 0x000000008a200000|100%| O|  |TAMS 0x000000008a200000, 0x000000008a100000| Untracked 
| 162|0x000000008a200000, 0x000000008a300000, 0x000000008a300000|100%| O|  |TAMS 0x000000008a300000, 0x000000008a200000| Complete 
| 163|0x000000008a300000, 0x000000008a400000, 0x000000008a400000|100%| O|  |TAMS 0x000000008a300000, 0x000000008a300000| Untracked 
| 164|0x000000008a400000, 0x000000008a500000, 0x000000008a500000|100%| O|  |TAMS 0x000000008a400000, 0x000000008a400000| Untracked 
| 165|0x000000008a500000, 0x000000008a600000, 0x000000008a600000|100%| O|  |TAMS 0x000000008a500000, 0x000000008a500000| Untracked 
| 166|0x000000008a600000, 0x000000008a700000, 0x000000008a700000|100%| O|  |TAMS 0x000000008a600000, 0x000000008a600000| Untracked 
| 167|0x000000008a700000, 0x000000008a800000, 0x000000008a800000|100%| O|  |TAMS 0x000000008a700000, 0x000000008a700000| Untracked 
| 168|0x000000008a800000, 0x000000008a900000, 0x000000008a900000|100%| O|  |TAMS 0x000000008a800000, 0x000000008a800000| Untracked 
| 169|0x000000008a900000, 0x000000008a9b2200, 0x000000008aa00000| 69%| O|  |TAMS 0x000000008a900000, 0x000000008a900000| Untracked 
| 170|0x000000008aa00000, 0x000000008aa00000, 0x000000008ab00000|  0%| F|  |TAMS 0x000000008aa00000, 0x000000008aa00000| Untracked 
| 171|0x000000008ab00000, 0x000000008ab00000, 0x000000008ac00000|  0%| F|  |TAMS 0x000000008ab00000, 0x000000008ab00000| Untracked 
| 172|0x000000008ac00000, 0x000000008ac00000, 0x000000008ad00000|  0%| F|  |TAMS 0x000000008ac00000, 0x000000008ac00000| Untracked 
| 173|0x000000008ad00000, 0x000000008ad00000, 0x000000008ae00000|  0%| F|  |TAMS 0x000000008ad00000, 0x000000008ad00000| Untracked 
| 174|0x000000008ae00000, 0x000000008ae00000, 0x000000008af00000|  0%| F|  |TAMS 0x000000008ae00000, 0x000000008ae00000| Untracked 
| 175|0x000000008af00000, 0x000000008af00000, 0x000000008b000000|  0%| F|  |TAMS 0x000000008af00000, 0x000000008af00000| Untracked 
| 176|0x000000008b000000, 0x000000008b000000, 0x000000008b100000|  0%| F|  |TAMS 0x000000008b000000, 0x000000008b000000| Untracked 
| 177|0x000000008b100000, 0x000000008b100000, 0x000000008b200000|  0%| F|  |TAMS 0x000000008b100000, 0x000000008b100000| Untracked 
| 178|0x000000008b200000, 0x000000008b200000, 0x000000008b300000|  0%| F|  |TAMS 0x000000008b200000, 0x000000008b200000| Untracked 
| 179|0x000000008b300000, 0x000000008b300000, 0x000000008b400000|  0%| F|  |TAMS 0x000000008b300000, 0x000000008b300000| Untracked 
| 180|0x000000008b400000, 0x000000008b400000, 0x000000008b500000|  0%| F|  |TAMS 0x000000008b400000, 0x000000008b400000| Untracked 
| 181|0x000000008b500000, 0x000000008b500000, 0x000000008b600000|  0%| F|  |TAMS 0x000000008b500000, 0x000000008b500000| Untracked 
| 182|0x000000008b600000, 0x000000008b600000, 0x000000008b700000|  0%| F|  |TAMS 0x000000008b600000, 0x000000008b600000| Untracked 
| 183|0x000000008b700000, 0x000000008b700000, 0x000000008b800000|  0%| F|  |TAMS 0x000000008b700000, 0x000000008b700000| Untracked 
| 184|0x000000008b800000, 0x000000008b800000, 0x000000008b900000|  0%| F|  |TAMS 0x000000008b800000, 0x000000008b800000| Untracked 
| 185|0x000000008b900000, 0x000000008b900000, 0x000000008ba00000|  0%| F|  |TAMS 0x000000008b900000, 0x000000008b900000| Untracked 
| 186|0x000000008ba00000, 0x000000008ba00000, 0x000000008bb00000|  0%| F|  |TAMS 0x000000008ba00000, 0x000000008ba00000| Untracked 
| 187|0x000000008bb00000, 0x000000008bb00000, 0x000000008bc00000|  0%| F|  |TAMS 0x000000008bb00000, 0x000000008bb00000| Untracked 
| 188|0x000000008bc00000, 0x000000008bc00000, 0x000000008bd00000|  0%| F|  |TAMS 0x000000008bc00000, 0x000000008bc00000| Untracked 
| 189|0x000000008bd00000, 0x000000008bd00000, 0x000000008be00000|  0%| F|  |TAMS 0x000000008bd00000, 0x000000008bd00000| Untracked 
| 190|0x000000008be00000, 0x000000008be00000, 0x000000008bf00000|  0%| F|  |TAMS 0x000000008be00000, 0x000000008be00000| Untracked 
| 191|0x000000008bf00000, 0x000000008bf00000, 0x000000008c000000|  0%| F|  |TAMS 0x000000008bf00000, 0x000000008bf00000| Untracked 
| 192|0x000000008c000000, 0x000000008c000000, 0x000000008c100000|  0%| F|  |TAMS 0x000000008c000000, 0x000000008c000000| Untracked 
| 193|0x000000008c100000, 0x000000008c100000, 0x000000008c200000|  0%| F|  |TAMS 0x000000008c100000, 0x000000008c100000| Untracked 
| 194|0x000000008c200000, 0x000000008c300000, 0x000000008c300000|100%| S|CS|TAMS 0x000000008c200000, 0x000000008c200000| Complete 
| 195|0x000000008c300000, 0x000000008c400000, 0x000000008c400000|100%| S|CS|TAMS 0x000000008c300000, 0x000000008c300000| Complete 
| 196|0x000000008c400000, 0x000000008c500000, 0x000000008c500000|100%| S|CS|TAMS 0x000000008c400000, 0x000000008c400000| Complete 
| 197|0x000000008c500000, 0x000000008c600000, 0x000000008c600000|100%| S|CS|TAMS 0x000000008c500000, 0x000000008c500000| Complete 
| 198|0x000000008c600000, 0x000000008c700000, 0x000000008c700000|100%| S|CS|TAMS 0x000000008c600000, 0x000000008c600000| Complete 
| 199|0x000000008c700000, 0x000000008c800000, 0x000000008c800000|100%| S|CS|TAMS 0x000000008c700000, 0x000000008c700000| Complete 
| 200|0x000000008c800000, 0x000000008c900000, 0x000000008c900000|100%| S|CS|TAMS 0x000000008c800000, 0x000000008c800000| Complete 
| 201|0x000000008c900000, 0x000000008c900000, 0x000000008ca00000|  0%| F|  |TAMS 0x000000008c900000, 0x000000008c900000| Untracked 
| 202|0x000000008ca00000, 0x000000008ca00000, 0x000000008cb00000|  0%| F|  |TAMS 0x000000008ca00000, 0x000000008ca00000| Untracked 
| 203|0x000000008cb00000, 0x000000008cb00000, 0x000000008cc00000|  0%| F|  |TAMS 0x000000008cb00000, 0x000000008cb00000| Untracked 
| 204|0x000000008cc00000, 0x000000008cc00000, 0x000000008cd00000|  0%| F|  |TAMS 0x000000008cc00000, 0x000000008cc00000| Untracked 
| 205|0x000000008cd00000, 0x000000008cd00000, 0x000000008ce00000|  0%| F|  |TAMS 0x000000008cd00000, 0x000000008cd00000| Untracked 
| 206|0x000000008ce00000, 0x000000008ce00000, 0x000000008cf00000|  0%| F|  |TAMS 0x000000008ce00000, 0x000000008ce00000| Untracked 
| 207|0x000000008cf00000, 0x000000008cf00000, 0x000000008d000000|  0%| F|  |TAMS 0x000000008cf00000, 0x000000008cf00000| Untracked 
| 208|0x000000008d000000, 0x000000008d000000, 0x000000008d100000|  0%| F|  |TAMS 0x000000008d000000, 0x000000008d000000| Untracked 
| 209|0x000000008d100000, 0x000000008d100000, 0x000000008d200000|  0%| F|  |TAMS 0x000000008d100000, 0x000000008d100000| Untracked 
| 210|0x000000008d200000, 0x000000008d200000, 0x000000008d300000|  0%| F|  |TAMS 0x000000008d200000, 0x000000008d200000| Untracked 
| 211|0x000000008d300000, 0x000000008d300000, 0x000000008d400000|  0%| F|  |TAMS 0x000000008d300000, 0x000000008d300000| Untracked 
| 212|0x000000008d400000, 0x000000008d400000, 0x000000008d500000|  0%| F|  |TAMS 0x000000008d400000, 0x000000008d400000| Untracked 
| 213|0x000000008d500000, 0x000000008d500000, 0x000000008d600000|  0%| F|  |TAMS 0x000000008d500000, 0x000000008d500000| Untracked 
| 214|0x000000008d600000, 0x000000008d600000, 0x000000008d700000|  0%| F|  |TAMS 0x000000008d600000, 0x000000008d600000| Untracked 
| 215|0x000000008d700000, 0x000000008d700000, 0x000000008d800000|  0%| F|  |TAMS 0x000000008d700000, 0x000000008d700000| Untracked 
| 216|0x000000008d800000, 0x000000008d800000, 0x000000008d900000|  0%| F|  |TAMS 0x000000008d800000, 0x000000008d800000| Untracked 
| 217|0x000000008d900000, 0x000000008d900000, 0x000000008da00000|  0%| F|  |TAMS 0x000000008d900000, 0x000000008d900000| Untracked 
| 218|0x000000008da00000, 0x000000008da00000, 0x000000008db00000|  0%| F|  |TAMS 0x000000008da00000, 0x000000008da00000| Untracked 
| 219|0x000000008db00000, 0x000000008db00000, 0x000000008dc00000|  0%| F|  |TAMS 0x000000008db00000, 0x000000008db00000| Untracked 
| 220|0x000000008dc00000, 0x000000008dc00000, 0x000000008dd00000|  0%| F|  |TAMS 0x000000008dc00000, 0x000000008dc00000| Untracked 
| 221|0x000000008dd00000, 0x000000008dd00000, 0x000000008de00000|  0%| F|  |TAMS 0x000000008dd00000, 0x000000008dd00000| Untracked 
| 222|0x000000008de00000, 0x000000008de00000, 0x000000008df00000|  0%| F|  |TAMS 0x000000008de00000, 0x000000008de00000| Untracked 
| 223|0x000000008df00000, 0x000000008df00000, 0x000000008e000000|  0%| F|  |TAMS 0x000000008df00000, 0x000000008df00000| Untracked 
| 224|0x000000008e000000, 0x000000008e000000, 0x000000008e100000|  0%| F|  |TAMS 0x000000008e000000, 0x000000008e000000| Untracked 
| 225|0x000000008e100000, 0x000000008e100000, 0x000000008e200000|  0%| F|  |TAMS 0x000000008e100000, 0x000000008e100000| Untracked 
| 226|0x000000008e200000, 0x000000008e200000, 0x000000008e300000|  0%| F|  |TAMS 0x000000008e200000, 0x000000008e200000| Untracked 
| 227|0x000000008e300000, 0x000000008e300000, 0x000000008e400000|  0%| F|  |TAMS 0x000000008e300000, 0x000000008e300000| Untracked 
| 228|0x000000008e400000, 0x000000008e400000, 0x000000008e500000|  0%| F|  |TAMS 0x000000008e400000, 0x000000008e400000| Untracked 
| 229|0x000000008e500000, 0x000000008e500000, 0x000000008e600000|  0%| F|  |TAMS 0x000000008e500000, 0x000000008e500000| Untracked 
| 230|0x000000008e600000, 0x000000008e600000, 0x000000008e700000|  0%| F|  |TAMS 0x000000008e600000, 0x000000008e600000| Untracked 
| 231|0x000000008e700000, 0x000000008e700000, 0x000000008e800000|  0%| F|  |TAMS 0x000000008e700000, 0x000000008e700000| Untracked 
| 232|0x000000008e800000, 0x000000008e800000, 0x000000008e900000|  0%| F|  |TAMS 0x000000008e800000, 0x000000008e800000| Untracked 
| 233|0x000000008e900000, 0x000000008e900000, 0x000000008ea00000|  0%| F|  |TAMS 0x000000008e900000, 0x000000008e900000| Untracked 
| 234|0x000000008ea00000, 0x000000008ea00000, 0x000000008eb00000|  0%| F|  |TAMS 0x000000008ea00000, 0x000000008ea00000| Untracked 
| 235|0x000000008eb00000, 0x000000008eb00000, 0x000000008ec00000|  0%| F|  |TAMS 0x000000008eb00000, 0x000000008eb00000| Untracked 
| 236|0x000000008ec00000, 0x000000008ec00000, 0x000000008ed00000|  0%| F|  |TAMS 0x000000008ec00000, 0x000000008ec00000| Untracked 
| 237|0x000000008ed00000, 0x000000008ed00000, 0x000000008ee00000|  0%| F|  |TAMS 0x000000008ed00000, 0x000000008ed00000| Untracked 
| 238|0x000000008ee00000, 0x000000008ee00000, 0x000000008ef00000|  0%| F|  |TAMS 0x000000008ee00000, 0x000000008ee00000| Untracked 
| 239|0x000000008ef00000, 0x000000008ef00000, 0x000000008f000000|  0%| F|  |TAMS 0x000000008ef00000, 0x000000008ef00000| Untracked 
| 240|0x000000008f000000, 0x000000008f000000, 0x000000008f100000|  0%| F|  |TAMS 0x000000008f000000, 0x000000008f000000| Untracked 
| 241|0x000000008f100000, 0x000000008f100000, 0x000000008f200000|  0%| F|  |TAMS 0x000000008f100000, 0x000000008f100000| Untracked 
| 242|0x000000008f200000, 0x000000008f200000, 0x000000008f300000|  0%| F|  |TAMS 0x000000008f200000, 0x000000008f200000| Untracked 
| 243|0x000000008f300000, 0x000000008f300000, 0x000000008f400000|  0%| F|  |TAMS 0x000000008f300000, 0x000000008f300000| Untracked 
| 244|0x000000008f400000, 0x000000008f400000, 0x000000008f500000|  0%| F|  |TAMS 0x000000008f400000, 0x000000008f400000| Untracked 
| 245|0x000000008f500000, 0x000000008f500000, 0x000000008f600000|  0%| F|  |TAMS 0x000000008f500000, 0x000000008f500000| Untracked 
| 246|0x000000008f600000, 0x000000008f600000, 0x000000008f700000|  0%| F|  |TAMS 0x000000008f600000, 0x000000008f600000| Untracked 
| 247|0x000000008f700000, 0x000000008f700000, 0x000000008f800000|  0%| F|  |TAMS 0x000000008f700000, 0x000000008f700000| Untracked 
| 248|0x000000008f800000, 0x000000008f800000, 0x000000008f900000|  0%| F|  |TAMS 0x000000008f800000, 0x000000008f800000| Untracked 
| 249|0x000000008f900000, 0x000000008f900000, 0x000000008fa00000|  0%| F|  |TAMS 0x000000008f900000, 0x000000008f900000| Untracked 
| 250|0x000000008fa00000, 0x000000008fa00000, 0x000000008fb00000|  0%| F|  |TAMS 0x000000008fa00000, 0x000000008fa00000| Untracked 
| 251|0x000000008fb00000, 0x000000008fb00000, 0x000000008fc00000|  0%| F|  |TAMS 0x000000008fb00000, 0x000000008fb00000| Untracked 
| 252|0x000000008fc00000, 0x000000008fc00000, 0x000000008fd00000|  0%| F|  |TAMS 0x000000008fc00000, 0x000000008fc00000| Untracked 
| 253|0x000000008fd00000, 0x000000008fd00000, 0x000000008fe00000|  0%| F|  |TAMS 0x000000008fd00000, 0x000000008fd00000| Untracked 
| 254|0x000000008fe00000, 0x000000008fe00000, 0x000000008ff00000|  0%| F|  |TAMS 0x000000008fe00000, 0x000000008fe00000| Untracked 
| 255|0x000000008ff00000, 0x000000008ff00000, 0x0000000090000000|  0%| F|  |TAMS 0x000000008ff00000, 0x000000008ff00000| Untracked 

Card table byte_map: [0x0000017c80730000,0x0000017c80b30000] _byte_map_base: 0x0000017c80330000

Marking Bits (Prev, Next): (CMBitMap*) 0x0000017ced4793b8, (CMBitMap*) 0x0000017ced4793f0
 Prev Bits: [0x0000017c80f30000, 0x0000017c82f30000)
 Next Bits: [0x0000017c82f30000, 0x0000017c84f30000)

Polling page: 0x0000017cecc00000

Metaspace:

Usage:
  Non-class:    116.38 MB capacity,   113.57 MB ( 98%) used,     2.26 MB (  2%) free+waste,   557.31 KB ( <1%) overhead. 
      Class:     18.15 MB capacity,    16.39 MB ( 90%) used,     1.51 MB (  8%) free+waste,   252.81 KB (  1%) overhead. 
       Both:    134.54 MB capacity,   129.97 MB ( 97%) used,     3.77 MB (  3%) free+waste,   810.13 KB ( <1%) overhead. 

Virtual space:
  Non-class space:      118.00 MB reserved,     116.55 MB ( 99%) committed 
      Class space:        1.00 GB reserved,      18.25 MB (  2%) committed 
             Both:        1.12 GB reserved,     134.80 MB ( 12%) committed 

Chunk freelists:
   Non-Class:  109.00 KB
       Class:  35.00 KB
        Both:  144.00 KB

MaxMetaspaceSize: 17179869184.00 GB
CompressedClassSpaceSize: 1.00 GB
Initial GC threshold: 20.80 MB
Current GC threshold: 224.67 MB
CDS: off

CodeHeap 'non-profiled nmethods': size=120000Kb used=16573Kb max_used=17066Kb free=103426Kb
 bounds [0x0000017cf8a20000, 0x0000017cf9ae0000, 0x0000017cfff50000]
CodeHeap 'profiled nmethods': size=120000Kb used=47519Kb max_used=47519Kb free=72481Kb
 bounds [0x0000017cf14f0000, 0x0000017cf43a0000, 0x0000017cf8a20000]
CodeHeap 'non-nmethods': size=5760Kb used=2470Kb max_used=2552Kb free=3289Kb
 bounds [0x0000017cf0f50000, 0x0000017cf11e0000, 0x0000017cf14f0000]
 total_blobs=23070 nmethods=22065 adapters=916
 compilation: enabled
              stopped_count=0, restarted_count=0
 full_count=0

Compilation events (20 events):
Event: 526.185 Thread 0x0000017c8827f000 24722       2       com.android.tools.r8.graph.A::d (73 bytes)
Event: 526.185 Thread 0x0000017c8827f000 nmethod 24722 0x0000017cf2ac1710 code [0x0000017cf2ac1940, 0x0000017cf2ac1e58]
Event: 526.186 Thread 0x0000017c8827f000 24723       2       com.android.tools.r8.dex.code.p0::<init> (7 bytes)
Event: 526.186 Thread 0x0000017c8827f000 nmethod 24723 0x0000017cf2ac1310 code [0x0000017cf2ac14c0, 0x0000017cf2ac1618]
Event: 526.186 Thread 0x0000017c8827f000 24724       3       com.android.tools.r8.dex.i::b (271 bytes)
Event: 526.188 Thread 0x0000017c8827f000 nmethod 24724 0x0000017cf2c74a10 code [0x0000017cf2c74e80, 0x0000017cf2c773f8]
Event: 526.192 Thread 0x0000017c8827f000 24728       2       com.android.tools.r8.graph.R2::a (160 bytes)
Event: 526.193 Thread 0x0000017c8827f000 nmethod 24728 0x0000017cf2ac0510 code [0x0000017cf2ac0740, 0x0000017cf2ac0ed8]
Event: 526.193 Thread 0x0000017c8827f000 24727       2       com.android.tools.r8.dex.code.F3::<init> (85 bytes)
Event: 526.193 Thread 0x0000017c8827f000 nmethod 24727 0x0000017cf1fe2690 code [0x0000017cf1fe28c0, 0x0000017cf1fe2fe8]
Event: 526.193 Thread 0x0000017c8827f000 24729       2       com.android.tools.r8.dex.code.T2::hashCode (30 bytes)
Event: 526.194 Thread 0x0000017c8827f000 nmethod 24729 0x0000017cf2abff10 code [0x0000017cf2ac00c0, 0x0000017cf2ac0208]
Event: 526.194 Thread 0x0000017c8827f000 24730       2       com.android.tools.r8.dex.code.r::<init> (7 bytes)
Event: 526.194 Thread 0x0000017c8827f000 nmethod 24730 0x0000017cf1fe2290 code [0x0000017cf1fe2440, 0x0000017cf1fe2598]
Event: 526.196 Thread 0x0000017c8827f000 24732       2       com.android.tools.r8.graph.R2::g (64 bytes)
Event: 526.197 Thread 0x0000017c8827f000 nmethod 24732 0x0000017cf1fe1b10 code [0x0000017cf1fe1d40, 0x0000017cf1fe20c8]
Event: 526.197 Thread 0x0000017c8827f000 24733       2       com.android.tools.r8.dex.code.q1::<init> (13 bytes)
Event: 526.197 Thread 0x0000017c8827f000 nmethod 24733 0x0000017cf1fe1710 code [0x0000017cf1fe18c0, 0x0000017cf1fe19e8]
Event: 526.199 Thread 0x0000017c8827f000 24734       2       com.android.tools.r8.dex.code.A1::<init> (7 bytes)
Event: 526.199 Thread 0x0000017c8827f000 nmethod 24734 0x0000017cf1fe1090 code [0x0000017cf1fe1240, 0x0000017cf1fe1398]

GC Heap History (20 events):
Event: 523.958 GC heap after
{Heap after GC invocations=40 (full 0):
 garbage-first heap   total 262144K, used 134239K [0x0000000080000000, 0x0000000100000000)
  region size 1024K, 5 young (5120K), 5 survivors (5120K)
 Metaspace       used 126270K, capacity 130677K, committed 130996K, reserved 1163264K
  class space    used 16187K, capacity 17922K, committed 18048K, reserved 1048576K
}
Event: 524.242 GC heap before
{Heap before GC invocations=41 (full 0):
 garbage-first heap   total 262144K, used 204895K [0x0000000080000000, 0x0000000100000000)
  region size 1024K, 60 young (61440K), 5 survivors (5120K)
 Metaspace       used 129673K, capacity 134173K, committed 134324K, reserved 1165312K
  class space    used 16472K, capacity 18236K, committed 18304K, reserved 1048576K
}
Event: 524.247 GC heap after
{Heap after GC invocations=42 (full 0):
 garbage-first heap   total 262144K, used 137358K [0x0000000080000000, 0x0000000100000000)
  region size 1024K, 8 young (8192K), 8 survivors (8192K)
 Metaspace       used 129673K, capacity 134173K, committed 134324K, reserved 1165312K
  class space    used 16472K, capacity 18236K, committed 18304K, reserved 1048576K
}
Event: 524.259 GC heap before
{Heap before GC invocations=42 (full 0):
 garbage-first heap   total 262144K, used 140430K [0x0000000080000000, 0x0000000100000000)
  region size 1024K, 12 young (12288K), 8 survivors (8192K)
 Metaspace       used 129678K, capacity 134237K, committed 134324K, reserved 1165312K
  class space    used 16472K, capacity 18236K, committed 18304K, reserved 1048576K
}
Event: 524.262 GC heap after
{Heap after GC invocations=43 (full 0):
 garbage-first heap   total 262144K, used 135990K [0x0000000080000000, 0x0000000100000000)
  region size 1024K, 1 young (1024K), 1 survivors (1024K)
 Metaspace       used 129678K, capacity 134237K, committed 134324K, reserved 1165312K
  class space    used 16472K, capacity 18236K, committed 18304K, reserved 1048576K
}
Event: 524.451 GC heap before
{Heap before GC invocations=43 (full 0):
 garbage-first heap   total 262144K, used 194358K [0x0000000080000000, 0x0000000100000000)
  region size 1024K, 59 young (60416K), 1 survivors (1024K)
 Metaspace       used 130731K, capacity 135313K, committed 135476K, reserved 1167360K
  class space    used 16553K, capacity 18314K, committed 18432K, reserved 1048576K
}
Event: 524.457 GC heap after
{Heap after GC invocations=44 (full 0):
 garbage-first heap   total 262144K, used 141110K [0x0000000080000000, 0x0000000100000000)
  region size 1024K, 6 young (6144K), 6 survivors (6144K)
 Metaspace       used 130731K, capacity 135313K, committed 135476K, reserved 1167360K
  class space    used 16553K, capacity 18314K, committed 18432K, reserved 1048576K
}
Event: 524.776 GC heap before
{Heap before GC invocations=45 (full 0):
 garbage-first heap   total 262144K, used 187189K [0x0000000080000000, 0x0000000100000000)
  region size 1024K, 64 young (65536K), 6 survivors (6144K)
 Metaspace       used 131725K, capacity 136295K, committed 136628K, reserved 1167360K
  class space    used 16670K, capacity 18442K, committed 18560K, reserved 1048576K
}
Event: 524.781 GC heap after
{Heap after GC invocations=46 (full 0):
 garbage-first heap   total 262144K, used 128393K [0x0000000080000000, 0x0000000100000000)
  region size 1024K, 3 young (3072K), 3 survivors (3072K)
 Metaspace       used 131725K, capacity 136295K, committed 136628K, reserved 1167360K
  class space    used 16670K, capacity 18442K, committed 18560K, reserved 1048576K
}
Event: 524.868 GC heap before
{Heap before GC invocations=46 (full 0):
 garbage-first heap   total 262144K, used 136585K [0x0000000080000000, 0x0000000100000000)
  region size 1024K, 12 young (12288K), 3 survivors (3072K)
 Metaspace       used 132124K, capacity 136667K, committed 136884K, reserved 1167360K
  class space    used 16713K, capacity 18480K, committed 18560K, reserved 1048576K
}
Event: 524.872 GC heap after
{Heap after GC invocations=47 (full 0):
 garbage-first heap   total 262144K, used 115256K [0x0000000080000000, 0x0000000100000000)
  region size 1024K, 1 young (1024K), 1 survivors (1024K)
 Metaspace       used 132124K, capacity 136667K, committed 136884K, reserved 1167360K
  class space    used 16713K, capacity 18480K, committed 18560K, reserved 1048576K
}
Event: 525.129 GC heap before
{Heap before GC invocations=47 (full 0):
 garbage-first heap   total 262144K, used 180792K [0x0000000080000000, 0x0000000100000000)
  region size 1024K, 67 young (68608K), 1 survivors (1024K)
 Metaspace       used 132528K, capacity 137143K, committed 137396K, reserved 1169408K
  class space    used 16766K, capacity 18551K, committed 18560K, reserved 1048576K
}
Event: 525.134 GC heap after
{Heap after GC invocations=48 (full 0):
 garbage-first heap   total 262144K, used 121857K [0x0000000080000000, 0x0000000100000000)
  region size 1024K, 8 young (8192K), 8 survivors (8192K)
 Metaspace       used 132528K, capacity 137143K, committed 137396K, reserved 1169408K
  class space    used 16766K, capacity 18551K, committed 18560K, reserved 1048576K
}
Event: 525.921 GC heap before
{Heap before GC invocations=49 (full 0):
 garbage-first heap   total 262144K, used 231425K [0x0000000080000000, 0x0000000100000000)
  region size 1024K, 79 young (80896K), 8 survivors (8192K)
 Metaspace       used 132714K, capacity 137322K, committed 137524K, reserved 1169408K
  class space    used 16781K, capacity 18564K, committed 18688K, reserved 1048576K
}
Event: 525.933 GC heap after
{Heap after GC invocations=50 (full 0):
 garbage-first heap   total 262144K, used 159025K [0x0000000080000000, 0x0000000100000000)
  region size 1024K, 10 young (10240K), 10 survivors (10240K)
 Metaspace       used 132714K, capacity 137322K, committed 137524K, reserved 1169408K
  class space    used 16781K, capacity 18564K, committed 18688K, reserved 1048576K
}
Event: 525.943 GC heap before
{Heap before GC invocations=50 (full 0):
 garbage-first heap   total 262144K, used 161073K [0x0000000080000000, 0x0000000100000000)
  region size 1024K, 12 young (12288K), 10 survivors (10240K)
 Metaspace       used 132714K, capacity 137322K, committed 137524K, reserved 1169408K
  class space    used 16781K, capacity 18564K, committed 18688K, reserved 1048576K
}
Event: 525.957 GC heap after
{Heap after GC invocations=51 (full 0):
 garbage-first heap   total 262144K, used 152115K [0x0000000080000000, 0x0000000100000000)
  region size 1024K, 2 young (2048K), 2 survivors (2048K)
 Metaspace       used 132714K, capacity 137322K, committed 137524K, reserved 1169408K
  class space    used 16781K, capacity 18564K, committed 18688K, reserved 1048576K
}
Event: 525.965 GC heap before
{Heap before GC invocations=51 (full 0):
 garbage-first heap   total 262144K, used 154163K [0x0000000080000000, 0x0000000100000000)
  region size 1024K, 5 young (5120K), 2 survivors (2048K)
 Metaspace       used 132714K, capacity 137322K, committed 137524K, reserved 1169408K
  class space    used 16781K, capacity 18564K, committed 18688K, reserved 1048576K
}
Event: 525.970 GC heap after
{Heap after GC invocations=52 (full 0):
 garbage-first heap   total 262144K, used 152921K [0x0000000080000000, 0x0000000100000000)
  region size 1024K, 2 young (2048K), 2 survivors (2048K)
 Metaspace       used 132714K, capacity 137322K, committed 137524K, reserved 1169408K
  class space    used 16781K, capacity 18564K, committed 18688K, reserved 1048576K
}
Event: 526.201 GC heap before
{Heap before GC invocations=53 (full 0):
 garbage-first heap   total 262144K, used 208217K [0x0000000080000000, 0x0000000100000000)
  region size 1024K, 55 young (56320K), 2 survivors (2048K)
 Metaspace       used 133088K, capacity 137764K, committed 138036K, reserved 1169408K
  class space    used 16788K, capacity 18589K, committed 18688K, reserved 1048576K
}

Deoptimization events (20 events):
Event: 525.818 Thread 0x0000017c8ad89800 DEOPT PACKING pc=0x0000017cf94394a4 sp=0x0000004712cfd0d0
Event: 525.818 Thread 0x0000017c8ad89800 DEOPT UNPACKING pc=0x0000017cf0f9a1af sp=0x0000004712cfd068 mode 2
Event: 525.823 Thread 0x0000017c8ad89800 DEOPT PACKING pc=0x0000017cf431eaba sp=0x0000004712cfd370
Event: 525.823 Thread 0x0000017c8ad89800 DEOPT UNPACKING pc=0x0000017cf0f9a95e sp=0x0000004712cfca50 mode 0
Event: 525.825 Thread 0x0000017c8ad89800 Uncommon trap: trap_request=0xffffff4d fr.pc=0x0000017cf8c7b198 relative=0x00000000000011d8
Event: 525.825 Thread 0x0000017c8ad89800 Uncommon trap: reason=unstable_if action=reinterpret pc=0x0000017cf8c7b198 method=com.android.tools.r8.dex.i.l()V @ 22 c2
Event: 525.825 Thread 0x0000017c8ad89800 DEOPT PACKING pc=0x0000017cf8c7b198 sp=0x0000004712cfd590
Event: 525.825 Thread 0x0000017c8ad89800 DEOPT UNPACKING pc=0x0000017cf0f9a1af sp=0x0000004712cfd558 mode 2
Event: 525.825 Thread 0x0000017c8ad89800 Uncommon trap: trap_request=0xffffff4d fr.pc=0x0000017cf959d0a0 relative=0x00000000000005c0
Event: 525.825 Thread 0x0000017c8ad89800 Uncommon trap: reason=unstable_if action=reinterpret pc=0x0000017cf959d0a0 method=java.lang.Long.parseLong(Ljava/lang/String;I)J @ 120 c2
Event: 525.825 Thread 0x0000017c8ad89800 DEOPT PACKING pc=0x0000017cf959d0a0 sp=0x0000004712cfd3a0
Event: 525.825 Thread 0x0000017c8ad89800 DEOPT UNPACKING pc=0x0000017cf0f9a1af sp=0x0000004712cfd2f0 mode 2
Event: 526.015 Thread 0x0000017c8b4cc000 Uncommon trap: trap_request=0xffffff4d fr.pc=0x0000017cf90a0fe0 relative=0x0000000000000580
Event: 526.015 Thread 0x0000017c8b4cc000 Uncommon trap: reason=unstable_if action=reinterpret pc=0x0000017cf90a0fe0 method=com.android.tools.r8.graph.b1.h(Ljava/lang/Object;)Z @ 37 c2
Event: 526.015 Thread 0x0000017c8b4cc000 DEOPT PACKING pc=0x0000017cf90a0fe0 sp=0x0000004714afe750
Event: 526.015 Thread 0x0000017c8b4cc000 DEOPT UNPACKING pc=0x0000017cf0f9a1af sp=0x0000004714afe620 mode 2
Event: 526.031 Thread 0x0000017c963cc000 Uncommon trap: trap_request=0xffffff4d fr.pc=0x0000017cf92214c4 relative=0x0000000000000384
Event: 526.033 Thread 0x0000017c963cc000 Uncommon trap: reason=unstable_if action=reinterpret pc=0x0000017cf92214c4 method=java.util.concurrent.ConcurrentLinkedQueue.offer(Ljava/lang/Object;)Z @ 42 c2
Event: 526.033 Thread 0x0000017c963cc000 DEOPT PACKING pc=0x0000017cf92214c4 sp=0x0000004714bfee00
Event: 526.033 Thread 0x0000017c963cc000 DEOPT UNPACKING pc=0x0000017cf0f9a1af sp=0x0000004714bfed58 mode 2

Classes redefined (0 events):
No events

Internal exceptions (20 events):
Event: 524.520 Thread 0x0000017c8ad86000 Exception <a 'sun/nio/fs/WindowsException'{0x000000008f2dafb0}> (0x000000008f2dafb0) thrown at [src/hotspot/share/prims/jni.cpp, line 617]
Event: 524.641 Thread 0x0000017c8ad86000 Implicit null exception at 0x0000017cf99e9c7c to 0x0000017cf99ea51c
Event: 524.684 Thread 0x0000017c8ad86000 Exception <a 'java/lang/NoSuchMethodError'{0x000000008d892280}: <clinit>> (0x000000008d892280) thrown at [src/hotspot/share/prims/jni.cpp, line 1367]
Event: 524.717 Thread 0x0000017c8ad86000 Exception <a 'sun/nio/fs/WindowsException'{0x000000008d2b1c48}> (0x000000008d2b1c48) thrown at [src/hotspot/share/prims/jni.cpp, line 617]
Event: 524.717 Thread 0x0000017c8ad86000 Exception <a 'sun/nio/fs/WindowsException'{0x000000008d2b2ae0}> (0x000000008d2b2ae0) thrown at [src/hotspot/share/prims/jni.cpp, line 617]
Event: 524.726 Thread 0x0000017c8ad8c800 Exception <a 'sun/nio/fs/WindowsException'{0x000000008d0abeb8}> (0x000000008d0abeb8) thrown at [src/hotspot/share/prims/jni.cpp, line 617]
Event: 524.726 Thread 0x0000017c8ad8c800 Exception <a 'sun/nio/fs/WindowsException'{0x000000008d0ac1d0}> (0x000000008d0ac1d0) thrown at [src/hotspot/share/prims/jni.cpp, line 617]
Event: 524.765 Thread 0x0000017c8ad87000 Exception <a 'sun/nio/fs/WindowsException'{0x000000008c7b4b28}> (0x000000008c7b4b28) thrown at [src/hotspot/share/prims/jni.cpp, line 617]
Event: 524.765 Thread 0x0000017c8ad87000 Exception <a 'sun/nio/fs/WindowsException'{0x000000008c7b5e98}> (0x000000008c7b5e98) thrown at [src/hotspot/share/prims/jni.cpp, line 617]
Event: 524.765 Thread 0x0000017c8ad87000 Exception <a 'sun/nio/fs/WindowsException'{0x000000008c7b61a0}> (0x000000008c7b61a0) thrown at [src/hotspot/share/prims/jni.cpp, line 617]
Event: 524.770 Thread 0x0000017c8ad87000 Exception <a 'sun/nio/fs/WindowsException'{0x000000008c66df58}> (0x000000008c66df58) thrown at [src/hotspot/share/prims/jni.cpp, line 617]
Event: 524.770 Thread 0x0000017c8ad87000 Exception <a 'sun/nio/fs/WindowsException'{0x000000008c66f0a8}> (0x000000008c66f0a8) thrown at [src/hotspot/share/prims/jni.cpp, line 617]
Event: 524.925 Thread 0x0000017c8ad81800 Exception <a 'sun/nio/fs/WindowsException'{0x000000008f3a6e88}> (0x000000008f3a6e88) thrown at [src/hotspot/share/prims/jni.cpp, line 617]
Event: 524.925 Thread 0x0000017c8ad81800 Exception <a 'sun/nio/fs/WindowsException'{0x000000008f3a7d58}> (0x000000008f3a7d58) thrown at [src/hotspot/share/prims/jni.cpp, line 617]
Event: 524.926 Thread 0x0000017c8ad81800 Exception <a 'sun/nio/fs/WindowsException'{0x000000008f3a8120}> (0x000000008f3a8120) thrown at [src/hotspot/share/prims/jni.cpp, line 617]
Event: 524.926 Thread 0x0000017c8ad81800 Exception <a 'sun/nio/fs/WindowsException'{0x000000008f3a8fe8}> (0x000000008f3a8fe8) thrown at [src/hotspot/share/prims/jni.cpp, line 617]
Event: 524.926 Thread 0x0000017c8ad81800 Exception <a 'sun/nio/fs/WindowsException'{0x000000008f3a92e0}> (0x000000008f3a92e0) thrown at [src/hotspot/share/prims/jni.cpp, line 617]
Event: 524.926 Thread 0x0000017c8ad81800 Exception <a 'sun/nio/fs/WindowsException'{0x000000008f3aa178}> (0x000000008f3aa178) thrown at [src/hotspot/share/prims/jni.cpp, line 617]
Event: 525.098 Thread 0x0000017c8ad8c800 Implicit null exception at 0x0000017cf8d9c550 to 0x0000017cf8d9c564
Event: 525.779 Thread 0x0000017c8ad89800 Exception <a 'sun/nio/fs/WindowsException'{0x000000008e8157f0}> (0x000000008e8157f0) thrown at [src/hotspot/share/prims/jni.cpp, line 617]

Events (20 events):
Event: 526.007 loading class com/android/tools/r8/internal/ML done
Event: 526.007 loading class com/android/tools/r8/internal/RL
Event: 526.007 loading class com/android/tools/r8/internal/RL done
Event: 526.007 loading class com/android/tools/r8/graph/R2
Event: 526.007 loading class com/android/tools/r8/graph/R2 done
Event: 526.010 loading class com/android/tools/r8/internal/PL
Event: 526.010 loading class com/android/tools/r8/internal/PL done
Event: 526.012 loading class com/android/tools/r8/internal/UL
Event: 526.012 loading class com/android/tools/r8/internal/UL done
Event: 526.056 Executing VM operation: CGC_Operation
Event: 526.076 Executing VM operation: CGC_Operation done
Event: 526.127 Executing VM operation: CGC_Operation
Event: 526.128 Executing VM operation: CGC_Operation done
Event: 526.175 loading class com/android/tools/r8/graph/c0$a
Event: 526.175 loading class com/android/tools/r8/graph/c0$a done
Event: 526.175 loading class com/android/tools/r8/graph/c0$a
Event: 526.175 loading class com/android/tools/r8/graph/c0$a done
Event: 526.175 loading class com/android/tools/r8/dex/i
Event: 526.175 loading class com/android/tools/r8/dex/i done
Event: 526.201 Executing VM operation: G1CollectForAllocation


Dynamic libraries:
0x00007ff73f210000 - 0x00007ff73f21a000 	C:\Program Files\Android\Android Studio\jbr\bin\java.exe
0x00007ff9f9700000 - 0x00007ff9f98ee000 	C:\Windows\SYSTEM32\ntdll.dll
0x00007ff9f6a20000 - 0x00007ff9f6ad3000 	C:\Windows\System32\KERNEL32.DLL
0x00007ff9f5970000 - 0x00007ff9f5c0d000 	C:\Windows\System32\KERNELBASE.dll
0x00007ff9f6000000 - 0x00007ff9f60fa000 	C:\Windows\System32\ucrtbase.dll
0x00007ff9e60e0000 - 0x00007ff9e60f7000 	C:\Program Files\Android\Android Studio\jbr\bin\jli.dll
0x00007ff9f6ca0000 - 0x00007ff9f6e38000 	C:\Windows\System32\USER32.dll
0x00007ff9f5ea0000 - 0x00007ff9f5ec0000 	C:\Windows\System32\win32u.dll
0x00007ff9f7360000 - 0x00007ff9f7389000 	C:\Windows\System32\GDI32.dll
0x00007ff9f5cb0000 - 0x00007ff9f5e50000 	C:\Windows\System32\gdi32full.dll
0x00007ff9f5c10000 - 0x00007ff9f5cb0000 	C:\Windows\System32\msvcp_win.dll
0x00007ff9e60c0000 - 0x00007ff9e60db000 	C:\Program Files\Android\Android Studio\jbr\bin\VCRUNTIME140.dll
0x00007ff9d7260000 - 0x00007ff9d74d9000 	C:\Windows\WinSxS\amd64_microsoft.windows.common-controls_6595b64144ccf1df_6.0.17763.4010_none_de6ee876534d4e3f\COMCTL32.dll
0x00007ff9f6fb0000 - 0x00007ff9f704e000 	C:\Windows\System32\msvcrt.dll
0x00007ff9f7470000 - 0x00007ff9f779c000 	C:\Windows\System32\combase.dll
0x00007ff9f6900000 - 0x00007ff9f6a1d000 	C:\Windows\System32\RPCRT4.dll
0x00007ff9f5f10000 - 0x00007ff9f5f92000 	C:\Windows\System32\bcryptPrimitives.dll
0x00007ff9f92b0000 - 0x00007ff9f92de000 	C:\Windows\System32\IMM32.DLL
0x00007ff9a0d20000 - 0x00007ff9a0dad000 	C:\Program Files\Android\Android Studio\jbr\bin\msvcp140.dll
0x00007ff9e1c50000 - 0x00007ff9e1c5c000 	C:\Windows\SYSTEM32\VCRUNTIME140_1.dll
0x00007ff9a0fb0000 - 0x00007ff9a1b6c000 	C:\Program Files\Android\Android Studio\jbr\bin\server\jvm.dll
0x00007ff9f9200000 - 0x00007ff9f92a7000 	C:\Windows\System32\ADVAPI32.dll
0x00007ff9f7050000 - 0x00007ff9f70ef000 	C:\Windows\System32\sechost.dll
0x00007ff9f7350000 - 0x00007ff9f7358000 	C:\Windows\System32\PSAPI.DLL
0x00007ff9f2210000 - 0x00007ff9f2234000 	C:\Windows\SYSTEM32\WINMM.dll
0x00007ff9f2190000 - 0x00007ff9f21bd000 	C:\Windows\SYSTEM32\WINMMBASE.dll
0x00007ff9f0030000 - 0x00007ff9f003a000 	C:\Windows\SYSTEM32\VERSION.dll
0x00007ff9f5e50000 - 0x00007ff9f5e9a000 	C:\Windows\System32\cfgmgr32.dll
0x00007ff9e2810000 - 0x00007ff9e2819000 	C:\Windows\SYSTEM32\WSOCK32.dll
0x0000017cecb90000 - 0x0000017cecbfd000 	C:\Windows\System32\ws2_32.DLL
0x00007ff9f56f0000 - 0x00007ff9f5701000 	C:\Windows\System32\kernel.appcore.dll
0x00007ff9f34a0000 - 0x00007ff9f34b0000 	C:\Program Files\Android\Android Studio\jbr\bin\verify.dll
0x00007ff9e1a30000 - 0x00007ff9e1c1d000 	C:\Windows\SYSTEM32\DBGHELP.DLL
0x00007ff9e1190000 - 0x00007ff9e11ba000 	C:\Windows\SYSTEM32\dbgcore.DLL
0x00007ff9f0c50000 - 0x00007ff9f0c78000 	C:\Program Files\Android\Android Studio\jbr\bin\java.dll
0x00007ff9f3460000 - 0x00007ff9f346a000 	C:\Program Files\Android\Android Studio\jbr\bin\jimage.dll
0x00007ff9f2d00000 - 0x00007ff9f2d18000 	C:\Program Files\Android\Android Studio\jbr\bin\zip.dll
0x00007ff9f7d00000 - 0x00007ff9f91f8000 	C:\Windows\System32\SHELL32.dll
0x00007ff9f9510000 - 0x00007ff9f95b7000 	C:\Windows\System32\shcore.dll
0x00007ff9f61b0000 - 0x00007ff9f68f9000 	C:\Windows\System32\windows.storage.dll
0x00007ff9f56a0000 - 0x00007ff9f56c3000 	C:\Windows\System32\profapi.dll
0x00007ff9f5710000 - 0x00007ff9f576d000 	C:\Windows\System32\powrprof.dll
0x00007ff9f6c40000 - 0x00007ff9f6c92000 	C:\Windows\System32\shlwapi.dll
0x00007ff9f5ec0000 - 0x00007ff9f5edb000 	C:\Windows\System32\cryptsp.dll
0x00007ff9f0c30000 - 0x00007ff9f0c49000 	C:\Program Files\Android\Android Studio\jbr\bin\net.dll
0x00007ff9f11f0000 - 0x00007ff9f12ef000 	C:\Windows\SYSTEM32\WINHTTP.dll
0x00007ff9f4e90000 - 0x00007ff9f4ef7000 	C:\Windows\system32\mswsock.dll
0x00007ff9f0c10000 - 0x00007ff9f0c23000 	C:\Program Files\Android\Android Studio\jbr\bin\nio.dll
0x00007ff9a1c90000 - 0x00007ff9a1cb7000 	C:\User\pr11zotova\.gradle\native\e1d6ef7f7dcc3fd88c89a11ec53ec762bb8ba0a96d01ffa2cd45eb1d1d8dd5c5\windows-amd64\native-platform.dll
0x00007ff9a0bd0000 - 0x00007ff9a0d14000 	C:\User\pr11zotova\.gradle\native\0d407fdbe67a94daf76414ababcb853783967236a71b16ec16e742cd7a986fd3\windows-amd64\native-platform-file-events.dll
0x00007ff9f0e90000 - 0x00007ff9f0e9a000 	C:\Program Files\Android\Android Studio\jbr\bin\management.dll
0x00007ff9f0cc0000 - 0x00007ff9f0ccb000 	C:\Program Files\Android\Android Studio\jbr\bin\management_ext.dll
0x00007ff9f4a10000 - 0x00007ff9f4a43000 	C:\Windows\system32\rsaenh.dll
0x00007ff9f5ee0000 - 0x00007ff9f5f06000 	C:\Windows\System32\bcrypt.dll
0x00007ff9f55a0000 - 0x00007ff9f55c9000 	C:\Windows\SYSTEM32\USERENV.dll
0x00007ff9f5060000 - 0x00007ff9f506c000 	C:\Windows\SYSTEM32\CRYPTBASE.dll
0x00007ff9f4ba0000 - 0x00007ff9f4bdd000 	C:\Windows\SYSTEM32\IPHLPAPI.DLL
0x00007ff9f95e0000 - 0x00007ff9f95e8000 	C:\Windows\System32\NSI.dll
0x00007ff9f1780000 - 0x00007ff9f1796000 	C:\Windows\SYSTEM32\dhcpcsvc6.DLL
0x00007ff9f16f0000 - 0x00007ff9f170c000 	C:\Windows\SYSTEM32\dhcpcsvc.DLL
0x00007ff9f4c30000 - 0x00007ff9f4cf6000 	C:\Windows\SYSTEM32\DNSAPI.dll
0x00007ff9e6090000 - 0x00007ff9e60b7000 	C:\Program Files\Android\Android Studio\jbr\bin\sunec.dll
0x00007ff9f46b0000 - 0x00007ff9f46e1000 	C:\Windows\SYSTEM32\ntmarta.dll

dbghelp: loaded successfully - version: 4.0.5 - missing functions: none
symbol engine: initialized successfully - sym options: 0x614 - pdb path: .;C:\Program Files\Android\Android Studio\jbr\bin;C:\Windows\SYSTEM32;C:\Windows\WinSxS\amd64_microsoft.windows.common-controls_6595b64144ccf1df_6.0.17763.4010_none_de6ee876534d4e3f;C:\Program Files\Android\Android Studio\jbr\bin\server;C:\User\pr11zotova\.gradle\native\e1d6ef7f7dcc3fd88c89a11ec53ec762bb8ba0a96d01ffa2cd45eb1d1d8dd5c5\windows-amd64;C:\User\pr11zotova\.gradle\native\0d407fdbe67a94daf76414ababcb853783967236a71b16ec16e742cd7a986fd3\windows-amd64

VM Arguments:
jvm_args: --add-opens=java.base/java.util=ALL-UNNAMED --add-opens=java.base/java.lang=ALL-UNNAMED --add-opens=java.base/java.lang.invoke=ALL-UNNAMED --add-opens=java.base/java.util=ALL-UNNAMED --add-opens=java.prefs/java.util.prefs=ALL-UNNAMED --add-opens=java.prefs/java.util.prefs=ALL-UNNAMED --add-opens=java.base/java.nio.charset=ALL-UNNAMED --add-opens=java.base/java.net=ALL-UNNAMED --add-opens=java.base/java.util.concurrent.atomic=ALL-UNNAMED -Xmx2048m -Dfile.encoding=UTF-8 -Duser.country=RU -Duser.language=ru -Duser.variant 
java_command: org.gradle.launcher.daemon.bootstrap.GradleDaemon 7.5
java_class_path (initial): C:\User\pr11zotova\.gradle\wrapper\dists\gradle-7.5-bin\f1w0cc9nuo0eivz97x2xlu9sv\gradle-7.5\lib\gradle-launcher-7.5.jar
Launcher Type: SUN_STANDARD

[Global flags]
     intx CICompilerCount                          = 4                                         {product} {ergonomic}
     uint ConcGCThreads                            = 2                                         {product} {ergonomic}
     uint G1ConcRefinementThreads                  = 8                                         {product} {ergonomic}
   size_t G1HeapRegionSize                         = 1048576                                   {product} {ergonomic}
    uintx GCDrainStackTargetSize                   = 64                                        {product} {ergonomic}
   size_t InitialHeapSize                          = 268435456                                 {product} {ergonomic}
   size_t MarkStackSize                            = 4194304                                   {product} {ergonomic}
   size_t MaxHeapSize                              = 2147483648                                {product} {command line}
   size_t MaxNewSize                               = 1287651328                                {product} {ergonomic}
   size_t MinHeapDeltaBytes                        = 1048576                                   {product} {ergonomic}
    uintx NonNMethodCodeHeapSize                   = 5836300                                {pd product} {ergonomic}
    uintx NonProfiledCodeHeapSize                  = 122910970                              {pd product} {ergonomic}
    uintx ProfiledCodeHeapSize                     = 122910970                              {pd product} {ergonomic}
    uintx ReservedCodeCacheSize                    = 251658240                              {pd product} {ergonomic}
     bool SegmentedCodeCache                       = true                                      {product} {ergonomic}
     bool UseCompressedClassPointers               = true                                 {lp64_product} {ergonomic}
     bool UseCompressedOops                        = true                                 {lp64_product} {ergonomic}
     bool UseG1GC                                  = true                                      {product} {ergonomic}
     bool UseLargePagesIndividualAllocation        = false                                  {pd product} {ergonomic}

Logging:
Log output configuration:
 #0: stdout all=warning uptime,level,tags
 #1: stderr all=off uptime,level,tags

Environment Variables:
JAVA_HOME=C:\Program Files\Android\Jdk\microsoft_dist_openjdk_1.8.0.25
PATH=C:\Program Files (x86)\Python38\Scripts\;C:\Program Files (x86)\Python38\;C:\Program Files\Microsoft MPI\Bin\;C:\Program Files (x86)\Common Files\Oracle\Java\javapath;C:\Windows\system32;C:\Windows;C:\Windows\System32\Wbem;C:\Windows\System32\WindowsPowerShell\v1.0\;C:\Windows\System32\OpenSSH\;C:\Program Files (x86)\Microsoft SQL Server\150\DTS\Binn\;C:\Program Files\dotnet\;C:\Program Files\Microsoft SQL Server\130\Tools\Binn\;C:\Program Files (x86)\Microsoft SQL Server\140\Tools\Binn\;C:\Program Files\Microsoft SQL Server\140\Tools\Binn\;C:\Program Files (x86)\Microsoft SQL Server\140\DTS\Binn\;C:\Program Files\Microsoft SQL Server\140\DTS\Binn\;C:\Program Files\Microsoft SQL Server\Client SDK\ODBC\130\Tools\Binn\;C:\Program Files\Microsoft SQL Server\Client SDK\ODBC\170\Tools\Binn\;C:\Program Files (x86)\IncrediBuild;C:\Program Files (x86)\NVIDIA Corporation\PhysX\Common;C:\Program Files\Git\cmd;C:\Program Files\Azure Data Studio\bin;C:\Program Files\Microsoft VS Code\bin;C:\User\pr11zotova\AppData\Local\Microsoft\WindowsApps;
USERNAME=pr11zotova
OS=Windows_NT
PROCESSOR_IDENTIFIER=Intel64 Family 6 Model 158 Stepping 13, GenuineIntel



---------------  S Y S T E M  ---------------

OS: Windows 10 , 64 bit Build 17763 (10.0.17763.3887)
OS uptime: 0 days 9:53 hours

CPU:total 8 (initial active 8) (8 cores per cpu, 1 threads per core) family 6 model 158 stepping 13 microcode 0xde, cmov, cx8, fxsr, mmx, sse, sse2, sse3, ssse3, sse4.1, sse4.2, popcnt, avx, avx2, aes, clmul, erms, 3dnowpref, lzcnt, tsc, tscinvbit, bmi1, bmi2, adx, fma

Memory: 4k page, system-wide physical 16303M (3034M free)
TotalPageFile size 16303M (AvailPageFile size 7M)
current process WorkingSet (physical memory assigned to process): 663M, peak: 680M
current process commit charge ("private bytes"): 700M, peak: 764M

vm_info: OpenJDK 64-Bit Server VM (11.0.15+0-b2043.56-8887301) for windows-amd64 JRE (11.0.15+0-b2043.56-8887301), built on Jul 29 2022 23:19:47 by "builduser" with unknown MS VC++:1929

END.
