#
# There is insufficient memory for the Java Runtime Environment to continue.
# Native memory allocation (mmap) failed to map 70254592 bytes for Failed to commit area from 0x0000000090000000 to 0x0000000094300000 of length 70254592.
# Possible reasons:
#   The system is out of physical RAM or swap space
#   The process is running with CompressedOops enabled, and the Java Heap may be blocking the growth of the native heap
# Possible solutions:
#   Reduce memory load on the system
#   Increase physical memory or swap space
#   Check if swap backing store is full
#   Decrease Java heap size (-Xmx/-Xms)
#   Decrease number of Java threads
#   Decrease Java thread stack sizes (-Xss)
#   Set larger code cache with -XX:ReservedCodeCacheSize=
#   JVM is running with Unscaled Compressed Oops mode in which the Java heap is
#     placed in the first 4GB address space. The Java Heap base address is the
#     maximum limit for the native heap growth. Please use -XX:HeapBaseMinAddress
#     to set the Java Heap base and to place the Java Heap above 4GB virtual address.
# This output file may be truncated or incomplete.
#
#  Out of Memory Error (src/hotspot/os/windows/os_windows.cpp:3627), pid=4476, tid=9736
#
# JRE version: OpenJDK Runtime Environment (11.0.15) (build 11.0.15+0-b2043.56-8887301)
# Java VM: OpenJDK 64-Bit Server VM (11.0.15+0-b2043.56-8887301, mixed mode, tiered, compressed oops, g1 gc, windows-amd64)
# No core dump will be written. Minidumps are not enabled by default on client versions of Windows
#

---------------  S U M M A R Y ------------

Command Line: --add-opens=java.base/java.util=ALL-UNNAMED --add-opens=java.base/java.lang=ALL-UNNAMED --add-opens=java.base/java.lang.invoke=ALL-UNNAMED --add-opens=java.base/java.util=ALL-UNNAMED --add-opens=java.prefs/java.util.prefs=ALL-UNNAMED --add-opens=java.prefs/java.util.prefs=ALL-UNNAMED --add-opens=java.base/java.nio.charset=ALL-UNNAMED --add-opens=java.base/java.net=ALL-UNNAMED --add-opens=java.base/java.util.concurrent.atomic=ALL-UNNAMED -Xmx2048m -Dfile.encoding=UTF-8 -Duser.country=RU -Duser.language=ru -Duser.variant org.gradle.launcher.daemon.bootstrap.GradleDaemon 7.5

Host: Intel(R) Core(TM) i7-9700 CPU @ 3.00GHz, 8 cores, 15G,  Windows 10 , 64 bit Build 17763 (10.0.17763.3887)
Time: Tue May 23 17:30:22 2023 ќмское стандартное врем€ elapsed time: 12.138099 seconds (0d 0h 0m 12s)

---------------  T H R E A D  ---------------

Current thread (0x000001dde13fa800):  VMThread "VM Thread" [stack: 0x00000028af000000,0x00000028af100000] [id=9736]

Stack: [0x00000028af000000,0x00000028af100000]
[error occurred during error reporting (printing stack bounds), id 0xc0000005, EXCEPTION_ACCESS_VIOLATION (0xc0000005) at pc=0x000001ddc9a3112d]

Native frames: (J=compiled Java code, j=interpreted, Vv=VM code, C=native code)
V  [jvm.dll+0x64135a]
V  [jvm.dll+0x7d39f9]
V  [jvm.dll+0x7d51b9]
V  [jvm.dll+0x7d5805]
V  [jvm.dll+0x7d57bb]
V  [jvm.dll+0x640655]
V  [jvm.dll+0x640d68]
C  [ntdll.dll+0xa582f]
C  [ntdll.dll+0x4cef]
C  [ntdll.dll+0xa459e]
C  0x000001ddc9a3112d

VM_Operation (0x00000028b93fd6b0): G1CollectForAllocation, mode: safepoint, requested by thread 0x000001ddea6ad000


---------------  P R O C E S S  ---------------

Threads class SMR info:
_java_thread_list=0x000001ddef1a02b0, length=152, elements={
0x000001ddc4706000, 0x000001dde13fe800, 0x000001dde1402000, 0x000001dde1466800,
0x000001dde146a000, 0x000001dde146b000, 0x000001dde146c800, 0x000001dde1472800,
0x000001dde1474000, 0x000001dde15e5000, 0x000001dde33fa800, 0x000001dde2f22000,
0x000001dde34b8800, 0x000001dde48f9000, 0x000001dde4cc4000, 0x000001dde4890800,
0x000001dde354e000, 0x000001dde4460800, 0x000001dde4a61800, 0x000001dde3466800,
0x000001dde2a3d800, 0x000001dde33af800, 0x000001dde2934800, 0x000001dde2935800,
0x000001dde2930800, 0x000001dde2931800, 0x000001dde2932000, 0x000001dde292f800,
0x000001dde2933800, 0x000001dde2933000, 0x000001dde2936000, 0x000001dde3fa9800,
0x000001dde3fac000, 0x000001dde3fae800, 0x000001dde3faf800, 0x000001dde3fb0000,
0x000001dde3faa800, 0x000001dde3fb1000, 0x000001dde3fab000, 0x000001dde3fb4000,
0x000001dde3fb6000, 0x000001dde3fb6800, 0x000001dde3fb3800, 0x000001dde3fb5000,
0x000001dde3fb7800, 0x000001dde3fb2800, 0x000001dde3fb2000, 0x000001dde3fb8800,
0x000001dde3fc3800, 0x000001dde3fc5800, 0x000001dde3fc4000, 0x000001dde3fc1800,
0x000001dde3fc6800, 0x000001dde3fc8000, 0x000001dde3fc5000, 0x000001dde3fc7800,
0x000001dde3fc2800, 0x000001dde3fc9000, 0x000001dde3fca000, 0x000001dde3fcc000,
0x000001dde3fcf800, 0x000001dde3fcd000, 0x000001dde3fcb800, 0x000001dde3fce000,
0x000001dde3fd0800, 0x000001dde3fce800, 0x000001dde3fca800, 0x000001dde4609000,
0x000001dde4609800, 0x000001dde460a800, 0x000001dde460b000, 0x000001dde460c000,
0x000001dde460d000, 0x000001dde460d800, 0x000001dde4608000, 0x000001dde4613800,
0x000001dde4611000, 0x000001dde4610000, 0x000001dde460e800, 0x000001dde4612000,
0x000001dde4612800, 0x000001dde4614000, 0x000001dde4615000, 0x000001dde460f800,
0x000001dde4616000, 0x000001dde4616800, 0x000001dde478e000, 0x000001dde478f000,
0x000001dde478f800, 0x000001dde478d000, 0x000001dde4793800, 0x000001dde4792000,
0x000001dde4790800, 0x000001dde4793000, 0x000001dde4796000, 0x000001dde4797000,
0x000001dde4791000, 0x000001dde4797800, 0x000001dde4799800, 0x000001dde4798800,
0x000001dde4794800, 0x000001dde479a000, 0x000001dde479b000, 0x000001dde4795800,
0x000001dde479c000, 0x000001dde49d7800, 0x000001dde49d8000, 0x000001dde49d9000,
0x000001dde49d6800, 0x000001dde49d3800, 0x000001dde49da000, 0x000001dde49d4000,
0x000001dde49da800, 0x000001dde49d5000, 0x000001dde49db800, 0x000001dde49d5800,
0x000001dde49df800, 0x000001dde49dd000, 0x000001dde49de800, 0x000001dde49e2000,
0x000001dde49de000, 0x000001dde49e0800, 0x000001dde49e1000, 0x000001dde49dc800,
0x000001ddee45c800, 0x000001ddee45a000, 0x000001ddee456800, 0x000001ddee45d000,
0x000001ddee457800, 0x000001ddee458800, 0x000001ddee459000, 0x000001ddee45b000,
0x000001dde239d000, 0x000001dde18d4800, 0x000001ddee45b800, 0x000001ddea6a3800,
0x000001ddea6aa000, 0x000001ddea6a6800, 0x000001ddea6a7800, 0x000001ddea6a5000,
0x000001ddea6a5800, 0x000001ddea6a8000, 0x000001ddea6ae000, 0x000001ddea6aa800,
0x000001ddea6af800, 0x000001ddea6b0800, 0x000001ddea6ae800, 0x000001ddea6b1000,
0x000001ddea6ab800, 0x000001ddea6b2000, 0x000001ddea6ad000, 0x000001ddeec24800
}

Java Threads: ( => current thread )
  0x000001ddc4706000 JavaThread "main" [_thread_blocked, id=7428, stack(0x00000028aea00000,0x00000028aeb00000)]
  0x000001dde13fe800 JavaThread "Reference Handler" daemon [_thread_blocked, id=4120, stack(0x00000028af100000,0x00000028af200000)]
  0x000001dde1402000 JavaThread "Finalizer" daemon [_thread_blocked, id=15740, stack(0x00000028af200000,0x00000028af300000)]
  0x000001dde1466800 JavaThread "Signal Dispatcher" daemon [_thread_blocked, id=17296, stack(0x00000028af300000,0x00000028af400000)]
  0x000001dde146a000 JavaThread "Attach Listener" daemon [_thread_blocked, id=12604, stack(0x00000028af400000,0x00000028af500000)]
  0x000001dde146b000 JavaThread "Service Thread" daemon [_thread_blocked, id=17364, stack(0x00000028af500000,0x00000028af600000)]
  0x000001dde146c800 JavaThread "C2 CompilerThread0" daemon [_thread_in_native, id=7400, stack(0x00000028af600000,0x00000028af700000)]
  0x000001dde1472800 JavaThread "C1 CompilerThread0" daemon [_thread_blocked, id=11640, stack(0x00000028af700000,0x00000028af800000)]
  0x000001dde1474000 JavaThread "Sweeper thread" daemon [_thread_blocked, id=12384, stack(0x00000028af800000,0x00000028af900000)]
  0x000001dde15e5000 JavaThread "Common-Cleaner" daemon [_thread_blocked, id=9604, stack(0x00000028af900000,0x00000028afa00000)]
  0x000001dde33fa800 JavaThread "Daemon health stats" [_thread_blocked, id=12256, stack(0x00000028b0200000,0x00000028b0300000)]
  0x000001dde2f22000 JavaThread "Incoming local TCP Connector on port 59121" [_thread_in_native, id=14096, stack(0x00000028b0300000,0x00000028b0400000)]
  0x000001dde34b8800 JavaThread "Daemon periodic checks" [_thread_blocked, id=12396, stack(0x00000028b0400000,0x00000028b0500000)]
  0x000001dde48f9000 JavaThread "Daemon" [_thread_blocked, id=8112, stack(0x00000028b0500000,0x00000028b0600000)]
  0x000001dde4cc4000 JavaThread "Handler for socket connection from /127.0.0.1:59121 to /127.0.0.1:59122" [_thread_in_native, id=1428, stack(0x00000028b0600000,0x00000028b0700000)]
  0x000001dde4890800 JavaThread "Cancel handler" [_thread_blocked, id=9360, stack(0x00000028b0700000,0x00000028b0800000)]
  0x000001dde354e000 JavaThread "Daemon worker" [_thread_blocked, id=15428, stack(0x00000028b0800000,0x00000028b0900000)]
  0x000001dde4460800 JavaThread "Asynchronous log dispatcher for DefaultDaemonConnection: socket connection from /127.0.0.1:59121 to /127.0.0.1:59122" [_thread_blocked, id=16012, stack(0x00000028b0900000,0x00000028b0a00000)]
  0x000001dde4a61800 JavaThread "Stdin handler" [_thread_blocked, id=15628, stack(0x00000028b0a00000,0x00000028b0b00000)]
  0x000001dde3466800 JavaThread "Daemon client event forwarder" [_thread_blocked, id=15876, stack(0x00000028b0b00000,0x00000028b0c00000)]
  0x000001dde2a3d800 JavaThread "Cache worker for journal cache (C:\User\pr11zotova\.gradle\caches\journal-1)" [_thread_blocked, id=5852, stack(0x00000028b0c00000,0x00000028b0d00000)]
  0x000001dde33af800 JavaThread "File lock request listener" [_thread_in_native, id=6680, stack(0x00000028b0d00000,0x00000028b0e00000)]
  0x000001dde2934800 JavaThread "Cache worker for file hash cache (C:\User\pr11zotova\.gradle\caches\7.5\fileHashes)" [_thread_blocked, id=13488, stack(0x00000028b1100000,0x00000028b1200000)]
  0x000001dde2935800 JavaThread "File watcher server" daemon [_thread_blocked, id=13580, stack(0x00000028b1200000,0x00000028b1300000)]
  0x000001dde2930800 JavaThread "File watcher consumer" daemon [_thread_blocked, id=18816, stack(0x00000028b1300000,0x00000028b1400000)]
  0x000001dde2931800 JavaThread "Cache worker for checksums cache (C:\User\pr11zotova\AndroidStudioProjects\MyApplication2\.gradle\7.5\checksums)" [_thread_blocked, id=9440, stack(0x00000028b1400000,0x00000028b1500000)]
  0x000001dde2932000 JavaThread "Cache worker for cache directory md-rule (C:\User\pr11zotova\.gradle\caches\7.5\md-rule)" [_thread_blocked, id=10560, stack(0x00000028b1500000,0x00000028b1600000)]
  0x000001dde292f800 JavaThread "Cache worker for file content cache (C:\User\pr11zotova\.gradle\caches\7.5\fileContent)" [_thread_blocked, id=13472, stack(0x00000028b1600000,0x00000028b1700000)]
  0x000001dde2933800 JavaThread "Cache worker for file hash cache (C:\User\pr11zotova\AndroidStudioProjects\MyApplication2\.gradle\7.5\fileHashes)" [_thread_blocked, id=4708, stack(0x00000028b1700000,0x00000028b1800000)]
  0x000001dde2933000 JavaThread "Cache worker for cache directory md-supplier (C:\User\pr11zotova\.gradle\caches\7.5\md-supplier)" [_thread_blocked, id=12888, stack(0x00000028b1800000,0x00000028b1900000)]
  0x000001dde2936000 JavaThread "Cache worker for execution history cache (C:\User\pr11zotova\.gradle\caches\7.5\executionHistory)" [_thread_blocked, id=1404, stack(0x00000028b1900000,0x00000028b1a00000)]
  0x000001dde3fa9800 JavaThread "jar transforms" [_thread_blocked, id=14288, stack(0x00000028b1a00000,0x00000028b1b00000)]
  0x000001dde3fac000 JavaThread "jar transforms Thread 2" [_thread_blocked, id=9152, stack(0x00000028b1b00000,0x00000028b1c00000)]
  0x000001dde3fae800 JavaThread "jar transforms Thread 3" [_thread_blocked, id=17092, stack(0x00000028b1c00000,0x00000028b1d00000)]
  0x000001dde3faf800 JavaThread "jar transforms Thread 4" [_thread_blocked, id=10924, stack(0x00000028b1d00000,0x00000028b1e00000)]
  0x000001dde3fb0000 JavaThread "Cache worker for dependencies-accessors (C:\User\pr11zotova\AndroidStudioProjects\MyApplication2\.gradle\7.5\dependencies-accessors)" [_thread_blocked, id=18828, stack(0x00000028b1e00000,0x00000028b1f00000)]
  0x000001dde3faa800 JavaThread "jar transforms Thread 5" [_thread_blocked, id=12688, stack(0x00000028b1f00000,0x00000028b2000000)]
  0x000001dde3fb1000 JavaThread "Cache worker for Build Output Cleanup Cache (C:\User\pr11zotova\AndroidStudioProjects\MyApplication2\.gradle\buildOutputCleanup)" [_thread_blocked, id=15652, stack(0x00000028b2000000,0x00000028b2100000)]
  0x000001dde3fab000 JavaThread "Unconstrained build operations" [_thread_blocked, id=10520, stack(0x00000028b2100000,0x00000028b2200000)]
  0x000001dde3fb4000 JavaThread "Unconstrained build operations Thread 2" [_thread_blocked, id=17304, stack(0x00000028b2200000,0x00000028b2300000)]
  0x000001dde3fb6000 JavaThread "Unconstrained build operations Thread 3" [_thread_blocked, id=4668, stack(0x00000028b2300000,0x00000028b2400000)]
  0x000001dde3fb6800 JavaThread "Unconstrained build operations Thread 4" [_thread_blocked, id=7352, stack(0x00000028b2400000,0x00000028b2500000)]
  0x000001dde3fb3800 JavaThread "Unconstrained build operations Thread 5" [_thread_blocked, id=11872, stack(0x00000028b2500000,0x00000028b2600000)]
  0x000001dde3fb5000 JavaThread "Unconstrained build operations Thread 6" [_thread_blocked, id=18000, stack(0x00000028b2600000,0x00000028b2700000)]
  0x000001dde3fb7800 JavaThread "Unconstrained build operations Thread 7" [_thread_blocked, id=12172, stack(0x00000028b2700000,0x00000028b2800000)]
  0x000001dde3fb2800 JavaThread "Unconstrained build operations Thread 8" [_thread_blocked, id=18712, stack(0x00000028b2800000,0x00000028b2900000)]
  0x000001dde3fb2000 JavaThread "Unconstrained build operations Thread 9" [_thread_blocked, id=10428, stack(0x00000028b2900000,0x00000028b2a00000)]
  0x000001dde3fb8800 JavaThread "Unconstrained build operations Thread 10" [_thread_blocked, id=16068, stack(0x00000028b2a00000,0x00000028b2b00000)]
  0x000001dde3fc3800 JavaThread "Unconstrained build operations Thread 11" [_thread_blocked, id=11712, stack(0x00000028b2b00000,0x00000028b2c00000)]
  0x000001dde3fc5800 JavaThread "Unconstrained build operations Thread 12" [_thread_blocked, id=11228, stack(0x00000028b2c00000,0x00000028b2d00000)]
  0x000001dde3fc4000 JavaThread "Unconstrained build operations Thread 13" [_thread_blocked, id=3588, stack(0x00000028b2d00000,0x00000028b2e00000)]
  0x000001dde3fc1800 JavaThread "Unconstrained build operations Thread 14" [_thread_blocked, id=16400, stack(0x00000028b2e00000,0x00000028b2f00000)]
  0x000001dde3fc6800 JavaThread "Unconstrained build operations Thread 15" [_thread_blocked, id=11108, stack(0x00000028b2f00000,0x00000028b3000000)]
  0x000001dde3fc8000 JavaThread "Unconstrained build operations Thread 16" [_thread_blocked, id=3428, stack(0x00000028b3000000,0x00000028b3100000)]
  0x000001dde3fc5000 JavaThread "Unconstrained build operations Thread 17" [_thread_blocked, id=16240, stack(0x00000028b3100000,0x00000028b3200000)]
  0x000001dde3fc7800 JavaThread "Unconstrained build operations Thread 18" [_thread_blocked, id=4400, stack(0x00000028b3200000,0x00000028b3300000)]
  0x000001dde3fc2800 JavaThread "Unconstrained build operations Thread 19" [_thread_blocked, id=18748, stack(0x00000028b3300000,0x00000028b3400000)]
  0x000001dde3fc9000 JavaThread "Unconstrained build operations Thread 20" [_thread_blocked, id=11924, stack(0x00000028b3400000,0x00000028b3500000)]
  0x000001dde3fca000 JavaThread "Unconstrained build operations Thread 21" [_thread_blocked, id=18060, stack(0x00000028b3500000,0x00000028b3600000)]
  0x000001dde3fcc000 JavaThread "Unconstrained build operations Thread 22" [_thread_blocked, id=17216, stack(0x00000028b3600000,0x00000028b3700000)]
  0x000001dde3fcf800 JavaThread "Unconstrained build operations Thread 23" [_thread_blocked, id=3032, stack(0x00000028b3700000,0x00000028b3800000)]
  0x000001dde3fcd000 JavaThread "Unconstrained build operations Thread 24" [_thread_blocked, id=14192, stack(0x00000028b3800000,0x00000028b3900000)]
  0x000001dde3fcb800 JavaThread "Unconstrained build operations Thread 25" [_thread_blocked, id=14024, stack(0x00000028b3900000,0x00000028b3a00000)]
  0x000001dde3fce000 JavaThread "Unconstrained build operations Thread 26" [_thread_blocked, id=12344, stack(0x00000028b3a00000,0x00000028b3b00000)]
  0x000001dde3fd0800 JavaThread "Unconstrained build operations Thread 27" [_thread_blocked, id=18128, stack(0x00000028b3b00000,0x00000028b3c00000)]
  0x000001dde3fce800 JavaThread "Unconstrained build operations Thread 28" [_thread_blocked, id=18324, stack(0x00000028b3c00000,0x00000028b3d00000)]
  0x000001dde3fca800 JavaThread "Unconstrained build operations Thread 29" [_thread_blocked, id=6020, stack(0x00000028b3d00000,0x00000028b3e00000)]
  0x000001dde4609000 JavaThread "Unconstrained build operations Thread 30" [_thread_blocked, id=10876, stack(0x00000028b3e00000,0x00000028b3f00000)]
  0x000001dde4609800 JavaThread "Unconstrained build operations Thread 31" [_thread_blocked, id=17512, stack(0x00000028b3f00000,0x00000028b4000000)]
  0x000001dde460a800 JavaThread "Unconstrained build operations Thread 32" [_thread_blocked, id=16348, stack(0x00000028b4000000,0x00000028b4100000)]
  0x000001dde460b000 JavaThread "Unconstrained build operations Thread 33" [_thread_blocked, id=17004, stack(0x00000028b4100000,0x00000028b4200000)]
  0x000001dde460c000 JavaThread "Unconstrained build operations Thread 34" [_thread_blocked, id=5096, stack(0x00000028b4200000,0x00000028b4300000)]
  0x000001dde460d000 JavaThread "Unconstrained build operations Thread 35" [_thread_blocked, id=16580, stack(0x00000028b4300000,0x00000028b4400000)]
  0x000001dde460d800 JavaThread "Unconstrained build operations Thread 36" [_thread_blocked, id=12916, stack(0x00000028b4400000,0x00000028b4500000)]
  0x000001dde4608000 JavaThread "Unconstrained build operations Thread 37" [_thread_blocked, id=16652, stack(0x00000028b4500000,0x00000028b4600000)]
  0x000001dde4613800 JavaThread "Unconstrained build operations Thread 38" [_thread_blocked, id=16488, stack(0x00000028b4600000,0x00000028b4700000)]
  0x000001dde4611000 JavaThread "Unconstrained build operations Thread 39" [_thread_blocked, id=13036, stack(0x00000028b4700000,0x00000028b4800000)]
  0x000001dde4610000 JavaThread "Unconstrained build operations Thread 40" [_thread_blocked, id=7832, stack(0x00000028b4800000,0x00000028b4900000)]
  0x000001dde460e800 JavaThread "Unconstrained build operations Thread 41" [_thread_blocked, id=2300, stack(0x00000028b4900000,0x00000028b4a00000)]
  0x000001dde4612000 JavaThread "Unconstrained build operations Thread 42" [_thread_blocked, id=2884, stack(0x00000028b4a00000,0x00000028b4b00000)]
  0x000001dde4612800 JavaThread "Unconstrained build operations Thread 43" [_thread_blocked, id=15148, stack(0x00000028b4b00000,0x00000028b4c00000)]
  0x000001dde4614000 JavaThread "Unconstrained build operations Thread 44" [_thread_blocked, id=19372, stack(0x00000028b4c00000,0x00000028b4d00000)]
  0x000001dde4615000 JavaThread "Unconstrained build operations Thread 45" [_thread_blocked, id=10496, stack(0x00000028b4d00000,0x00000028b4e00000)]
  0x000001dde460f800 JavaThread "Unconstrained build operations Thread 46" [_thread_blocked, id=9760, stack(0x00000028b4e00000,0x00000028b4f00000)]
  0x000001dde4616000 JavaThread "Unconstrained build operations Thread 47" [_thread_blocked, id=19080, stack(0x00000028b4f00000,0x00000028b5000000)]
  0x000001dde4616800 JavaThread "Unconstrained build operations Thread 48" [_thread_blocked, id=18996, stack(0x00000028b5000000,0x00000028b5100000)]
  0x000001dde478e000 JavaThread "Unconstrained build operations Thread 49" [_thread_blocked, id=13064, stack(0x00000028b5100000,0x00000028b5200000)]
  0x000001dde478f000 JavaThread "Unconstrained build operations Thread 50" [_thread_blocked, id=9368, stack(0x00000028b5200000,0x00000028b5300000)]
  0x000001dde478f800 JavaThread "Unconstrained build operations Thread 51" [_thread_blocked, id=10312, stack(0x00000028b5300000,0x00000028b5400000)]
  0x000001dde478d000 JavaThread "Unconstrained build operations Thread 52" [_thread_blocked, id=10972, stack(0x00000028b5400000,0x00000028b5500000)]
  0x000001dde4793800 JavaThread "Unconstrained build operations Thread 53" [_thread_blocked, id=13592, stack(0x00000028b5500000,0x00000028b5600000)]
  0x000001dde4792000 JavaThread "Unconstrained build operations Thread 54" [_thread_blocked, id=1392, stack(0x00000028b5600000,0x00000028b5700000)]
  0x000001dde4790800 JavaThread "Unconstrained build operations Thread 55" [_thread_blocked, id=2380, stack(0x00000028b5700000,0x00000028b5800000)]
  0x000001dde4793000 JavaThread "Unconstrained build operations Thread 56" [_thread_blocked, id=16028, stack(0x00000028b5800000,0x00000028b5900000)]
  0x000001dde4796000 JavaThread "Unconstrained build operations Thread 57" [_thread_blocked, id=7532, stack(0x00000028b5900000,0x00000028b5a00000)]
  0x000001dde4797000 JavaThread "Unconstrained build operations Thread 58" [_thread_blocked, id=7748, stack(0x00000028b5a00000,0x00000028b5b00000)]
  0x000001dde4791000 JavaThread "Unconstrained build operations Thread 59" [_thread_blocked, id=2044, stack(0x00000028b5b00000,0x00000028b5c00000)]
  0x000001dde4797800 JavaThread "Unconstrained build operations Thread 60" [_thread_blocked, id=14080, stack(0x00000028b5c00000,0x00000028b5d00000)]
  0x000001dde4799800 JavaThread "Unconstrained build operations Thread 61" [_thread_blocked, id=17568, stack(0x00000028b5d00000,0x00000028b5e00000)]
  0x000001dde4798800 JavaThread "Unconstrained build operations Thread 62" [_thread_blocked, id=12804, stack(0x00000028b5e00000,0x00000028b5f00000)]
  0x000001dde4794800 JavaThread "Unconstrained build operations Thread 63" [_thread_blocked, id=12180, stack(0x00000028b5f00000,0x00000028b6000000)]
  0x000001dde479a000 JavaThread "Unconstrained build operations Thread 64" [_thread_blocked, id=4280, stack(0x00000028b6000000,0x00000028b6100000)]
  0x000001dde479b000 JavaThread "Unconstrained build operations Thread 65" [_thread_blocked, id=11092, stack(0x00000028b6100000,0x00000028b6200000)]
  0x000001dde4795800 JavaThread "Unconstrained build operations Thread 66" [_thread_blocked, id=6108, stack(0x00000028b6200000,0x00000028b6300000)]
  0x000001dde479c000 JavaThread "Unconstrained build operations Thread 67" [_thread_blocked, id=19280, stack(0x00000028b6300000,0x00000028b6400000)]
  0x000001dde49d7800 JavaThread "Unconstrained build operations Thread 68" [_thread_blocked, id=18688, stack(0x00000028b6400000,0x00000028b6500000)]
  0x000001dde49d8000 JavaThread "Unconstrained build operations Thread 69" [_thread_blocked, id=14648, stack(0x00000028b6500000,0x00000028b6600000)]
  0x000001dde49d9000 JavaThread "Unconstrained build operations Thread 70" [_thread_blocked, id=6268, stack(0x00000028b6600000,0x00000028b6700000)]
  0x000001dde49d6800 JavaThread "Unconstrained build operations Thread 71" [_thread_blocked, id=7552, stack(0x00000028b6700000,0x00000028b6800000)]
  0x000001dde49d3800 JavaThread "Unconstrained build operations Thread 72" [_thread_blocked, id=13832, stack(0x00000028b6800000,0x00000028b6900000)]
  0x000001dde49da000 JavaThread "Unconstrained build operations Thread 73" [_thread_blocked, id=12724, stack(0x00000028b6900000,0x00000028b6a00000)]
  0x000001dde49d4000 JavaThread "Unconstrained build operations Thread 74" [_thread_blocked, id=16072, stack(0x00000028b6a00000,0x00000028b6b00000)]
  0x000001dde49da800 JavaThread "Unconstrained build operations Thread 75" [_thread_blocked, id=14568, stack(0x00000028b6b00000,0x00000028b6c00000)]
  0x000001dde49d5000 JavaThread "Unconstrained build operations Thread 76" [_thread_blocked, id=2148, stack(0x00000028b6c00000,0x00000028b6d00000)]
  0x000001dde49db800 JavaThread "Unconstrained build operations Thread 77" [_thread_blocked, id=16648, stack(0x00000028b6d00000,0x00000028b6e00000)]
  0x000001dde49d5800 JavaThread "Unconstrained build operations Thread 78" [_thread_blocked, id=10012, stack(0x00000028b6e00000,0x00000028b6f00000)]
  0x000001dde49df800 JavaThread "Unconstrained build operations Thread 79" [_thread_blocked, id=7440, stack(0x00000028b6f00000,0x00000028b7000000)]
  0x000001dde49dd000 JavaThread "Unconstrained build operations Thread 80" [_thread_blocked, id=10416, stack(0x00000028b7000000,0x00000028b7100000)]
  0x000001dde49de800 JavaThread "jar transforms Thread 6" [_thread_blocked, id=7888, stack(0x00000028b7100000,0x00000028b7200000)]
  0x000001dde49e2000 JavaThread "jar transforms Thread 7" [_thread_blocked, id=13800, stack(0x00000028b7200000,0x00000028b7300000)]
  0x000001dde49de000 JavaThread "jar transforms Thread 8" [_thread_blocked, id=16552, stack(0x00000028b7300000,0x00000028b7400000)]
  0x000001dde49e0800 JavaThread "build event listener" [_thread_blocked, id=16152, stack(0x00000028b7400000,0x00000028b7500000)]
  0x000001dde49e1000 JavaThread "Memory manager" [_thread_blocked, id=2268, stack(0x00000028b7500000,0x00000028b7600000)]
  0x000001dde49dc800 JavaThread "included builds" [_thread_blocked, id=11740, stack(0x00000028b7600000,0x00000028b7700000)]
  0x000001ddee45c800 JavaThread "Execution worker" [_thread_blocked, id=10244, stack(0x00000028b7700000,0x00000028b7800000)]
  0x000001ddee45a000 JavaThread "Execution worker Thread 2" [_thread_blocked, id=3792, stack(0x00000028b7800000,0x00000028b7900000)]
  0x000001ddee456800 JavaThread "Execution worker Thread 3" [_thread_blocked, id=10532, stack(0x00000028b7900000,0x00000028b7a00000)]
  0x000001ddee45d000 JavaThread "Execution worker Thread 4" [_thread_blocked, id=11692, stack(0x00000028b7a00000,0x00000028b7b00000)]
  0x000001ddee457800 JavaThread "Execution worker Thread 5" [_thread_blocked, id=18788, stack(0x00000028b7b00000,0x00000028b7c00000)]
  0x000001ddee458800 JavaThread "Execution worker Thread 6" [_thread_blocked, id=8932, stack(0x00000028b7c00000,0x00000028b7d00000)]
  0x000001ddee459000 JavaThread "Execution worker Thread 7" [_thread_blocked, id=2184, stack(0x00000028b7d00000,0x00000028b7e00000)]
  0x000001ddee45b000 JavaThread "Cache worker for execution history cache (C:\User\pr11zotova\AndroidStudioProjects\MyApplication2\.gradle\7.5\executionHistory)" [_thread_blocked, id=3248, stack(0x00000028b7e00000,0x00000028b7f00000)]
  0x000001dde239d000 JavaThread "C2 CompilerThread1" daemon [_thread_blocked, id=9516, stack(0x00000028afb00000,0x00000028afc00000)]
  0x000001dde18d4800 JavaThread "C2 CompilerThread2" daemon [_thread_in_native, id=7796, stack(0x00000028b0100000,0x00000028b0200000)]
  0x000001ddee45b800 JavaThread "WorkerExecutor Queue" [_thread_blocked, id=10508, stack(0x00000028b7f00000,0x00000028b8000000)]
  0x000001ddea6a3800 JavaThread "WorkerExecutor Queue Thread 2" [_thread_in_native, id=10212, stack(0x00000028b8000000,0x00000028b8100000)]
  0x000001ddea6aa000 JavaThread "WorkerExecutor Queue Thread 3" [_thread_blocked, id=14640, stack(0x00000028b8500000,0x00000028b8600000)]
  0x000001ddea6a6800 JavaThread "WorkerExecutor Queue Thread 4" [_thread_blocked, id=16396, stack(0x00000028b8600000,0x00000028b8700000)]
  0x000001ddea6a7800 JavaThread "WorkerExecutor Queue Thread 5" [_thread_blocked, id=11016, stack(0x00000028b8700000,0x00000028b8800000)]
  0x000001ddea6a5000 JavaThread "WorkerExecutor Queue Thread 6" [_thread_blocked, id=9180, stack(0x00000028b8800000,0x00000028b8900000)]
  0x000001ddea6a5800 JavaThread "WorkerExecutor Queue Thread 7" [_thread_blocked, id=18644, stack(0x00000028b8900000,0x00000028b8a00000)]
  0x000001ddea6a8000 JavaThread "WorkerExecutor Queue Thread 8" [_thread_blocked, id=9264, stack(0x00000028b8a00000,0x00000028b8b00000)]
  0x000001ddea6ae000 JavaThread "WorkerExecutor Queue Thread 9" [_thread_blocked, id=4812, stack(0x00000028b8b00000,0x00000028b8c00000)]
  0x000001ddea6aa800 JavaThread "ForkJoinPool-1-worker-3" daemon [_thread_blocked, id=16172, stack(0x00000028b8c00000,0x00000028b8d00000)]
  0x000001ddea6af800 JavaThread "ForkJoinPool-1-worker-5" daemon [_thread_blocked, id=13948, stack(0x00000028b8d00000,0x00000028b8e00000)]
  0x000001ddea6b0800 JavaThread "ForkJoinPool-1-worker-7" daemon [_thread_blocked, id=14136, stack(0x00000028b8e00000,0x00000028b8f00000)]
  0x000001ddea6ae800 JavaThread "ForkJoinPool-1-worker-9" daemon [_thread_blocked, id=17820, stack(0x00000028b8f00000,0x00000028b9000000)]
  0x000001ddea6b1000 JavaThread "ForkJoinPool-1-worker-11" daemon [_thread_blocked, id=16272, stack(0x00000028b9000000,0x00000028b9100000)]
  0x000001ddea6ab800 JavaThread "ForkJoinPool-1-worker-13" daemon [_thread_blocked, id=5388, stack(0x00000028b9100000,0x00000028b9200000)]
  0x000001ddea6b2000 JavaThread "ForkJoinPool-1-worker-15" daemon [_thread_blocked, id=3600, stack(0x00000028b9200000,0x00000028b9300000)]
  0x000001ddea6ad000 JavaThread "ForkJoinPool-1-worker-1" daemon [_thread_blocked, id=12464, stack(0x00000028b9300000,0x00000028b9400000)]
  0x000001ddeec24800 JavaThread "pool-3-thread-1" [_thread_blocked, id=14572, stack(0x00000028b9400000,0x00000028b9500000)]

Other Threads:
=>0x000001dde13fa800 VMThread "VM Thread" [stack: 0x00000028af000000,0x00000028af100000] [id=9736]
  0x000001dde1616000 WatcherThread [stack: 0x00000028afa00000,0x00000028afb00000] [id=13000]
  0x000001ddc471f800 GCTaskThread "GC Thread#0" [stack: 0x00000028aeb00000,0x00000028aec00000] [id=1896]
  0x000001dde251c000 GCTaskThread "GC Thread#1" [stack: 0x00000028afc00000,0x00000028afd00000] [id=14968]
  0x000001dde1b85800 GCTaskThread "GC Thread#2" [stack: 0x00000028afd00000,0x00000028afe00000] [id=17044]
  0x000001dde22e1800 GCTaskThread "GC Thread#3" [stack: 0x00000028afe00000,0x00000028aff00000] [id=13100]
  0x000001dde2a80800 GCTaskThread "GC Thread#4" [stack: 0x00000028aff00000,0x00000028b0000000] [id=7884]
  0x000001dde21b2800 GCTaskThread "GC Thread#5" [stack: 0x00000028b0000000,0x00000028b0100000] [id=19268]
  0x000001dde1d14000 GCTaskThread "GC Thread#6" [stack: 0x00000028b0e00000,0x00000028b0f00000] [id=13740]
  0x000001dde3a00800 GCTaskThread "GC Thread#7" [stack: 0x00000028b0f00000,0x00000028b1000000] [id=7616]
  0x000001ddc4750000 ConcurrentGCThread "G1 Main Marker" [stack: 0x00000028aec00000,0x00000028aed00000] [id=18452]
  0x000001ddc4752800 ConcurrentGCThread "G1 Conc#0" [stack: 0x00000028aed00000,0x00000028aee00000] [id=13204]
  0x000001dde35ea800 ConcurrentGCThread "G1 Conc#1" [stack: 0x00000028b1000000,0x00000028b1100000] [id=18988]
  0x000001dde0a42800 ConcurrentGCThread "G1 Refine#0" [stack: 0x00000028aee00000,0x00000028aef00000] [id=12304]
  0x000001dded489000 ConcurrentGCThread "G1 Refine#1" [stack: 0x00000028b8100000,0x00000028b8200000] [id=16900]
  0x000001ddeb061800 ConcurrentGCThread "G1 Refine#2" [stack: 0x00000028b8200000,0x00000028b8300000] [id=13288]
  0x000001dde9674800 ConcurrentGCThread "G1 Refine#3" [stack: 0x00000028b8300000,0x00000028b8400000] [id=1776]
  0x000001ddea4ae000 ConcurrentGCThread "G1 Refine#4" [stack: 0x00000028b8400000,0x00000028b8500000] [id=5536]
  0x000001dde0a43800 ConcurrentGCThread "G1 Young RemSet Sampling" [stack: 0x00000028aef00000,0x00000028af000000] [id=3560]

Threads with active compile tasks:
C2 CompilerThread0    12149 15156 %     4       com.android.tools.r8.dex.i::a @ 140 (829 bytes)
C1 CompilerThread0    12149 15436       3       com.android.tools.r8.dex.i::d (507 bytes)
C2 CompilerThread1    12149 15341       4       com.android.tools.r8.dex.i::h (963 bytes)
C2 CompilerThread2    12149 15099 %     4       com.android.tools.r8.dex.code.v1::a @ 20 (4134 bytes)

VM state:at safepoint (normal execution)

VM Mutex/Monitor currently owned by a thread:  ([mutex/lock_event])
[0x000001ddc4702020] Threads_lock - owner thread: 0x000001dde13fa800
[0x000001ddc4701d50] Heap_lock - owner thread: 0x000001ddea6ad000

Heap address: 0x0000000080000000, size: 2048 MB, Compressed Oops mode: 32-bit
Narrow klass base: 0x0000000000000000, Narrow klass shift: 3
Compressed class space size: 1073741824 Address: 0x0000000100000000

Heap:
 garbage-first heap   total 330752K, used 182868K [0x0000000080000000, 0x0000000100000000)
  region size 1024K, 6 young (6144K), 6 survivors (6144K)
 Metaspace       used 108355K, capacity 111197K, committed 111552K, reserved 1146880K
  class space    used 13887K, capacity 14999K, committed 15104K, reserved 1048576K
Heap Regions: E=young(eden), S=young(survivor), O=old, HS=humongous(starts), HC=humongous(continues), CS=collection set, F=free, A=archive, TAMS=top-at-mark-start (previous, next)
|   0|0x0000000080000000, 0x0000000080100000, 0x0000000080100000|100%| O|  |TAMS 0x0000000080100000, 0x0000000080100000| Untracked 
|   1|0x0000000080100000, 0x0000000080200000, 0x0000000080200000|100%| O|  |TAMS 0x0000000080200000, 0x0000000080200000| Untracked 
|   2|0x0000000080200000, 0x0000000080300000, 0x0000000080300000|100%| O|  |TAMS 0x0000000080300000, 0x0000000080300000| Untracked 
|   3|0x0000000080300000, 0x0000000080400000, 0x0000000080400000|100%|HS|  |TAMS 0x0000000080400000, 0x0000000080400000| Complete 
|   4|0x0000000080400000, 0x0000000080500000, 0x0000000080500000|100%|HC|  |TAMS 0x0000000080500000, 0x0000000080500000| Complete 
|   5|0x0000000080500000, 0x0000000080600000, 0x0000000080600000|100%|HC|  |TAMS 0x0000000080600000, 0x0000000080600000| Complete 
|   6|0x0000000080600000, 0x0000000080700000, 0x0000000080700000|100%| O|  |TAMS 0x0000000080700000, 0x0000000080700000| Untracked 
|   7|0x0000000080700000, 0x0000000080800000, 0x0000000080800000|100%| O|  |TAMS 0x0000000080800000, 0x0000000080800000| Untracked 
|   8|0x0000000080800000, 0x0000000080900000, 0x0000000080900000|100%| O|  |TAMS 0x0000000080900000, 0x0000000080900000| Untracked 
|   9|0x0000000080900000, 0x0000000080a00000, 0x0000000080a00000|100%| O|  |TAMS 0x0000000080a00000, 0x0000000080a00000| Untracked 
|  10|0x0000000080a00000, 0x0000000080b00000, 0x0000000080b00000|100%| O|  |TAMS 0x0000000080b00000, 0x0000000080b00000| Untracked 
|  11|0x0000000080b00000, 0x0000000080c00000, 0x0000000080c00000|100%| O|  |TAMS 0x0000000080c00000, 0x0000000080c00000| Untracked 
|  12|0x0000000080c00000, 0x0000000080d00000, 0x0000000080d00000|100%| O|  |TAMS 0x0000000080d00000, 0x0000000080d00000| Untracked 
|  13|0x0000000080d00000, 0x0000000080e00000, 0x0000000080e00000|100%| O|  |TAMS 0x0000000080e00000, 0x0000000080e00000| Untracked 
|  14|0x0000000080e00000, 0x0000000080f00000, 0x0000000080f00000|100%| O|  |TAMS 0x0000000080f00000, 0x0000000080f00000| Untracked 
|  15|0x0000000080f00000, 0x0000000081000000, 0x0000000081000000|100%| O|  |TAMS 0x0000000081000000, 0x0000000081000000| Untracked 
|  16|0x0000000081000000, 0x0000000081100000, 0x0000000081100000|100%| O|  |TAMS 0x0000000081100000, 0x0000000081100000| Untracked 
|  17|0x0000000081100000, 0x0000000081200000, 0x0000000081200000|100%|HS|  |TAMS 0x0000000081200000, 0x0000000081200000| Complete 
|  18|0x0000000081200000, 0x0000000081300000, 0x0000000081300000|100%|HS|  |TAMS 0x0000000081300000, 0x0000000081300000| Complete 
|  19|0x0000000081300000, 0x0000000081400000, 0x0000000081400000|100%| O|  |TAMS 0x0000000081400000, 0x0000000081400000| Untracked 
|  20|0x0000000081400000, 0x0000000081500000, 0x0000000081500000|100%| O|  |TAMS 0x0000000081500000, 0x0000000081500000| Untracked 
|  21|0x0000000081500000, 0x0000000081600000, 0x0000000081600000|100%| O|  |TAMS 0x0000000081600000, 0x0000000081600000| Untracked 
|  22|0x0000000081600000, 0x0000000081700000, 0x0000000081700000|100%| O|  |TAMS 0x0000000081700000, 0x0000000081700000| Untracked 
|  23|0x0000000081700000, 0x0000000081800000, 0x0000000081800000|100%| O|  |TAMS 0x0000000081800000, 0x0000000081800000| Untracked 
|  24|0x0000000081800000, 0x0000000081900000, 0x0000000081900000|100%| O|  |TAMS 0x0000000081900000, 0x0000000081900000| Untracked 
|  25|0x0000000081900000, 0x0000000081a00000, 0x0000000081a00000|100%| O|  |TAMS 0x0000000081a00000, 0x0000000081a00000| Untracked 
|  26|0x0000000081a00000, 0x0000000081b00000, 0x0000000081b00000|100%| O|  |TAMS 0x0000000081b00000, 0x0000000081b00000| Untracked 
|  27|0x0000000081b00000, 0x0000000081c00000, 0x0000000081c00000|100%| O|  |TAMS 0x0000000081c00000, 0x0000000081c00000| Untracked 
|  28|0x0000000081c00000, 0x0000000081d00000, 0x0000000081d00000|100%| O|  |TAMS 0x0000000081d00000, 0x0000000081d00000| Untracked 
|  29|0x0000000081d00000, 0x0000000081e00000, 0x0000000081e00000|100%| O|  |TAMS 0x0000000081e00000, 0x0000000081e00000| Untracked 
|  30|0x0000000081e00000, 0x0000000081f00000, 0x0000000081f00000|100%| O|  |TAMS 0x0000000081f00000, 0x0000000081f00000| Untracked 
|  31|0x0000000081f00000, 0x0000000082000000, 0x0000000082000000|100%| O|  |TAMS 0x0000000082000000, 0x0000000082000000| Untracked 
|  32|0x0000000082000000, 0x0000000082100000, 0x0000000082100000|100%| O|  |TAMS 0x0000000082100000, 0x0000000082100000| Untracked 
|  33|0x0000000082100000, 0x0000000082200000, 0x0000000082200000|100%| O|  |TAMS 0x0000000082200000, 0x0000000082200000| Untracked 
|  34|0x0000000082200000, 0x0000000082300000, 0x0000000082300000|100%| O|  |TAMS 0x0000000082300000, 0x0000000082300000| Untracked 
|  35|0x0000000082300000, 0x0000000082400000, 0x0000000082400000|100%| O|  |TAMS 0x0000000082400000, 0x0000000082400000| Untracked 
|  36|0x0000000082400000, 0x0000000082500000, 0x0000000082500000|100%| O|  |TAMS 0x0000000082500000, 0x0000000082500000| Untracked 
|  37|0x0000000082500000, 0x0000000082600000, 0x0000000082600000|100%| O|  |TAMS 0x0000000082600000, 0x0000000082600000| Untracked 
|  38|0x0000000082600000, 0x0000000082700000, 0x0000000082700000|100%| O|  |TAMS 0x0000000082700000, 0x0000000082700000| Untracked 
|  39|0x0000000082700000, 0x0000000082800000, 0x0000000082800000|100%| O|  |TAMS 0x0000000082800000, 0x0000000082800000| Untracked 
|  40|0x0000000082800000, 0x0000000082900000, 0x0000000082900000|100%| O|  |TAMS 0x0000000082900000, 0x0000000082900000| Untracked 
|  41|0x0000000082900000, 0x0000000082a00000, 0x0000000082a00000|100%| O|  |TAMS 0x0000000082a00000, 0x0000000082a00000| Untracked 
|  42|0x0000000082a00000, 0x0000000082b00000, 0x0000000082b00000|100%| O|  |TAMS 0x0000000082b00000, 0x0000000082b00000| Untracked 
|  43|0x0000000082b00000, 0x0000000082c00000, 0x0000000082c00000|100%| O|  |TAMS 0x0000000082c00000, 0x0000000082c00000| Untracked 
|  44|0x0000000082c00000, 0x0000000082d00000, 0x0000000082d00000|100%| O|  |TAMS 0x0000000082d00000, 0x0000000082d00000| Untracked 
|  45|0x0000000082d00000, 0x0000000082e00000, 0x0000000082e00000|100%| O|  |TAMS 0x0000000082e00000, 0x0000000082e00000| Untracked 
|  46|0x0000000082e00000, 0x0000000082f00000, 0x0000000082f00000|100%| O|  |TAMS 0x0000000082f00000, 0x0000000082f00000| Untracked 
|  47|0x0000000082f00000, 0x0000000083000000, 0x0000000083000000|100%| O|  |TAMS 0x0000000083000000, 0x0000000083000000| Untracked 
|  48|0x0000000083000000, 0x0000000083100000, 0x0000000083100000|100%| O|  |TAMS 0x0000000083100000, 0x0000000083100000| Untracked 
|  49|0x0000000083100000, 0x0000000083200000, 0x0000000083200000|100%| O|  |TAMS 0x0000000083200000, 0x0000000083200000| Untracked 
|  50|0x0000000083200000, 0x0000000083300000, 0x0000000083300000|100%| O|  |TAMS 0x0000000083300000, 0x0000000083300000| Untracked 
|  51|0x0000000083300000, 0x0000000083400000, 0x0000000083400000|100%| O|  |TAMS 0x0000000083400000, 0x0000000083400000| Untracked 
|  52|0x0000000083400000, 0x0000000083500000, 0x0000000083500000|100%| O|  |TAMS 0x0000000083500000, 0x0000000083500000| Untracked 
|  53|0x0000000083500000, 0x0000000083600000, 0x0000000083600000|100%| O|  |TAMS 0x0000000083600000, 0x0000000083600000| Untracked 
|  54|0x0000000083600000, 0x0000000083700000, 0x0000000083700000|100%| O|  |TAMS 0x0000000083700000, 0x0000000083700000| Untracked 
|  55|0x0000000083700000, 0x0000000083800000, 0x0000000083800000|100%| O|  |TAMS 0x0000000083800000, 0x0000000083800000| Untracked 
|  56|0x0000000083800000, 0x0000000083900000, 0x0000000083900000|100%| O|  |TAMS 0x0000000083900000, 0x0000000083900000| Untracked 
|  57|0x0000000083900000, 0x0000000083a00000, 0x0000000083a00000|100%| O|  |TAMS 0x0000000083a00000, 0x0000000083a00000| Untracked 
|  58|0x0000000083a00000, 0x0000000083b00000, 0x0000000083b00000|100%| O|  |TAMS 0x0000000083b00000, 0x0000000083b00000| Untracked 
|  59|0x0000000083b00000, 0x0000000083c00000, 0x0000000083c00000|100%| O|  |TAMS 0x0000000083c00000, 0x0000000083c00000| Untracked 
|  60|0x0000000083c00000, 0x0000000083d00000, 0x0000000083d00000|100%| O|  |TAMS 0x0000000083d00000, 0x0000000083d00000| Untracked 
|  61|0x0000000083d00000, 0x0000000083e00000, 0x0000000083e00000|100%| O|  |TAMS 0x0000000083e00000, 0x0000000083e00000| Untracked 
|  62|0x0000000083e00000, 0x0000000083f00000, 0x0000000083f00000|100%| O|  |TAMS 0x0000000083f00000, 0x0000000083f00000| Untracked 
|  63|0x0000000083f00000, 0x0000000084000000, 0x0000000084000000|100%| O|  |TAMS 0x0000000084000000, 0x0000000084000000| Untracked 
|  64|0x0000000084000000, 0x0000000084100000, 0x0000000084100000|100%| O|  |TAMS 0x0000000084100000, 0x0000000084100000| Untracked 
|  65|0x0000000084100000, 0x0000000084200000, 0x0000000084200000|100%| O|  |TAMS 0x0000000084200000, 0x0000000084200000| Untracked 
|  66|0x0000000084200000, 0x0000000084300000, 0x0000000084300000|100%| O|  |TAMS 0x0000000084300000, 0x0000000084300000| Untracked 
|  67|0x0000000084300000, 0x0000000084400000, 0x0000000084400000|100%| O|  |TAMS 0x0000000084400000, 0x0000000084400000| Untracked 
|  68|0x0000000084400000, 0x0000000084500000, 0x0000000084500000|100%| O|  |TAMS 0x0000000084500000, 0x0000000084500000| Untracked 
|  69|0x0000000084500000, 0x0000000084600000, 0x0000000084600000|100%| O|  |TAMS 0x0000000084600000, 0x0000000084600000| Untracked 
|  70|0x0000000084600000, 0x0000000084700000, 0x0000000084700000|100%| O|  |TAMS 0x0000000084700000, 0x0000000084700000| Untracked 
|  71|0x0000000084700000, 0x0000000084800000, 0x0000000084800000|100%| O|  |TAMS 0x0000000084800000, 0x0000000084800000| Untracked 
|  72|0x0000000084800000, 0x0000000084900000, 0x0000000084900000|100%| O|  |TAMS 0x0000000084900000, 0x0000000084900000| Untracked 
|  73|0x0000000084900000, 0x0000000084a00000, 0x0000000084a00000|100%| O|  |TAMS 0x0000000084a00000, 0x0000000084a00000| Untracked 
|  74|0x0000000084a00000, 0x0000000084b00000, 0x0000000084b00000|100%| O|  |TAMS 0x0000000084b00000, 0x0000000084b00000| Untracked 
|  75|0x0000000084b00000, 0x0000000084c00000, 0x0000000084c00000|100%| O|  |TAMS 0x0000000084c00000, 0x0000000084c00000| Untracked 
|  76|0x0000000084c00000, 0x0000000084d00000, 0x0000000084d00000|100%| O|  |TAMS 0x0000000084d00000, 0x0000000084d00000| Untracked 
|  77|0x0000000084d00000, 0x0000000084e00000, 0x0000000084e00000|100%| O|  |TAMS 0x0000000084e00000, 0x0000000084e00000| Untracked 
|  78|0x0000000084e00000, 0x0000000084f00000, 0x0000000084f00000|100%| O|  |TAMS 0x0000000084f00000, 0x0000000084f00000| Untracked 
|  79|0x0000000084f00000, 0x0000000085000000, 0x0000000085000000|100%| O|  |TAMS 0x0000000085000000, 0x0000000085000000| Untracked 
|  80|0x0000000085000000, 0x0000000085100000, 0x0000000085100000|100%| O|  |TAMS 0x0000000085100000, 0x0000000085100000| Untracked 
|  81|0x0000000085100000, 0x0000000085200000, 0x0000000085200000|100%| O|  |TAMS 0x0000000085200000, 0x0000000085200000| Untracked 
|  82|0x0000000085200000, 0x0000000085300000, 0x0000000085300000|100%| O|  |TAMS 0x0000000085300000, 0x0000000085300000| Untracked 
|  83|0x0000000085300000, 0x0000000085400000, 0x0000000085400000|100%| O|  |TAMS 0x0000000085400000, 0x0000000085400000| Untracked 
|  84|0x0000000085400000, 0x0000000085500000, 0x0000000085500000|100%| O|  |TAMS 0x0000000085500000, 0x0000000085500000| Untracked 
|  85|0x0000000085500000, 0x0000000085600000, 0x0000000085600000|100%|HS|  |TAMS 0x0000000085500000, 0x0000000085600000| Complete 
|  86|0x0000000085600000, 0x0000000085700000, 0x0000000085700000|100%|HS|  |TAMS 0x0000000085700000, 0x0000000085700000| Complete 
|  87|0x0000000085700000, 0x0000000085800000, 0x0000000085800000|100%| O|  |TAMS 0x0000000085800000, 0x0000000085800000| Untracked 
|  88|0x0000000085800000, 0x0000000085900000, 0x0000000085900000|100%|HS|  |TAMS 0x0000000085900000, 0x0000000085900000| Complete 
|  89|0x0000000085900000, 0x0000000085a00000, 0x0000000085a00000|100%|HC|  |TAMS 0x0000000085a00000, 0x0000000085a00000| Complete 
|  90|0x0000000085a00000, 0x0000000085b00000, 0x0000000085b00000|100%|HS|  |TAMS 0x0000000085b00000, 0x0000000085b00000| Complete 
|  91|0x0000000085b00000, 0x0000000085c00000, 0x0000000085c00000|100%|HS|  |TAMS 0x0000000085c00000, 0x0000000085c00000| Complete 
|  92|0x0000000085c00000, 0x0000000085d00000, 0x0000000085d00000|100%|HS|  |TAMS 0x0000000085d00000, 0x0000000085d00000| Complete 
|  93|0x0000000085d00000, 0x0000000085e00000, 0x0000000085e00000|100%|HS|  |TAMS 0x0000000085e00000, 0x0000000085e00000| Complete 
|  94|0x0000000085e00000, 0x0000000085f00000, 0x0000000085f00000|100%|HC|  |TAMS 0x0000000085f00000, 0x0000000085f00000| Complete 
|  95|0x0000000085f00000, 0x0000000086000000, 0x0000000086000000|100%|HS|  |TAMS 0x0000000085f00000, 0x0000000086000000| Complete 
|  96|0x0000000086000000, 0x0000000086100000, 0x0000000086100000|100%| O|  |TAMS 0x0000000086000000, 0x0000000086100000| Untracked 
|  97|0x0000000086100000, 0x0000000086200000, 0x0000000086200000|100%| O|  |TAMS 0x0000000086200000, 0x0000000086200000| Untracked 
|  98|0x0000000086200000, 0x0000000086300000, 0x0000000086300000|100%|HS|  |TAMS 0x0000000086300000, 0x0000000086300000| Complete 
|  99|0x0000000086300000, 0x0000000086400000, 0x0000000086400000|100%| O|  |TAMS 0x0000000086400000, 0x0000000086400000| Untracked 
| 100|0x0000000086400000, 0x0000000086500000, 0x0000000086500000|100%| O|  |TAMS 0x0000000086400000, 0x0000000086500000| Untracked 
| 101|0x0000000086500000, 0x0000000086600000, 0x0000000086600000|100%| O|  |TAMS 0x0000000086500000, 0x0000000086600000| Untracked 
| 102|0x0000000086600000, 0x0000000086700000, 0x0000000086700000|100%|HS|  |TAMS 0x0000000086700000, 0x0000000086700000| Complete 
| 103|0x0000000086700000, 0x0000000086800000, 0x0000000086800000|100%|HC|  |TAMS 0x0000000086800000, 0x0000000086800000| Complete 
| 104|0x0000000086800000, 0x0000000086900000, 0x0000000086900000|100%|HC|  |TAMS 0x0000000086900000, 0x0000000086900000| Complete 
| 105|0x0000000086900000, 0x0000000086a00000, 0x0000000086a00000|100%| O|  |TAMS 0x0000000086900000, 0x0000000086a00000| Untracked 
| 106|0x0000000086a00000, 0x0000000086b00000, 0x0000000086b00000|100%| O|  |TAMS 0x0000000086a00000, 0x0000000086b00000| Untracked 
| 107|0x0000000086b00000, 0x0000000086c00000, 0x0000000086c00000|100%| O|  |TAMS 0x0000000086b00000, 0x0000000086c00000| Untracked 
| 108|0x0000000086c00000, 0x0000000086d00000, 0x0000000086d00000|100%| O|  |TAMS 0x0000000086d00000, 0x0000000086d00000| Untracked 
| 109|0x0000000086d00000, 0x0000000086e00000, 0x0000000086e00000|100%| O|  |TAMS 0x0000000086d00000, 0x0000000086e00000| Untracked 
| 110|0x0000000086e00000, 0x0000000086f00000, 0x0000000086f00000|100%| O|  |TAMS 0x0000000086f00000, 0x0000000086f00000| Untracked 
| 111|0x0000000086f00000, 0x0000000087000000, 0x0000000087000000|100%| O|  |TAMS 0x0000000087000000, 0x0000000087000000| Untracked 
| 112|0x0000000087000000, 0x0000000087100000, 0x0000000087100000|100%|HS|  |TAMS 0x0000000087100000, 0x0000000087100000| Complete 
| 113|0x0000000087100000, 0x0000000087200000, 0x0000000087200000|100%|HC|  |TAMS 0x0000000087200000, 0x0000000087200000| Complete 
| 114|0x0000000087200000, 0x0000000087300000, 0x0000000087300000|100%|HS|  |TAMS 0x0000000087300000, 0x0000000087300000| Complete 
| 115|0x0000000087300000, 0x0000000087400000, 0x0000000087400000|100%|HS|  |TAMS 0x0000000087400000, 0x0000000087400000| Complete 
| 116|0x0000000087400000, 0x0000000087500000, 0x0000000087500000|100%|HC|  |TAMS 0x0000000087500000, 0x0000000087500000| Complete 
| 117|0x0000000087500000, 0x0000000087600000, 0x0000000087600000|100%| O|  |TAMS 0x0000000087500000, 0x0000000087600000| Untracked 
| 118|0x0000000087600000, 0x0000000087700000, 0x0000000087700000|100%| O|  |TAMS 0x0000000087600000, 0x0000000087700000| Untracked 
| 119|0x0000000087700000, 0x0000000087800000, 0x0000000087800000|100%| O|  |TAMS 0x0000000087700000, 0x0000000087800000| Untracked 
| 120|0x0000000087800000, 0x0000000087900000, 0x0000000087900000|100%| O|  |TAMS 0x0000000087800000, 0x0000000087900000| Untracked 
| 121|0x0000000087900000, 0x0000000087a00000, 0x0000000087a00000|100%| O|  |TAMS 0x0000000087900000, 0x0000000087a00000| Untracked 
| 122|0x0000000087a00000, 0x0000000087b00000, 0x0000000087b00000|100%|HS|  |TAMS 0x0000000087b00000, 0x0000000087b00000| Complete 
| 123|0x0000000087b00000, 0x0000000087c00000, 0x0000000087c00000|100%|HC|  |TAMS 0x0000000087c00000, 0x0000000087c00000| Complete 
| 124|0x0000000087c00000, 0x0000000087d00000, 0x0000000087d00000|100%|HC|  |TAMS 0x0000000087d00000, 0x0000000087d00000| Complete 
| 125|0x0000000087d00000, 0x0000000087e00000, 0x0000000087e00000|100%| O|  |TAMS 0x0000000087e00000, 0x0000000087e00000| Untracked 
| 126|0x0000000087e00000, 0x0000000087f00000, 0x0000000087f00000|100%| O|  |TAMS 0x0000000087f00000, 0x0000000087f00000| Untracked 
| 127|0x0000000087f00000, 0x0000000088000000, 0x0000000088000000|100%| O|  |TAMS 0x0000000088000000, 0x0000000088000000| Untracked 
| 128|0x0000000088000000, 0x0000000088100000, 0x0000000088100000|100%| O|  |TAMS 0x0000000088100000, 0x0000000088100000| Untracked 
| 129|0x0000000088100000, 0x0000000088200000, 0x0000000088200000|100%| O|  |TAMS 0x0000000088200000, 0x0000000088200000| Untracked 
| 130|0x0000000088200000, 0x0000000088300000, 0x0000000088300000|100%| O|  |TAMS 0x0000000088300000, 0x0000000088300000| Untracked 
| 131|0x0000000088300000, 0x0000000088400000, 0x0000000088400000|100%| O|  |TAMS 0x0000000088400000, 0x0000000088400000| Untracked 
| 132|0x0000000088400000, 0x0000000088500000, 0x0000000088500000|100%| O|  |TAMS 0x0000000088500000, 0x0000000088500000| Untracked 
| 133|0x0000000088500000, 0x0000000088600000, 0x0000000088600000|100%| O|  |TAMS 0x00000000885b8c00, 0x0000000088600000| Untracked 
| 134|0x0000000088600000, 0x0000000088700000, 0x0000000088700000|100%| O|  |TAMS 0x0000000088600000, 0x0000000088700000| Untracked 
| 135|0x0000000088700000, 0x0000000088800000, 0x0000000088800000|100%| O|  |TAMS 0x0000000088700000, 0x0000000088800000| Untracked 
| 136|0x0000000088800000, 0x0000000088900000, 0x0000000088900000|100%| O|  |TAMS 0x0000000088800000, 0x0000000088900000| Untracked 
| 137|0x0000000088900000, 0x0000000088a00000, 0x0000000088a00000|100%| O|  |TAMS 0x0000000088900000, 0x0000000088a00000| Untracked 
| 138|0x0000000088a00000, 0x0000000088b00000, 0x0000000088b00000|100%| O|  |TAMS 0x0000000088a00000, 0x0000000088b00000| Untracked 
| 139|0x0000000088b00000, 0x0000000088c00000, 0x0000000088c00000|100%| O|  |TAMS 0x0000000088b00000, 0x0000000088c00000| Untracked 
| 140|0x0000000088c00000, 0x0000000088d00000, 0x0000000088d00000|100%| O|  |TAMS 0x0000000088c00000, 0x0000000088d00000| Untracked 
| 141|0x0000000088d00000, 0x0000000088e00000, 0x0000000088e00000|100%| O|  |TAMS 0x0000000088d00000, 0x0000000088e00000| Untracked 
| 142|0x0000000088e00000, 0x0000000088f00000, 0x0000000088f00000|100%| O|  |TAMS 0x0000000088e00000, 0x0000000088f00000| Untracked 
| 143|0x0000000088f00000, 0x0000000089000000, 0x0000000089000000|100%| O|  |TAMS 0x0000000088f00000, 0x0000000089000000| Untracked 
| 144|0x0000000089000000, 0x0000000089100000, 0x0000000089100000|100%| O|  |TAMS 0x0000000089000000, 0x0000000089100000| Untracked 
| 145|0x0000000089100000, 0x0000000089200000, 0x0000000089200000|100%| O|  |TAMS 0x0000000089100000, 0x0000000089200000| Untracked 
| 146|0x0000000089200000, 0x0000000089300000, 0x0000000089300000|100%| O|  |TAMS 0x0000000089200000, 0x0000000089300000| Untracked 
| 147|0x0000000089300000, 0x0000000089400000, 0x0000000089400000|100%| O|  |TAMS 0x0000000089300000, 0x0000000089400000| Untracked 
| 148|0x0000000089400000, 0x0000000089500000, 0x0000000089500000|100%| O|  |TAMS 0x0000000089400000, 0x0000000089500000| Untracked 
| 149|0x0000000089500000, 0x0000000089600000, 0x0000000089600000|100%| O|  |TAMS 0x0000000089500000, 0x0000000089600000| Untracked 
| 150|0x0000000089600000, 0x0000000089700000, 0x0000000089700000|100%| O|  |TAMS 0x0000000089600000, 0x0000000089700000| Untracked 
| 151|0x0000000089700000, 0x0000000089800000, 0x0000000089800000|100%| O|  |TAMS 0x0000000089700000, 0x0000000089800000| Untracked 
| 152|0x0000000089800000, 0x0000000089900000, 0x0000000089900000|100%| O|  |TAMS 0x0000000089800000, 0x0000000089900000| Untracked 
| 153|0x0000000089900000, 0x0000000089a00000, 0x0000000089a00000|100%| O|  |TAMS 0x0000000089900000, 0x0000000089a00000| Untracked 
| 154|0x0000000089a00000, 0x0000000089b00000, 0x0000000089b00000|100%| O|  |TAMS 0x0000000089a00000, 0x0000000089b00000| Untracked 
| 155|0x0000000089b00000, 0x0000000089c00000, 0x0000000089c00000|100%| O|  |TAMS 0x0000000089b00000, 0x0000000089c00000| Untracked 
| 156|0x0000000089c00000, 0x0000000089d00000, 0x0000000089d00000|100%| O|  |TAMS 0x0000000089c00000, 0x0000000089d00000| Untracked 
| 157|0x0000000089d00000, 0x0000000089e00000, 0x0000000089e00000|100%| O|  |TAMS 0x0000000089d00000, 0x0000000089e00000| Untracked 
| 158|0x0000000089e00000, 0x0000000089f00000, 0x0000000089f00000|100%| O|  |TAMS 0x0000000089e00000, 0x0000000089f00000| Untracked 
| 159|0x0000000089f00000, 0x000000008a000000, 0x000000008a000000|100%| O|  |TAMS 0x0000000089f00000, 0x000000008a000000| Untracked 
| 160|0x000000008a000000, 0x000000008a100000, 0x000000008a100000|100%| O|  |TAMS 0x000000008a000000, 0x000000008a100000| Untracked 
| 161|0x000000008a100000, 0x000000008a200000, 0x000000008a200000|100%| O|  |TAMS 0x000000008a100000, 0x000000008a200000| Untracked 
| 162|0x000000008a200000, 0x000000008a300000, 0x000000008a300000|100%| O|  |TAMS 0x000000008a200000, 0x000000008a300000| Untracked 
| 163|0x000000008a300000, 0x000000008a400000, 0x000000008a400000|100%| O|  |TAMS 0x000000008a300000, 0x000000008a400000| Untracked 
| 164|0x000000008a400000, 0x000000008a500000, 0x000000008a500000|100%| O|  |TAMS 0x000000008a400000, 0x000000008a500000| Untracked 
| 165|0x000000008a500000, 0x000000008a600000, 0x000000008a600000|100%| O|  |TAMS 0x000000008a500000, 0x000000008a600000| Untracked 
| 166|0x000000008a600000, 0x000000008a700000, 0x000000008a700000|100%| O|  |TAMS 0x000000008a600000, 0x000000008a700000| Untracked 
| 167|0x000000008a700000, 0x000000008a800000, 0x000000008a800000|100%| O|  |TAMS 0x000000008a700000, 0x000000008a800000| Untracked 
| 168|0x000000008a800000, 0x000000008a900000, 0x000000008a900000|100%| O|  |TAMS 0x000000008a800000, 0x000000008a900000| Untracked 
| 169|0x000000008a900000, 0x000000008aa00000, 0x000000008aa00000|100%| O|  |TAMS 0x000000008a900000, 0x000000008aa00000| Untracked 
| 170|0x000000008aa00000, 0x000000008ab00000, 0x000000008ab00000|100%| O|  |TAMS 0x000000008aa00000, 0x000000008ab00000| Untracked 
| 171|0x000000008ab00000, 0x000000008ac00000, 0x000000008ac00000|100%| O|  |TAMS 0x000000008ab00000, 0x000000008ac00000| Untracked 
| 172|0x000000008ac00000, 0x000000008ac95200, 0x000000008ad00000| 58%| O|  |TAMS 0x000000008ac00000, 0x000000008ac95200| Untracked 
| 173|0x000000008ad00000, 0x000000008ad00000, 0x000000008ae00000|  0%| F|  |TAMS 0x000000008ad00000, 0x000000008ad00000| Untracked 
| 174|0x000000008ae00000, 0x000000008ae00000, 0x000000008af00000|  0%| F|  |TAMS 0x000000008ae00000, 0x000000008ae00000| Untracked 
| 175|0x000000008af00000, 0x000000008af00000, 0x000000008b000000|  0%| F|  |TAMS 0x000000008af00000, 0x000000008af00000| Untracked 
| 176|0x000000008b000000, 0x000000008b000000, 0x000000008b100000|  0%| F|  |TAMS 0x000000008b000000, 0x000000008b000000| Untracked 
| 177|0x000000008b100000, 0x000000008b100000, 0x000000008b200000|  0%| F|  |TAMS 0x000000008b100000, 0x000000008b100000| Untracked 
| 178|0x000000008b200000, 0x000000008b200000, 0x000000008b300000|  0%| F|  |TAMS 0x000000008b200000, 0x000000008b200000| Untracked 
| 179|0x000000008b300000, 0x000000008b300000, 0x000000008b400000|  0%| F|  |TAMS 0x000000008b300000, 0x000000008b300000| Untracked 
| 180|0x000000008b400000, 0x000000008b400000, 0x000000008b500000|  0%| F|  |TAMS 0x000000008b400000, 0x000000008b400000| Untracked 
| 181|0x000000008b500000, 0x000000008b500000, 0x000000008b600000|  0%| F|  |TAMS 0x000000008b500000, 0x000000008b500000| Untracked 
| 182|0x000000008b600000, 0x000000008b600000, 0x000000008b700000|  0%| F|  |TAMS 0x000000008b600000, 0x000000008b600000| Untracked 
| 183|0x000000008b700000, 0x000000008b700000, 0x000000008b800000|  0%| F|  |TAMS 0x000000008b700000, 0x000000008b700000| Untracked 
| 184|0x000000008b800000, 0x000000008b800000, 0x000000008b900000|  0%| F|  |TAMS 0x000000008b800000, 0x000000008b800000| Untracked 
| 185|0x000000008b900000, 0x000000008b900000, 0x000000008ba00000|  0%| F|  |TAMS 0x000000008b900000, 0x000000008b900000| Untracked 
| 186|0x000000008ba00000, 0x000000008ba00000, 0x000000008bb00000|  0%| F|  |TAMS 0x000000008ba00000, 0x000000008ba00000| Untracked 
| 187|0x000000008bb00000, 0x000000008bb00000, 0x000000008bc00000|  0%| F|  |TAMS 0x000000008bb00000, 0x000000008bb00000| Untracked 
| 188|0x000000008bc00000, 0x000000008bc00000, 0x000000008bd00000|  0%| F|  |TAMS 0x000000008bc00000, 0x000000008bc00000| Untracked 
| 189|0x000000008bd00000, 0x000000008bd00000, 0x000000008be00000|  0%| F|  |TAMS 0x000000008bd00000, 0x000000008bd00000| Untracked 
| 190|0x000000008be00000, 0x000000008be00000, 0x000000008bf00000|  0%| F|  |TAMS 0x000000008be00000, 0x000000008be00000| Untracked 
| 191|0x000000008bf00000, 0x000000008bf00000, 0x000000008c000000|  0%| F|  |TAMS 0x000000008bf00000, 0x000000008bf00000| Untracked 
| 192|0x000000008c000000, 0x000000008c000000, 0x000000008c100000|  0%| F|  |TAMS 0x000000008c000000, 0x000000008c000000| Untracked 
| 193|0x000000008c100000, 0x000000008c100000, 0x000000008c200000|  0%| F|  |TAMS 0x000000008c100000, 0x000000008c100000| Untracked 
| 194|0x000000008c200000, 0x000000008c200000, 0x000000008c300000|  0%| F|  |TAMS 0x000000008c200000, 0x000000008c200000| Untracked 
| 195|0x000000008c300000, 0x000000008c300000, 0x000000008c400000|  0%| F|  |TAMS 0x000000008c300000, 0x000000008c300000| Untracked 
| 196|0x000000008c400000, 0x000000008c400000, 0x000000008c500000|  0%| F|  |TAMS 0x000000008c400000, 0x000000008c400000| Untracked 
| 197|0x000000008c500000, 0x000000008c500000, 0x000000008c600000|  0%| F|  |TAMS 0x000000008c500000, 0x000000008c500000| Untracked 
| 198|0x000000008c600000, 0x000000008c600000, 0x000000008c700000|  0%| F|  |TAMS 0x000000008c600000, 0x000000008c600000| Untracked 
| 199|0x000000008c700000, 0x000000008c700000, 0x000000008c800000|  0%| F|  |TAMS 0x000000008c700000, 0x000000008c700000| Untracked 
| 200|0x000000008c800000, 0x000000008c800000, 0x000000008c900000|  0%| F|  |TAMS 0x000000008c800000, 0x000000008c800000| Untracked 
| 201|0x000000008c900000, 0x000000008c900000, 0x000000008ca00000|  0%| F|  |TAMS 0x000000008c900000, 0x000000008c900000| Untracked 
| 202|0x000000008ca00000, 0x000000008ca00000, 0x000000008cb00000|  0%| F|  |TAMS 0x000000008ca00000, 0x000000008ca00000| Untracked 
| 203|0x000000008cb00000, 0x000000008cb00000, 0x000000008cc00000|  0%| F|  |TAMS 0x000000008cb00000, 0x000000008cb00000| Untracked 
| 204|0x000000008cc00000, 0x000000008cd00000, 0x000000008cd00000|100%| S|CS|TAMS 0x000000008cc00000, 0x000000008cc00000| Complete 
| 205|0x000000008cd00000, 0x000000008ce00000, 0x000000008ce00000|100%| S|CS|TAMS 0x000000008cd00000, 0x000000008cd00000| Complete 
| 206|0x000000008ce00000, 0x000000008cf00000, 0x000000008cf00000|100%| S|CS|TAMS 0x000000008ce00000, 0x000000008ce00000| Complete 
| 207|0x000000008cf00000, 0x000000008d000000, 0x000000008d000000|100%| S|CS|TAMS 0x000000008cf00000, 0x000000008cf00000| Complete 
| 208|0x000000008d000000, 0x000000008d100000, 0x000000008d100000|100%| S|CS|TAMS 0x000000008d000000, 0x000000008d000000| Complete 
| 209|0x000000008d100000, 0x000000008d200000, 0x000000008d200000|100%| S|CS|TAMS 0x000000008d100000, 0x000000008d100000| Complete 
| 210|0x000000008d200000, 0x000000008d200000, 0x000000008d300000|  0%| F|  |TAMS 0x000000008d200000, 0x000000008d200000| Untracked 
| 211|0x000000008d300000, 0x000000008d300000, 0x000000008d400000|  0%| F|  |TAMS 0x000000008d300000, 0x000000008d300000| Untracked 
| 212|0x000000008d400000, 0x000000008d400000, 0x000000008d500000|  0%| F|  |TAMS 0x000000008d400000, 0x000000008d400000| Untracked 
| 213|0x000000008d500000, 0x000000008d500000, 0x000000008d600000|  0%| F|  |TAMS 0x000000008d500000, 0x000000008d500000| Untracked 
| 214|0x000000008d600000, 0x000000008d600000, 0x000000008d700000|  0%| F|  |TAMS 0x000000008d600000, 0x000000008d600000| Untracked 
| 215|0x000000008d700000, 0x000000008d700000, 0x000000008d800000|  0%| F|  |TAMS 0x000000008d700000, 0x000000008d700000| Untracked 
| 216|0x000000008d800000, 0x000000008d800000, 0x000000008d900000|  0%| F|  |TAMS 0x000000008d800000, 0x000000008d800000| Untracked 
| 217|0x000000008d900000, 0x000000008d900000, 0x000000008da00000|  0%| F|  |TAMS 0x000000008d900000, 0x000000008d900000| Untracked 
| 218|0x000000008da00000, 0x000000008da00000, 0x000000008db00000|  0%| F|  |TAMS 0x000000008da00000, 0x000000008da00000| Untracked 
| 219|0x000000008db00000, 0x000000008db00000, 0x000000008dc00000|  0%| F|  |TAMS 0x000000008db00000, 0x000000008db00000| Untracked 
| 220|0x000000008dc00000, 0x000000008dc00000, 0x000000008dd00000|  0%| F|  |TAMS 0x000000008dc00000, 0x000000008dc00000| Untracked 
| 221|0x000000008dd00000, 0x000000008dd00000, 0x000000008de00000|  0%| F|  |TAMS 0x000000008dd00000, 0x000000008dd00000| Untracked 
| 222|0x000000008de00000, 0x000000008de00000, 0x000000008df00000|  0%| F|  |TAMS 0x000000008de00000, 0x000000008de00000| Untracked 
| 223|0x000000008df00000, 0x000000008df00000, 0x000000008e000000|  0%| F|  |TAMS 0x000000008df00000, 0x000000008df00000| Untracked 
| 224|0x000000008e000000, 0x000000008e000000, 0x000000008e100000|  0%| F|  |TAMS 0x000000008e000000, 0x000000008e000000| Untracked 
| 225|0x000000008e100000, 0x000000008e100000, 0x000000008e200000|  0%| F|  |TAMS 0x000000008e100000, 0x000000008e100000| Untracked 
| 226|0x000000008e200000, 0x000000008e200000, 0x000000008e300000|  0%| F|  |TAMS 0x000000008e200000, 0x000000008e200000| Untracked 
| 227|0x000000008e300000, 0x000000008e300000, 0x000000008e400000|  0%| F|  |TAMS 0x000000008e300000, 0x000000008e300000| Untracked 
| 228|0x000000008e400000, 0x000000008e400000, 0x000000008e500000|  0%| F|  |TAMS 0x000000008e400000, 0x000000008e400000| Untracked 
| 229|0x000000008e500000, 0x000000008e500000, 0x000000008e600000|  0%| F|  |TAMS 0x000000008e500000, 0x000000008e500000| Untracked 
| 230|0x000000008e600000, 0x000000008e600000, 0x000000008e700000|  0%| F|  |TAMS 0x000000008e600000, 0x000000008e600000| Untracked 
| 231|0x000000008e700000, 0x000000008e700000, 0x000000008e800000|  0%| F|  |TAMS 0x000000008e700000, 0x000000008e700000| Untracked 
| 232|0x000000008e800000, 0x000000008e800000, 0x000000008e900000|  0%| F|  |TAMS 0x000000008e800000, 0x000000008e800000| Untracked 
| 233|0x000000008e900000, 0x000000008e900000, 0x000000008ea00000|  0%| F|  |TAMS 0x000000008e900000, 0x000000008e900000| Untracked 
| 234|0x000000008ea00000, 0x000000008ea00000, 0x000000008eb00000|  0%| F|  |TAMS 0x000000008ea00000, 0x000000008ea00000| Untracked 
| 235|0x000000008eb00000, 0x000000008eb00000, 0x000000008ec00000|  0%| F|  |TAMS 0x000000008eb00000, 0x000000008eb00000| Untracked 
| 236|0x000000008ec00000, 0x000000008ec00000, 0x000000008ed00000|  0%| F|  |TAMS 0x000000008ec00000, 0x000000008ec00000| Untracked 
| 237|0x000000008ed00000, 0x000000008ed00000, 0x000000008ee00000|  0%| F|  |TAMS 0x000000008ed00000, 0x000000008ed00000| Untracked 
| 238|0x000000008ee00000, 0x000000008ee00000, 0x000000008ef00000|  0%| F|  |TAMS 0x000000008ee00000, 0x000000008ee00000| Untracked 
| 239|0x000000008ef00000, 0x000000008ef00000, 0x000000008f000000|  0%| F|  |TAMS 0x000000008ef00000, 0x000000008ef00000| Untracked 
| 240|0x000000008f000000, 0x000000008f000000, 0x000000008f100000|  0%| F|  |TAMS 0x000000008f000000, 0x000000008f000000| Untracked 
| 241|0x000000008f100000, 0x000000008f100000, 0x000000008f200000|  0%| F|  |TAMS 0x000000008f100000, 0x000000008f100000| Untracked 
| 242|0x000000008f200000, 0x000000008f200000, 0x000000008f300000|  0%| F|  |TAMS 0x000000008f200000, 0x000000008f200000| Untracked 
| 243|0x000000008f300000, 0x000000008f300000, 0x000000008f400000|  0%| F|  |TAMS 0x000000008f300000, 0x000000008f300000| Untracked 
| 244|0x000000008f400000, 0x000000008f400000, 0x000000008f500000|  0%| F|  |TAMS 0x000000008f400000, 0x000000008f400000| Untracked 
| 245|0x000000008f500000, 0x000000008f500000, 0x000000008f600000|  0%| F|  |TAMS 0x000000008f500000, 0x000000008f500000| Untracked 
| 246|0x000000008f600000, 0x000000008f600000, 0x000000008f700000|  0%| F|  |TAMS 0x000000008f600000, 0x000000008f600000| Untracked 
| 247|0x000000008f700000, 0x000000008f700000, 0x000000008f800000|  0%| F|  |TAMS 0x000000008f700000, 0x000000008f700000| Untracked 
| 248|0x000000008f800000, 0x000000008f800000, 0x000000008f900000|  0%| F|  |TAMS 0x000000008f800000, 0x000000008f800000| Untracked 
| 249|0x000000008f900000, 0x000000008f900000, 0x000000008fa00000|  0%| F|  |TAMS 0x000000008f900000, 0x000000008f900000| Untracked 
| 250|0x000000008fa00000, 0x000000008fa00000, 0x000000008fb00000|  0%| F|  |TAMS 0x000000008fa00000, 0x000000008fa00000| Untracked 
| 251|0x000000008fb00000, 0x000000008fb00000, 0x000000008fc00000|  0%| F|  |TAMS 0x000000008fb00000, 0x000000008fb00000| Untracked 
| 252|0x000000008fc00000, 0x000000008fc00000, 0x000000008fd00000|  0%| F|  |TAMS 0x000000008fc00000, 0x000000008fc00000| Untracked 
| 253|0x000000008fd00000, 0x000000008fd00000, 0x000000008fe00000|  0%| F|  |TAMS 0x000000008fd00000, 0x000000008fd00000| Untracked 
| 254|0x000000008fe00000, 0x000000008fe00000, 0x000000008ff00000|  0%| F|  |TAMS 0x000000008fe00000, 0x000000008fe00000| Untracked 
| 255|0x000000008ff00000, 0x000000008ff00000, 0x0000000090000000|  0%| F|  |TAMS 0x000000008ff00000, 0x000000008ff00000| Untracked 

Card table byte_map: [0x000001ddd98a0000,0x000001ddd9ca0000] _byte_map_base: 0x000001ddd94a0000

Marking Bits (Prev, Next): (CMBitMap*) 0x000001ddc47473e8, (CMBitMap*) 0x000001ddc4747420
 Prev Bits: [0x000001ddda0a0000, 0x000001dddc0a0000)
 Next Bits: [0x000001dddc0a0000, 0x000001ddde0a0000)

Polling page: 0x000001ddc47d0000

Metaspace:

Usage:
  Non-class:     93.94 MB capacity,    92.25 MB ( 98%) used,     1.35 MB (  1%) free+waste,   349.38 KB ( <1%) overhead. 
      Class:     14.65 MB capacity,    13.56 MB ( 93%) used,   953.11 KB (  6%) free+waste,   158.50 KB (  1%) overhead. 
       Both:    108.59 MB capacity,   105.82 MB ( 97%) used,     2.28 MB (  2%) free+waste,   507.88 KB ( <1%) overhead. 

Virtual space:
  Non-class space:       96.00 MB reserved,      94.19 MB ( 98%) committed 
      Class space:        1.00 GB reserved,      14.75 MB (  1%) committed 
             Both:        1.09 GB reserved,     108.94 MB ( 10%) committed 

Chunk freelists:
   Non-Class:  0 bytes
       Class:  9.00 KB
        Both:  9.00 KB

MaxMetaspaceSize: 17179869184.00 GB
CompressedClassSpaceSize: 1.00 GB
Initial GC threshold: 20.80 MB
Current GC threshold: 176.36 MB
CDS: off

CodeHeap 'non-profiled nmethods': size=120000Kb used=9843Kb max_used=9843Kb free=110156Kb
 bounds [0x000001ddd1500000, 0x000001ddd1ea0000, 0x000001ddd8a30000]
CodeHeap 'profiled nmethods': size=120000Kb used=31862Kb max_used=31862Kb free=88137Kb
 bounds [0x000001ddc9fd0000, 0x000001ddcbef0000, 0x000001ddd1500000]
CodeHeap 'non-nmethods': size=5760Kb used=2437Kb max_used=2475Kb free=3322Kb
 bounds [0x000001ddc9a30000, 0x000001ddc9cb0000, 0x000001ddc9fd0000]
 total_blobs=16151 nmethods=15180 adapters=883
 compilation: enabled
              stopped_count=0, restarted_count=0
 full_count=0

Compilation events (20 events):
Event: 12.106 Thread 0x000001dde1472800 nmethod 15398 0x000001ddcbeec110 code [0x000001ddcbeec2c0, 0x000001ddcbeec3b8]
Event: 12.106 Thread 0x000001dde1472800 15399       2       com.android.tools.r8.internal.Zn::a (21 bytes)
Event: 12.106 Thread 0x000001dde1472800 nmethod 15399 0x000001ddcbeec490 code [0x000001ddcbeec640, 0x000001ddcbeec808]
Event: 12.106 Thread 0x000001dde1472800 15400       2       com.android.tools.r8.internal.Zn::<init> (15 bytes)
Event: 12.106 Thread 0x000001dde1472800 nmethod 15400 0x000001ddcbeec910 code [0x000001ddcbeecac0, 0x000001ddcbeecc18]
Event: 12.106 Thread 0x000001dde1472800 15401       2       com.android.tools.r8.graph.P$b$$Lambda$1373/0x0000000100e8e440::applyAsInt (8 bytes)
Event: 12.106 Thread 0x000001dde1472800 nmethod 15401 0x000001ddcbeecc90 code [0x000001ddcbeece40, 0x000001ddcbeecf78]
Event: 12.106 Thread 0x000001dde1472800 15423       2       com.android.tools.r8.internal.Aw::b (75 bytes)
Event: 12.106 Thread 0x000001dde1472800 nmethod 15423 0x000001ddcbeed090 code [0x000001ddcbeed260, 0x000001ddcbeed4f8]
Event: 12.106 Thread 0x000001dde1472800 15424       2       com.android.tools.r8.graph.j1$a::p0 (2 bytes)
Event: 12.106 Thread 0x000001dde1472800 nmethod 15424 0x000001ddcbeed610 code [0x000001ddcbeed7c0, 0x000001ddcbeed8b8]
Event: 12.106 Thread 0x000001dde1472800 15268       1       com.android.tools.r8.internal.TL::size (5 bytes)
Event: 12.106 Thread 0x000001dde1472800 nmethod 15268 0x000001ddd1e9c090 code [0x000001ddd1e9c240, 0x000001ddd1e9c2f8]
Event: 12.106 Thread 0x000001dde1472800 15408       1       com.android.tools.r8.graph.d0::p0 (2 bytes)
Event: 12.107 Thread 0x000001dde1472800 nmethod 15408 0x000001ddd1e9c390 code [0x000001ddd1e9c540, 0x000001ddd1e9c5f8]
Event: 12.107 Thread 0x000001dde1472800 15409       1       com.android.tools.r8.graph.d0::v0 (5 bytes)
Event: 12.107 Thread 0x000001dde1472800 nmethod 15409 0x000001ddd1e9c690 code [0x000001ddd1e9c840, 0x000001ddd1e9c8f8]
Event: 12.107 Thread 0x000001dde1472800 15335       1       java.util.concurrent.ThreadPoolExecutor::getThreadFactory (5 bytes)
Event: 12.107 Thread 0x000001dde1472800 nmethod 15335 0x000001ddd1e9c990 code [0x000001ddd1e9cb40, 0x000001ddd1e9cbf8]
Event: 12.123 Thread 0x000001dde1472800 15436       3       com.android.tools.r8.dex.i::d (507 bytes)

GC Heap History (20 events):
Event: 8.923 GC heap after
{Heap after GC invocations=14 (full 0):
 garbage-first heap   total 262144K, used 100339K [0x0000000080000000, 0x0000000100000000)
  region size 1024K, 17 young (17408K), 17 survivors (17408K)
 Metaspace       used 88933K, capacity 91566K, committed 91736K, reserved 1128448K
  class space    used 11550K, capacity 12560K, committed 12672K, reserved 1048576K
}
Event: 9.453 GC heap before
{Heap before GC invocations=14 (full 0):
 garbage-first heap   total 262144K, used 210931K [0x0000000080000000, 0x0000000100000000)
  region size 1024K, 111 young (113664K), 17 survivors (17408K)
 Metaspace       used 93208K, capacity 95937K, committed 96088K, reserved 1132544K
  class space    used 11890K, capacity 12923K, committed 12928K, reserved 1048576K
}
Event: 9.469 GC heap after
{Heap after GC invocations=15 (full 0):
 garbage-first heap   total 262144K, used 109568K [0x0000000080000000, 0x0000000100000000)
  region size 1024K, 10 young (10240K), 10 survivors (10240K)
 Metaspace       used 93208K, capacity 95937K, committed 96088K, reserved 1132544K
  class space    used 11890K, capacity 12923K, committed 12928K, reserved 1048576K
}
Event: 9.863 GC heap before
{Heap before GC invocations=15 (full 0):
 garbage-first heap   total 262144K, used 200704K [0x0000000080000000, 0x0000000100000000)
  region size 1024K, 100 young (102400K), 10 survivors (10240K)
 Metaspace       used 95165K, capacity 97847K, committed 98136K, reserved 1134592K
  class space    used 12099K, capacity 13119K, committed 13184K, reserved 1048576K
}
Event: 9.866 GC heap after
{Heap after GC invocations=16 (full 0):
 garbage-first heap   total 262144K, used 103705K [0x0000000080000000, 0x0000000100000000)
  region size 1024K, 3 young (3072K), 3 survivors (3072K)
 Metaspace       used 95165K, capacity 97847K, committed 98136K, reserved 1134592K
  class space    used 12099K, capacity 13119K, committed 13184K, reserved 1048576K
}
Event: 10.234 GC heap before
{Heap before GC invocations=16 (full 0):
 garbage-first heap   total 262144K, used 157977K [0x0000000080000000, 0x0000000100000000)
  region size 1024K, 58 young (59392K), 3 survivors (3072K)
 Metaspace       used 98206K, capacity 100903K, committed 101056K, reserved 1136640K
  class space    used 12478K, capacity 13516K, committed 13568K, reserved 1048576K
}
Event: 10.237 GC heap after
{Heap after GC invocations=17 (full 0):
 garbage-first heap   total 262144K, used 103671K [0x0000000080000000, 0x0000000100000000)
  region size 1024K, 3 young (3072K), 3 survivors (3072K)
 Metaspace       used 98206K, capacity 100903K, committed 101056K, reserved 1136640K
  class space    used 12478K, capacity 13516K, committed 13568K, reserved 1048576K
}
Event: 10.928 GC heap before
{Heap before GC invocations=18 (full 0):
 garbage-first heap   total 262144K, used 193783K [0x0000000080000000, 0x0000000100000000)
  region size 1024K, 103 young (105472K), 3 survivors (3072K)
 Metaspace       used 100763K, capacity 103412K, committed 103616K, reserved 1138688K
  class space    used 12722K, capacity 13744K, committed 13824K, reserved 1048576K
}
Event: 10.936 GC heap after
{Heap after GC invocations=19 (full 0):
 garbage-first heap   total 262144K, used 100173K [0x0000000080000000, 0x0000000100000000)
  region size 1024K, 11 young (11264K), 11 survivors (11264K)
 Metaspace       used 100763K, capacity 103412K, committed 103616K, reserved 1138688K
  class space    used 12722K, capacity 13744K, committed 13824K, reserved 1048576K
}
Event: 10.939 GC heap before
{Heap before GC invocations=19 (full 0):
 garbage-first heap   total 262144K, used 101197K [0x0000000080000000, 0x0000000100000000)
  region size 1024K, 12 young (12288K), 11 survivors (11264K)
 Metaspace       used 100763K, capacity 103412K, committed 103616K, reserved 1138688K
  class space    used 12722K, capacity 13744K, committed 13824K, reserved 1048576K
}
Event: 10.944 GC heap after
{Heap after GC invocations=20 (full 0):
 garbage-first heap   total 262144K, used 97134K [0x0000000080000000, 0x0000000100000000)
  region size 1024K, 2 young (2048K), 2 survivors (2048K)
 Metaspace       used 100763K, capacity 103412K, committed 103616K, reserved 1138688K
  class space    used 12722K, capacity 13744K, committed 13824K, reserved 1048576K
}
Event: 11.385 GC heap before
{Heap before GC invocations=20 (full 0):
 garbage-first heap   total 262144K, used 224110K [0x0000000080000000, 0x0000000100000000)
  region size 1024K, 106 young (108544K), 2 survivors (2048K)
 Metaspace       used 105138K, capacity 107956K, committed 108096K, reserved 1142784K
  class space    used 13314K, capacity 14372K, committed 14464K, reserved 1048576K
}
Event: 11.391 GC heap after
{Heap after GC invocations=21 (full 0):
 garbage-first heap   total 262144K, used 119742K [0x0000000080000000, 0x0000000100000000)
  region size 1024K, 10 young (10240K), 10 survivors (10240K)
 Metaspace       used 105138K, capacity 107956K, committed 108096K, reserved 1142784K
  class space    used 13314K, capacity 14372K, committed 14464K, reserved 1048576K
}
Event: 11.609 GC heap before
{Heap before GC invocations=22 (full 0):
 garbage-first heap   total 262144K, used 185278K [0x0000000080000000, 0x0000000100000000)
  region size 1024K, 60 young (61440K), 10 survivors (10240K)
 Metaspace       used 105454K, capacity 108296K, committed 108352K, reserved 1142784K
  class space    used 13360K, capacity 14440K, committed 14464K, reserved 1048576K
}
Event: 11.660 GC heap after
{Heap after GC invocations=23 (full 0):
 garbage-first heap   total 262144K, used 140003K [0x0000000080000000, 0x0000000100000000)
  region size 1024K, 13 young (13312K), 13 survivors (13312K)
 Metaspace       used 105454K, capacity 108296K, committed 108352K, reserved 1142784K
  class space    used 13360K, capacity 14440K, committed 14464K, reserved 1048576K
}
Event: 12.017 GC heap before
{Heap before GC invocations=24 (full 0):
 garbage-first heap   total 262144K, used 209635K [0x0000000080000000, 0x0000000100000000)
  region size 1024K, 80 young (81920K), 13 survivors (13312K)
 Metaspace       used 108038K, capacity 110955K, committed 111168K, reserved 1144832K
  class space    used 13862K, capacity 14965K, committed 14976K, reserved 1048576K
}
Event: 12.036 GC heap after
{Heap after GC invocations=25 (full 0):
 garbage-first heap   total 262144K, used 162247K [0x0000000080000000, 0x0000000100000000)
  region size 1024K, 10 young (10240K), 10 survivors (10240K)
 Metaspace       used 108038K, capacity 110955K, committed 111168K, reserved 1144832K
  class space    used 13862K, capacity 14965K, committed 14976K, reserved 1048576K
}
Event: 12.050 GC heap before
{Heap before GC invocations=25 (full 0):
 garbage-first heap   total 262144K, used 164295K [0x0000000080000000, 0x0000000100000000)
  region size 1024K, 12 young (12288K), 10 survivors (10240K)
 Metaspace       used 108069K, capacity 110955K, committed 111168K, reserved 1144832K
  class space    used 13862K, capacity 14965K, committed 14976K, reserved 1048576K
}
Event: 12.058 GC heap after
{Heap after GC invocations=26 (full 0):
 garbage-first heap   total 262144K, used 161325K [0x0000000080000000, 0x0000000100000000)
  region size 1024K, 2 young (2048K), 2 survivors (2048K)
 Metaspace       used 108069K, capacity 110955K, committed 111168K, reserved 1144832K
  class space    used 13862K, capacity 14965K, committed 14976K, reserved 1048576K
}
Event: 12.124 GC heap before
{Heap before GC invocations=26 (full 0):
 garbage-first heap   total 262144K, used 206381K [0x0000000080000000, 0x0000000100000000)
  region size 1024K, 46 young (47104K), 2 survivors (2048K)
 Metaspace       used 108355K, capacity 111197K, committed 111552K, reserved 1146880K
  class space    used 13887K, capacity 14999K, committed 15104K, reserved 1048576K
}

Deoptimization events (20 events):
Event: 11.991 Thread 0x000001ddea6a3800 Uncommon trap: trap_request=0xffffff4d fr.pc=0x000001ddd1c4e4e8 relative=0x00000000000004a8
Event: 11.991 Thread 0x000001ddea6a3800 Uncommon trap: reason=unstable_if action=reinterpret pc=0x000001ddd1c4e4e8 method=java.io.ObjectStreamClass$FieldReflector.setObjFieldValues(Ljava/lang/Object;[Ljava/lang/Object;Z)V @ 56 c2
Event: 11.991 Thread 0x000001ddea6a3800 DEOPT PACKING pc=0x000001ddd1c4e4e8 sp=0x00000028b80fd1e0
Event: 11.991 Thread 0x000001ddea6a3800 DEOPT UNPACKING pc=0x000001ddc9a7a1af sp=0x00000028b80fd188 mode 2
Event: 11.991 Thread 0x000001ddea6a3800 Uncommon trap: trap_request=0xffffff4d fr.pc=0x000001ddd1d17a54 relative=0x0000000000005174
Event: 11.991 Thread 0x000001ddea6a3800 Uncommon trap: reason=unstable_if action=reinterpret pc=0x000001ddd1d17a54 method=java.io.ObjectInputStream.readObject0(Ljava/lang/Class;Z)Ljava/lang/Object; @ 113 c2
Event: 11.991 Thread 0x000001ddea6a3800 DEOPT PACKING pc=0x000001ddd1d17a54 sp=0x00000028b80fd220
Event: 11.991 Thread 0x000001ddea6a3800 DEOPT UNPACKING pc=0x000001ddc9a7a1af sp=0x00000028b80fd268 mode 2
Event: 12.005 Thread 0x000001ddea6b1000 Uncommon trap: trap_request=0xffffff4d fr.pc=0x000001ddd1e73490 relative=0x0000000000000350
Event: 12.010 Thread 0x000001ddea6b1000 Uncommon trap: reason=unstable_if action=reinterpret pc=0x000001ddd1e73490 method=java.util.concurrent.ConcurrentLinkedQueue.offer(Ljava/lang/Object;)Z @ 42 c2
Event: 12.011 Thread 0x000001ddea6b1000 DEOPT PACKING pc=0x000001ddd1e73490 sp=0x00000028b90fe8b0
Event: 12.011 Thread 0x000001ddea6b1000 DEOPT UNPACKING pc=0x000001ddc9a7a1af sp=0x00000028b90fe7f8 mode 2
Event: 12.014 Thread 0x000001ddea6aa800 Uncommon trap: trap_request=0xffffff4d fr.pc=0x000001ddd1ad8410 relative=0x0000000000000350
Event: 12.015 Thread 0x000001ddea6b1000 Uncommon trap: trap_request=0xffffff4d fr.pc=0x000001ddd1ad8410 relative=0x0000000000000350
Event: 12.015 Thread 0x000001ddea6aa800 Uncommon trap: reason=unstable_if action=reinterpret pc=0x000001ddd1ad8410 method=java.util.concurrent.ConcurrentLinkedQueue.offer(Ljava/lang/Object;)Z @ 42 c2
Event: 12.016 Thread 0x000001ddea6b1000 Uncommon trap: reason=unstable_if action=reinterpret pc=0x000001ddd1ad8410 method=java.util.concurrent.ConcurrentLinkedQueue.offer(Ljava/lang/Object;)Z @ 42 c2
Event: 12.016 Thread 0x000001ddea6aa800 DEOPT PACKING pc=0x000001ddd1ad8410 sp=0x00000028b8cfeb60
Event: 12.016 Thread 0x000001ddea6aa800 DEOPT UNPACKING pc=0x000001ddc9a7a1af sp=0x00000028b8cfeb10 mode 2
Event: 12.016 Thread 0x000001ddea6b1000 DEOPT PACKING pc=0x000001ddd1ad8410 sp=0x00000028b90fe840
Event: 12.016 Thread 0x000001ddea6b1000 DEOPT UNPACKING pc=0x000001ddc9a7a1af sp=0x00000028b90fe7f0 mode 2

Classes redefined (0 events):
No events

Internal exceptions (20 events):
Event: 11.317 Thread 0x000001ddee457800 Exception <a 'sun/nio/fs/WindowsException'{0x000000008a363d68}> (0x000000008a363d68) thrown at [src/hotspot/share/prims/jni.cpp, line 617]
Event: 11.365 Thread 0x000001ddee458800 Exception <a 'java/lang/NoSuchMethodError'{0x000000008f3de4e0}: <clinit>> (0x000000008f3de4e0) thrown at [src/hotspot/share/prims/jni.cpp, line 1367]
Event: 11.365 Thread 0x000001ddee458800 Exception <a 'java/lang/NoSuchMethodError'{0x000000008f3dfc98}: <clinit>> (0x000000008f3dfc98) thrown at [src/hotspot/share/prims/jni.cpp, line 1367]
Event: 11.365 Thread 0x000001ddee458800 Exception <a 'java/lang/NoSuchMethodError'{0x000000008f3e2eb0}: <clinit>> (0x000000008f3e2eb0) thrown at [src/hotspot/share/prims/jni.cpp, line 1367]
Event: 11.367 Thread 0x000001ddee458800 Exception <a 'java/lang/NoSuchMethodError'{0x000000008f3f9cd8}: <clinit>> (0x000000008f3f9cd8) thrown at [src/hotspot/share/prims/jni.cpp, line 1367]
Event: 11.367 Thread 0x000001ddee458800 Exception <a 'java/lang/NoSuchMethodError'{0x000000008f3faf10}: <clinit>> (0x000000008f3faf10) thrown at [src/hotspot/share/prims/jni.cpp, line 1367]
Event: 11.373 Thread 0x000001ddea6a8000 Exception <a 'java/lang/NoSuchMethodError'{0x0000000089dda148}: 'java.lang.Object java.lang.invoke.DirectMethodHandle$Holder.invokeStaticInit(java.lang.Object, java.lang.Object, java.lang.Object, java.lang.Object, java.lang.Object, java.lang.Object, java.lang.Object, java.lang.Object, java.lang.Object, java.lang.Object, java.lang.Object, java.lang.Object, java.lang.Object, java.lang.Object, java.lang.Object, java.lang.Object, java.lang.Object, java.lang.Object, java.lang.Object, int, java.lang.Object, java
Event: 11.789 Thread 0x000001ddea6ae800 Exception <a 'java/lang/IncompatibleClassChangeError'{0x000000008f0d2d40}: Found class java.lang.Object, but interface was expected> (0x000000008f0d2d40) thrown at [src/hotspot/share/interpreter/linkResolver.cpp, line 839]
Event: 11.793 Thread 0x000001ddea6b1000 Exception <a 'java/lang/IncompatibleClassChangeError'{0x000000008ef7e530}: Found class java.lang.Object, but interface was expected> (0x000000008ef7e530) thrown at [src/hotspot/share/interpreter/linkResolver.cpp, line 839]
Event: 11.794 Thread 0x000001ddea6b1000 Exception <a 'java/lang/IncompatibleClassChangeError'{0x000000008ee0cb20}: Found class java.lang.Object, but interface was expected> (0x000000008ee0cb20) thrown at [src/hotspot/share/interpreter/linkResolver.cpp, line 839]
Event: 11.795 Thread 0x000001ddea6b0800 Exception <a 'java/lang/NoSuchMethodError'{0x000000008ee472a8}: 'long java.lang.invoke.DirectMethodHandle$Holder.invokeStatic(java.lang.Object, java.lang.Object, java.lang.Object)'> (0x000000008ee472a8) thrown at [src/hotspot/share/interpreter/linkResolver.cpp, line 773]
Event: 11.976 Thread 0x000001ddee458800 Exception <a 'sun/nio/fs/WindowsException'{0x000000008d11dda8}> (0x000000008d11dda8) thrown at [src/hotspot/share/prims/jni.cpp, line 617]
Event: 11.976 Thread 0x000001ddee458800 Exception <a 'sun/nio/fs/WindowsException'{0x000000008d11ec78}> (0x000000008d11ec78) thrown at [src/hotspot/share/prims/jni.cpp, line 617]
Event: 11.976 Thread 0x000001ddee458800 Exception <a 'sun/nio/fs/WindowsException'{0x000000008d11f050}> (0x000000008d11f050) thrown at [src/hotspot/share/prims/jni.cpp, line 617]
Event: 11.976 Thread 0x000001ddee458800 Exception <a 'sun/nio/fs/WindowsException'{0x000000008d11ff18}> (0x000000008d11ff18) thrown at [src/hotspot/share/prims/jni.cpp, line 617]
Event: 11.976 Thread 0x000001ddee458800 Exception <a 'sun/nio/fs/WindowsException'{0x000000008d120220}> (0x000000008d120220) thrown at [src/hotspot/share/prims/jni.cpp, line 617]
Event: 11.976 Thread 0x000001ddee458800 Exception <a 'sun/nio/fs/WindowsException'{0x000000008d1210b8}> (0x000000008d1210b8) thrown at [src/hotspot/share/prims/jni.cpp, line 617]
Event: 11.985 Thread 0x000001ddee458800 Exception <a 'java/lang/NoSuchMethodError'{0x000000008c05d3a8}: <clinit>> (0x000000008c05d3a8) thrown at [src/hotspot/share/prims/jni.cpp, line 1367]
Event: 11.989 Thread 0x000001ddee458800 Exception <a 'java/lang/NoSuchMethodError'{0x000000008bfb33a8}: <clinit>> (0x000000008bfb33a8) thrown at [src/hotspot/share/prims/jni.cpp, line 1367]
Event: 11.989 Thread 0x000001ddee458800 Exception <a 'java/lang/NoSuchMethodError'{0x000000008be6df18}: <clinit>> (0x000000008be6df18) thrown at [src/hotspot/share/prims/jni.cpp, line 1367]

Events (20 events):
Event: 12.080 loading class java/util/concurrent/Executors$DelegatedScheduledExecutorService
Event: 12.080 loading class java/util/concurrent/Executors$DelegatedExecutorService
Event: 12.080 loading class java/util/concurrent/Executors$DelegatedExecutorService done
Event: 12.080 loading class java/util/concurrent/Executors$DelegatedScheduledExecutorService done
Event: 12.081 loading class com/android/build/gradle/internal/services/Aapt2DaemonManagerMaintainer$firstDaemonStarted$1
Event: 12.081 loading class com/android/build/gradle/internal/services/Aapt2DaemonManagerMaintainer$firstDaemonStarted$1 done
Event: 12.081 Thread 0x000001ddeec24800 Thread added: 0x000001ddeec24800
Event: 12.081 loading class com/android/build/gradle/internal/services/Aapt2DaemonManagerMaintainer$firstDaemonStarted$2
Event: 12.081 loading class com/android/build/gradle/internal/services/Aapt2DaemonManagerMaintainer$firstDaemonStarted$2 done
Event: 12.081 loading class com/android/builder/internal/aapt/v2/Aapt2DaemonManager$LeasedAaptDaemon
Event: 12.081 loading class com/android/builder/internal/aapt/v2/Aapt2DaemonManager$LeasedAaptDaemon done
Event: 12.081 loading class com/android/builder/internal/aapt/v2/Aapt2DaemonManager$leaseDaemon$1
Event: 12.081 loading class com/android/builder/internal/aapt/v2/Aapt2DaemonManager$leaseDaemon$1 done
Event: 12.082 loading class com/android/builder/internal/aapt/v2/Aapt2Daemon$WhenMappings
Event: 12.082 loading class com/android/builder/internal/aapt/v2/Aapt2Daemon$WhenMappings done
Event: 12.082 loading class com/android/builder/internal/aapt/v2/Aapt2DaemonImpl$WaitForReadyOnStdOut
Event: 12.082 loading class com/android/builder/internal/aapt/v2/Aapt2DaemonImpl$WaitForReadyOnStdOut done
Event: 12.083 loading class java/lang/ProcessImpl
Event: 12.084 loading class java/lang/ProcessImpl done
Event: 12.123 Executing VM operation: G1CollectForAllocation


Dynamic libraries:
0x00007ff73f210000 - 0x00007ff73f21a000 	C:\Program Files\Android\Android Studio\jbr\bin\java.exe
0x00007ff9f9700000 - 0x00007ff9f98ee000 	C:\Windows\SYSTEM32\ntdll.dll
0x00007ff9f6a20000 - 0x00007ff9f6ad3000 	C:\Windows\System32\KERNEL32.DLL
0x00007ff9f5970000 - 0x00007ff9f5c0d000 	C:\Windows\System32\KERNELBASE.dll
0x00007ff9f6000000 - 0x00007ff9f60fa000 	C:\Windows\System32\ucrtbase.dll
0x00007ff9e60e0000 - 0x00007ff9e60fb000 	C:\Program Files\Android\Android Studio\jbr\bin\VCRUNTIME140.dll
0x00007ff9e60c0000 - 0x00007ff9e60d7000 	C:\Program Files\Android\Android Studio\jbr\bin\jli.dll
0x00007ff9f6ca0000 - 0x00007ff9f6e38000 	C:\Windows\System32\USER32.dll
0x00007ff9d7260000 - 0x00007ff9d74d9000 	C:\Windows\WinSxS\amd64_microsoft.windows.common-controls_6595b64144ccf1df_6.0.17763.4010_none_de6ee876534d4e3f\COMCTL32.dll
0x00007ff9f5ea0000 - 0x00007ff9f5ec0000 	C:\Windows\System32\win32u.dll
0x00007ff9f6fb0000 - 0x00007ff9f704e000 	C:\Windows\System32\msvcrt.dll
0x00007ff9f7360000 - 0x00007ff9f7389000 	C:\Windows\System32\GDI32.dll
0x00007ff9f7470000 - 0x00007ff9f779c000 	C:\Windows\System32\combase.dll
0x00007ff9f6900000 - 0x00007ff9f6a1d000 	C:\Windows\System32\RPCRT4.dll
0x00007ff9f5cb0000 - 0x00007ff9f5e50000 	C:\Windows\System32\gdi32full.dll
0x00007ff9f5f10000 - 0x00007ff9f5f92000 	C:\Windows\System32\bcryptPrimitives.dll
0x00007ff9f5c10000 - 0x00007ff9f5cb0000 	C:\Windows\System32\msvcp_win.dll
0x00007ff9f92b0000 - 0x00007ff9f92de000 	C:\Windows\System32\IMM32.DLL
0x00007ff9a0d50000 - 0x00007ff9a0ddd000 	C:\Program Files\Android\Android Studio\jbr\bin\msvcp140.dll
0x00007ff9e1c50000 - 0x00007ff9e1c5c000 	C:\Windows\SYSTEM32\VCRUNTIME140_1.dll
0x00007ff9a0fb0000 - 0x00007ff9a1b6c000 	C:\Program Files\Android\Android Studio\jbr\bin\server\jvm.dll
0x00007ff9f9200000 - 0x00007ff9f92a7000 	C:\Windows\System32\ADVAPI32.dll
0x00007ff9f7050000 - 0x00007ff9f70ef000 	C:\Windows\System32\sechost.dll
0x00007ff9f7350000 - 0x00007ff9f7358000 	C:\Windows\System32\PSAPI.DLL
0x00007ff9e2810000 - 0x00007ff9e2819000 	C:\Windows\SYSTEM32\WSOCK32.dll
0x00007ff9f2210000 - 0x00007ff9f2234000 	C:\Windows\SYSTEM32\WINMM.dll
0x00007ff9f0030000 - 0x00007ff9f003a000 	C:\Windows\SYSTEM32\VERSION.dll
0x00007ff9f73f0000 - 0x00007ff9f745d000 	C:\Windows\System32\WS2_32.dll
0x00007ff9f2190000 - 0x00007ff9f21bd000 	C:\Windows\SYSTEM32\WINMMBASE.dll
0x00007ff9f5e50000 - 0x00007ff9f5e9a000 	C:\Windows\System32\cfgmgr32.dll
0x00007ff9f56f0000 - 0x00007ff9f5701000 	C:\Windows\System32\kernel.appcore.dll
0x00007ff9f34a0000 - 0x00007ff9f34b0000 	C:\Program Files\Android\Android Studio\jbr\bin\verify.dll
0x00007ff9e1a30000 - 0x00007ff9e1c1d000 	C:\Windows\SYSTEM32\DBGHELP.DLL
0x00007ff9e1190000 - 0x00007ff9e11ba000 	C:\Windows\SYSTEM32\dbgcore.DLL
0x00007ff9f0c50000 - 0x00007ff9f0c78000 	C:\Program Files\Android\Android Studio\jbr\bin\java.dll
0x00007ff9f3460000 - 0x00007ff9f346a000 	C:\Program Files\Android\Android Studio\jbr\bin\jimage.dll
0x00007ff9f2d00000 - 0x00007ff9f2d18000 	C:\Program Files\Android\Android Studio\jbr\bin\zip.dll
0x00007ff9f7d00000 - 0x00007ff9f91f8000 	C:\Windows\System32\SHELL32.dll
0x00007ff9f9510000 - 0x00007ff9f95b7000 	C:\Windows\System32\shcore.dll
0x00007ff9f61b0000 - 0x00007ff9f68f9000 	C:\Windows\System32\windows.storage.dll
0x00007ff9f56a0000 - 0x00007ff9f56c3000 	C:\Windows\System32\profapi.dll
0x00007ff9f5710000 - 0x00007ff9f576d000 	C:\Windows\System32\powrprof.dll
0x00007ff9f6c40000 - 0x00007ff9f6c92000 	C:\Windows\System32\shlwapi.dll
0x00007ff9f5ec0000 - 0x00007ff9f5edb000 	C:\Windows\System32\cryptsp.dll
0x00007ff9f0c30000 - 0x00007ff9f0c49000 	C:\Program Files\Android\Android Studio\jbr\bin\net.dll
0x00007ff9f11f0000 - 0x00007ff9f12ef000 	C:\Windows\SYSTEM32\WINHTTP.dll
0x00007ff9f4e90000 - 0x00007ff9f4ef7000 	C:\Windows\system32\mswsock.dll
0x00007ff9f0c10000 - 0x00007ff9f0c23000 	C:\Program Files\Android\Android Studio\jbr\bin\nio.dll
0x00007ff9a1c90000 - 0x00007ff9a1cb7000 	C:\User\pr11zotova\.gradle\native\e1d6ef7f7dcc3fd88c89a11ec53ec762bb8ba0a96d01ffa2cd45eb1d1d8dd5c5\windows-amd64\native-platform.dll
0x00007ff9a0c00000 - 0x00007ff9a0d44000 	C:\User\pr11zotova\.gradle\native\0d407fdbe67a94daf76414ababcb853783967236a71b16ec16e742cd7a986fd3\windows-amd64\native-platform-file-events.dll
0x00007ff9f0e90000 - 0x00007ff9f0e9a000 	C:\Program Files\Android\Android Studio\jbr\bin\management.dll
0x00007ff9f0cc0000 - 0x00007ff9f0ccb000 	C:\Program Files\Android\Android Studio\jbr\bin\management_ext.dll
0x00007ff9f4a10000 - 0x00007ff9f4a43000 	C:\Windows\system32\rsaenh.dll
0x00007ff9f5ee0000 - 0x00007ff9f5f06000 	C:\Windows\System32\bcrypt.dll
0x00007ff9f55a0000 - 0x00007ff9f55c9000 	C:\Windows\SYSTEM32\USERENV.dll
0x00007ff9f5060000 - 0x00007ff9f506c000 	C:\Windows\SYSTEM32\CRYPTBASE.dll
0x00007ff9f4ba0000 - 0x00007ff9f4bdd000 	C:\Windows\SYSTEM32\IPHLPAPI.DLL
0x00007ff9f95e0000 - 0x00007ff9f95e8000 	C:\Windows\System32\NSI.dll
0x00007ff9f1780000 - 0x00007ff9f1796000 	C:\Windows\SYSTEM32\dhcpcsvc6.DLL
0x00007ff9f16f0000 - 0x00007ff9f170c000 	C:\Windows\SYSTEM32\dhcpcsvc.DLL
0x00007ff9f4c30000 - 0x00007ff9f4cf6000 	C:\Windows\SYSTEM32\DNSAPI.dll
0x00007ff9f46b0000 - 0x00007ff9f46e1000 	C:\Windows\SYSTEM32\ntmarta.dll

dbghelp: loaded successfully - version: 4.0.5 - missing functions: none
symbol engine: initialized successfully - sym options: 0x614 - pdb path: .;C:\Program Files\Android\Android Studio\jbr\bin;C:\Windows\SYSTEM32;C:\Windows\WinSxS\amd64_microsoft.windows.common-controls_6595b64144ccf1df_6.0.17763.4010_none_de6ee876534d4e3f;C:\Program Files\Android\Android Studio\jbr\bin\server;C:\User\pr11zotova\.gradle\native\e1d6ef7f7dcc3fd88c89a11ec53ec762bb8ba0a96d01ffa2cd45eb1d1d8dd5c5\windows-amd64;C:\User\pr11zotova\.gradle\native\0d407fdbe67a94daf76414ababcb853783967236a71b16ec16e742cd7a986fd3\windows-amd64

VM Arguments:
jvm_args: --add-opens=java.base/java.util=ALL-UNNAMED --add-opens=java.base/java.lang=ALL-UNNAMED --add-opens=java.base/java.lang.invoke=ALL-UNNAMED --add-opens=java.base/java.util=ALL-UNNAMED --add-opens=java.prefs/java.util.prefs=ALL-UNNAMED --add-opens=java.prefs/java.util.prefs=ALL-UNNAMED --add-opens=java.base/java.nio.charset=ALL-UNNAMED --add-opens=java.base/java.net=ALL-UNNAMED --add-opens=java.base/java.util.concurrent.atomic=ALL-UNNAMED -Xmx2048m -Dfile.encoding=UTF-8 -Duser.country=RU -Duser.language=ru -Duser.variant 
java_command: org.gradle.launcher.daemon.bootstrap.GradleDaemon 7.5
java_class_path (initial): C:\User\pr11zotova\.gradle\wrapper\dists\gradle-7.5-bin\f1w0cc9nuo0eivz97x2xlu9sv\gradle-7.5\lib\gradle-launcher-7.5.jar
Launcher Type: SUN_STANDARD

[Global flags]
     intx CICompilerCount                          = 4                                         {product} {ergonomic}
     uint ConcGCThreads                            = 2                                         {product} {ergonomic}
     uint G1ConcRefinementThreads                  = 8                                         {product} {ergonomic}
   size_t G1HeapRegionSize                         = 1048576                                   {product} {ergonomic}
    uintx GCDrainStackTargetSize                   = 64                                        {product} {ergonomic}
   size_t InitialHeapSize                          = 268435456                                 {product} {ergonomic}
   size_t MarkStackSize                            = 4194304                                   {product} {ergonomic}
   size_t MaxHeapSize                              = 2147483648                                {product} {command line}
   size_t MaxNewSize                               = 1287651328                                {product} {ergonomic}
   size_t MinHeapDeltaBytes                        = 1048576                                   {product} {ergonomic}
    uintx NonNMethodCodeHeapSize                   = 5836300                                {pd product} {ergonomic}
    uintx NonProfiledCodeHeapSize                  = 122910970                              {pd product} {ergonomic}
    uintx ProfiledCodeHeapSize                     = 122910970                              {pd product} {ergonomic}
    uintx ReservedCodeCacheSize                    = 251658240                              {pd product} {ergonomic}
     bool SegmentedCodeCache                       = true                                      {product} {ergonomic}
     bool UseCompressedClassPointers               = true                                 {lp64_product} {ergonomic}
     bool UseCompressedOops                        = true                                 {lp64_product} {ergonomic}
     bool UseG1GC                                  = true                                      {product} {ergonomic}
     bool UseLargePagesIndividualAllocation        = false                                  {pd product} {ergonomic}

Logging:
Log output configuration:
 #0: stdout all=warning uptime,level,tags
 #1: stderr all=off uptime,level,tags

Environment Variables:
JAVA_HOME=C:\Program Files\Android\Jdk\microsoft_dist_openjdk_1.8.0.25
PATH=C:\Program Files (x86)\Python38\Scripts\;C:\Program Files (x86)\Python38\;C:\Program Files\Microsoft MPI\Bin\;C:\Program Files (x86)\Common Files\Oracle\Java\javapath;C:\Windows\system32;C:\Windows;C:\Windows\System32\Wbem;C:\Windows\System32\WindowsPowerShell\v1.0\;C:\Windows\System32\OpenSSH\;C:\Program Files (x86)\Microsoft SQL Server\150\DTS\Binn\;C:\Program Files\dotnet\;C:\Program Files\Microsoft SQL Server\130\Tools\Binn\;C:\Program Files (x86)\Microsoft SQL Server\140\Tools\Binn\;C:\Program Files\Microsoft SQL Server\140\Tools\Binn\;C:\Program Files (x86)\Microsoft SQL Server\140\DTS\Binn\;C:\Program Files\Microsoft SQL Server\140\DTS\Binn\;C:\Program Files\Microsoft SQL Server\Client SDK\ODBC\130\Tools\Binn\;C:\Program Files\Microsoft SQL Server\Client SDK\ODBC\170\Tools\Binn\;C:\Program Files (x86)\IncrediBuild;C:\Program Files (x86)\NVIDIA Corporation\PhysX\Common;C:\Program Files\Git\cmd;C:\Program Files\Azure Data Studio\bin;C:\Program Files\Microsoft VS Code\bin;C:\User\pr11zotova\AppData\Local\Microsoft\WindowsApps;
USERNAME=pr11zotova
OS=Windows_NT
PROCESSOR_IDENTIFIER=Intel64 Family 6 Model 158 Stepping 13, GenuineIntel



---------------  S Y S T E M  ---------------

OS: Windows 10 , 64 bit Build 17763 (10.0.17763.3887)
OS uptime: 0 days 9:53 hours

CPU:total 8 (initial active 8) (8 cores per cpu, 1 threads per core) family 6 model 158 stepping 13 microcode 0xde, cmov, cx8, fxsr, mmx, sse, sse2, sse3, ssse3, sse4.1, sse4.2, popcnt, avx, avx2, aes, clmul, erms, 3dnowpref, lzcnt, tsc, tscinvbit, bmi1, bmi2, adx, fma

Memory: 4k page, system-wide physical 16303M (3183M free)
TotalPageFile size 16303M (AvailPageFile size 19M)
current process WorkingSet (physical memory assigned to process): 588M, peak: 591M
current process commit charge ("private bytes"): 625M, peak: 692M

vm_info: OpenJDK 64-Bit Server VM (11.0.15+0-b2043.56-8887301) for windows-amd64 JRE (11.0.15+0-b2043.56-8887301), built on Jul 29 2022 23:19:47 by "builduser" with unknown MS VC++:1929

END.
