#
# There is insufficient memory for the Java Runtime Environment to continue.
# Native memory allocation (malloc) failed to allocate 2220176 bytes for Chunk::new
# Possible reasons:
#   The system is out of physical RAM or swap space
#   The process is running with CompressedOops enabled, and the Java Heap may be blocking the growth of the native heap
# Possible solutions:
#   Reduce memory load on the system
#   Increase physical memory or swap space
#   Check if swap backing store is full
#   Decrease Java heap size (-Xmx/-Xms)
#   Decrease number of Java threads
#   Decrease Java thread stack sizes (-Xss)
#   Set larger code cache with -XX:ReservedCodeCacheSize=
#   JVM is running with Unscaled Compressed Oops mode in which the Java heap is
#     placed in the first 4GB address space. The Java Heap base address is the
#     maximum limit for the native heap growth. Please use -XX:HeapBaseMinAddress
#     to set the Java Heap base and to place the Java Heap above 4GB virtual address.
# This output file may be truncated or incomplete.
#
#  Out of Memory Error (src/hotspot/share/memory/arena.cpp:197), pid=3748, tid=12432
#
# JRE version: OpenJDK Runtime Environment (11.0.15) (build 11.0.15+0-b2043.56-8887301)
# Java VM: OpenJDK 64-Bit Server VM (11.0.15+0-b2043.56-8887301, mixed mode, tiered, compressed oops, g1 gc, windows-amd64)
# No core dump will be written. Minidumps are not enabled by default on client versions of Windows
#

---------------  S U M M A R Y ------------

Command Line: --add-opens=java.base/java.util=ALL-UNNAMED --add-opens=java.base/java.lang=ALL-UNNAMED --add-opens=java.base/java.lang.invoke=ALL-UNNAMED --add-opens=java.base/java.util=ALL-UNNAMED --add-opens=java.prefs/java.util.prefs=ALL-UNNAMED --add-opens=java.prefs/java.util.prefs=ALL-UNNAMED --add-opens=java.base/java.nio.charset=ALL-UNNAMED --add-opens=java.base/java.net=ALL-UNNAMED --add-opens=java.base/java.util.concurrent.atomic=ALL-UNNAMED -Xmx2048m -Dfile.encoding=UTF-8 -Duser.country=RU -Duser.language=ru -Duser.variant org.gradle.launcher.daemon.bootstrap.GradleDaemon 7.5

Host: Intel(R) Core(TM) i7-9700 CPU @ 3.00GHz, 8 cores, 15G,  Windows 10 , 64 bit Build 17763 (10.0.17763.3887)
Time: Tue May 23 17:32:01 2023 ќмское стандартное врем€ elapsed time: 7.553187 seconds (0d 0h 0m 7s)

---------------  T H R E A D  ---------------

Current thread (0x000001be7b386800):  JavaThread "C2 CompilerThread0" daemon [_thread_in_native, id=12432, stack(0x0000004ae1200000,0x0000004ae1300000)]


Current CompileTask:
C2:   7553 8361       4       org.gradle.internal.service.DefaultServiceRegistry$SingletonService::get (5 bytes)

Stack: [0x0000004ae1200000,0x0000004ae1300000]
Native frames: (J=compiled Java code, j=interpreted, Vv=VM code, C=native code)
V  [jvm.dll+0x64135a]
V  [jvm.dll+0x7d39f9]
V  [jvm.dll+0x7d51b9]
V  [jvm.dll+0x7d58a3]
V  [jvm.dll+0x2691c5]
V  [jvm.dll+0xc1a5c]
V  [jvm.dll+0xc200c]
V  [jvm.dll+0x3774a7]
V  [jvm.dll+0x342495]
V  [jvm.dll+0x34186a]
V  [jvm.dll+0x2214bd]
V  [jvm.dll+0x220498]
V  [jvm.dll+0x19e851]
V  [jvm.dll+0x230479]
V  [jvm.dll+0x22e5ef]
V  [jvm.dll+0x794de1]
V  [jvm.dll+0x78dc24]
V  [jvm.dll+0x6400f6]
C  [ucrtbase.dll+0x2268a]
C  [KERNEL32.DLL+0x17ad4]
C  [ntdll.dll+0x5a371]


---------------  P R O C E S S  ---------------

Threads class SMR info:
_java_thread_list=0x000001be04c909a0, length=134, elements={
0x000001be605cd000, 0x000001be7aaa6800, 0x000001be7aaad000, 0x000001be7b37f800,
0x000001be7b382800, 0x000001be7b385800, 0x000001be7b386800, 0x000001be7b390000,
0x000001be7b399800, 0x000001be7b4fb000, 0x000001be7c987800, 0x000001be7e9b9800,
0x000001be7de28000, 0x000001be7d75f800, 0x000001be7c028800, 0x000001be7c527000,
0x000001be7db3f800, 0x000001be7d329000, 0x000001be7da6f000, 0x000001be7d7c5800,
0x000001be7d7c8000, 0x000001be7d7ca000, 0x000001be7d7c9000, 0x000001be7d7ca800,
0x000001be7d7cb800, 0x000001be7d7c7800, 0x000001be7d7cc800, 0x000001be7d7ce000,
0x000001be7d7cd000, 0x000001be7eeec000, 0x000001be7eeed000, 0x000001be7eef2800,
0x000001be7eeee800, 0x000001be7eef0000, 0x000001be7eef1000, 0x000001be7eef2000,
0x000001be7eeed800, 0x000001be7eeef800, 0x000001be7eef6000, 0x000001be7eef3800,
0x000001be7eefa000, 0x000001be7eef4800, 0x000001be7eefb000, 0x000001be018da000,
0x000001be018d8800, 0x000001be018d4800, 0x000001be018d9800, 0x000001be018d7000,
0x000001be018d6000, 0x000001be018db000, 0x000001be018d7800, 0x000001be018d5000,
0x000001be018dc000, 0x000001be018dd800, 0x000001be018e0800, 0x000001be018e1800,
0x000001be018df000, 0x000001be018de000, 0x000001be018e0000, 0x000001be018e2800,
0x000001be018dc800, 0x000001be018e3000, 0x000001be012a5800, 0x000001be012a4800,
0x000001be012a6000, 0x000001be012a7000, 0x000001be012a1000, 0x000001be012a8000,
0x000001be012a2000, 0x000001be012a8800, 0x000001be012a3000, 0x000001be012a9800,
0x000001be012a3800, 0x000001be012ac000, 0x000001be012ac800, 0x000001be012b0000,
0x000001be012ab000, 0x000001be012af000, 0x000001be012aa000, 0x000001be012ad800,
0x000001be012ae800, 0x000001be7e4b6800, 0x000001be7e4ba000, 0x000001be7e4b7800,
0x000001be7e4b8800, 0x000001be7e4bb000, 0x000001be7e4bc800, 0x000001be7e4bb800,
0x000001be7e4bf000, 0x000001be7e4bd800, 0x000001be7e4be000, 0x000001be7e4b9000,
0x000001be7e4c0800, 0x000001be7e4c1800, 0x000001be7e4c3000, 0x000001be7e4c4000,
0x000001be7e4bf800, 0x000001be7e4c4800, 0x000001be7e4c2000, 0x000001be7e4c5800,
0x000001be021a4800, 0x000001be021a1000, 0x000001be021a7000, 0x000001be021a3800,
0x000001be021a7800, 0x000001be021a2000, 0x000001be021a8800, 0x000001be021a2800,
0x000001be021a5000, 0x000001be021ab000, 0x000001be021a9800, 0x000001be021aa000,
0x000001be021ab800, 0x000001be021a6000, 0x000001be021ac800, 0x000001be021b0000,
0x000001be021ad800, 0x000001be021ae000, 0x000001be021af000, 0x000001be7f22c000,
0x000001be7f228800, 0x000001be7f22b000, 0x000001be7f08e000, 0x000001be7f08d000,
0x000001be7f22d000, 0x000001be7f229800, 0x000001be7f22d800, 0x000001be7f22f000,
0x000001be7f230000, 0x000001be7f22a800, 0x000001be7f231000, 0x000001be7f233800,
0x000001be7f237800, 0x000001be7f234000
}

Java Threads: ( => current thread )
  0x000001be605cd000 JavaThread "main" [_thread_blocked, id=13308, stack(0x0000004ae0600000,0x0000004ae0700000)]
  0x000001be7aaa6800 JavaThread "Reference Handler" daemon [_thread_blocked, id=3200, stack(0x0000004ae0d00000,0x0000004ae0e00000)]
  0x000001be7aaad000 JavaThread "Finalizer" daemon [_thread_blocked, id=11480, stack(0x0000004ae0e00000,0x0000004ae0f00000)]
  0x000001be7b37f800 JavaThread "Signal Dispatcher" daemon [_thread_blocked, id=2880, stack(0x0000004ae0f00000,0x0000004ae1000000)]
  0x000001be7b382800 JavaThread "Attach Listener" daemon [_thread_blocked, id=14160, stack(0x0000004ae1000000,0x0000004ae1100000)]
  0x000001be7b385800 JavaThread "Service Thread" daemon [_thread_blocked, id=4100, stack(0x0000004ae1100000,0x0000004ae1200000)]
=>0x000001be7b386800 JavaThread "C2 CompilerThread0" daemon [_thread_in_native, id=12432, stack(0x0000004ae1200000,0x0000004ae1300000)]
  0x000001be7b390000 JavaThread "C1 CompilerThread0" daemon [_thread_in_native, id=9664, stack(0x0000004ae1300000,0x0000004ae1400000)]
  0x000001be7b399800 JavaThread "Sweeper thread" daemon [_thread_blocked, id=15600, stack(0x0000004ae1400000,0x0000004ae1500000)]
  0x000001be7b4fb000 JavaThread "Common-Cleaner" daemon [_thread_blocked, id=18228, stack(0x0000004ae1500000,0x0000004ae1600000)]
  0x000001be7c987800 JavaThread "Daemon health stats" [_thread_blocked, id=12656, stack(0x0000004ae1e00000,0x0000004ae1f00000)]
  0x000001be7e9b9800 JavaThread "Incoming local TCP Connector on port 59331" [_thread_in_native, id=17184, stack(0x0000004ae1f00000,0x0000004ae2000000)]
  0x000001be7de28000 JavaThread "Daemon periodic checks" [_thread_blocked, id=7088, stack(0x0000004ae2000000,0x0000004ae2100000)]
  0x000001be7d75f800 JavaThread "Daemon" [_thread_blocked, id=10852, stack(0x0000004ae2100000,0x0000004ae2200000)]
  0x000001be7c028800 JavaThread "Handler for socket connection from /127.0.0.1:59331 to /127.0.0.1:59332" [_thread_in_native, id=17064, stack(0x0000004ae2200000,0x0000004ae2300000)]
  0x000001be7c527000 JavaThread "Cancel handler" [_thread_blocked, id=5492, stack(0x0000004ae2300000,0x0000004ae2400000)]
  0x000001be7db3f800 JavaThread "Daemon worker" [_thread_in_Java, id=12236, stack(0x0000004ae2400000,0x0000004ae2500000)]
  0x000001be7d329000 JavaThread "Asynchronous log dispatcher for DefaultDaemonConnection: socket connection from /127.0.0.1:59331 to /127.0.0.1:59332" [_thread_blocked, id=12556, stack(0x0000004ae2500000,0x0000004ae2600000)]
  0x000001be7da6f000 JavaThread "Stdin handler" [_thread_blocked, id=3624, stack(0x0000004ae2600000,0x0000004ae2700000)]
  0x000001be7d7c5800 JavaThread "Daemon client event forwarder" [_thread_blocked, id=18704, stack(0x0000004ae2700000,0x0000004ae2800000)]
  0x000001be7d7c8000 JavaThread "Cache worker for journal cache (C:\User\pr11zotova\.gradle\caches\journal-1)" [_thread_blocked, id=13212, stack(0x0000004ae2800000,0x0000004ae2900000)]
  0x000001be7d7ca000 JavaThread "File lock request listener" [_thread_in_native, id=2456, stack(0x0000004ae2900000,0x0000004ae2a00000)]
  0x000001be7d7c9000 JavaThread "Cache worker for file hash cache (C:\User\pr11zotova\.gradle\caches\7.5\fileHashes)" [_thread_blocked, id=11292, stack(0x0000004ae2d00000,0x0000004ae2e00000)]
  0x000001be7d7ca800 JavaThread "File watcher server" daemon [_thread_in_native, id=7904, stack(0x0000004ae2e00000,0x0000004ae2f00000)]
  0x000001be7d7cb800 JavaThread "File watcher consumer" daemon [_thread_blocked, id=18492, stack(0x0000004ae2f00000,0x0000004ae3000000)]
  0x000001be7d7c7800 JavaThread "jar transforms" [_thread_blocked, id=5348, stack(0x0000004ae3000000,0x0000004ae3100000)]
  0x000001be7d7cc800 JavaThread "jar transforms Thread 2" [_thread_blocked, id=3892, stack(0x0000004ae3100000,0x0000004ae3200000)]
  0x000001be7d7ce000 JavaThread "jar transforms Thread 3" [_thread_blocked, id=15036, stack(0x0000004ae3200000,0x0000004ae3300000)]
  0x000001be7d7cd000 JavaThread "jar transforms Thread 4" [_thread_blocked, id=10272, stack(0x0000004ae3300000,0x0000004ae3400000)]
  0x000001be7eeec000 JavaThread "jar transforms Thread 5" [_thread_blocked, id=15796, stack(0x0000004ae3400000,0x0000004ae3500000)]
  0x000001be7eeed000 JavaThread "jar transforms Thread 6" [_thread_blocked, id=17416, stack(0x0000004ae3500000,0x0000004ae3600000)]
  0x000001be7eef2800 JavaThread "jar transforms Thread 7" [_thread_blocked, id=10796, stack(0x0000004ae3600000,0x0000004ae3700000)]
  0x000001be7eeee800 JavaThread "jar transforms Thread 8" [_thread_blocked, id=17776, stack(0x0000004ae3700000,0x0000004ae3800000)]
  0x000001be7eef0000 JavaThread "Cache worker for checksums cache (C:\User\pr11zotova\AndroidStudioProjects\MyApplication2\.gradle\7.5\checksums)" [_thread_blocked, id=11020, stack(0x0000004ae3800000,0x0000004ae3900000)]
  0x000001be7eef1000 JavaThread "Cache worker for cache directory md-rule (C:\User\pr11zotova\.gradle\caches\7.5\md-rule)" [_thread_blocked, id=17116, stack(0x0000004ae3900000,0x0000004ae3a00000)]
  0x000001be7eef2000 JavaThread "Cache worker for file content cache (C:\User\pr11zotova\.gradle\caches\7.5\fileContent)" [_thread_blocked, id=920, stack(0x0000004ae3a00000,0x0000004ae3b00000)]
  0x000001be7eeed800 JavaThread "Cache worker for file hash cache (C:\User\pr11zotova\AndroidStudioProjects\MyApplication2\.gradle\7.5\fileHashes)" [_thread_blocked, id=11272, stack(0x0000004ae3b00000,0x0000004ae3c00000)]
  0x000001be7eeef800 JavaThread "Cache worker for cache directory md-supplier (C:\User\pr11zotova\.gradle\caches\7.5\md-supplier)" [_thread_blocked, id=16420, stack(0x0000004ae3c00000,0x0000004ae3d00000)]
  0x000001be7eef6000 JavaThread "Cache worker for execution history cache (C:\User\pr11zotova\.gradle\caches\7.5\executionHistory)" [_thread_blocked, id=12768, stack(0x0000004ae3d00000,0x0000004ae3e00000)]
  0x000001be7eef3800 JavaThread "Cache worker for dependencies-accessors (C:\User\pr11zotova\AndroidStudioProjects\MyApplication2\.gradle\7.5\dependencies-accessors)" [_thread_blocked, id=16100, stack(0x0000004ae3e00000,0x0000004ae3f00000)]
  0x000001be7eefa000 JavaThread "Cache worker for Build Output Cleanup Cache (C:\User\pr11zotova\AndroidStudioProjects\MyApplication2\.gradle\buildOutputCleanup)" [_thread_blocked, id=6568, stack(0x0000004ae3f00000,0x0000004ae4000000)]
  0x000001be7eef4800 JavaThread "Unconstrained build operations" [_thread_blocked, id=11920, stack(0x0000004ae4000000,0x0000004ae4100000)]
  0x000001be7eefb000 JavaThread "Unconstrained build operations Thread 2" [_thread_blocked, id=12504, stack(0x0000004ae4100000,0x0000004ae4200000)]
  0x000001be018da000 JavaThread "Unconstrained build operations Thread 3" [_thread_blocked, id=8820, stack(0x0000004ae4200000,0x0000004ae4300000)]
  0x000001be018d8800 JavaThread "Unconstrained build operations Thread 4" [_thread_blocked, id=13872, stack(0x0000004ae4300000,0x0000004ae4400000)]
  0x000001be018d4800 JavaThread "Unconstrained build operations Thread 5" [_thread_blocked, id=3576, stack(0x0000004ae4400000,0x0000004ae4500000)]
  0x000001be018d9800 JavaThread "Unconstrained build operations Thread 6" [_thread_blocked, id=5012, stack(0x0000004ae4500000,0x0000004ae4600000)]
  0x000001be018d7000 JavaThread "Unconstrained build operations Thread 7" [_thread_blocked, id=17948, stack(0x0000004ae4600000,0x0000004ae4700000)]
  0x000001be018d6000 JavaThread "Unconstrained build operations Thread 8" [_thread_blocked, id=2468, stack(0x0000004ae4700000,0x0000004ae4800000)]
  0x000001be018db000 JavaThread "Unconstrained build operations Thread 9" [_thread_blocked, id=18508, stack(0x0000004ae4800000,0x0000004ae4900000)]
  0x000001be018d7800 JavaThread "Unconstrained build operations Thread 10" [_thread_blocked, id=18624, stack(0x0000004ae4900000,0x0000004ae4a00000)]
  0x000001be018d5000 JavaThread "Unconstrained build operations Thread 11" [_thread_blocked, id=11760, stack(0x0000004ae4a00000,0x0000004ae4b00000)]
  0x000001be018dc000 JavaThread "Unconstrained build operations Thread 12" [_thread_blocked, id=4428, stack(0x0000004ae4b00000,0x0000004ae4c00000)]
  0x000001be018dd800 JavaThread "Unconstrained build operations Thread 13" [_thread_blocked, id=19316, stack(0x0000004ae4c00000,0x0000004ae4d00000)]
  0x000001be018e0800 JavaThread "Unconstrained build operations Thread 14" [_thread_blocked, id=10440, stack(0x0000004ae4d00000,0x0000004ae4e00000)]
  0x000001be018e1800 JavaThread "Unconstrained build operations Thread 15" [_thread_blocked, id=13644, stack(0x0000004ae4e00000,0x0000004ae4f00000)]
  0x000001be018df000 JavaThread "Unconstrained build operations Thread 16" [_thread_blocked, id=12204, stack(0x0000004ae4f00000,0x0000004ae5000000)]
  0x000001be018de000 JavaThread "Unconstrained build operations Thread 17" [_thread_blocked, id=15820, stack(0x0000004ae5000000,0x0000004ae5100000)]
  0x000001be018e0000 JavaThread "Unconstrained build operations Thread 18" [_thread_blocked, id=12988, stack(0x0000004ae5100000,0x0000004ae5200000)]
  0x000001be018e2800 JavaThread "Unconstrained build operations Thread 19" [_thread_blocked, id=10940, stack(0x0000004ae5200000,0x0000004ae5300000)]
  0x000001be018dc800 JavaThread "Unconstrained build operations Thread 20" [_thread_blocked, id=15320, stack(0x0000004ae5300000,0x0000004ae5400000)]
  0x000001be018e3000 JavaThread "Unconstrained build operations Thread 21" [_thread_blocked, id=468, stack(0x0000004ae5400000,0x0000004ae5500000)]
  0x000001be012a5800 JavaThread "Unconstrained build operations Thread 22" [_thread_blocked, id=4792, stack(0x0000004ae5500000,0x0000004ae5600000)]
  0x000001be012a4800 JavaThread "Unconstrained build operations Thread 23" [_thread_blocked, id=13684, stack(0x0000004ae5600000,0x0000004ae5700000)]
  0x000001be012a6000 JavaThread "Unconstrained build operations Thread 24" [_thread_blocked, id=13612, stack(0x0000004ae5700000,0x0000004ae5800000)]
  0x000001be012a7000 JavaThread "Unconstrained build operations Thread 25" [_thread_blocked, id=12420, stack(0x0000004ae5800000,0x0000004ae5900000)]
  0x000001be012a1000 JavaThread "Unconstrained build operations Thread 26" [_thread_blocked, id=6276, stack(0x0000004ae5900000,0x0000004ae5a00000)]
  0x000001be012a8000 JavaThread "Unconstrained build operations Thread 27" [_thread_blocked, id=13292, stack(0x0000004ae5a00000,0x0000004ae5b00000)]
  0x000001be012a2000 JavaThread "Unconstrained build operations Thread 28" [_thread_blocked, id=18548, stack(0x0000004ae5b00000,0x0000004ae5c00000)]
  0x000001be012a8800 JavaThread "Unconstrained build operations Thread 29" [_thread_blocked, id=11656, stack(0x0000004ae5c00000,0x0000004ae5d00000)]
  0x000001be012a3000 JavaThread "Unconstrained build operations Thread 30" [_thread_blocked, id=5376, stack(0x0000004ae5d00000,0x0000004ae5e00000)]
  0x000001be012a9800 JavaThread "Unconstrained build operations Thread 31" [_thread_blocked, id=10656, stack(0x0000004ae5e00000,0x0000004ae5f00000)]
  0x000001be012a3800 JavaThread "Unconstrained build operations Thread 32" [_thread_blocked, id=12728, stack(0x0000004ae5f00000,0x0000004ae6000000)]
  0x000001be012ac000 JavaThread "Unconstrained build operations Thread 33" [_thread_blocked, id=284, stack(0x0000004ae6000000,0x0000004ae6100000)]
  0x000001be012ac800 JavaThread "Unconstrained build operations Thread 34" [_thread_blocked, id=15960, stack(0x0000004ae6100000,0x0000004ae6200000)]
  0x000001be012b0000 JavaThread "Unconstrained build operations Thread 35" [_thread_blocked, id=8748, stack(0x0000004ae6200000,0x0000004ae6300000)]
  0x000001be012ab000 JavaThread "Unconstrained build operations Thread 36" [_thread_blocked, id=10444, stack(0x0000004ae6300000,0x0000004ae6400000)]
  0x000001be012af000 JavaThread "Unconstrained build operations Thread 37" [_thread_blocked, id=2192, stack(0x0000004ae6400000,0x0000004ae6500000)]
  0x000001be012aa000 JavaThread "Unconstrained build operations Thread 38" [_thread_blocked, id=17880, stack(0x0000004ae6500000,0x0000004ae6600000)]
  0x000001be012ad800 JavaThread "Unconstrained build operations Thread 39" [_thread_blocked, id=2584, stack(0x0000004ae6600000,0x0000004ae6700000)]
  0x000001be012ae800 JavaThread "Unconstrained build operations Thread 40" [_thread_blocked, id=14944, stack(0x0000004ae6700000,0x0000004ae6800000)]
  0x000001be7e4b6800 JavaThread "Unconstrained build operations Thread 41" [_thread_blocked, id=12852, stack(0x0000004ae6800000,0x0000004ae6900000)]
  0x000001be7e4ba000 JavaThread "Unconstrained build operations Thread 42" [_thread_blocked, id=11464, stack(0x0000004ae6900000,0x0000004ae6a00000)]
  0x000001be7e4b7800 JavaThread "Unconstrained build operations Thread 43" [_thread_blocked, id=2540, stack(0x0000004ae6a00000,0x0000004ae6b00000)]
  0x000001be7e4b8800 JavaThread "Unconstrained build operations Thread 44" [_thread_blocked, id=6940, stack(0x0000004ae6b00000,0x0000004ae6c00000)]
  0x000001be7e4bb000 JavaThread "Unconstrained build operations Thread 45" [_thread_blocked, id=11676, stack(0x0000004ae6c00000,0x0000004ae6d00000)]
  0x000001be7e4bc800 JavaThread "Unconstrained build operations Thread 46" [_thread_blocked, id=7124, stack(0x0000004ae6d00000,0x0000004ae6e00000)]
  0x000001be7e4bb800 JavaThread "Unconstrained build operations Thread 47" [_thread_blocked, id=18328, stack(0x0000004ae6e00000,0x0000004ae6f00000)]
  0x000001be7e4bf000 JavaThread "Unconstrained build operations Thread 48" [_thread_blocked, id=3920, stack(0x0000004ae6f00000,0x0000004ae7000000)]
  0x000001be7e4bd800 JavaThread "Unconstrained build operations Thread 49" [_thread_blocked, id=10788, stack(0x0000004ae7000000,0x0000004ae7100000)]
  0x000001be7e4be000 JavaThread "Unconstrained build operations Thread 50" [_thread_blocked, id=9832, stack(0x0000004ae7100000,0x0000004ae7200000)]
  0x000001be7e4b9000 JavaThread "Unconstrained build operations Thread 51" [_thread_blocked, id=11904, stack(0x0000004ae7200000,0x0000004ae7300000)]
  0x000001be7e4c0800 JavaThread "Unconstrained build operations Thread 52" [_thread_blocked, id=14544, stack(0x0000004ae7300000,0x0000004ae7400000)]
  0x000001be7e4c1800 JavaThread "Unconstrained build operations Thread 53" [_thread_blocked, id=9872, stack(0x0000004ae7400000,0x0000004ae7500000)]
  0x000001be7e4c3000 JavaThread "Unconstrained build operations Thread 54" [_thread_blocked, id=7196, stack(0x0000004ae7500000,0x0000004ae7600000)]
  0x000001be7e4c4000 JavaThread "Unconstrained build operations Thread 55" [_thread_blocked, id=12620, stack(0x0000004ae7600000,0x0000004ae7700000)]
  0x000001be7e4bf800 JavaThread "Unconstrained build operations Thread 56" [_thread_blocked, id=4408, stack(0x0000004ae7700000,0x0000004ae7800000)]
  0x000001be7e4c4800 JavaThread "Unconstrained build operations Thread 57" [_thread_blocked, id=18608, stack(0x0000004ae7800000,0x0000004ae7900000)]
  0x000001be7e4c2000 JavaThread "Unconstrained build operations Thread 58" [_thread_blocked, id=8508, stack(0x0000004ae7900000,0x0000004ae7a00000)]
  0x000001be7e4c5800 JavaThread "Unconstrained build operations Thread 59" [_thread_blocked, id=2000, stack(0x0000004ae7a00000,0x0000004ae7b00000)]
  0x000001be021a4800 JavaThread "Unconstrained build operations Thread 60" [_thread_blocked, id=17024, stack(0x0000004ae7b00000,0x0000004ae7c00000)]
  0x000001be021a1000 JavaThread "Unconstrained build operations Thread 61" [_thread_blocked, id=7224, stack(0x0000004ae7c00000,0x0000004ae7d00000)]
  0x000001be021a7000 JavaThread "Unconstrained build operations Thread 62" [_thread_blocked, id=19324, stack(0x0000004ae7d00000,0x0000004ae7e00000)]
  0x000001be021a3800 JavaThread "Unconstrained build operations Thread 63" [_thread_blocked, id=10772, stack(0x0000004ae7e00000,0x0000004ae7f00000)]
  0x000001be021a7800 JavaThread "Unconstrained build operations Thread 64" [_thread_blocked, id=15412, stack(0x0000004ae7f00000,0x0000004ae8000000)]
  0x000001be021a2000 JavaThread "Unconstrained build operations Thread 65" [_thread_blocked, id=9204, stack(0x0000004ae8000000,0x0000004ae8100000)]
  0x000001be021a8800 JavaThread "Unconstrained build operations Thread 66" [_thread_blocked, id=12092, stack(0x0000004ae8100000,0x0000004ae8200000)]
  0x000001be021a2800 JavaThread "Unconstrained build operations Thread 67" [_thread_blocked, id=11312, stack(0x0000004ae8200000,0x0000004ae8300000)]
  0x000001be021a5000 JavaThread "Unconstrained build operations Thread 68" [_thread_blocked, id=10968, stack(0x0000004ae8300000,0x0000004ae8400000)]
  0x000001be021ab000 JavaThread "Unconstrained build operations Thread 69" [_thread_blocked, id=1072, stack(0x0000004ae8400000,0x0000004ae8500000)]
  0x000001be021a9800 JavaThread "Unconstrained build operations Thread 70" [_thread_blocked, id=4964, stack(0x0000004ae8500000,0x0000004ae8600000)]
  0x000001be021aa000 JavaThread "Unconstrained build operations Thread 71" [_thread_blocked, id=18752, stack(0x0000004ae8600000,0x0000004ae8700000)]
  0x000001be021ab800 JavaThread "Unconstrained build operations Thread 72" [_thread_blocked, id=11556, stack(0x0000004ae8700000,0x0000004ae8800000)]
  0x000001be021a6000 JavaThread "Unconstrained build operations Thread 73" [_thread_blocked, id=3828, stack(0x0000004ae8800000,0x0000004ae8900000)]
  0x000001be021ac800 JavaThread "Unconstrained build operations Thread 74" [_thread_blocked, id=17896, stack(0x0000004ae8900000,0x0000004ae8a00000)]
  0x000001be021b0000 JavaThread "Unconstrained build operations Thread 75" [_thread_blocked, id=4776, stack(0x0000004ae8a00000,0x0000004ae8b00000)]
  0x000001be021ad800 JavaThread "Unconstrained build operations Thread 76" [_thread_blocked, id=3744, stack(0x0000004ae8b00000,0x0000004ae8c00000)]
  0x000001be021ae000 JavaThread "Unconstrained build operations Thread 77" [_thread_blocked, id=5524, stack(0x0000004ae8c00000,0x0000004ae8d00000)]
  0x000001be021af000 JavaThread "Unconstrained build operations Thread 78" [_thread_blocked, id=11820, stack(0x0000004ae8d00000,0x0000004ae8e00000)]
  0x000001be7f22c000 JavaThread "Unconstrained build operations Thread 79" [_thread_blocked, id=17200, stack(0x0000004ae8e00000,0x0000004ae8f00000)]
  0x000001be7f228800 JavaThread "Unconstrained build operations Thread 80" [_thread_blocked, id=17620, stack(0x0000004ae8f00000,0x0000004ae9000000)]
  0x000001be7f22b000 JavaThread "Memory manager" [_thread_blocked, id=17056, stack(0x0000004ae9000000,0x0000004ae9100000)]
  0x000001be7f08e000 JavaThread "C2 CompilerThread1" daemon [_thread_blocked, id=15116, stack(0x0000004ae1700000,0x0000004ae1800000)]
  0x000001be7f08d000 JavaThread "C2 CompilerThread2" daemon [_thread_blocked, id=8716, stack(0x0000004ae1d00000,0x0000004ae1e00000)]
  0x000001be7f22d000 JavaThread "included builds" [_thread_blocked, id=12752, stack(0x0000004ae9100000,0x0000004ae9200000)]
  0x000001be7f229800 JavaThread "Execution worker" [_thread_blocked, id=1924, stack(0x0000004ae9200000,0x0000004ae9300000)]
  0x000001be7f22d800 JavaThread "Execution worker Thread 2" [_thread_blocked, id=9132, stack(0x0000004ae9300000,0x0000004ae9400000)]
  0x000001be7f22f000 JavaThread "Execution worker Thread 3" [_thread_blocked, id=3496, stack(0x0000004ae9400000,0x0000004ae9500000)]
  0x000001be7f230000 JavaThread "Execution worker Thread 4" [_thread_blocked, id=7236, stack(0x0000004ae9500000,0x0000004ae9600000)]
  0x000001be7f22a800 JavaThread "Execution worker Thread 5" [_thread_blocked, id=19156, stack(0x0000004ae9600000,0x0000004ae9700000)]
  0x000001be7f231000 JavaThread "Execution worker Thread 6" [_thread_blocked, id=19272, stack(0x0000004ae9700000,0x0000004ae9800000)]
  0x000001be7f233800 JavaThread "Execution worker Thread 7" [_thread_blocked, id=19320, stack(0x0000004ae9800000,0x0000004ae9900000)]
  0x000001be7f237800 JavaThread "Cache worker for execution history cache (C:\User\pr11zotova\AndroidStudioProjects\MyApplication2\.gradle\7.5\executionHistory)" [_thread_blocked, id=15524, stack(0x0000004ae9900000,0x0000004ae9a00000)]
  0x000001be7f234000 JavaThread "idea-tooling-model-converter" [_thread_blocked, id=9128, stack(0x0000004ae9a00000,0x0000004ae9b00000)]

Other Threads:
  0x000001be7aa94000 VMThread "VM Thread" [stack: 0x0000004ae0c00000,0x0000004ae0d00000] [id=17564]
  0x000001be7b52d000 WatcherThread [stack: 0x0000004ae1600000,0x0000004ae1700000] [id=15512]
  0x000001be605e0800 GCTaskThread "GC Thread#0" [stack: 0x0000004ae0700000,0x0000004ae0800000] [id=19056]
  0x000001be7c16c000 GCTaskThread "GC Thread#1" [stack: 0x0000004ae1800000,0x0000004ae1900000] [id=4372]
  0x000001be7bcf2800 GCTaskThread "GC Thread#2" [stack: 0x0000004ae1900000,0x0000004ae1a00000] [id=13260]
  0x000001be7bb3b800 GCTaskThread "GC Thread#3" [stack: 0x0000004ae1a00000,0x0000004ae1b00000] [id=13892]
  0x000001be7bf9c800 GCTaskThread "GC Thread#4" [stack: 0x0000004ae1b00000,0x0000004ae1c00000] [id=18244]
  0x000001be7c82b000 GCTaskThread "GC Thread#5" [stack: 0x0000004ae1c00000,0x0000004ae1d00000] [id=14916]
  0x000001be7e72b000 GCTaskThread "GC Thread#6" [stack: 0x0000004ae2a00000,0x0000004ae2b00000] [id=19384]
  0x000001be7d532000 GCTaskThread "GC Thread#7" [stack: 0x0000004ae2b00000,0x0000004ae2c00000] [id=19052]
  0x000001be6064d800 ConcurrentGCThread "G1 Main Marker" [stack: 0x0000004ae0800000,0x0000004ae0900000] [id=12224]
  0x000001be6064e800 ConcurrentGCThread "G1 Conc#0" [stack: 0x0000004ae0900000,0x0000004ae0a00000] [id=15724]
  0x000001be7c543800 ConcurrentGCThread "G1 Conc#1" [stack: 0x0000004ae2c00000,0x0000004ae2d00000] [id=13656]
  0x000001be7a964000 ConcurrentGCThread "G1 Refine#0" [stack: 0x0000004ae0a00000,0x0000004ae0b00000] [id=2020]
  0x000001be7a965000 ConcurrentGCThread "G1 Young RemSet Sampling" [stack: 0x0000004ae0b00000,0x0000004ae0c00000] [id=1472]

Threads with active compile tasks:
C2 CompilerThread0     7567 8361       4       org.gradle.internal.service.DefaultServiceRegistry$SingletonService::get (5 bytes)
C2 CompilerThread1     7567 8523       4       org.gradle.internal.reflect.MethodSet::add (50 bytes)
C2 CompilerThread2     7567 8522       4       java.util.HashMap::putVal (300 bytes)

VM state:not at safepoint (normal execution)

VM Mutex/Monitor currently owned by a thread: None

Heap address: 0x0000000080000000, size: 2048 MB, Compressed Oops mode: 32-bit
Narrow klass base: 0x0000000000000000, Narrow klass shift: 3
Compressed class space size: 1073741824 Address: 0x0000000100000000

Heap:
 garbage-first heap   total 262144K, used 181420K [0x0000000080000000, 0x0000000100000000)
  region size 1024K, 26 young (26624K), 3 survivors (3072K)
 Metaspace       used 86954K, capacity 89552K, committed 89808K, reserved 1126400K
  class space    used 11371K, capacity 12307K, committed 12416K, reserved 1048576K
Heap Regions: E=young(eden), S=young(survivor), O=old, HS=humongous(starts), HC=humongous(continues), CS=collection set, F=free, A=archive, TAMS=top-at-mark-start (previous, next)
|   0|0x0000000080000000, 0x0000000080100000, 0x0000000080100000|100%| O|  |TAMS 0x0000000080100000, 0x0000000080000000| Untracked 
|   1|0x0000000080100000, 0x0000000080200000, 0x0000000080200000|100%| O|  |TAMS 0x0000000080200000, 0x0000000080100000| Untracked 
|   2|0x0000000080200000, 0x0000000080300000, 0x0000000080300000|100%| O|  |TAMS 0x0000000080300000, 0x0000000080200000| Untracked 
|   3|0x0000000080300000, 0x0000000080400000, 0x0000000080400000|100%|HS|  |TAMS 0x0000000080400000, 0x0000000080300000| Complete 
|   4|0x0000000080400000, 0x0000000080500000, 0x0000000080500000|100%|HC|  |TAMS 0x0000000080500000, 0x0000000080400000| Complete 
|   5|0x0000000080500000, 0x0000000080600000, 0x0000000080600000|100%|HC|  |TAMS 0x0000000080600000, 0x0000000080500000| Complete 
|   6|0x0000000080600000, 0x0000000080700000, 0x0000000080700000|100%| O|  |TAMS 0x0000000080700000, 0x0000000080600000| Untracked 
|   7|0x0000000080700000, 0x0000000080800000, 0x0000000080800000|100%| O|  |TAMS 0x0000000080800000, 0x0000000080700000| Untracked 
|   8|0x0000000080800000, 0x0000000080900000, 0x0000000080900000|100%| O|  |TAMS 0x0000000080900000, 0x0000000080800000| Untracked 
|   9|0x0000000080900000, 0x0000000080a00000, 0x0000000080a00000|100%| O|  |TAMS 0x0000000080a00000, 0x0000000080900000| Untracked 
|  10|0x0000000080a00000, 0x0000000080b00000, 0x0000000080b00000|100%| O|  |TAMS 0x0000000080b00000, 0x0000000080a00000| Untracked 
|  11|0x0000000080b00000, 0x0000000080c00000, 0x0000000080c00000|100%| O|  |TAMS 0x0000000080c00000, 0x0000000080b00000| Untracked 
|  12|0x0000000080c00000, 0x0000000080d00000, 0x0000000080d00000|100%| O|  |TAMS 0x0000000080d00000, 0x0000000080c00000| Untracked 
|  13|0x0000000080d00000, 0x0000000080e00000, 0x0000000080e00000|100%| O|  |TAMS 0x0000000080e00000, 0x0000000080d00000| Untracked 
|  14|0x0000000080e00000, 0x0000000080f00000, 0x0000000080f00000|100%| O|  |TAMS 0x0000000080f00000, 0x0000000080e00000| Untracked 
|  15|0x0000000080f00000, 0x0000000081000000, 0x0000000081000000|100%| O|  |TAMS 0x0000000081000000, 0x0000000080f00000| Untracked 
|  16|0x0000000081000000, 0x0000000081100000, 0x0000000081100000|100%| O|  |TAMS 0x0000000081100000, 0x0000000081000000| Untracked 
|  17|0x0000000081100000, 0x0000000081200000, 0x0000000081200000|100%|HS|  |TAMS 0x0000000081200000, 0x0000000081100000| Complete 
|  18|0x0000000081200000, 0x0000000081300000, 0x0000000081300000|100%|HC|  |TAMS 0x0000000081300000, 0x0000000081200000| Complete 
|  19|0x0000000081300000, 0x0000000081400000, 0x0000000081400000|100%|HS|  |TAMS 0x0000000081400000, 0x0000000081300000| Complete 
|  20|0x0000000081400000, 0x0000000081500000, 0x0000000081500000|100%|HC|  |TAMS 0x0000000081500000, 0x0000000081400000| Complete 
|  21|0x0000000081500000, 0x0000000081600000, 0x0000000081600000|100%|HC|  |TAMS 0x0000000081600000, 0x0000000081500000| Complete 
|  22|0x0000000081600000, 0x0000000081700000, 0x0000000081700000|100%|HS|  |TAMS 0x0000000081700000, 0x0000000081600000| Complete 
|  23|0x0000000081700000, 0x0000000081800000, 0x0000000081800000|100%|HC|  |TAMS 0x0000000081800000, 0x0000000081700000| Complete 
|  24|0x0000000081800000, 0x0000000081900000, 0x0000000081900000|100%|HC|  |TAMS 0x0000000081900000, 0x0000000081800000| Complete 
|  25|0x0000000081900000, 0x0000000081a00000, 0x0000000081a00000|100%|HS|  |TAMS 0x0000000081a00000, 0x0000000081900000| Complete 
|  26|0x0000000081a00000, 0x0000000081b00000, 0x0000000081b00000|100%|HC|  |TAMS 0x0000000081b00000, 0x0000000081a00000| Complete 
|  27|0x0000000081b00000, 0x0000000081c00000, 0x0000000081c00000|100%|HS|  |TAMS 0x0000000081c00000, 0x0000000081b00000| Complete 
|  28|0x0000000081c00000, 0x0000000081d00000, 0x0000000081d00000|100%|HC|  |TAMS 0x0000000081d00000, 0x0000000081c00000| Complete 
|  29|0x0000000081d00000, 0x0000000081e00000, 0x0000000081e00000|100%|HC|  |TAMS 0x0000000081e00000, 0x0000000081d00000| Complete 
|  30|0x0000000081e00000, 0x0000000081f00000, 0x0000000081f00000|100%|HC|  |TAMS 0x0000000081f00000, 0x0000000081e00000| Complete 
|  31|0x0000000081f00000, 0x0000000082000000, 0x0000000082000000|100%|HC|  |TAMS 0x0000000082000000, 0x0000000081f00000| Complete 
|  32|0x0000000082000000, 0x0000000082100000, 0x0000000082100000|100%|HS|  |TAMS 0x0000000082100000, 0x0000000082000000| Complete 
|  33|0x0000000082100000, 0x0000000082200000, 0x0000000082200000|100%|HS|  |TAMS 0x0000000082200000, 0x0000000082100000| Complete 
|  34|0x0000000082200000, 0x0000000082300000, 0x0000000082300000|100%| O|  |TAMS 0x0000000082300000, 0x0000000082200000| Untracked 
|  35|0x0000000082300000, 0x0000000082400000, 0x0000000082400000|100%|HS|  |TAMS 0x0000000082400000, 0x0000000082300000| Complete 
|  36|0x0000000082400000, 0x0000000082500000, 0x0000000082500000|100%|HC|  |TAMS 0x0000000082500000, 0x0000000082400000| Complete 
|  37|0x0000000082500000, 0x0000000082600000, 0x0000000082600000|100%|HC|  |TAMS 0x0000000082600000, 0x0000000082500000| Complete 
|  38|0x0000000082600000, 0x0000000082700000, 0x0000000082700000|100%|HC|  |TAMS 0x0000000082700000, 0x0000000082600000| Complete 
|  39|0x0000000082700000, 0x0000000082800000, 0x0000000082800000|100%|HC|  |TAMS 0x0000000082800000, 0x0000000082700000| Complete 
|  40|0x0000000082800000, 0x0000000082900000, 0x0000000082900000|100%|HC|  |TAMS 0x0000000082900000, 0x0000000082800000| Complete 
|  41|0x0000000082900000, 0x0000000082a00000, 0x0000000082a00000|100%|HC|  |TAMS 0x0000000082a00000, 0x0000000082900000| Complete 
|  42|0x0000000082a00000, 0x0000000082b00000, 0x0000000082b00000|100%|HC|  |TAMS 0x0000000082b00000, 0x0000000082a00000| Complete 
|  43|0x0000000082b00000, 0x0000000082c00000, 0x0000000082c00000|100%|HC|  |TAMS 0x0000000082c00000, 0x0000000082b00000| Complete 
|  44|0x0000000082c00000, 0x0000000082d00000, 0x0000000082d00000|100%|HC|  |TAMS 0x0000000082d00000, 0x0000000082c00000| Complete 
|  45|0x0000000082d00000, 0x0000000082e00000, 0x0000000082e00000|100%|HS|  |TAMS 0x0000000082e00000, 0x0000000082d00000| Complete 
|  46|0x0000000082e00000, 0x0000000082f00000, 0x0000000082f00000|100%|HC|  |TAMS 0x0000000082f00000, 0x0000000082e00000| Complete 
|  47|0x0000000082f00000, 0x0000000083000000, 0x0000000083000000|100%|HS|  |TAMS 0x0000000083000000, 0x0000000082f00000| Complete 
|  48|0x0000000083000000, 0x0000000083100000, 0x0000000083100000|100%|HC|  |TAMS 0x0000000083100000, 0x0000000083000000| Complete 
|  49|0x0000000083100000, 0x0000000083200000, 0x0000000083200000|100%|HC|  |TAMS 0x0000000083200000, 0x0000000083100000| Complete 
|  50|0x0000000083200000, 0x0000000083300000, 0x0000000083300000|100%|HS|  |TAMS 0x0000000083300000, 0x0000000083200000| Complete 
|  51|0x0000000083300000, 0x0000000083400000, 0x0000000083400000|100%|HC|  |TAMS 0x0000000083400000, 0x0000000083300000| Complete 
|  52|0x0000000083400000, 0x0000000083500000, 0x0000000083500000|100%|HS|  |TAMS 0x0000000083500000, 0x0000000083400000| Complete 
|  53|0x0000000083500000, 0x0000000083600000, 0x0000000083600000|100%|HC|  |TAMS 0x0000000083600000, 0x0000000083500000| Complete 
|  54|0x0000000083600000, 0x0000000083700000, 0x0000000083700000|100%|HC|  |TAMS 0x0000000083700000, 0x0000000083600000| Complete 
|  55|0x0000000083700000, 0x0000000083800000, 0x0000000083800000|100%| O|  |TAMS 0x0000000083800000, 0x0000000083700000| Untracked 
|  56|0x0000000083800000, 0x0000000083900000, 0x0000000083900000|100%| O|  |TAMS 0x0000000083900000, 0x0000000083800000| Untracked 
|  57|0x0000000083900000, 0x0000000083a00000, 0x0000000083a00000|100%| O|  |TAMS 0x0000000083a00000, 0x0000000083900000| Untracked 
|  58|0x0000000083a00000, 0x0000000083b00000, 0x0000000083b00000|100%|HS|  |TAMS 0x0000000083b00000, 0x0000000083a00000| Complete 
|  59|0x0000000083b00000, 0x0000000083c00000, 0x0000000083c00000|100%|HC|  |TAMS 0x0000000083c00000, 0x0000000083b00000| Complete 
|  60|0x0000000083c00000, 0x0000000083d00000, 0x0000000083d00000|100%|HC|  |TAMS 0x0000000083d00000, 0x0000000083c00000| Complete 
|  61|0x0000000083d00000, 0x0000000083e00000, 0x0000000083e00000|100%|HC|  |TAMS 0x0000000083e00000, 0x0000000083d00000| Complete 
|  62|0x0000000083e00000, 0x0000000083f00000, 0x0000000083f00000|100%|HC|  |TAMS 0x0000000083f00000, 0x0000000083e00000| Complete 
|  63|0x0000000083f00000, 0x0000000084000000, 0x0000000084000000|100%| O|  |TAMS 0x0000000084000000, 0x0000000083f00000| Untracked 
|  64|0x0000000084000000, 0x0000000084100000, 0x0000000084100000|100%| O|  |TAMS 0x0000000084100000, 0x0000000084000000| Untracked 
|  65|0x0000000084100000, 0x0000000084200000, 0x0000000084200000|100%| O|  |TAMS 0x0000000084200000, 0x0000000084100000| Untracked 
|  66|0x0000000084200000, 0x0000000084300000, 0x0000000084300000|100%| O|  |TAMS 0x0000000084300000, 0x0000000084200000| Untracked 
|  67|0x0000000084300000, 0x0000000084400000, 0x0000000084400000|100%| O|  |TAMS 0x0000000084400000, 0x0000000084300000| Untracked 
|  68|0x0000000084400000, 0x0000000084500000, 0x0000000084500000|100%| O|  |TAMS 0x0000000084500000, 0x0000000084400000| Untracked 
|  69|0x0000000084500000, 0x0000000084600000, 0x0000000084600000|100%| O|  |TAMS 0x0000000084600000, 0x0000000084500000| Untracked 
|  70|0x0000000084600000, 0x0000000084700000, 0x0000000084700000|100%| O|  |TAMS 0x0000000084700000, 0x0000000084600000| Untracked 
|  71|0x0000000084700000, 0x0000000084800000, 0x0000000084800000|100%| O|  |TAMS 0x0000000084800000, 0x0000000084700000| Untracked 
|  72|0x0000000084800000, 0x0000000084900000, 0x0000000084900000|100%| O|  |TAMS 0x0000000084900000, 0x0000000084800000| Untracked 
|  73|0x0000000084900000, 0x0000000084a00000, 0x0000000084a00000|100%| O|  |TAMS 0x0000000084a00000, 0x0000000084900000| Untracked 
|  74|0x0000000084a00000, 0x0000000084b00000, 0x0000000084b00000|100%| O|  |TAMS 0x0000000084b00000, 0x0000000084a00000| Untracked 
|  75|0x0000000084b00000, 0x0000000084c00000, 0x0000000084c00000|100%| O|  |TAMS 0x0000000084c00000, 0x0000000084b00000| Untracked 
|  76|0x0000000084c00000, 0x0000000084d00000, 0x0000000084d00000|100%| O|  |TAMS 0x0000000084d00000, 0x0000000084c00000| Untracked 
|  77|0x0000000084d00000, 0x0000000084e00000, 0x0000000084e00000|100%| O|  |TAMS 0x0000000084e00000, 0x0000000084d00000| Untracked 
|  78|0x0000000084e00000, 0x0000000084f00000, 0x0000000084f00000|100%| O|  |TAMS 0x0000000084f00000, 0x0000000084e00000| Untracked 
|  79|0x0000000084f00000, 0x0000000085000000, 0x0000000085000000|100%| O|  |TAMS 0x0000000085000000, 0x0000000084f00000| Untracked 
|  80|0x0000000085000000, 0x0000000085100000, 0x0000000085100000|100%| O|  |TAMS 0x0000000085100000, 0x0000000085000000| Untracked 
|  81|0x0000000085100000, 0x0000000085200000, 0x0000000085200000|100%| O|  |TAMS 0x0000000085200000, 0x0000000085100000| Untracked 
|  82|0x0000000085200000, 0x0000000085300000, 0x0000000085300000|100%| O|  |TAMS 0x0000000085300000, 0x0000000085200000| Untracked 
|  83|0x0000000085300000, 0x0000000085400000, 0x0000000085400000|100%| O|  |TAMS 0x0000000085400000, 0x0000000085300000| Untracked 
|  84|0x0000000085400000, 0x0000000085500000, 0x0000000085500000|100%| O|  |TAMS 0x0000000085500000, 0x0000000085400000| Untracked 
|  85|0x0000000085500000, 0x0000000085600000, 0x0000000085600000|100%| O|  |TAMS 0x0000000085600000, 0x0000000085500000| Untracked 
|  86|0x0000000085600000, 0x0000000085700000, 0x0000000085700000|100%| O|  |TAMS 0x0000000085700000, 0x0000000085600000| Untracked 
|  87|0x0000000085700000, 0x0000000085800000, 0x0000000085800000|100%| O|  |TAMS 0x0000000085800000, 0x0000000085700000| Untracked 
|  88|0x0000000085800000, 0x0000000085900000, 0x0000000085900000|100%| O|  |TAMS 0x0000000085900000, 0x0000000085800000| Untracked 
|  89|0x0000000085900000, 0x0000000085a00000, 0x0000000085a00000|100%| O|  |TAMS 0x0000000085a00000, 0x0000000085900000| Untracked 
|  90|0x0000000085a00000, 0x0000000085b00000, 0x0000000085b00000|100%|HS|  |TAMS 0x0000000085b00000, 0x0000000085a00000| Complete 
|  91|0x0000000085b00000, 0x0000000085c00000, 0x0000000085c00000|100%|HC|  |TAMS 0x0000000085c00000, 0x0000000085b00000| Complete 
|  92|0x0000000085c00000, 0x0000000085d00000, 0x0000000085d00000|100%|HC|  |TAMS 0x0000000085d00000, 0x0000000085c00000| Complete 
|  93|0x0000000085d00000, 0x0000000085e00000, 0x0000000085e00000|100%|HC|  |TAMS 0x0000000085e00000, 0x0000000085d00000| Complete 
|  94|0x0000000085e00000, 0x0000000085f00000, 0x0000000085f00000|100%|HC|  |TAMS 0x0000000085f00000, 0x0000000085e00000| Complete 
|  95|0x0000000085f00000, 0x0000000086000000, 0x0000000086000000|100%|HC|  |TAMS 0x0000000086000000, 0x0000000085f00000| Complete 
|  96|0x0000000086000000, 0x0000000086100000, 0x0000000086100000|100%|HC|  |TAMS 0x0000000086100000, 0x0000000086000000| Complete 
|  97|0x0000000086100000, 0x0000000086200000, 0x0000000086200000|100%|HC|  |TAMS 0x0000000086200000, 0x0000000086100000| Complete 
|  98|0x0000000086200000, 0x0000000086300000, 0x0000000086300000|100%|HC|  |TAMS 0x0000000086300000, 0x0000000086200000| Complete 
|  99|0x0000000086300000, 0x0000000086400000, 0x0000000086400000|100%|HC|  |TAMS 0x0000000086400000, 0x0000000086300000| Complete 
| 100|0x0000000086400000, 0x0000000086500000, 0x0000000086500000|100%|HS|  |TAMS 0x0000000086500000, 0x0000000086400000| Complete 
| 101|0x0000000086500000, 0x0000000086600000, 0x0000000086600000|100%|HC|  |TAMS 0x0000000086600000, 0x0000000086500000| Complete 
| 102|0x0000000086600000, 0x0000000086700000, 0x0000000086700000|100%|HS|  |TAMS 0x0000000086700000, 0x0000000086600000| Complete 
| 103|0x0000000086700000, 0x0000000086800000, 0x0000000086800000|100%|HC|  |TAMS 0x0000000086800000, 0x0000000086700000| Complete 
| 104|0x0000000086800000, 0x0000000086900000, 0x0000000086900000|100%|HS|  |TAMS 0x0000000086900000, 0x0000000086800000| Complete 
| 105|0x0000000086900000, 0x0000000086a00000, 0x0000000086a00000|100%|HC|  |TAMS 0x0000000086a00000, 0x0000000086900000| Complete 
| 106|0x0000000086a00000, 0x0000000086b00000, 0x0000000086b00000|100%|HC|  |TAMS 0x0000000086b00000, 0x0000000086a00000| Complete 
| 107|0x0000000086b00000, 0x0000000086c00000, 0x0000000086c00000|100%|HS|  |TAMS 0x0000000086c00000, 0x0000000086b00000| Complete 
| 108|0x0000000086c00000, 0x0000000086d00000, 0x0000000086d00000|100%|HC|  |TAMS 0x0000000086d00000, 0x0000000086c00000| Complete 
| 109|0x0000000086d00000, 0x0000000086e00000, 0x0000000086e00000|100%|HC|  |TAMS 0x0000000086e00000, 0x0000000086d00000| Complete 
| 110|0x0000000086e00000, 0x0000000086f00000, 0x0000000086f00000|100%|HS|  |TAMS 0x0000000086f00000, 0x0000000086e00000| Complete 
| 111|0x0000000086f00000, 0x0000000087000000, 0x0000000087000000|100%|HC|  |TAMS 0x0000000087000000, 0x0000000086f00000| Complete 
| 112|0x0000000087000000, 0x0000000087100000, 0x0000000087100000|100%| O|  |TAMS 0x0000000087100000, 0x0000000087000000| Untracked 
| 113|0x0000000087100000, 0x0000000087200000, 0x0000000087200000|100%| O|  |TAMS 0x0000000087200000, 0x0000000087100000| Untracked 
| 114|0x0000000087200000, 0x0000000087300000, 0x0000000087300000|100%| O|  |TAMS 0x0000000087300000, 0x0000000087200000| Untracked 
| 115|0x0000000087300000, 0x0000000087400000, 0x0000000087400000|100%| O|  |TAMS 0x0000000087400000, 0x0000000087300000| Untracked 
| 116|0x0000000087400000, 0x0000000087500000, 0x0000000087500000|100%| O|  |TAMS 0x0000000087500000, 0x0000000087400000| Untracked 
| 117|0x0000000087500000, 0x0000000087600000, 0x0000000087600000|100%| O|  |TAMS 0x0000000087600000, 0x0000000087500000| Untracked 
| 118|0x0000000087600000, 0x0000000087700000, 0x0000000087700000|100%| O|  |TAMS 0x0000000087700000, 0x0000000087600000| Untracked 
| 119|0x0000000087700000, 0x0000000087800000, 0x0000000087800000|100%| O|  |TAMS 0x0000000087800000, 0x0000000087700000| Untracked 
| 120|0x0000000087800000, 0x0000000087900000, 0x0000000087900000|100%| O|  |TAMS 0x0000000087900000, 0x0000000087800000| Untracked 
| 121|0x0000000087900000, 0x0000000087a00000, 0x0000000087a00000|100%|HS|  |TAMS 0x0000000087a00000, 0x0000000087900000| Complete 
| 122|0x0000000087a00000, 0x0000000087b00000, 0x0000000087b00000|100%|HC|  |TAMS 0x0000000087b00000, 0x0000000087a00000| Complete 
| 123|0x0000000087b00000, 0x0000000087c00000, 0x0000000087c00000|100%|HC|  |TAMS 0x0000000087c00000, 0x0000000087b00000| Complete 
| 124|0x0000000087c00000, 0x0000000087d00000, 0x0000000087d00000|100%|HC|  |TAMS 0x0000000087d00000, 0x0000000087c00000| Complete 
| 125|0x0000000087d00000, 0x0000000087e00000, 0x0000000087e00000|100%|HC|  |TAMS 0x0000000087e00000, 0x0000000087d00000| Complete 
| 126|0x0000000087e00000, 0x0000000087f00000, 0x0000000087f00000|100%| O|  |TAMS 0x0000000087f00000, 0x0000000087e00000| Untracked 
| 127|0x0000000087f00000, 0x0000000088000000, 0x0000000088000000|100%| O|  |TAMS 0x0000000088000000, 0x0000000087f00000| Untracked 
| 128|0x0000000088000000, 0x0000000088100000, 0x0000000088100000|100%| O|  |TAMS 0x0000000088100000, 0x0000000088000000| Untracked 
| 129|0x0000000088100000, 0x0000000088200000, 0x0000000088200000|100%| O|  |TAMS 0x0000000088200000, 0x0000000088100000| Untracked 
| 130|0x0000000088200000, 0x0000000088300000, 0x0000000088300000|100%| O|  |TAMS 0x0000000088300000, 0x0000000088200000| Untracked 
| 131|0x0000000088300000, 0x0000000088400000, 0x0000000088400000|100%| O|  |TAMS 0x0000000088400000, 0x0000000088300000| Untracked 
| 132|0x0000000088400000, 0x0000000088500000, 0x0000000088500000|100%| O|  |TAMS 0x0000000088500000, 0x0000000088400000| Untracked 
| 133|0x0000000088500000, 0x0000000088600000, 0x0000000088600000|100%| O|  |TAMS 0x0000000088600000, 0x0000000088500000| Untracked 
| 134|0x0000000088600000, 0x0000000088700000, 0x0000000088700000|100%| O|  |TAMS 0x0000000088700000, 0x0000000088600000| Untracked 
| 135|0x0000000088700000, 0x0000000088800000, 0x0000000088800000|100%|HS|  |TAMS 0x0000000088800000, 0x0000000088700000| Complete 
| 136|0x0000000088800000, 0x0000000088900000, 0x0000000088900000|100%|HC|  |TAMS 0x0000000088900000, 0x0000000088800000| Complete 
| 137|0x0000000088900000, 0x0000000088a00000, 0x0000000088a00000|100%|HC|  |TAMS 0x0000000088a00000, 0x0000000088900000| Complete 
| 138|0x0000000088a00000, 0x0000000088b00000, 0x0000000088b00000|100%|HC|  |TAMS 0x0000000088b00000, 0x0000000088a00000| Complete 
| 139|0x0000000088b00000, 0x0000000088c00000, 0x0000000088c00000|100%|HC|  |TAMS 0x0000000088c00000, 0x0000000088b00000| Complete 
| 140|0x0000000088c00000, 0x0000000088d00000, 0x0000000088d00000|100%|HC|  |TAMS 0x0000000088d00000, 0x0000000088c00000| Complete 
| 141|0x0000000088d00000, 0x0000000088e00000, 0x0000000088e00000|100%|HC|  |TAMS 0x0000000088e00000, 0x0000000088d00000| Complete 
| 142|0x0000000088e00000, 0x0000000088f00000, 0x0000000088f00000|100%|HC|  |TAMS 0x0000000088f00000, 0x0000000088e00000| Complete 
| 143|0x0000000088f00000, 0x0000000089000000, 0x0000000089000000|100%|HC|  |TAMS 0x0000000089000000, 0x0000000088f00000| Complete 
| 144|0x0000000089000000, 0x0000000089100000, 0x0000000089100000|100%|HC|  |TAMS 0x0000000089100000, 0x0000000089000000| Complete 
| 145|0x0000000089100000, 0x0000000089200000, 0x0000000089200000|100%|HS|  |TAMS 0x0000000089200000, 0x0000000089100000| Complete 
| 146|0x0000000089200000, 0x0000000089300000, 0x0000000089300000|100%|HC|  |TAMS 0x0000000089300000, 0x0000000089200000| Complete 
| 147|0x0000000089300000, 0x0000000089400000, 0x0000000089400000|100%| O|  |TAMS 0x0000000089400000, 0x0000000089300000| Untracked 
| 148|0x0000000089400000, 0x0000000089500000, 0x0000000089500000|100%| O|  |TAMS 0x0000000089500000, 0x0000000089400000| Untracked 
| 149|0x0000000089500000, 0x0000000089600000, 0x0000000089600000|100%| O|  |TAMS 0x0000000089591800, 0x0000000089500000| Untracked 
| 150|0x0000000089600000, 0x0000000089600000, 0x0000000089700000|  0%| F|  |TAMS 0x0000000089600000, 0x0000000089600000| Untracked 
| 151|0x0000000089700000, 0x0000000089800000, 0x0000000089800000|100%| O|  |TAMS 0x0000000089700000, 0x0000000089700000| Untracked 
| 152|0x0000000089800000, 0x0000000089900000, 0x0000000089900000|100%| O|  |TAMS 0x0000000089800000, 0x0000000089800000| Untracked 
| 153|0x0000000089900000, 0x000000008999a000, 0x0000000089a00000| 60%| O|  |TAMS 0x0000000089900000, 0x0000000089900000| Untracked 
| 154|0x0000000089a00000, 0x0000000089a00000, 0x0000000089b00000|  0%| F|  |TAMS 0x0000000089a00000, 0x0000000089a00000| Untracked 
| 155|0x0000000089b00000, 0x0000000089b00000, 0x0000000089c00000|  0%| F|  |TAMS 0x0000000089b00000, 0x0000000089b00000| Untracked 
| 156|0x0000000089c00000, 0x0000000089c00000, 0x0000000089d00000|  0%| F|  |TAMS 0x0000000089c00000, 0x0000000089c00000| Untracked 
| 157|0x0000000089d00000, 0x0000000089d00000, 0x0000000089e00000|  0%| F|  |TAMS 0x0000000089d00000, 0x0000000089d00000| Untracked 
| 158|0x0000000089e00000, 0x0000000089e00000, 0x0000000089f00000|  0%| F|  |TAMS 0x0000000089e00000, 0x0000000089e00000| Untracked 
| 159|0x0000000089f00000, 0x0000000089f00000, 0x000000008a000000|  0%| F|  |TAMS 0x0000000089f00000, 0x0000000089f00000| Untracked 
| 160|0x000000008a000000, 0x000000008a000000, 0x000000008a100000|  0%| F|  |TAMS 0x000000008a000000, 0x000000008a000000| Untracked 
| 161|0x000000008a100000, 0x000000008a100000, 0x000000008a200000|  0%| F|  |TAMS 0x000000008a100000, 0x000000008a100000| Untracked 
| 162|0x000000008a200000, 0x000000008a200000, 0x000000008a300000|  0%| F|  |TAMS 0x000000008a200000, 0x000000008a200000| Untracked 
| 163|0x000000008a300000, 0x000000008a300000, 0x000000008a400000|  0%| F|  |TAMS 0x000000008a300000, 0x000000008a300000| Untracked 
| 164|0x000000008a400000, 0x000000008a400000, 0x000000008a500000|  0%| F|  |TAMS 0x000000008a400000, 0x000000008a400000| Untracked 
| 165|0x000000008a500000, 0x000000008a500000, 0x000000008a600000|  0%| F|  |TAMS 0x000000008a500000, 0x000000008a500000| Untracked 
| 166|0x000000008a600000, 0x000000008a600000, 0x000000008a700000|  0%| F|  |TAMS 0x000000008a600000, 0x000000008a600000| Untracked 
| 167|0x000000008a700000, 0x000000008a700000, 0x000000008a800000|  0%| F|  |TAMS 0x000000008a700000, 0x000000008a700000| Untracked 
| 168|0x000000008a800000, 0x000000008a800000, 0x000000008a900000|  0%| F|  |TAMS 0x000000008a800000, 0x000000008a800000| Untracked 
| 169|0x000000008a900000, 0x000000008a900000, 0x000000008aa00000|  0%| F|  |TAMS 0x000000008a900000, 0x000000008a900000| Untracked 
| 170|0x000000008aa00000, 0x000000008aa00000, 0x000000008ab00000|  0%| F|  |TAMS 0x000000008aa00000, 0x000000008aa00000| Untracked 
| 171|0x000000008ab00000, 0x000000008ab00000, 0x000000008ac00000|  0%| F|  |TAMS 0x000000008ab00000, 0x000000008ab00000| Untracked 
| 172|0x000000008ac00000, 0x000000008ac00000, 0x000000008ad00000|  0%| F|  |TAMS 0x000000008ac00000, 0x000000008ac00000| Untracked 
| 173|0x000000008ad00000, 0x000000008ad00000, 0x000000008ae00000|  0%| F|  |TAMS 0x000000008ad00000, 0x000000008ad00000| Untracked 
| 174|0x000000008ae00000, 0x000000008ae00000, 0x000000008af00000|  0%| F|  |TAMS 0x000000008ae00000, 0x000000008ae00000| Untracked 
| 175|0x000000008af00000, 0x000000008af00000, 0x000000008b000000|  0%| F|  |TAMS 0x000000008af00000, 0x000000008af00000| Untracked 
| 176|0x000000008b000000, 0x000000008b000000, 0x000000008b100000|  0%| F|  |TAMS 0x000000008b000000, 0x000000008b000000| Untracked 
| 177|0x000000008b100000, 0x000000008b100000, 0x000000008b200000|  0%| F|  |TAMS 0x000000008b100000, 0x000000008b100000| Untracked 
| 178|0x000000008b200000, 0x000000008b200000, 0x000000008b300000|  0%| F|  |TAMS 0x000000008b200000, 0x000000008b200000| Untracked 
| 179|0x000000008b300000, 0x000000008b300000, 0x000000008b400000|  0%| F|  |TAMS 0x000000008b300000, 0x000000008b300000| Untracked 
| 180|0x000000008b400000, 0x000000008b400000, 0x000000008b500000|  0%| F|  |TAMS 0x000000008b400000, 0x000000008b400000| Untracked 
| 181|0x000000008b500000, 0x000000008b500000, 0x000000008b600000|  0%| F|  |TAMS 0x000000008b500000, 0x000000008b500000| Untracked 
| 182|0x000000008b600000, 0x000000008b600000, 0x000000008b700000|  0%| F|  |TAMS 0x000000008b600000, 0x000000008b600000| Untracked 
| 183|0x000000008b700000, 0x000000008b700000, 0x000000008b800000|  0%| F|  |TAMS 0x000000008b700000, 0x000000008b700000| Untracked 
| 184|0x000000008b800000, 0x000000008b800000, 0x000000008b900000|  0%| F|  |TAMS 0x000000008b800000, 0x000000008b800000| Untracked 
| 185|0x000000008b900000, 0x000000008b900000, 0x000000008ba00000|  0%| F|  |TAMS 0x000000008b900000, 0x000000008b900000| Untracked 
| 186|0x000000008ba00000, 0x000000008ba00000, 0x000000008bb00000|  0%| F|  |TAMS 0x000000008ba00000, 0x000000008ba00000| Untracked 
| 187|0x000000008bb00000, 0x000000008bb00000, 0x000000008bc00000|  0%| F|  |TAMS 0x000000008bb00000, 0x000000008bb00000| Untracked 
| 188|0x000000008bc00000, 0x000000008bc00000, 0x000000008bd00000|  0%| F|  |TAMS 0x000000008bc00000, 0x000000008bc00000| Untracked 
| 189|0x000000008bd00000, 0x000000008bd00000, 0x000000008be00000|  0%| F|  |TAMS 0x000000008bd00000, 0x000000008bd00000| Untracked 
| 190|0x000000008be00000, 0x000000008be00000, 0x000000008bf00000|  0%| F|  |TAMS 0x000000008be00000, 0x000000008be00000| Untracked 
| 191|0x000000008bf00000, 0x000000008bf00000, 0x000000008c000000|  0%| F|  |TAMS 0x000000008bf00000, 0x000000008bf00000| Untracked 
| 192|0x000000008c000000, 0x000000008c000000, 0x000000008c100000|  0%| F|  |TAMS 0x000000008c000000, 0x000000008c000000| Untracked 
| 193|0x000000008c100000, 0x000000008c100000, 0x000000008c200000|  0%| F|  |TAMS 0x000000008c100000, 0x000000008c100000| Untracked 
| 194|0x000000008c200000, 0x000000008c200000, 0x000000008c300000|  0%| F|  |TAMS 0x000000008c200000, 0x000000008c200000| Untracked 
| 195|0x000000008c300000, 0x000000008c300000, 0x000000008c400000|  0%| F|  |TAMS 0x000000008c300000, 0x000000008c300000| Untracked 
| 196|0x000000008c400000, 0x000000008c400000, 0x000000008c500000|  0%| F|  |TAMS 0x000000008c400000, 0x000000008c400000| Untracked 
| 197|0x000000008c500000, 0x000000008c500000, 0x000000008c600000|  0%| F|  |TAMS 0x000000008c500000, 0x000000008c500000| Untracked 
| 198|0x000000008c600000, 0x000000008c600000, 0x000000008c700000|  0%| F|  |TAMS 0x000000008c600000, 0x000000008c600000| Untracked 
| 199|0x000000008c700000, 0x000000008c791260, 0x000000008c800000| 56%| S|CS|TAMS 0x000000008c700000, 0x000000008c700000| Complete 
| 200|0x000000008c800000, 0x000000008c900000, 0x000000008c900000|100%| S|CS|TAMS 0x000000008c800000, 0x000000008c800000| Complete 
| 201|0x000000008c900000, 0x000000008ca00000, 0x000000008ca00000|100%| S|CS|TAMS 0x000000008c900000, 0x000000008c900000| Complete 
| 202|0x000000008ca00000, 0x000000008ca00000, 0x000000008cb00000|  0%| F|  |TAMS 0x000000008ca00000, 0x000000008ca00000| Untracked 
| 203|0x000000008cb00000, 0x000000008cb00000, 0x000000008cc00000|  0%| F|  |TAMS 0x000000008cb00000, 0x000000008cb00000| Untracked 
| 204|0x000000008cc00000, 0x000000008cc00000, 0x000000008cd00000|  0%| F|  |TAMS 0x000000008cc00000, 0x000000008cc00000| Untracked 
| 205|0x000000008cd00000, 0x000000008cd00000, 0x000000008ce00000|  0%| F|  |TAMS 0x000000008cd00000, 0x000000008cd00000| Untracked 
| 206|0x000000008ce00000, 0x000000008ce00000, 0x000000008cf00000|  0%| F|  |TAMS 0x000000008ce00000, 0x000000008ce00000| Untracked 
| 207|0x000000008cf00000, 0x000000008cf00000, 0x000000008d000000|  0%| F|  |TAMS 0x000000008cf00000, 0x000000008cf00000| Untracked 
| 208|0x000000008d000000, 0x000000008d000000, 0x000000008d100000|  0%| F|  |TAMS 0x000000008d000000, 0x000000008d000000| Untracked 
| 209|0x000000008d100000, 0x000000008d100000, 0x000000008d200000|  0%| F|  |TAMS 0x000000008d100000, 0x000000008d100000| Untracked 
| 210|0x000000008d200000, 0x000000008d200000, 0x000000008d300000|  0%| F|  |TAMS 0x000000008d200000, 0x000000008d200000| Untracked 
| 211|0x000000008d300000, 0x000000008d300000, 0x000000008d400000|  0%| F|  |TAMS 0x000000008d300000, 0x000000008d300000| Untracked 
| 212|0x000000008d400000, 0x000000008d400000, 0x000000008d500000|  0%| F|  |TAMS 0x000000008d400000, 0x000000008d400000| Untracked 
| 213|0x000000008d500000, 0x000000008d500000, 0x000000008d600000|  0%| F|  |TAMS 0x000000008d500000, 0x000000008d500000| Untracked 
| 214|0x000000008d600000, 0x000000008d600000, 0x000000008d700000|  0%| F|  |TAMS 0x000000008d600000, 0x000000008d600000| Untracked 
| 215|0x000000008d700000, 0x000000008d700000, 0x000000008d800000|  0%| F|  |TAMS 0x000000008d700000, 0x000000008d700000| Untracked 
| 216|0x000000008d800000, 0x000000008d800000, 0x000000008d900000|  0%| F|  |TAMS 0x000000008d800000, 0x000000008d800000| Untracked 
| 217|0x000000008d900000, 0x000000008d900000, 0x000000008da00000|  0%| F|  |TAMS 0x000000008d900000, 0x000000008d900000| Untracked 
| 218|0x000000008da00000, 0x000000008da00000, 0x000000008db00000|  0%| F|  |TAMS 0x000000008da00000, 0x000000008da00000| Untracked 
| 219|0x000000008db00000, 0x000000008db00000, 0x000000008dc00000|  0%| F|  |TAMS 0x000000008db00000, 0x000000008db00000| Untracked 
| 220|0x000000008dc00000, 0x000000008dc00000, 0x000000008dd00000|  0%| F|  |TAMS 0x000000008dc00000, 0x000000008dc00000| Untracked 
| 221|0x000000008dd00000, 0x000000008dd00000, 0x000000008de00000|  0%| F|  |TAMS 0x000000008dd00000, 0x000000008dd00000| Untracked 
| 222|0x000000008de00000, 0x000000008de00000, 0x000000008df00000|  0%| F|  |TAMS 0x000000008de00000, 0x000000008de00000| Untracked 
| 223|0x000000008df00000, 0x000000008df00000, 0x000000008e000000|  0%| F|  |TAMS 0x000000008df00000, 0x000000008df00000| Untracked 
| 224|0x000000008e000000, 0x000000008e000000, 0x000000008e100000|  0%| F|  |TAMS 0x000000008e000000, 0x000000008e000000| Untracked 
| 225|0x000000008e100000, 0x000000008e100000, 0x000000008e200000|  0%| F|  |TAMS 0x000000008e100000, 0x000000008e100000| Untracked 
| 226|0x000000008e200000, 0x000000008e200000, 0x000000008e300000|  0%| F|  |TAMS 0x000000008e200000, 0x000000008e200000| Untracked 
| 227|0x000000008e300000, 0x000000008e300000, 0x000000008e400000|  0%| F|  |TAMS 0x000000008e300000, 0x000000008e300000| Untracked 
| 228|0x000000008e400000, 0x000000008e400000, 0x000000008e500000|  0%| F|  |TAMS 0x000000008e400000, 0x000000008e400000| Untracked 
| 229|0x000000008e500000, 0x000000008e500000, 0x000000008e600000|  0%| F|  |TAMS 0x000000008e500000, 0x000000008e500000| Untracked 
| 230|0x000000008e600000, 0x000000008e600000, 0x000000008e700000|  0%| F|  |TAMS 0x000000008e600000, 0x000000008e600000| Untracked 
| 231|0x000000008e700000, 0x000000008e700000, 0x000000008e800000|  0%| F|  |TAMS 0x000000008e700000, 0x000000008e700000| Untracked 
| 232|0x000000008e800000, 0x000000008e800000, 0x000000008e900000|  0%| F|  |TAMS 0x000000008e800000, 0x000000008e800000| Untracked 
| 233|0x000000008e900000, 0x000000008ea00000, 0x000000008ea00000|100%| E|  |TAMS 0x000000008e900000, 0x000000008e900000| Complete 
| 234|0x000000008ea00000, 0x000000008eb00000, 0x000000008eb00000|100%| E|CS|TAMS 0x000000008ea00000, 0x000000008ea00000| Complete 
| 235|0x000000008eb00000, 0x000000008ec00000, 0x000000008ec00000|100%| E|CS|TAMS 0x000000008eb00000, 0x000000008eb00000| Complete 
| 236|0x000000008ec00000, 0x000000008ed00000, 0x000000008ed00000|100%| E|CS|TAMS 0x000000008ec00000, 0x000000008ec00000| Complete 
| 237|0x000000008ed00000, 0x000000008ee00000, 0x000000008ee00000|100%| E|CS|TAMS 0x000000008ed00000, 0x000000008ed00000| Complete 
| 238|0x000000008ee00000, 0x000000008ef00000, 0x000000008ef00000|100%| E|CS|TAMS 0x000000008ee00000, 0x000000008ee00000| Complete 
| 239|0x000000008ef00000, 0x000000008f000000, 0x000000008f000000|100%| E|CS|TAMS 0x000000008ef00000, 0x000000008ef00000| Complete 
| 240|0x000000008f000000, 0x000000008f100000, 0x000000008f100000|100%| E|CS|TAMS 0x000000008f000000, 0x000000008f000000| Complete 
| 241|0x000000008f100000, 0x000000008f200000, 0x000000008f200000|100%| E|CS|TAMS 0x000000008f100000, 0x000000008f100000| Complete 
| 242|0x000000008f200000, 0x000000008f300000, 0x000000008f300000|100%| E|CS|TAMS 0x000000008f200000, 0x000000008f200000| Complete 
| 243|0x000000008f300000, 0x000000008f400000, 0x000000008f400000|100%| E|CS|TAMS 0x000000008f300000, 0x000000008f300000| Complete 
| 244|0x000000008f400000, 0x000000008f500000, 0x000000008f500000|100%| E|CS|TAMS 0x000000008f400000, 0x000000008f400000| Complete 
| 245|0x000000008f500000, 0x000000008f600000, 0x000000008f600000|100%| E|CS|TAMS 0x000000008f500000, 0x000000008f500000| Complete 
| 246|0x000000008f600000, 0x000000008f700000, 0x000000008f700000|100%| E|CS|TAMS 0x000000008f600000, 0x000000008f600000| Complete 
| 247|0x000000008f700000, 0x000000008f800000, 0x000000008f800000|100%| E|CS|TAMS 0x000000008f700000, 0x000000008f700000| Complete 
| 248|0x000000008f800000, 0x000000008f900000, 0x000000008f900000|100%| E|CS|TAMS 0x000000008f800000, 0x000000008f800000| Complete 
| 249|0x000000008f900000, 0x000000008fa00000, 0x000000008fa00000|100%| E|CS|TAMS 0x000000008f900000, 0x000000008f900000| Complete 
| 250|0x000000008fa00000, 0x000000008fb00000, 0x000000008fb00000|100%| E|CS|TAMS 0x000000008fa00000, 0x000000008fa00000| Complete 
| 251|0x000000008fb00000, 0x000000008fc00000, 0x000000008fc00000|100%| E|CS|TAMS 0x000000008fb00000, 0x000000008fb00000| Complete 
| 252|0x000000008fc00000, 0x000000008fd00000, 0x000000008fd00000|100%| E|CS|TAMS 0x000000008fc00000, 0x000000008fc00000| Complete 
| 253|0x000000008fd00000, 0x000000008fe00000, 0x000000008fe00000|100%| E|CS|TAMS 0x000000008fd00000, 0x000000008fd00000| Complete 
| 254|0x000000008fe00000, 0x000000008ff00000, 0x000000008ff00000|100%| E|CS|TAMS 0x000000008fe00000, 0x000000008fe00000| Complete 
| 255|0x000000008ff00000, 0x0000000090000000, 0x0000000090000000|100%| E|CS|TAMS 0x000000008ff00000, 0x000000008ff00000| Complete 

Card table byte_map: [0x000001be73810000,0x000001be73c10000] _byte_map_base: 0x000001be73410000

Marking Bits (Prev, Next): (CMBitMap*) 0x000001be60609c98, (CMBitMap*) 0x000001be60609cd0
 Prev Bits: [0x000001be74010000, 0x000001be76010000)
 Next Bits: [0x000001be76010000, 0x000001be78010000)

Polling page: 0x000001be5e570000

Metaspace:

Usage:
  Non-class:     75.44 MB capacity,    73.84 MB ( 98%) used,     1.35 MB (  2%) free+waste,   252.94 KB ( <1%) overhead. 
      Class:     12.02 MB capacity,    11.11 MB ( 92%) used,   811.92 KB (  7%) free+waste,   119.69 KB ( <1%) overhead. 
       Both:     87.46 MB capacity,    84.95 MB ( 97%) used,     2.15 MB (  2%) free+waste,   372.63 KB ( <1%) overhead. 

Virtual space:
  Non-class space:       76.00 MB reserved,      75.58 MB (>99%) committed 
      Class space:        1.00 GB reserved,      12.13 MB (  1%) committed 
             Both:        1.07 GB reserved,      87.70 MB (  8%) committed 

Chunk freelists:
   Non-Class:  14.00 KB
       Class:  12.00 KB
        Both:  26.00 KB

MaxMetaspaceSize: 17179869184.00 GB
CompressedClassSpaceSize: 1.00 GB
Initial GC threshold: 20.80 MB
Current GC threshold: 133.46 MB
CDS: off

CodeHeap 'non-profiled nmethods': size=120000Kb used=5829Kb max_used=5829Kb free=114170Kb
 bounds [0x000001be6bbb0000, 0x000001be6c170000, 0x000001be730e0000]
CodeHeap 'profiled nmethods': size=120000Kb used=18380Kb max_used=18380Kb free=101619Kb
 bounds [0x000001be64680000, 0x000001be65880000, 0x000001be6bbb0000]
CodeHeap 'non-nmethods': size=5760Kb used=2382Kb max_used=2439Kb free=3377Kb
 bounds [0x000001be640e0000, 0x000001be64350000, 0x000001be64680000]
 total_blobs=9413 nmethods=8506 adapters=819
 compilation: enabled
              stopped_count=0, restarted_count=0
 full_count=0

Compilation events (20 events):
Event: 7.537 Thread 0x000001be7b390000 nmethod 8489 0x000001be65857310 code [0x000001be658574e0, 0x000001be65857758]
Event: 7.543 Thread 0x000001be7b390000 8490       3       org.gradle.internal.instantiation.generator.AsmBackedClassGenerator$ClassBuilderImpl$$Lambda$306/0x000000010042fc40::emit (13 bytes)
Event: 7.543 Thread 0x000001be7b390000 nmethod 8490 0x000001be65857810 code [0x000001be658579e0, 0x000001be65857be8]
Event: 7.543 Thread 0x000001be7b390000 8491       3       org.gradle.internal.instantiation.generator.AsmBackedClassGenerator$ClassBuilderImpl::lambda$addPropertySetterOverloads$11 (12 bytes)
Event: 7.543 Thread 0x000001be7b390000 nmethod 8491 0x000001be65857d10 code [0x000001be65857ec0, 0x000001be65858068]
Event: 7.545 Thread 0x000001be7b390000 8493       3       java.lang.reflect.Constructor::getTypeParameters (20 bytes)
Event: 7.546 Thread 0x000001be7b390000 nmethod 8493 0x000001be65858110 code [0x000001be658583e0, 0x000001be65859638]
Event: 7.546 Thread 0x000001be7f08e000 nmethod 8464 0x000001be6c154c10 code [0x000001be6c154e80, 0x000001be6c1568c0]
Event: 7.546 Thread 0x000001be7f08e000 8469       4       org.objectweb.asm.MethodWriter::putFrame (549 bytes)
Event: 7.547 Thread 0x000001be7f08d000 nmethod 8399 0x000001be6c157590 code [0x000001be6c157920, 0x000001be6c15a930]
Event: 7.547 Thread 0x000001be7f08d000 8480       4       java.lang.reflect.Constructor::getParameterTypes (11 bytes)
Event: 7.548 Thread 0x000001be7f08d000 nmethod 8480 0x000001be6c15c210 code [0x000001be6c15c3a0, 0x000001be6c15c4d8]
Event: 7.548 Thread 0x000001be7f08d000 8492       4       org.gradle.internal.reflect.MethodSet::getValues (13 bytes)
Event: 7.550 Thread 0x000001be7f08d000 nmethod 8492 0x000001be6c15c610 code [0x000001be6c15c7c0, 0x000001be6c15ca78]
Event: 7.550 Thread 0x000001be7f08d000 8472       4       org.gradle.internal.instantiation.generator.AsmBackedClassGenerator$ClassBuilderImpl::access$3500 (4 bytes)
Event: 7.550 Thread 0x000001be7b390000 8494       3       org.apache.groovy.util.BeanUtils::capitalize (64 bytes)
Event: 7.550 Thread 0x000001be7f08d000 nmethod 8472 0x000001be6c15cc10 code [0x000001be6c15cda0, 0x000001be6c15cdf8]
Event: 7.550 Thread 0x000001be7f08d000 8474       4       java.util.concurrent.ConcurrentHashMap::put (8 bytes)
Event: 7.551 Thread 0x000001be7f08d000 nmethod 8474 0x000001be6c15cf10 code [0x000001be6c15d0a0, 0x000001be6c15d128]
Event: 7.551 Thread 0x000001be7f08d000 8473       4       org.gradle.internal.service.DefaultServiceRegistry$OwnServices::getProviders (26 bytes)

GC Heap History (20 events):
Event: 2.417 GC heap before
{Heap before GC invocations=4 (full 0):
 garbage-first heap   total 262144K, used 138888K [0x0000000080000000, 0x0000000100000000)
  region size 1024K, 105 young (107520K), 2 survivors (2048K)
 Metaspace       used 34715K, capacity 35750K, committed 35920K, reserved 1081344K
  class space    used 4666K, capacity 5044K, committed 5120K, reserved 1048576K
}
Event: 2.423 GC heap after
{Heap after GC invocations=5 (full 0):
 garbage-first heap   total 262144K, used 42255K [0x0000000080000000, 0x0000000100000000)
  region size 1024K, 10 young (10240K), 10 survivors (10240K)
 Metaspace       used 34715K, capacity 35750K, committed 35920K, reserved 1081344K
  class space    used 4666K, capacity 5044K, committed 5120K, reserved 1048576K
}
Event: 3.497 GC heap before
{Heap before GC invocations=6 (full 0):
 garbage-first heap   total 262144K, used 187663K [0x0000000080000000, 0x0000000100000000)
  region size 1024K, 129 young (132096K), 10 survivors (10240K)
 Metaspace       used 46616K, capacity 47947K, committed 48208K, reserved 1091584K
  class space    used 5877K, capacity 6366K, committed 6400K, reserved 1048576K
}
Event: 3.505 GC heap after
{Heap after GC invocations=7 (full 0):
 garbage-first heap   total 262144K, used 72152K [0x0000000080000000, 0x0000000100000000)
  region size 1024K, 17 young (17408K), 17 survivors (17408K)
 Metaspace       used 46616K, capacity 47947K, committed 48208K, reserved 1091584K
  class space    used 5877K, capacity 6366K, committed 6400K, reserved 1048576K
}
Event: 4.336 GC heap before
{Heap before GC invocations=7 (full 0):
 garbage-first heap   total 262144K, used 201176K [0x0000000080000000, 0x0000000100000000)
  region size 1024K, 136 young (139264K), 17 survivors (17408K)
 Metaspace       used 52428K, capacity 53989K, committed 54096K, reserved 1095680K
  class space    used 6735K, capacity 7328K, committed 7424K, reserved 1048576K
}
Event: 4.346 GC heap after
{Heap after GC invocations=8 (full 0):
 garbage-first heap   total 262144K, used 91923K [0x0000000080000000, 0x0000000100000000)
  region size 1024K, 12 young (12288K), 12 survivors (12288K)
 Metaspace       used 52428K, capacity 53989K, committed 54096K, reserved 1095680K
  class space    used 6735K, capacity 7328K, committed 7424K, reserved 1048576K
}
Event: 4.708 GC heap before
{Heap before GC invocations=8 (full 0):
 garbage-first heap   total 262144K, used 139027K [0x0000000080000000, 0x0000000100000000)
  region size 1024K, 59 young (60416K), 12 survivors (12288K)
 Metaspace       used 58474K, capacity 60156K, committed 60240K, reserved 1101824K
  class space    used 7474K, capacity 8167K, committed 8192K, reserved 1048576K
}
Event: 4.717 GC heap after
{Heap after GC invocations=9 (full 0):
 garbage-first heap   total 262144K, used 94233K [0x0000000080000000, 0x0000000100000000)
  region size 1024K, 3 young (3072K), 3 survivors (3072K)
 Metaspace       used 58474K, capacity 60156K, committed 60240K, reserved 1101824K
  class space    used 7474K, capacity 8167K, committed 8192K, reserved 1048576K
}
Event: 5.561 GC heap before
{Heap before GC invocations=10 (full 0):
 garbage-first heap   total 262144K, used 208921K [0x0000000080000000, 0x0000000100000000)
  region size 1024K, 108 young (110592K), 3 survivors (3072K)
 Metaspace       used 66980K, capacity 68804K, committed 69072K, reserved 1110016K
  class space    used 8588K, capacity 9329K, committed 9344K, reserved 1048576K
}
Event: 5.566 GC heap after
{Heap after GC invocations=11 (full 0):
 garbage-first heap   total 262144K, used 101319K [0x0000000080000000, 0x0000000100000000)
  region size 1024K, 10 young (10240K), 10 survivors (10240K)
 Metaspace       used 66980K, capacity 68804K, committed 69072K, reserved 1110016K
  class space    used 8588K, capacity 9329K, committed 9344K, reserved 1048576K
}
Event: 6.349 GC heap before
{Heap before GC invocations=11 (full 0):
 garbage-first heap   total 262144K, used 214983K [0x0000000080000000, 0x0000000100000000)
  region size 1024K, 101 young (103424K), 10 survivors (10240K)
 Metaspace       used 74443K, capacity 76440K, committed 76752K, reserved 1116160K
  class space    used 9747K, capacity 10515K, committed 10624K, reserved 1048576K
}
Event: 6.366 GC heap after
{Heap after GC invocations=12 (full 0):
 garbage-first heap   total 262144K, used 132762K [0x0000000080000000, 0x0000000100000000)
  region size 1024K, 9 young (9216K), 9 survivors (9216K)
 Metaspace       used 74443K, capacity 76440K, committed 76752K, reserved 1116160K
  class space    used 9747K, capacity 10515K, committed 10624K, reserved 1048576K
}
Event: 6.459 GC heap before
{Heap before GC invocations=13 (full 0):
 garbage-first heap   total 262144K, used 139930K [0x0000000080000000, 0x0000000100000000)
  region size 1024K, 12 young (12288K), 9 survivors (9216K)
 Metaspace       used 74426K, capacity 76410K, committed 76752K, reserved 1116160K
  class space    used 9742K, capacity 10505K, committed 10624K, reserved 1048576K
}
Event: 6.469 GC heap after
{Heap after GC invocations=14 (full 0):
 garbage-first heap   total 262144K, used 140939K [0x0000000080000000, 0x0000000100000000)
  region size 1024K, 3 young (3072K), 3 survivors (3072K)
 Metaspace       used 74426K, capacity 76410K, committed 76752K, reserved 1116160K
  class space    used 9742K, capacity 10505K, committed 10624K, reserved 1048576K
}
Event: 6.846 GC heap before
{Heap before GC invocations=15 (full 0):
 garbage-first heap   total 262144K, used 216715K [0x0000000080000000, 0x0000000100000000)
  region size 1024K, 65 young (66560K), 3 survivors (3072K)
 Metaspace       used 77286K, capacity 79532K, committed 79696K, reserved 1118208K
  class space    used 10150K, capacity 10997K, committed 11008K, reserved 1048576K
}
Event: 6.850 GC heap after
{Heap after GC invocations=16 (full 0):
 garbage-first heap   total 262144K, used 156224K [0x0000000080000000, 0x0000000100000000)
  region size 1024K, 6 young (6144K), 6 survivors (6144K)
 Metaspace       used 77286K, capacity 79532K, committed 79696K, reserved 1118208K
  class space    used 10150K, capacity 10997K, committed 11008K, reserved 1048576K
}
Event: 6.950 GC heap before
{Heap before GC invocations=16 (full 0):
 garbage-first heap   total 262144K, used 191040K [0x0000000080000000, 0x0000000100000000)
  region size 1024K, 42 young (43008K), 6 survivors (6144K)
 Metaspace       used 78456K, capacity 80753K, committed 80976K, reserved 1120256K
  class space    used 10286K, capacity 11164K, committed 11264K, reserved 1048576K
}
Event: 6.953 GC heap after
{Heap after GC invocations=17 (full 0):
 garbage-first heap   total 262144K, used 157479K [0x0000000080000000, 0x0000000100000000)
  region size 1024K, 5 young (5120K), 5 survivors (5120K)
 Metaspace       used 78456K, capacity 80753K, committed 80976K, reserved 1120256K
  class space    used 10286K, capacity 11164K, committed 11264K, reserved 1048576K
}
Event: 7.394 GC heap before
{Heap before GC invocations=18 (full 0):
 garbage-first heap   total 262144K, used 208679K [0x0000000080000000, 0x0000000100000000)
  region size 1024K, 54 young (55296K), 5 survivors (5120K)
 Metaspace       used 85109K, capacity 87602K, committed 87632K, reserved 1124352K
  class space    used 11111K, capacity 12026K, committed 12032K, reserved 1048576K
}
Event: 7.397 GC heap after
{Heap after GC invocations=19 (full 0):
 garbage-first heap   total 262144K, used 158892K [0x0000000080000000, 0x0000000100000000)
  region size 1024K, 3 young (3072K), 3 survivors (3072K)
 Metaspace       used 85109K, capacity 87602K, committed 87632K, reserved 1124352K
  class space    used 11111K, capacity 12026K, committed 12032K, reserved 1048576K
}

Deoptimization events (20 events):
Event: 7.457 Thread 0x000001be7db3f800 Uncommon trap: trap_request=0xffffff4d fr.pc=0x000001be6bedfe1c relative=0x000000000000007c
Event: 7.457 Thread 0x000001be7db3f800 Uncommon trap: reason=unstable_if action=reinterpret pc=0x000001be6bedfe1c method=java.util.Spliterator.getExactSizeIfKnown()J @ 9 c2
Event: 7.457 Thread 0x000001be7db3f800 DEOPT PACKING pc=0x000001be6bedfe1c sp=0x0000004ae24fa190
Event: 7.457 Thread 0x000001be7db3f800 DEOPT UNPACKING pc=0x000001be6412a1af sp=0x0000004ae24fa128 mode 2
Event: 7.461 Thread 0x000001be7db3f800 DEOPT PACKING pc=0x000001be6551dd51 sp=0x0000004ae24f8680
Event: 7.461 Thread 0x000001be7db3f800 DEOPT UNPACKING pc=0x000001be6412a95e sp=0x0000004ae24f7bf0 mode 0
Event: 7.466 Thread 0x000001be7db3f800 DEOPT PACKING pc=0x000001be6551dd51 sp=0x0000004ae24f9700
Event: 7.466 Thread 0x000001be7db3f800 DEOPT UNPACKING pc=0x000001be6412a95e sp=0x0000004ae24f8c70 mode 0
Event: 7.471 Thread 0x000001be7db3f800 Uncommon trap: trap_request=0xffffff4d fr.pc=0x000001be6bed7c7c relative=0x00000000000006fc
Event: 7.471 Thread 0x000001be7db3f800 Uncommon trap: reason=unstable_if action=reinterpret pc=0x000001be6bed7c7c method=java.util.HashMap.putVal(ILjava/lang/Object;Ljava/lang/Object;ZZ)Ljava/lang/Object; @ 109 c2
Event: 7.471 Thread 0x000001be7db3f800 DEOPT PACKING pc=0x000001be6bed7c7c sp=0x0000004ae24f8d90
Event: 7.471 Thread 0x000001be7db3f800 DEOPT UNPACKING pc=0x000001be6412a1af sp=0x0000004ae24f8ca8 mode 2
Event: 7.471 Thread 0x000001be7db3f800 Uncommon trap: trap_request=0xffffff4d fr.pc=0x000001be6be31f68 relative=0x0000000000000668
Event: 7.471 Thread 0x000001be7db3f800 Uncommon trap: reason=unstable_if action=reinterpret pc=0x000001be6be31f68 method=java.util.HashMap.putVal(ILjava/lang/Object;Ljava/lang/Object;ZZ)Ljava/lang/Object; @ 109 c2
Event: 7.471 Thread 0x000001be7db3f800 DEOPT PACKING pc=0x000001be6be31f68 sp=0x0000004ae24f8ce0
Event: 7.471 Thread 0x000001be7db3f800 DEOPT UNPACKING pc=0x000001be6412a1af sp=0x0000004ae24f8c98 mode 2
Event: 7.550 Thread 0x000001be7db3f800 Uncommon trap: trap_request=0xffffff4d fr.pc=0x000001be6c14964c relative=0x000000000000020c
Event: 7.550 Thread 0x000001be7db3f800 Uncommon trap: reason=unstable_if action=reinterpret pc=0x000001be6c14964c method=org.gradle.internal.instantiation.generator.AbstractClassGenerator.isNameProperty(Lorg/gradle/internal/instantiation/generator/AbstractClassGenerator$PropertyMetadata;)Z @ 2
Event: 7.550 Thread 0x000001be7db3f800 DEOPT PACKING pc=0x000001be6c14964c sp=0x0000004ae24f6a30
Event: 7.550 Thread 0x000001be7db3f800 DEOPT UNPACKING pc=0x000001be6412a1af sp=0x0000004ae24f69c0 mode 2

Classes redefined (0 events):
No events

Internal exceptions (20 events):
Event: 6.908 Thread 0x000001be7f234000 Exception <a 'java/lang/NoSuchMethodError'{0x000000008e23d460}: <clinit>> (0x000000008e23d460) thrown at [src/hotspot/share/prims/jni.cpp, line 1367]
Event: 6.909 Thread 0x000001be7f234000 Exception <a 'java/lang/NoSuchMethodError'{0x000000008e2463a8}: <clinit>> (0x000000008e2463a8) thrown at [src/hotspot/share/prims/jni.cpp, line 1367]
Event: 6.912 Thread 0x000001be7db3f800 Exception <a 'java/lang/ClassNotFoundException'{0x000000008e0ebdf0}: org/gradle/api/internal/tasks/DefaultSourceSetContainer_DecoratedBeanInfo> (0x000000008e0ebdf0) thrown at [src/hotspot/share/classfile/systemDictionary.cpp, line 230]
Event: 6.912 Thread 0x000001be7db3f800 Exception <a 'java/lang/ClassNotFoundException'{0x000000008df4d790}: org/gradle/api/internal/tasks/DefaultSourceSetContainerBeanInfo> (0x000000008df4d790) thrown at [src/hotspot/share/classfile/systemDictionary.cpp, line 230]
Event: 6.912 Thread 0x000001be7db3f800 Exception <a 'java/lang/ClassNotFoundException'{0x000000008df73c98}: org/gradle/api/internal/tasks/DefaultSourceSetContainerCustomizer> (0x000000008df73c98) thrown at [src/hotspot/share/classfile/systemDictionary.cpp, line 230]
Event: 6.913 Thread 0x000001be7db3f800 Exception <a 'java/lang/ClassNotFoundException'{0x000000008dfa92e8}: org/gradle/api/internal/tasks/DefaultSourceSetContainer_DecoratedCustomizer> (0x000000008dfa92e8) thrown at [src/hotspot/share/classfile/systemDictionary.cpp, line 230]
Event: 7.126 Thread 0x000001be7db3f800 Exception <a 'sun/nio/fs/WindowsException'{0x000000008eee9d50}> (0x000000008eee9d50) thrown at [src/hotspot/share/prims/jni.cpp, line 617]
Event: 7.195 Thread 0x000001be7db3f800 Exception <a 'java/lang/NullPointerException'{0x000000008e4d7ee8}> (0x000000008e4d7ee8) thrown at [src/hotspot/share/interpreter/linkResolver.cpp, line 1440]
Event: 7.235 Thread 0x000001be7db3f800 Implicit null exception at 0x000001be6bfd37eb to 0x000001be6bfd5230
Event: 7.360 Thread 0x000001be7db3f800 Exception <a 'sun/nio/fs/WindowsException'{0x000000008cedd558}> (0x000000008cedd558) thrown at [src/hotspot/share/prims/jni.cpp, line 617]
Event: 7.360 Thread 0x000001be7db3f800 Exception <a 'sun/nio/fs/WindowsException'{0x000000008cede7e8}> (0x000000008cede7e8) thrown at [src/hotspot/share/prims/jni.cpp, line 617]
Event: 7.360 Thread 0x000001be7db3f800 Exception <a 'sun/nio/fs/WindowsException'{0x000000008cedfb08}> (0x000000008cedfb08) thrown at [src/hotspot/share/prims/jni.cpp, line 617]
Event: 7.360 Thread 0x000001be7db3f800 Exception <a 'sun/nio/fs/WindowsException'{0x000000008cee0e28}> (0x000000008cee0e28) thrown at [src/hotspot/share/prims/jni.cpp, line 617]
Event: 7.414 Thread 0x000001be7db3f800 Exception <a 'java/lang/NoSuchMethodError'{0x000000008fd3d8b8}: 'java.lang.Object java.lang.invoke.DirectMethodHandle$Holder.invokeStatic(java.lang.Object, java.lang.Object, java.lang.Object, java.lang.Object, java.lang.Object, java.lang.Object, int)'> (0x000000008fd3d8b8) thrown at [src/hotspot/share/interpreter/linkResolver.cpp, line 773]
Event: 7.414 Thread 0x000001be7db3f800 Exception <a 'java/lang/NoSuchMethodError'{0x000000008fd557e0}: 'java.lang.Object java.lang.invoke.DirectMethodHandle$Holder.invokeStatic(java.lang.Object, java.lang.Object, java.lang.Object, java.lang.Object, java.lang.Object, java.lang.Object, int, int)'> (0x000000008fd557e0) thrown at [src/hotspot/share/interpreter/linkResolver.cpp, line 773]
Event: 7.415 Thread 0x000001be7db3f800 Exception <a 'java/lang/NoSuchMethodError'{0x000000008fd6e040}: 'java.lang.Object java.lang.invoke.DirectMethodHandle$Holder.invokeStatic(java.lang.Object, java.lang.Object, java.lang.Object, java.lang.Object, java.lang.Object, java.lang.Object, int, int, java.lang.Object)'> (0x000000008fd6e040) thrown at [src/hotspot/share/interpreter/linkResolver.cpp, line 773]
Event: 7.463 Thread 0x000001be7db3f800 Exception <a 'java/lang/NoSuchMethodError'{0x000000008f799768}: 'int java.lang.invoke.DirectMethodHandle$Holder.invokeSpecialIFC(java.lang.Object, java.lang.Object, java.lang.Object)'> (0x000000008f799768) thrown at [src/hotspot/share/interpreter/linkResolver.cpp, line 773]
Event: 7.493 Thread 0x000001be7db3f800 Exception <a 'java/lang/NoSuchMethodError'{0x000000008f3267c0}: 'java.lang.Object java.lang.invoke.DirectMethodHandle$Holder.invokeStatic(java.lang.Object, java.lang.Object, java.lang.Object, java.lang.Object, int, java.lang.Object)'> (0x000000008f3267c0) thrown at [src/hotspot/share/interpreter/linkResolver.cpp, line 773]
Event: 7.493 Thread 0x000001be7db3f800 Exception <a 'java/lang/NoSuchMethodError'{0x000000008f32b090}: 'java.lang.Object java.lang.invoke.DirectMethodHandle$Holder.invokeSpecial(java.lang.Object, java.lang.Object, java.lang.Object, java.lang.Object, java.lang.Object, int, java.lang.Object)'> (0x000000008f32b090) thrown at [src/hotspot/share/interpreter/linkResolver.cpp, line 773]
Event: 7.493 Thread 0x000001be7db3f800 Exception <a 'java/lang/NoSuchMethodError'{0x000000008f32f320}: 'java.lang.Object java.lang.invoke.Invokers$Holder.linkToTargetMethod(java.lang.Object, java.lang.Object, java.lang.Object, int, java.lang.Object, java.lang.Object)'> (0x000000008f32f320) thrown at [src/hotspot/share/interpreter/linkResolver.cpp, line 773]

Events (20 events):
Event: 7.544 loading class com/android/build/gradle/internal/lint/ProjectInputs$initializeFromProject$1
Event: 7.544 loading class com/android/build/gradle/internal/lint/ProjectInputs$initializeFromProject$1 done
Event: 7.544 loading class com/android/tools/lint/model/LintModelLintOptions
Event: 7.544 loading class com/android/tools/lint/model/LintModelLintOptions done
Event: 7.546 loading class com/android/build/gradle/internal/lint/LintOptionsInput$WhenMappings
Event: 7.546 loading class com/android/build/gradle/internal/lint/LintOptionsInput$WhenMappings done
Event: 7.547 loading class com/android/build/gradle/internal/lint/SdkVersionInput
Event: 7.547 loading class com/android/build/gradle/internal/lint/SdkVersionInput done
Event: 7.547 loading class com/android/build/gradle/internal/lint/AndroidArtifactInput
Event: 7.547 loading class com/android/build/gradle/internal/lint/AndroidArtifactInput done
Event: 7.548 loading class com/android/build/gradle/internal/lint/ArtifactInput
Event: 7.548 loading class com/android/build/gradle/internal/lint/ArtifactInput done
Event: 7.548 loading class com/android/build/gradle/internal/lint/BuildFeaturesInput
Event: 7.548 loading class com/android/build/gradle/internal/lint/BuildFeaturesInput done
Event: 7.548 loading class com/android/tools/lint/model/LintModelVariant
Event: 7.548 loading class com/android/tools/lint/model/LintModelVariant done
Event: 7.549 loading class com/android/build/gradle/internal/lint/SourceProviderInput
Event: 7.549 loading class com/android/build/gradle/internal/lint/SourceProviderInput done
Event: 7.549 loading class com/android/build/gradle/internal/lint/JavaArtifactInput
Event: 7.549 loading class com/android/build/gradle/internal/lint/JavaArtifactInput done


Dynamic libraries:
0x00007ff73f210000 - 0x00007ff73f21a000 	C:\Program Files\Android\Android Studio\jbr\bin\java.exe
0x00007ff9f9700000 - 0x00007ff9f98ee000 	C:\Windows\SYSTEM32\ntdll.dll
0x00007ff9f6a20000 - 0x00007ff9f6ad3000 	C:\Windows\System32\KERNEL32.DLL
0x00007ff9f5970000 - 0x00007ff9f5c0d000 	C:\Windows\System32\KERNELBASE.dll
0x00007ff9f6000000 - 0x00007ff9f60fa000 	C:\Windows\System32\ucrtbase.dll
0x00007ff9e60e0000 - 0x00007ff9e60f7000 	C:\Program Files\Android\Android Studio\jbr\bin\jli.dll
0x00007ff9e60c0000 - 0x00007ff9e60db000 	C:\Program Files\Android\Android Studio\jbr\bin\VCRUNTIME140.dll
0x00007ff9f6ca0000 - 0x00007ff9f6e38000 	C:\Windows\System32\USER32.dll
0x00007ff9f5ea0000 - 0x00007ff9f5ec0000 	C:\Windows\System32\win32u.dll
0x00007ff9d7260000 - 0x00007ff9d74d9000 	C:\Windows\WinSxS\amd64_microsoft.windows.common-controls_6595b64144ccf1df_6.0.17763.4010_none_de6ee876534d4e3f\COMCTL32.dll
0x00007ff9f7360000 - 0x00007ff9f7389000 	C:\Windows\System32\GDI32.dll
0x00007ff9f6fb0000 - 0x00007ff9f704e000 	C:\Windows\System32\msvcrt.dll
0x00007ff9f5cb0000 - 0x00007ff9f5e50000 	C:\Windows\System32\gdi32full.dll
0x00007ff9f5c10000 - 0x00007ff9f5cb0000 	C:\Windows\System32\msvcp_win.dll
0x00007ff9f7470000 - 0x00007ff9f779c000 	C:\Windows\System32\combase.dll
0x00007ff9f6900000 - 0x00007ff9f6a1d000 	C:\Windows\System32\RPCRT4.dll
0x00007ff9f5f10000 - 0x00007ff9f5f92000 	C:\Windows\System32\bcryptPrimitives.dll
0x00007ff9f92b0000 - 0x00007ff9f92de000 	C:\Windows\System32\IMM32.DLL
0x00007ff9959b0000 - 0x00007ff995a3d000 	C:\Program Files\Android\Android Studio\jbr\bin\msvcp140.dll
0x00007ff9e1c50000 - 0x00007ff9e1c5c000 	C:\Windows\SYSTEM32\VCRUNTIME140_1.dll
0x00007ff9a0fb0000 - 0x00007ff9a1b6c000 	C:\Program Files\Android\Android Studio\jbr\bin\server\jvm.dll
0x00007ff9f9200000 - 0x00007ff9f92a7000 	C:\Windows\System32\ADVAPI32.dll
0x00007ff9f7050000 - 0x00007ff9f70ef000 	C:\Windows\System32\sechost.dll
0x00007ff9f7350000 - 0x00007ff9f7358000 	C:\Windows\System32\PSAPI.DLL
0x00007ff9e2810000 - 0x00007ff9e2819000 	C:\Windows\SYSTEM32\WSOCK32.dll
0x00007ff9f2210000 - 0x00007ff9f2234000 	C:\Windows\SYSTEM32\WINMM.dll
0x00007ff9f73f0000 - 0x00007ff9f745d000 	C:\Windows\System32\WS2_32.dll
0x00007ff9f0030000 - 0x00007ff9f003a000 	C:\Windows\SYSTEM32\VERSION.dll
0x00007ff9f2190000 - 0x00007ff9f21bd000 	C:\Windows\SYSTEM32\winmmbase.dll
0x00007ff9f5e50000 - 0x00007ff9f5e9a000 	C:\Windows\System32\cfgmgr32.dll
0x00007ff9f56f0000 - 0x00007ff9f5701000 	C:\Windows\System32\kernel.appcore.dll
0x00007ff9f34a0000 - 0x00007ff9f34b0000 	C:\Program Files\Android\Android Studio\jbr\bin\verify.dll
0x00007ff9e1a30000 - 0x00007ff9e1c1d000 	C:\Windows\SYSTEM32\DBGHELP.DLL
0x00007ff9e1190000 - 0x00007ff9e11ba000 	C:\Windows\SYSTEM32\dbgcore.DLL
0x00007ff9f0c50000 - 0x00007ff9f0c78000 	C:\Program Files\Android\Android Studio\jbr\bin\java.dll
0x00007ff9f3460000 - 0x00007ff9f346a000 	C:\Program Files\Android\Android Studio\jbr\bin\jimage.dll
0x00007ff9f2d00000 - 0x00007ff9f2d18000 	C:\Program Files\Android\Android Studio\jbr\bin\zip.dll
0x00007ff9f7d00000 - 0x00007ff9f91f8000 	C:\Windows\System32\SHELL32.dll
0x00007ff9f9510000 - 0x00007ff9f95b7000 	C:\Windows\System32\shcore.dll
0x00007ff9f61b0000 - 0x00007ff9f68f9000 	C:\Windows\System32\windows.storage.dll
0x00007ff9f56a0000 - 0x00007ff9f56c3000 	C:\Windows\System32\profapi.dll
0x00007ff9f5710000 - 0x00007ff9f576d000 	C:\Windows\System32\powrprof.dll
0x00007ff9f6c40000 - 0x00007ff9f6c92000 	C:\Windows\System32\shlwapi.dll
0x00007ff9f5ec0000 - 0x00007ff9f5edb000 	C:\Windows\System32\cryptsp.dll
0x00007ff9f0c30000 - 0x00007ff9f0c49000 	C:\Program Files\Android\Android Studio\jbr\bin\net.dll
0x00007ff9f11f0000 - 0x00007ff9f12ef000 	C:\Windows\SYSTEM32\WINHTTP.dll
0x00007ff9f4e90000 - 0x00007ff9f4ef7000 	C:\Windows\system32\mswsock.dll
0x00007ff9f0c10000 - 0x00007ff9f0c23000 	C:\Program Files\Android\Android Studio\jbr\bin\nio.dll
0x00007ff9a1c90000 - 0x00007ff9a1cb7000 	C:\User\pr11zotova\.gradle\native\e1d6ef7f7dcc3fd88c89a11ec53ec762bb8ba0a96d01ffa2cd45eb1d1d8dd5c5\windows-amd64\native-platform.dll
0x00007ff995860000 - 0x00007ff9959a4000 	C:\User\pr11zotova\.gradle\native\0d407fdbe67a94daf76414ababcb853783967236a71b16ec16e742cd7a986fd3\windows-amd64\native-platform-file-events.dll
0x00007ff9f0e90000 - 0x00007ff9f0e9a000 	C:\Program Files\Android\Android Studio\jbr\bin\management.dll
0x00007ff9f0cc0000 - 0x00007ff9f0ccb000 	C:\Program Files\Android\Android Studio\jbr\bin\management_ext.dll
0x00007ff9f4a10000 - 0x00007ff9f4a43000 	C:\Windows\system32\rsaenh.dll
0x00007ff9f5ee0000 - 0x00007ff9f5f06000 	C:\Windows\System32\bcrypt.dll
0x00007ff9f55a0000 - 0x00007ff9f55c9000 	C:\Windows\SYSTEM32\USERENV.dll
0x00007ff9f5060000 - 0x00007ff9f506c000 	C:\Windows\SYSTEM32\CRYPTBASE.dll
0x00007ff9f4ba0000 - 0x00007ff9f4bdd000 	C:\Windows\SYSTEM32\IPHLPAPI.DLL
0x00007ff9f95e0000 - 0x00007ff9f95e8000 	C:\Windows\System32\NSI.dll
0x00007ff9f1780000 - 0x00007ff9f1796000 	C:\Windows\SYSTEM32\dhcpcsvc6.DLL
0x00007ff9f16f0000 - 0x00007ff9f170c000 	C:\Windows\SYSTEM32\dhcpcsvc.DLL
0x00007ff9f4c30000 - 0x00007ff9f4cf6000 	C:\Windows\SYSTEM32\DNSAPI.dll

dbghelp: loaded successfully - version: 4.0.5 - missing functions: none
symbol engine: initialized successfully - sym options: 0x614 - pdb path: .;C:\Program Files\Android\Android Studio\jbr\bin;C:\Windows\SYSTEM32;C:\Windows\WinSxS\amd64_microsoft.windows.common-controls_6595b64144ccf1df_6.0.17763.4010_none_de6ee876534d4e3f;C:\Program Files\Android\Android Studio\jbr\bin\server;C:\User\pr11zotova\.gradle\native\e1d6ef7f7dcc3fd88c89a11ec53ec762bb8ba0a96d01ffa2cd45eb1d1d8dd5c5\windows-amd64;C:\User\pr11zotova\.gradle\native\0d407fdbe67a94daf76414ababcb853783967236a71b16ec16e742cd7a986fd3\windows-amd64

VM Arguments:
jvm_args: --add-opens=java.base/java.util=ALL-UNNAMED --add-opens=java.base/java.lang=ALL-UNNAMED --add-opens=java.base/java.lang.invoke=ALL-UNNAMED --add-opens=java.base/java.util=ALL-UNNAMED --add-opens=java.prefs/java.util.prefs=ALL-UNNAMED --add-opens=java.prefs/java.util.prefs=ALL-UNNAMED --add-opens=java.base/java.nio.charset=ALL-UNNAMED --add-opens=java.base/java.net=ALL-UNNAMED --add-opens=java.base/java.util.concurrent.atomic=ALL-UNNAMED -Xmx2048m -Dfile.encoding=UTF-8 -Duser.country=RU -Duser.language=ru -Duser.variant 
java_command: org.gradle.launcher.daemon.bootstrap.GradleDaemon 7.5
java_class_path (initial): C:\User\pr11zotova\.gradle\wrapper\dists\gradle-7.5-bin\f1w0cc9nuo0eivz97x2xlu9sv\gradle-7.5\lib\gradle-launcher-7.5.jar
Launcher Type: SUN_STANDARD

[Global flags]
     intx CICompilerCount                          = 4                                         {product} {ergonomic}
     uint ConcGCThreads                            = 2                                         {product} {ergonomic}
     uint G1ConcRefinementThreads                  = 8                                         {product} {ergonomic}
   size_t G1HeapRegionSize                         = 1048576                                   {product} {ergonomic}
    uintx GCDrainStackTargetSize                   = 64                                        {product} {ergonomic}
   size_t InitialHeapSize                          = 268435456                                 {product} {ergonomic}
   size_t MarkStackSize                            = 4194304                                   {product} {ergonomic}
   size_t MaxHeapSize                              = 2147483648                                {product} {command line}
   size_t MaxNewSize                               = 1287651328                                {product} {ergonomic}
   size_t MinHeapDeltaBytes                        = 1048576                                   {product} {ergonomic}
    uintx NonNMethodCodeHeapSize                   = 5836300                                {pd product} {ergonomic}
    uintx NonProfiledCodeHeapSize                  = 122910970                              {pd product} {ergonomic}
    uintx ProfiledCodeHeapSize                     = 122910970                              {pd product} {ergonomic}
    uintx ReservedCodeCacheSize                    = 251658240                              {pd product} {ergonomic}
     bool SegmentedCodeCache                       = true                                      {product} {ergonomic}
     bool UseCompressedClassPointers               = true                                 {lp64_product} {ergonomic}
     bool UseCompressedOops                        = true                                 {lp64_product} {ergonomic}
     bool UseG1GC                                  = true                                      {product} {ergonomic}
     bool UseLargePagesIndividualAllocation        = false                                  {pd product} {ergonomic}

Logging:
Log output configuration:
 #0: stdout all=warning uptime,level,tags
 #1: stderr all=off uptime,level,tags

Environment Variables:
JAVA_HOME=C:\Program Files\Android\Jdk\microsoft_dist_openjdk_1.8.0.25
PATH=C:\Program Files (x86)\Python38\Scripts\;C:\Program Files (x86)\Python38\;C:\Program Files\Microsoft MPI\Bin\;C:\Program Files (x86)\Common Files\Oracle\Java\javapath;C:\Windows\system32;C:\Windows;C:\Windows\System32\Wbem;C:\Windows\System32\WindowsPowerShell\v1.0\;C:\Windows\System32\OpenSSH\;C:\Program Files (x86)\Microsoft SQL Server\150\DTS\Binn\;C:\Program Files\dotnet\;C:\Program Files\Microsoft SQL Server\130\Tools\Binn\;C:\Program Files (x86)\Microsoft SQL Server\140\Tools\Binn\;C:\Program Files\Microsoft SQL Server\140\Tools\Binn\;C:\Program Files (x86)\Microsoft SQL Server\140\DTS\Binn\;C:\Program Files\Microsoft SQL Server\140\DTS\Binn\;C:\Program Files\Microsoft SQL Server\Client SDK\ODBC\130\Tools\Binn\;C:\Program Files\Microsoft SQL Server\Client SDK\ODBC\170\Tools\Binn\;C:\Program Files (x86)\IncrediBuild;C:\Program Files (x86)\NVIDIA Corporation\PhysX\Common;C:\Program Files\Git\cmd;C:\Program Files\Azure Data Studio\bin;C:\Program Files\Microsoft VS Code\bin;C:\User\pr11zotova\AppData\Local\Microsoft\WindowsApps;
USERNAME=pr11zotova
OS=Windows_NT
PROCESSOR_IDENTIFIER=Intel64 Family 6 Model 158 Stepping 13, GenuineIntel



---------------  S Y S T E M  ---------------

OS: Windows 10 , 64 bit Build 17763 (10.0.17763.3887)
OS uptime: 0 days 9:55 hours

CPU:total 8 (initial active 8) (8 cores per cpu, 1 threads per core) family 6 model 158 stepping 13 microcode 0xde, cmov, cx8, fxsr, mmx, sse, sse2, sse3, ssse3, sse4.1, sse4.2, popcnt, avx, avx2, aes, clmul, erms, 3dnowpref, lzcnt, tsc, tscinvbit, bmi1, bmi2, adx, fma

Memory: 4k page, system-wide physical 16303M (3114M free)
TotalPageFile size 16303M (AvailPageFile size 5M)
current process WorkingSet (physical memory assigned to process): 518M, peak: 518M
current process commit charge ("private bytes"): 566M, peak: 568M

vm_info: OpenJDK 64-Bit Server VM (11.0.15+0-b2043.56-8887301) for windows-amd64 JRE (11.0.15+0-b2043.56-8887301), built on Jul 29 2022 23:19:47 by "builduser" with unknown MS VC++:1929

END.
